id,module,name,file,doc,markers,status,message,duration
functional_correctness/generated_classes/GPT-o4/full_docstr/test_snippet_556.py::test_case_0,functional_correctness.generated_classes.GPT-o4.full_docstr.test_snippet_556,test_case_0,functional_correctness/generated_classes/GPT-o4/full_docstr/test_snippet_556.py,,,passed,,5.858403164893389e-05
functional_correctness/generated_classes/GPT-o4/full_docstr/test_snippet_595.py::test_case_0,functional_correctness.generated_classes.GPT-o4.full_docstr.test_snippet_595,test_case_0,functional_correctness/generated_classes/GPT-o4/full_docstr/test_snippet_595.py,,xfail,xfailed,,7.912504952400923e-05
functional_correctness/generated_classes/GPT-o4/full_docstr/test_snippet_595.py::test_case_1,functional_correctness.generated_classes.GPT-o4.full_docstr.test_snippet_595,test_case_1,functional_correctness/generated_classes/GPT-o4/full_docstr/test_snippet_595.py,,xfail,xfailed,,6.574997678399086e-05
functional_correctness/generated_classes/GPT-o4/full_docstr/test_snippet_595.py::test_case_2,functional_correctness.generated_classes.GPT-o4.full_docstr.test_snippet_595,test_case_2,functional_correctness/generated_classes/GPT-o4/full_docstr/test_snippet_595.py,,,passed,,5.820801015943289e-05
functional_correctness/generated_classes/GPT-o4/full_docstr/test_snippet_595.py::test_case_3,functional_correctness.generated_classes.GPT-o4.full_docstr.test_snippet_595,test_case_3,functional_correctness/generated_classes/GPT-o4/full_docstr/test_snippet_595.py,,xfail,xfailed,,5.3541967645287514e-05
functional_correctness/generated_classes/GPT-o4/full_docstr/test_snippet_595.py::test_case_4,functional_correctness.generated_classes.GPT-o4.full_docstr.test_snippet_595,test_case_4,functional_correctness/generated_classes/GPT-o4/full_docstr/test_snippet_595.py,,xfail,xfailed,,6.324995774775743e-05
functional_correctness/generated_classes/GPT-o4/full_docstr/test_snippet_580.py::test_case_0,functional_correctness.generated_classes.GPT-o4.full_docstr.test_snippet_580,test_case_0,functional_correctness/generated_classes/GPT-o4/full_docstr/test_snippet_580.py,,xfail,xfailed,,7.041601929813623e-05
functional_correctness/generated_classes/GPT-o4/full_docstr/test_snippet_184.py::test_case_0,functional_correctness.generated_classes.GPT-o4.full_docstr.test_snippet_184,test_case_0,functional_correctness/generated_classes/GPT-o4/full_docstr/test_snippet_184.py,,xfail,xfailed,,0.0001349169760942
functional_correctness/generated_classes/GPT-o4/full_docstr/test_snippet_184.py::test_case_1,functional_correctness.generated_classes.GPT-o4.full_docstr.test_snippet_184,test_case_1,functional_correctness/generated_classes/GPT-o4/full_docstr/test_snippet_184.py,,,failed,TypeError: errors must be a string or an integer,9.333400521427392e-05
functional_correctness/generated_classes/GPT-o4/full_docstr/test_snippet_184.py::test_case_2,functional_correctness.generated_classes.GPT-o4.full_docstr.test_snippet_184,test_case_2,functional_correctness/generated_classes/GPT-o4/full_docstr/test_snippet_184.py,,,failed,AttributeError: 'LogErrors' object has no attribute 'errors',6.24579843133688e-05
functional_correctness/generated_classes/GPT-o4/full_docstr/test_snippet_184.py::test_case_3,functional_correctness.generated_classes.GPT-o4.full_docstr.test_snippet_184,test_case_3,functional_correctness/generated_classes/GPT-o4/full_docstr/test_snippet_184.py,,xfail,xfailed,,5.2582938224077225e-05
functional_correctness/generated_classes/GPT-o4/full_docstr/test_snippet_153.py::test_case_0,functional_correctness.generated_classes.GPT-o4.full_docstr.test_snippet_153,test_case_0,functional_correctness/generated_classes/GPT-o4/full_docstr/test_snippet_153.py,,xfail,xfailed,,7.179100066423416e-05
functional_correctness/generated_classes/GPT-o4/full_docstr/test_snippet_351.py::test_case_0,functional_correctness.generated_classes.GPT-o4.full_docstr.test_snippet_351,test_case_0,functional_correctness/generated_classes/GPT-o4/full_docstr/test_snippet_351.py,,xfail,failed,[XPASS(strict)] ,5.850009620189667e-05
functional_correctness/generated_classes/GPT-o4/full_docstr/test_snippet_347.py::test_case_0,functional_correctness.generated_classes.GPT-o4.full_docstr.test_snippet_347,test_case_0,functional_correctness/generated_classes/GPT-o4/full_docstr/test_snippet_347.py,,,failed,Failed: DID NOT RAISE <class 'ImportError'>,7.762503810226917e-05
functional_correctness/generated_classes/GPT-o4/full_docstr/test_snippet_353.py::test_case_0,functional_correctness.generated_classes.GPT-o4.full_docstr.test_snippet_353,test_case_0,functional_correctness/generated_classes/GPT-o4/full_docstr/test_snippet_353.py,,xfail,xfailed,,6.741599645465612e-05
functional_correctness/generated_classes/GPT-o4/full_docstr/test_snippet_145.py::test_case_0,functional_correctness.generated_classes.GPT-o4.full_docstr.test_snippet_145,test_case_0,functional_correctness/generated_classes/GPT-o4/full_docstr/test_snippet_145.py,,xfail,xfailed,,7.329205982387066e-05
functional_correctness/generated_classes/GPT-o4/full_docstr/test_snippet_151.py::test_case_0,functional_correctness.generated_classes.GPT-o4.full_docstr.test_snippet_151,test_case_0,functional_correctness/generated_classes/GPT-o4/full_docstr/test_snippet_151.py,,xfail,failed,[XPASS(strict)] ,5.608308129012585e-05
functional_correctness/generated_classes/GPT-o4/full_docstr/test_snippet_151.py::test_case_1,functional_correctness.generated_classes.GPT-o4.full_docstr.test_snippet_151,test_case_1,functional_correctness/generated_classes/GPT-o4/full_docstr/test_snippet_151.py,,xfail,failed,[XPASS(strict)] ,4.558393266052008e-05
functional_correctness/generated_classes/GPT-o4/full_docstr/test_snippet_151.py::test_case_2,functional_correctness.generated_classes.GPT-o4.full_docstr.test_snippet_151,test_case_2,functional_correctness/generated_classes/GPT-o4/full_docstr/test_snippet_151.py,,,failed,AttributeError: 'bytes' object has no attribute 'copy',0.0001335829729214
functional_correctness/generated_classes/GPT-o4/full_docstr/test_snippet_227.py::test_case_0,functional_correctness.generated_classes.GPT-o4.full_docstr.test_snippet_227,test_case_0,functional_correctness/generated_classes/GPT-o4/full_docstr/test_snippet_227.py,,xfail,xfailed,,6.65000407025218e-05
functional_correctness/generated_classes/GPT-o4/full_docstr/test_snippet_227.py::test_case_1,functional_correctness.generated_classes.GPT-o4.full_docstr.test_snippet_227,test_case_1,functional_correctness/generated_classes/GPT-o4/full_docstr/test_snippet_227.py,,,failed,TypeError: Right.__init__() missing 1 required positional argument: 'value',6.737501826137304e-05
functional_correctness/generated_classes/GPT-o4/full_docstr/test_snippet_14.py::test_case_0,functional_correctness.generated_classes.GPT-o4.full_docstr.test_snippet_14,test_case_0,functional_correctness/generated_classes/GPT-o4/full_docstr/test_snippet_14.py,,xfail,xfailed,,6.929202936589718e-05
functional_correctness/generated_classes/GPT-o4/full_docstr/test_snippet_568.py::test_case_0,functional_correctness.generated_classes.GPT-o4.full_docstr.test_snippet_568,test_case_0,functional_correctness/generated_classes/GPT-o4/full_docstr/test_snippet_568.py,,xfail,xfailed,,6.845803000032902e-05
functional_correctness/generated_classes/GPT-o4/full_docstr/test_snippet_540.py::test_case_0,functional_correctness.generated_classes.GPT-o4.full_docstr.test_snippet_540,test_case_0,functional_correctness/generated_classes/GPT-o4/full_docstr/test_snippet_540.py,,,failed,NameError: name 'np' is not defined,7.541605737060308e-05
functional_correctness/generated_classes/GPT-o4/full_docstr/test_snippet_540.py::test_case_1,functional_correctness.generated_classes.GPT-o4.full_docstr.test_snippet_540,test_case_1,functional_correctness/generated_classes/GPT-o4/full_docstr/test_snippet_540.py,,xfail,xfailed,,6.454193498939276e-05
functional_correctness/generated_classes/GPT-o4/full_docstr/test_snippet_178.py::test_case_0,functional_correctness.generated_classes.GPT-o4.full_docstr.test_snippet_178,test_case_0,functional_correctness/generated_classes/GPT-o4/full_docstr/test_snippet_178.py,,xfail,xfailed,,7.241696584969759e-05
functional_correctness/generated_classes/GPT-o4/full_docstr/test_snippet_178.py::test_case_1,functional_correctness.generated_classes.GPT-o4.full_docstr.test_snippet_178,test_case_1,functional_correctness/generated_classes/GPT-o4/full_docstr/test_snippet_178.py,,,failed,AttributeError: 'list' object has no attribute '_filters',7.075001485645771e-05
functional_correctness/generated_classes/GPT-o4/full_docstr/test_snippet_178.py::test_case_2,functional_correctness.generated_classes.GPT-o4.full_docstr.test_snippet_178,test_case_2,functional_correctness/generated_classes/GPT-o4/full_docstr/test_snippet_178.py,,xfail,xfailed,,5.4999953135848045e-05
functional_correctness/generated_classes/GPT-o4/full_docstr/test_snippet_178.py::test_case_3,functional_correctness.generated_classes.GPT-o4.full_docstr.test_snippet_178,test_case_3,functional_correctness/generated_classes/GPT-o4/full_docstr/test_snippet_178.py,,xfail,xfailed,,5.75000885874033e-05
functional_correctness/generated_classes/GPT-o4/full_docstr/test_snippet_178.py::test_case_4,functional_correctness.generated_classes.GPT-o4.full_docstr.test_snippet_178,test_case_4,functional_correctness/generated_classes/GPT-o4/full_docstr/test_snippet_178.py,,xfail,xfailed,,5.608401261270046e-05
functional_correctness/generated_classes/GPT-o4/full_docstr/test_snippet_622.py::test_case_0,functional_correctness.generated_classes.GPT-o4.full_docstr.test_snippet_622,test_case_0,functional_correctness/generated_classes/GPT-o4/full_docstr/test_snippet_622.py,,,passed,,5.725002847611904e-05
functional_correctness/generated_classes/GPT-o4/full_docstr/test_snippet_622.py::test_case_1,functional_correctness.generated_classes.GPT-o4.full_docstr.test_snippet_622,test_case_1,functional_correctness/generated_classes/GPT-o4/full_docstr/test_snippet_622.py,,xfail,xfailed,,8.045800495892763e-05
functional_correctness/generated_classes/GPT-o4/full_docstr/test_snippet_154.py::test_case_0,functional_correctness.generated_classes.GPT-o4.full_docstr.test_snippet_154,test_case_0,functional_correctness/generated_classes/GPT-o4/full_docstr/test_snippet_154.py,,xfail,xfailed,,6.408290937542915e-05
functional_correctness/generated_classes/GPT-o4/full_docstr/test_snippet_236.py::test_case_0,functional_correctness.generated_classes.GPT-o4.full_docstr.test_snippet_236,test_case_0,functional_correctness/generated_classes/GPT-o4/full_docstr/test_snippet_236.py,,,failed,AttributeError: 'MaximalMatches' object has no attribute 'max_match_list',7.433397695422173e-05
functional_correctness/generated_classes/GPT-o4/full_docstr/test_snippet_222.py::test_case_0,functional_correctness.generated_classes.GPT-o4.full_docstr.test_snippet_222,test_case_0,functional_correctness/generated_classes/GPT-o4/full_docstr/test_snippet_222.py,,xfail,xfailed,,6.94170594215393e-05
functional_correctness/generated_classes/GPT-o4/full_docstr/test_snippet_222.py::test_case_1,functional_correctness.generated_classes.GPT-o4.full_docstr.test_snippet_222,test_case_1,functional_correctness/generated_classes/GPT-o4/full_docstr/test_snippet_222.py,,xfail,xfailed,,6.266706623136997e-05
functional_correctness/generated_classes/GPT-o4/full_docstr/test_snippet_10.py::test_case_0,functional_correctness.generated_classes.GPT-o4.full_docstr.test_snippet_10,test_case_0,functional_correctness/generated_classes/GPT-o4/full_docstr/test_snippet_10.py,,xfail,xfailed,,6.787502206861973e-05
functional_correctness/generated_classes/GPT-o4/full_docstr/test_snippet_593.py::test_case_0,functional_correctness.generated_classes.GPT-o4.full_docstr.test_snippet_593,test_case_0,functional_correctness/generated_classes/GPT-o4/full_docstr/test_snippet_593.py,,xfail,xfailed,,7.05420970916748e-05
functional_correctness/generated_classes/GPT-o4/full_docstr/test_snippet_593.py::test_case_1,functional_correctness.generated_classes.GPT-o4.full_docstr.test_snippet_593,test_case_1,functional_correctness/generated_classes/GPT-o4/full_docstr/test_snippet_593.py,,xfail,xfailed,,6.166601087898016e-05
functional_correctness/generated_classes/GPT-o4/full_docstr/test_snippet_592.py::test_case_0,functional_correctness.generated_classes.GPT-o4.full_docstr.test_snippet_592,test_case_0,functional_correctness/generated_classes/GPT-o4/full_docstr/test_snippet_592.py,,xfail,xfailed,,6.554194260388613e-05
functional_correctness/generated_classes/GPT-o4/full_docstr/test_snippet_592.py::test_case_1,functional_correctness.generated_classes.GPT-o4.full_docstr.test_snippet_592,test_case_1,functional_correctness/generated_classes/GPT-o4/full_docstr/test_snippet_592.py,,,failed,AttributeError: 'int' object has no attribute 'compile',6.587500683963299e-05
functional_correctness/generated_classes/GPT-o4/full_docstr/test_snippet_11.py::test_case_0,functional_correctness.generated_classes.GPT-o4.full_docstr.test_snippet_11,test_case_0,functional_correctness/generated_classes/GPT-o4/full_docstr/test_snippet_11.py,,xfail,failed,[XPASS(strict)] ,5.75000885874033e-05
functional_correctness/generated_classes/GPT-o4/full_docstr/test_snippet_11.py::test_case_1,functional_correctness.generated_classes.GPT-o4.full_docstr.test_snippet_11,test_case_1,functional_correctness/generated_classes/GPT-o4/full_docstr/test_snippet_11.py,,,failed,Failed: DID NOT RAISE <class 'ValueError'>,6.883300375193357e-05
functional_correctness/generated_classes/GPT-o4/full_docstr/test_snippet_11.py::test_case_2,functional_correctness.generated_classes.GPT-o4.full_docstr.test_snippet_11,test_case_2,functional_correctness/generated_classes/GPT-o4/full_docstr/test_snippet_11.py,,,failed,Failed: DID NOT RAISE <class 'ValueError'>,6.829097401350737e-05
functional_correctness/generated_classes/GPT-o4/full_docstr/test_snippet_196.py::test_case_0,functional_correctness.generated_classes.GPT-o4.full_docstr.test_snippet_196,test_case_0,functional_correctness/generated_classes/GPT-o4/full_docstr/test_snippet_196.py,,,failed,AttributeError: 'SeqPos' object has no attribute 'col',0.0001353330444544
functional_correctness/generated_classes/GPT-o4/full_docstr/test_snippet_196.py::test_case_1,functional_correctness.generated_classes.GPT-o4.full_docstr.test_snippet_196,test_case_1,functional_correctness/generated_classes/GPT-o4/full_docstr/test_snippet_196.py,,xfail,failed,[XPASS(strict)] ,5.5582961067557335e-05
functional_correctness/generated_classes/GPT-o4/full_docstr/test_snippet_196.py::test_case_2,functional_correctness.generated_classes.GPT-o4.full_docstr.test_snippet_196,test_case_2,functional_correctness/generated_classes/GPT-o4/full_docstr/test_snippet_196.py,,xfail,xfailed,,0.0001057919580489
functional_correctness/generated_classes/GPT-o4/full_docstr/test_snippet_196.py::test_case_3,functional_correctness.generated_classes.GPT-o4.full_docstr.test_snippet_196,test_case_3,functional_correctness/generated_classes/GPT-o4/full_docstr/test_snippet_196.py,,,failed,"AssertionError: assert None == ''
 +  where None = <snippet_196.SeqPos object at 0x1027957d0>.line",8.904095739126205e-05
functional_correctness/generated_classes/GPT-o4/full_docstr/test_snippet_182.py::test_case_0,functional_correctness.generated_classes.GPT-o4.full_docstr.test_snippet_182,test_case_0,functional_correctness/generated_classes/GPT-o4/full_docstr/test_snippet_182.py,,xfail,xfailed,,6.975000724196434e-05
functional_correctness/generated_classes/GPT-o4/full_docstr/test_snippet_182.py::test_case_1,functional_correctness.generated_classes.GPT-o4.full_docstr.test_snippet_182,test_case_1,functional_correctness/generated_classes/GPT-o4/full_docstr/test_snippet_182.py,,xfail,xfailed,,6.408302579075098e-05
functional_correctness/generated_classes/GPT-o4/full_docstr/test_snippet_141.py::test_case_0,functional_correctness.generated_classes.GPT-o4.full_docstr.test_snippet_141,test_case_0,functional_correctness/generated_classes/GPT-o4/full_docstr/test_snippet_141.py,,,passed,,5.983293522149325e-05
functional_correctness/generated_classes/GPT-o4/full_docstr/test_snippet_431.py::test_case_0,functional_correctness.generated_classes.GPT-o4.full_docstr.test_snippet_431,test_case_0,functional_correctness/generated_classes/GPT-o4/full_docstr/test_snippet_431.py,,,failed,AttributeError: type object 'BehaveHooksMixin' has no attribute 'testcase_class',6.999995093792677e-05
functional_correctness/generated_classes/GPT-o4/full_docstr/test_snippet_431.py::test_case_1,functional_correctness.generated_classes.GPT-o4.full_docstr.test_snippet_431,test_case_1,functional_correctness/generated_classes/GPT-o4/full_docstr/test_snippet_431.py,,,failed,AttributeError: type object 'BehaveHooksMixin' has no attribute 'testcase_class',7.01249809935689e-05
functional_correctness/generated_classes/GPT-o4/full_docstr/test_snippet_431.py::test_case_2,functional_correctness.generated_classes.GPT-o4.full_docstr.test_snippet_431,test_case_2,functional_correctness/generated_classes/GPT-o4/full_docstr/test_snippet_431.py,,xfail,xfailed,,6.137497257441282e-05
functional_correctness/generated_classes/GPT-o4/full_docstr/test_snippet_431.py::test_case_3,functional_correctness.generated_classes.GPT-o4.full_docstr.test_snippet_431,test_case_3,functional_correctness/generated_classes/GPT-o4/full_docstr/test_snippet_431.py,,xfail,xfailed,,5.487492308020592e-05
functional_correctness/generated_classes/GPT-o4/full_docstr/test_snippet_431.py::test_case_4,functional_correctness.generated_classes.GPT-o4.full_docstr.test_snippet_431,test_case_4,functional_correctness/generated_classes/GPT-o4/full_docstr/test_snippet_431.py,,xfail,xfailed,,5.237502045929432e-05
functional_correctness/generated_classes/GPT-o4/full_docstr/test_snippet_431.py::test_case_5,functional_correctness.generated_classes.GPT-o4.full_docstr.test_snippet_431,test_case_5,functional_correctness/generated_classes/GPT-o4/full_docstr/test_snippet_431.py,,xfail,xfailed,,5.312496796250343e-05
functional_correctness/generated_classes/GPT-o4/full_docstr/test_snippet_343.py::test_case_0,functional_correctness.generated_classes.GPT-o4.full_docstr.test_snippet_343,test_case_0,functional_correctness/generated_classes/GPT-o4/full_docstr/test_snippet_343.py,,xfail,failed,[XPASS(strict)] ,5.970802158117294e-05
functional_correctness/generated_classes/GPT-o4/full_docstr/test_snippet_341.py::test_case_0,functional_correctness.generated_classes.GPT-o4.full_docstr.test_snippet_341,test_case_0,functional_correctness/generated_classes/GPT-o4/full_docstr/test_snippet_341.py,,xfail,xfailed,,7.499998901039362e-05
functional_correctness/generated_classes/GPT-o4/full_docstr/test_snippet_341.py::test_case_1,functional_correctness.generated_classes.GPT-o4.full_docstr.test_snippet_341,test_case_1,functional_correctness/generated_classes/GPT-o4/full_docstr/test_snippet_341.py,,xfail,xfailed,,6.216694600880146e-05
functional_correctness/generated_classes/GPT-o4/full_docstr/test_snippet_341.py::test_case_2,functional_correctness.generated_classes.GPT-o4.full_docstr.test_snippet_341,test_case_2,functional_correctness/generated_classes/GPT-o4/full_docstr/test_snippet_341.py,,xfail,xfailed,,5.9999991208314896e-05
functional_correctness/generated_classes/GPT-o4/full_docstr/test_snippet_157.py::test_case_0,functional_correctness.generated_classes.GPT-o4.full_docstr.test_snippet_157,test_case_0,functional_correctness/generated_classes/GPT-o4/full_docstr/test_snippet_157.py,,xfail,xfailed,,6.720901001244783e-05
functional_correctness/generated_classes/GPT-o4/full_docstr/test_snippet_143.py::test_case_0,functional_correctness.generated_classes.GPT-o4.full_docstr.test_snippet_143,test_case_0,functional_correctness/generated_classes/GPT-o4/full_docstr/test_snippet_143.py,,xfail,xfailed,,6.633298471570015e-05
functional_correctness/generated_classes/GPT-o4/full_docstr/test_snippet_180.py::test_case_0,functional_correctness.generated_classes.GPT-o4.full_docstr.test_snippet_180,test_case_0,functional_correctness/generated_classes/GPT-o4/full_docstr/test_snippet_180.py,,xfail,xfailed,,7.150007877498865e-05
functional_correctness/generated_classes/GPT-o4/full_docstr/test_snippet_180.py::test_case_1,functional_correctness.generated_classes.GPT-o4.full_docstr.test_snippet_180,test_case_1,functional_correctness/generated_classes/GPT-o4/full_docstr/test_snippet_180.py,,xfail,xfailed,,6.649992428719997e-05
functional_correctness/generated_classes/GPT-o4/full_docstr/test_snippet_180.py::test_case_2,functional_correctness.generated_classes.GPT-o4.full_docstr.test_snippet_180,test_case_2,functional_correctness/generated_classes/GPT-o4/full_docstr/test_snippet_180.py,,xfail,xfailed,,5.841697566211224e-05
functional_correctness/generated_classes/GPT-o4/full_docstr/test_snippet_180.py::test_case_3,functional_correctness.generated_classes.GPT-o4.full_docstr.test_snippet_180,test_case_3,functional_correctness/generated_classes/GPT-o4/full_docstr/test_snippet_180.py,,xfail,xfailed,,5.3875031881034374e-05
functional_correctness/generated_classes/GPT-o4/full_docstr/test_snippet_180.py::test_case_4,functional_correctness.generated_classes.GPT-o4.full_docstr.test_snippet_180,test_case_4,functional_correctness/generated_classes/GPT-o4/full_docstr/test_snippet_180.py,,xfail,xfailed,,6.133399438112974e-05
functional_correctness/generated_classes/GPT-o4/full_docstr/test_snippet_180.py::test_case_5,functional_correctness.generated_classes.GPT-o4.full_docstr.test_snippet_180,test_case_5,functional_correctness/generated_classes/GPT-o4/full_docstr/test_snippet_180.py,,xfail,xfailed,,5.566701292991638e-05
functional_correctness/generated_classes/GPT-o4/full_docstr/test_snippet_547.py::test_case_0,functional_correctness.generated_classes.GPT-o4.full_docstr.test_snippet_547,test_case_0,functional_correctness/generated_classes/GPT-o4/full_docstr/test_snippet_547.py,,,failed,AttributeError: 'Merge' object has no attribute 'query',7.129192817956209e-05
functional_correctness/generated_classes/GPT-o4/full_docstr/test_snippet_547.py::test_case_1,functional_correctness.generated_classes.GPT-o4.full_docstr.test_snippet_547,test_case_1,functional_correctness/generated_classes/GPT-o4/full_docstr/test_snippet_547.py,,xfail,xfailed,,6.216694600880146e-05
functional_correctness/generated_classes/GPT-o4/full_docstr/test_snippet_547.py::test_case_2,functional_correctness.generated_classes.GPT-o4.full_docstr.test_snippet_547,test_case_2,functional_correctness/generated_classes/GPT-o4/full_docstr/test_snippet_547.py,,xfail,xfailed,,6.1208033002913e-05
functional_correctness/generated_classes/GPT-o4/full_docstr/test_snippet_221.py::test_case_0,functional_correctness.generated_classes.GPT-o4.full_docstr.test_snippet_221,test_case_0,functional_correctness/generated_classes/GPT-o4/full_docstr/test_snippet_221.py,,,passed,,6.11250288784504e-05
functional_correctness/generated_classes/GPT-o4/full_docstr/test_snippet_221.py::test_case_1,functional_correctness.generated_classes.GPT-o4.full_docstr.test_snippet_221,test_case_1,functional_correctness/generated_classes/GPT-o4/full_docstr/test_snippet_221.py,,,passed,,5.104101728647947e-05
functional_correctness/generated_classes/GPT-o4/full_docstr/test_snippet_235.py::test_case_0,functional_correctness.generated_classes.GPT-o4.full_docstr.test_snippet_235,test_case_0,functional_correctness/generated_classes/GPT-o4/full_docstr/test_snippet_235.py,,xfail,xfailed,,6.558292079716921e-05
functional_correctness/generated_classes/GPT-o4/full_docstr/test_snippet_235.py::test_case_1,functional_correctness.generated_classes.GPT-o4.full_docstr.test_snippet_235,test_case_1,functional_correctness/generated_classes/GPT-o4/full_docstr/test_snippet_235.py,,xfail,xfailed,,6.141606718301773e-05
functional_correctness/generated_classes/GPT-o4/full_docstr/test_snippet_590.py::test_case_0,functional_correctness.generated_classes.GPT-o4.full_docstr.test_snippet_590,test_case_0,functional_correctness/generated_classes/GPT-o4/full_docstr/test_snippet_590.py,,xfail,xfailed,,7.437507156282663e-05
functional_correctness/generated_classes/GPT-o4/full_docstr/test_snippet_585.py::test_case_0,functional_correctness.generated_classes.GPT-o4.full_docstr.test_snippet_585,test_case_0,functional_correctness/generated_classes/GPT-o4/full_docstr/test_snippet_585.py,,xfail,xfailed,,7.108401041477919e-05
functional_correctness/generated_classes/GPT-o4/full_docstr/test_snippet_156.py::test_case_0,functional_correctness.generated_classes.GPT-o4.full_docstr.test_snippet_156,test_case_0,functional_correctness/generated_classes/GPT-o4/full_docstr/test_snippet_156.py,,xfail,failed,[XPASS(strict)] ,5.945900920778513e-05
functional_correctness/generated_classes/GPT-o4/full_docstr/test_snippet_618.py::test_case_0,functional_correctness.generated_classes.GPT-o4.full_docstr.test_snippet_618,test_case_0,functional_correctness/generated_classes/GPT-o4/full_docstr/test_snippet_618.py,,xfail,xfailed,,6.866606418043375e-05
functional_correctness/generated_classes/GPT-o4/full_docstr/test_snippet_618.py::test_case_1,functional_correctness.generated_classes.GPT-o4.full_docstr.test_snippet_618,test_case_1,functional_correctness/generated_classes/GPT-o4/full_docstr/test_snippet_618.py,,xfail,xfailed,,6.474996916949749e-05
functional_correctness/generated_classes/GPT-o4/full_docstr/test_snippet_618.py::test_case_2,functional_correctness.generated_classes.GPT-o4.full_docstr.test_snippet_618,test_case_2,functional_correctness/generated_classes/GPT-o4/full_docstr/test_snippet_618.py,,xfail,xfailed,,5.799997597932816e-05
functional_correctness/generated_classes/GPT-o4/full_docstr/test_snippet_354.py::test_case_0,functional_correctness.generated_classes.GPT-o4.full_docstr.test_snippet_354,test_case_0,functional_correctness/generated_classes/GPT-o4/full_docstr/test_snippet_354.py,,,failed,AttributeError: 'bool' object has no attribute 'read',7.716694381088018e-05
functional_correctness/generated_classes/GPT-o4/full_docstr/test_snippet_333.py::test_case_0,functional_correctness.generated_classes.GPT-o4.full_docstr.test_snippet_333,test_case_0,functional_correctness/generated_classes/GPT-o4/full_docstr/test_snippet_333.py,,xfail,xfailed,,6.983301136642694e-05
functional_correctness/generated_classes/GPT-o4/full_docstr/test_snippet_441.py::test_case_0,functional_correctness.generated_classes.GPT-o4.full_docstr.test_snippet_441,test_case_0,functional_correctness/generated_classes/GPT-o4/full_docstr/test_snippet_441.py,,xfail,xfailed,,6.65419502183795e-05
functional_correctness/generated_classes/GPT-o4/full_docstr/test_snippet_441.py::test_case_1,functional_correctness.generated_classes.GPT-o4.full_docstr.test_snippet_441,test_case_1,functional_correctness/generated_classes/GPT-o4/full_docstr/test_snippet_441.py,,xfail,xfailed,,6.087496876716614e-05
functional_correctness/generated_classes/GPT-o4/full_docstr/test_snippet_441.py::test_case_2,functional_correctness.generated_classes.GPT-o4.full_docstr.test_snippet_441,test_case_2,functional_correctness/generated_classes/GPT-o4/full_docstr/test_snippet_441.py,,xfail,xfailed,,5.64999645575881e-05
functional_correctness/generated_classes/GPT-o4/full_docstr/test_snippet_441.py::test_case_3,functional_correctness.generated_classes.GPT-o4.full_docstr.test_snippet_441,test_case_3,functional_correctness/generated_classes/GPT-o4/full_docstr/test_snippet_441.py,,xfail,xfailed,,5.445792339742184e-05
functional_correctness/generated_classes/GPT-o4/full_docstr/test_snippet_441.py::test_case_4,functional_correctness.generated_classes.GPT-o4.full_docstr.test_snippet_441,test_case_4,functional_correctness/generated_classes/GPT-o4/full_docstr/test_snippet_441.py,,xfail,xfailed,,5.662499461323023e-05
functional_correctness/generated_classes/GPT-o4/full_docstr/test_snippet_441.py::test_case_5,functional_correctness.generated_classes.GPT-o4.full_docstr.test_snippet_441,test_case_5,functional_correctness/generated_classes/GPT-o4/full_docstr/test_snippet_441.py,,xfail,xfailed,,5.300005432218313e-05
functional_correctness/generated_classes/GPT-o4/full_docstr/test_snippet_657.py::test_case_0,functional_correctness.generated_classes.GPT-o4.full_docstr.test_snippet_657,test_case_0,functional_correctness/generated_classes/GPT-o4/full_docstr/test_snippet_657.py,,,passed,,6.395811215043068e-05
functional_correctness/generated_classes/GPT-o4/full_docstr/test_snippet_657.py::test_case_1,functional_correctness.generated_classes.GPT-o4.full_docstr.test_snippet_657,test_case_1,functional_correctness/generated_classes/GPT-o4/full_docstr/test_snippet_657.py,,xfail,xfailed,,0.0001625419827178
functional_correctness/generated_classes/GPT-o4/full_docstr/test_snippet_657.py::test_case_2,functional_correctness.generated_classes.GPT-o4.full_docstr.test_snippet_657,test_case_2,functional_correctness/generated_classes/GPT-o4/full_docstr/test_snippet_657.py,,,failed,assert -1057208347853955266 == -5024857729396546773,0.0001012090360745
functional_correctness/generated_classes/GPT-o4/full_docstr/test_snippet_657.py::test_case_3,functional_correctness.generated_classes.GPT-o4.full_docstr.test_snippet_657,test_case_3,functional_correctness/generated_classes/GPT-o4/full_docstr/test_snippet_657.py,,,failed,"AssertionError: assert 'Carriage()' == 'Carriage'
  
  - Carriage
  + Carriage()
  ?         ++",0.0001426249509677
functional_correctness/generated_classes/GPT-o4/full_docstr/test_snippet_125.py::test_case_0,functional_correctness.generated_classes.GPT-o4.full_docstr.test_snippet_125,test_case_0,functional_correctness/generated_classes/GPT-o4/full_docstr/test_snippet_125.py,,,failed,AttributeError: type object 'BaseEntrySearch' has no attribute 'pattern',7.06670107319951e-05
functional_correctness/generated_classes/GPT-o4/full_docstr/test_snippet_125.py::test_case_1,functional_correctness.generated_classes.GPT-o4.full_docstr.test_snippet_125,test_case_1,functional_correctness/generated_classes/GPT-o4/full_docstr/test_snippet_125.py,,xfail,xfailed,,6.316707003861666e-05
functional_correctness/generated_classes/GPT-o4/full_docstr/test_snippet_119.py::test_case_0,functional_correctness.generated_classes.GPT-o4.full_docstr.test_snippet_119,test_case_0,functional_correctness/generated_classes/GPT-o4/full_docstr/test_snippet_119.py,,xfail,xfailed,,6.670900620520115e-05
functional_correctness/generated_classes/GPT-o4/full_docstr/test_snippet_119.py::test_case_1,functional_correctness.generated_classes.GPT-o4.full_docstr.test_snippet_119,test_case_1,functional_correctness/generated_classes/GPT-o4/full_docstr/test_snippet_119.py,,xfail,xfailed,,6.458291318267584e-05
functional_correctness/generated_classes/GPT-o4/full_docstr/test_snippet_521.py::test_case_0,functional_correctness.generated_classes.GPT-o4.full_docstr.test_snippet_521,test_case_0,functional_correctness/generated_classes/GPT-o4/full_docstr/test_snippet_521.py,,xfail,xfailed,,0.000133957946673
functional_correctness/generated_classes/GPT-o4/full_docstr/test_snippet_521.py::test_case_1,functional_correctness.generated_classes.GPT-o4.full_docstr.test_snippet_521,test_case_1,functional_correctness/generated_classes/GPT-o4/full_docstr/test_snippet_521.py,,xfail,xfailed,,6.637489423155785e-05
functional_correctness/generated_classes/GPT-o4/full_docstr/test_snippet_521.py::test_case_2,functional_correctness.generated_classes.GPT-o4.full_docstr.test_snippet_521,test_case_2,functional_correctness/generated_classes/GPT-o4/full_docstr/test_snippet_521.py,,xfail,xfailed,,5.691696424037218e-05
functional_correctness/generated_classes/GPT-o4/full_docstr/test_snippet_521.py::test_case_3,functional_correctness.generated_classes.GPT-o4.full_docstr.test_snippet_521,test_case_3,functional_correctness/generated_classes/GPT-o4/full_docstr/test_snippet_521.py,,xfail,xfailed,,5.179096478968859e-05
functional_correctness/generated_classes/GPT-o4/full_docstr/test_snippet_483.py::test_case_0,functional_correctness.generated_classes.GPT-o4.full_docstr.test_snippet_483,test_case_0,functional_correctness/generated_classes/GPT-o4/full_docstr/test_snippet_483.py,,xfail,xfailed,,7.037504110485315e-05
functional_correctness/generated_classes/GPT-o4/full_docstr/test_snippet_483.py::test_case_1,functional_correctness.generated_classes.GPT-o4.full_docstr.test_snippet_483,test_case_1,functional_correctness/generated_classes/GPT-o4/full_docstr/test_snippet_483.py,,,failed,AttributeError: 'object' object has no attribute '_cmp_key',6.629200652241707e-05
functional_correctness/generated_classes/GPT-o4/full_docstr/test_snippet_483.py::test_case_2,functional_correctness.generated_classes.GPT-o4.full_docstr.test_snippet_483,test_case_2,functional_correctness/generated_classes/GPT-o4/full_docstr/test_snippet_483.py,,xfail,xfailed,,5.879206582903862e-05
functional_correctness/generated_classes/GPT-o4/full_docstr/test_snippet_483.py::test_case_3,functional_correctness.generated_classes.GPT-o4.full_docstr.test_snippet_483,test_case_3,functional_correctness/generated_classes/GPT-o4/full_docstr/test_snippet_483.py,,xfail,xfailed,,5.408399738371372e-05
functional_correctness/generated_classes/GPT-o4/full_docstr/test_snippet_483.py::test_case_4,functional_correctness.generated_classes.GPT-o4.full_docstr.test_snippet_483,test_case_4,functional_correctness/generated_classes/GPT-o4/full_docstr/test_snippet_483.py,,xfail,xfailed,,5.7416968047618866e-05
functional_correctness/generated_classes/GPT-o4/full_docstr/test_snippet_483.py::test_case_5,functional_correctness.generated_classes.GPT-o4.full_docstr.test_snippet_483,test_case_5,functional_correctness/generated_classes/GPT-o4/full_docstr/test_snippet_483.py,,xfail,xfailed,,5.633407272398472e-05
functional_correctness/generated_classes/GPT-o4/full_docstr/test_snippet_483.py::test_case_6,functional_correctness.generated_classes.GPT-o4.full_docstr.test_snippet_483,test_case_6,functional_correctness/generated_classes/GPT-o4/full_docstr/test_snippet_483.py,,xfail,xfailed,,5.925004370510578e-05
functional_correctness/generated_classes/GPT-o4/full_docstr/test_snippet_318.py::test_case_0,functional_correctness.generated_classes.GPT-o4.full_docstr.test_snippet_318,test_case_0,functional_correctness/generated_classes/GPT-o4/full_docstr/test_snippet_318.py,,xfail,failed,[XPASS(strict)] ,5.8750039897859097e-05
functional_correctness/generated_classes/GPT-o4/full_docstr/test_snippet_126.py::test_case_0,functional_correctness.generated_classes.GPT-o4.full_docstr.test_snippet_126,test_case_0,functional_correctness/generated_classes/GPT-o4/full_docstr/test_snippet_126.py,,,failed,AttributeError: type object 'BaseEntryChannel' has no attribute 'query',6.933300755918026e-05
functional_correctness/generated_classes/GPT-o4/full_docstr/test_snippet_126.py::test_case_1,functional_correctness.generated_classes.GPT-o4.full_docstr.test_snippet_126,test_case_1,functional_correctness/generated_classes/GPT-o4/full_docstr/test_snippet_126.py,,xfail,xfailed,,6.387510802596807e-05
functional_correctness/generated_classes/GPT-o4/full_docstr/test_snippet_126.py::test_case_2,functional_correctness.generated_classes.GPT-o4.full_docstr.test_snippet_126,test_case_2,functional_correctness/generated_classes/GPT-o4/full_docstr/test_snippet_126.py,,xfail,xfailed,,5.854095797985792e-05
functional_correctness/generated_classes/GPT-o4/full_docstr/test_snippet_640.py::test_case_0,functional_correctness.generated_classes.GPT-o4.full_docstr.test_snippet_640,test_case_0,functional_correctness/generated_classes/GPT-o4/full_docstr/test_snippet_640.py,,xfail,xfailed,,7.337506394833326e-05
functional_correctness/generated_classes/GPT-o4/full_docstr/test_snippet_640.py::test_case_1,functional_correctness.generated_classes.GPT-o4.full_docstr.test_snippet_640,test_case_1,functional_correctness/generated_classes/GPT-o4/full_docstr/test_snippet_640.py,,,failed,TypeError: 'bool' object is not callable,6.70839799568057e-05
functional_correctness/generated_classes/GPT-o4/full_docstr/test_snippet_640.py::test_case_2,functional_correctness.generated_classes.GPT-o4.full_docstr.test_snippet_640,test_case_2,functional_correctness/generated_classes/GPT-o4/full_docstr/test_snippet_640.py,,,failed,TypeError: 'bool' object is not callable,6.1208033002913e-05
functional_correctness/generated_classes/GPT-o4/full_docstr/test_snippet_654.py::test_case_0,functional_correctness.generated_classes.GPT-o4.full_docstr.test_snippet_654,test_case_0,functional_correctness/generated_classes/GPT-o4/full_docstr/test_snippet_654.py,,xfail,xfailed,,0.0001628750469535
functional_correctness/generated_classes/GPT-o4/full_docstr/test_snippet_654.py::test_case_1,functional_correctness.generated_classes.GPT-o4.full_docstr.test_snippet_654,test_case_1,functional_correctness/generated_classes/GPT-o4/full_docstr/test_snippet_654.py,,xfail,xfailed,,6.066705100238323e-05
functional_correctness/generated_classes/GPT-o4/full_docstr/test_snippet_654.py::test_case_2,functional_correctness.generated_classes.GPT-o4.full_docstr.test_snippet_654,test_case_2,functional_correctness/generated_classes/GPT-o4/full_docstr/test_snippet_654.py,,xfail,xfailed,,6.154191214591265e-05
functional_correctness/generated_classes/GPT-o4/full_docstr/test_snippet_654.py::test_case_3,functional_correctness.generated_classes.GPT-o4.full_docstr.test_snippet_654,test_case_3,functional_correctness/generated_classes/GPT-o4/full_docstr/test_snippet_654.py,,xfail,xfailed,,5.64999645575881e-05
functional_correctness/generated_classes/GPT-o4/full_docstr/test_snippet_132.py::test_case_0,functional_correctness.generated_classes.GPT-o4.full_docstr.test_snippet_132,test_case_0,functional_correctness/generated_classes/GPT-o4/full_docstr/test_snippet_132.py,,xfail,failed,[XPASS(strict)] ,6.13329466432333e-05
functional_correctness/generated_classes/GPT-o4/full_docstr/test_snippet_697.py::test_case_0,functional_correctness.generated_classes.GPT-o4.full_docstr.test_snippet_697,test_case_0,functional_correctness/generated_classes/GPT-o4/full_docstr/test_snippet_697.py,,,failed,"TypeError: GeodeticStrain.__init__() missing 4 required positional arguments: 'data', 'seismicity_rate', 'target_magnitudes', and 'data_variables'",0.0001405830262228
functional_correctness/generated_classes/GPT-o4/full_docstr/test_snippet_697.py::test_case_1,functional_correctness.generated_classes.GPT-o4.full_docstr.test_snippet_697,test_case_1,functional_correctness/generated_classes/GPT-o4/full_docstr/test_snippet_697.py,,,failed,"TypeError: GeodeticStrain.__init__() missing 4 required positional arguments: 'data', 'seismicity_rate', 'target_magnitudes', and 'data_variables'",6.995792500674725e-05
functional_correctness/generated_classes/GPT-o4/full_docstr/test_snippet_697.py::test_case_2,functional_correctness.generated_classes.GPT-o4.full_docstr.test_snippet_697,test_case_2,functional_correctness/generated_classes/GPT-o4/full_docstr/test_snippet_697.py,,,failed,"TypeError: GeodeticStrain.__init__() missing 4 required positional arguments: 'data', 'seismicity_rate', 'target_magnitudes', and 'data_variables'",6.595801096409559e-05
functional_correctness/generated_classes/GPT-o4/full_docstr/test_snippet_697.py::test_case_3,functional_correctness.generated_classes.GPT-o4.full_docstr.test_snippet_697,test_case_3,functional_correctness/generated_classes/GPT-o4/full_docstr/test_snippet_697.py,,xfail,xfailed,,5.670799873769283e-05
functional_correctness/generated_classes/GPT-o4/full_docstr/test_snippet_708.py::test_case_0,functional_correctness.generated_classes.GPT-o4.full_docstr.test_snippet_708,test_case_0,functional_correctness/generated_classes/GPT-o4/full_docstr/test_snippet_708.py,,,failed,AttributeError: 'WMSCapabilitiesReader' object has no attribute 'request',0.0001220840495079
functional_correctness/generated_classes/GPT-o4/full_docstr/test_snippet_708.py::test_case_1,functional_correctness.generated_classes.GPT-o4.full_docstr.test_snippet_708,test_case_1,functional_correctness/generated_classes/GPT-o4/full_docstr/test_snippet_708.py,,xfail,failed,[XPASS(strict)] ,5.9750047512352467e-05
functional_correctness/generated_classes/GPT-o4/full_docstr/test_snippet_708.py::test_case_2,functional_correctness.generated_classes.GPT-o4.full_docstr.test_snippet_708,test_case_2,functional_correctness/generated_classes/GPT-o4/full_docstr/test_snippet_708.py,,,failed,AttributeError: 'WMSCapabilitiesReader' object has no attribute 'request',9.629200212657452e-05
functional_correctness/generated_classes/GPT-o4/full_docstr/test_snippet_708.py::test_case_3,functional_correctness.generated_classes.GPT-o4.full_docstr.test_snippet_708,test_case_3,functional_correctness/generated_classes/GPT-o4/full_docstr/test_snippet_708.py,,xfail,failed,[XPASS(strict)] ,4.370906390249729e-05
functional_correctness/generated_classes/GPT-o4/full_docstr/test_snippet_708.py::test_case_4,functional_correctness.generated_classes.GPT-o4.full_docstr.test_snippet_708,test_case_4,functional_correctness/generated_classes/GPT-o4/full_docstr/test_snippet_708.py,,xfail,failed,[XPASS(strict)] ,4.2458996176719666e-05
functional_correctness/generated_classes/GPT-o4/full_docstr/test_snippet_708.py::test_case_5,functional_correctness.generated_classes.GPT-o4.full_docstr.test_snippet_708,test_case_5,functional_correctness/generated_classes/GPT-o4/full_docstr/test_snippet_708.py,,xfail,xfailed,,5.9416983276605606e-05
functional_correctness/generated_classes/GPT-o4/full_docstr/test_snippet_708.py::test_case_6,functional_correctness.generated_classes.GPT-o4.full_docstr.test_snippet_708,test_case_6,functional_correctness/generated_classes/GPT-o4/full_docstr/test_snippet_708.py,,xfail,xfailed,,5.4042087867856026e-05
functional_correctness/generated_classes/GPT-o4/full_docstr/test_snippet_708.py::test_case_7,functional_correctness.generated_classes.GPT-o4.full_docstr.test_snippet_708,test_case_7,functional_correctness/generated_classes/GPT-o4/full_docstr/test_snippet_708.py,,xfail,xfailed,,5.758402403444052e-05
functional_correctness/generated_classes/GPT-o4/full_docstr/test_snippet_708.py::test_case_8,functional_correctness.generated_classes.GPT-o4.full_docstr.test_snippet_708,test_case_8,functional_correctness/generated_classes/GPT-o4/full_docstr/test_snippet_708.py,,xfail,xfailed,,6.166694220155478e-05
functional_correctness/generated_classes/GPT-o4/full_docstr/test_snippet_708.py::test_case_9,functional_correctness.generated_classes.GPT-o4.full_docstr.test_snippet_708,test_case_9,functional_correctness/generated_classes/GPT-o4/full_docstr/test_snippet_708.py,,xfail,xfailed,,5.100003909319639e-05
functional_correctness/generated_classes/GPT-o4/full_docstr/test_snippet_536.py::test_case_0,functional_correctness.generated_classes.GPT-o4.full_docstr.test_snippet_536,test_case_0,functional_correctness/generated_classes/GPT-o4/full_docstr/test_snippet_536.py,,xfail,xfailed,,7.19169620424509e-05
functional_correctness/generated_classes/GPT-o4/full_docstr/test_snippet_278.py::test_case_0,functional_correctness.generated_classes.GPT-o4.full_docstr.test_snippet_278,test_case_0,functional_correctness/generated_classes/GPT-o4/full_docstr/test_snippet_278.py,,,failed,AttributeError: 'BaseApi' object has no attribute 'endpoint',6.908306386321783e-05
functional_correctness/generated_classes/GPT-o4/full_docstr/test_snippet_287.py::test_case_0,functional_correctness.generated_classes.GPT-o4.full_docstr.test_snippet_287,test_case_0,functional_correctness/generated_classes/GPT-o4/full_docstr/test_snippet_287.py,,xfail,xfailed,,6.758305244147778e-05
functional_correctness/generated_classes/GPT-o4/full_docstr/test_snippet_287.py::test_case_1,functional_correctness.generated_classes.GPT-o4.full_docstr.test_snippet_287,test_case_1,functional_correctness/generated_classes/GPT-o4/full_docstr/test_snippet_287.py,,xfail,xfailed,,6.925000343471766e-05
functional_correctness/generated_classes/GPT-o4/full_docstr/test_snippet_287.py::test_case_2,functional_correctness.generated_classes.GPT-o4.full_docstr.test_snippet_287,test_case_2,functional_correctness/generated_classes/GPT-o4/full_docstr/test_snippet_287.py,,xfail,xfailed,,6.062490865588188e-05
functional_correctness/generated_classes/GPT-o4/full_docstr/test_snippet_287.py::test_case_3,functional_correctness.generated_classes.GPT-o4.full_docstr.test_snippet_287,test_case_3,functional_correctness/generated_classes/GPT-o4/full_docstr/test_snippet_287.py,,xfail,xfailed,,5.962501745671034e-05
functional_correctness/generated_classes/GPT-o4/full_docstr/test_snippet_287.py::test_case_4,functional_correctness.generated_classes.GPT-o4.full_docstr.test_snippet_287,test_case_4,functional_correctness/generated_classes/GPT-o4/full_docstr/test_snippet_287.py,,xfail,xfailed,,5.7165976613759995e-05
functional_correctness/generated_classes/GPT-o4/full_docstr/test_snippet_669.py::test_case_0,functional_correctness.generated_classes.GPT-o4.full_docstr.test_snippet_669,test_case_0,functional_correctness/generated_classes/GPT-o4/full_docstr/test_snippet_669.py,,xfail,xfailed,,0.0001351659884676
functional_correctness/generated_classes/GPT-o4/full_docstr/test_snippet_669.py::test_case_1,functional_correctness.generated_classes.GPT-o4.full_docstr.test_snippet_669,test_case_1,functional_correctness/generated_classes/GPT-o4/full_docstr/test_snippet_669.py,,,failed,AttributeError: 'JavaArrayIterator' object has no attribute 'data',6.954208947718143e-05
functional_correctness/generated_classes/GPT-o4/full_docstr/test_snippet_669.py::test_case_2,functional_correctness.generated_classes.GPT-o4.full_docstr.test_snippet_669,test_case_2,functional_correctness/generated_classes/GPT-o4/full_docstr/test_snippet_669.py,,xfail,xfailed,,5.7709054090082645e-05
functional_correctness/generated_classes/GPT-o4/full_docstr/test_snippet_669.py::test_case_3,functional_correctness.generated_classes.GPT-o4.full_docstr.test_snippet_669,test_case_3,functional_correctness/generated_classes/GPT-o4/full_docstr/test_snippet_669.py,,,failed,AttributeError: 'JavaArrayIterator' object has no attribute 'data',5.7541998103260994e-05
functional_correctness/generated_classes/GPT-o4/full_docstr/test_snippet_127.py::test_case_0,functional_correctness.generated_classes.GPT-o4.full_docstr.test_snippet_127,test_case_0,functional_correctness/generated_classes/GPT-o4/full_docstr/test_snippet_127.py,,xfail,failed,[XPASS(strict)] ,5.770893767476082e-05
functional_correctness/generated_classes/GPT-o4/full_docstr/test_snippet_127.py::test_case_1,functional_correctness.generated_classes.GPT-o4.full_docstr.test_snippet_127,test_case_1,functional_correctness/generated_classes/GPT-o4/full_docstr/test_snippet_127.py,,xfail,xfailed,,0.0001393329584971
functional_correctness/generated_classes/GPT-o4/full_docstr/test_snippet_127.py::test_case_2,functional_correctness.generated_classes.GPT-o4.full_docstr.test_snippet_127,test_case_2,functional_correctness/generated_classes/GPT-o4/full_docstr/test_snippet_127.py,,,passed,,5.41249755769968e-05
functional_correctness/generated_classes/GPT-o4/full_docstr/test_snippet_127.py::test_case_3,functional_correctness.generated_classes.GPT-o4.full_docstr.test_snippet_127,test_case_3,functional_correctness/generated_classes/GPT-o4/full_docstr/test_snippet_127.py,,xfail,failed,[XPASS(strict)] ,4.125002305954695e-05
functional_correctness/generated_classes/GPT-o4/full_docstr/test_snippet_494.py::test_case_0,functional_correctness.generated_classes.GPT-o4.full_docstr.test_snippet_494,test_case_0,functional_correctness/generated_classes/GPT-o4/full_docstr/test_snippet_494.py,,xfail,xfailed,,0.000139791984111
functional_correctness/generated_classes/GPT-o4/full_docstr/test_snippet_494.py::test_case_1,functional_correctness.generated_classes.GPT-o4.full_docstr.test_snippet_494,test_case_1,functional_correctness/generated_classes/GPT-o4/full_docstr/test_snippet_494.py,,,passed,,6.51670852676034e-05
functional_correctness/generated_classes/GPT-o4/full_docstr/test_snippet_494.py::test_case_2,functional_correctness.generated_classes.GPT-o4.full_docstr.test_snippet_494,test_case_2,functional_correctness/generated_classes/GPT-o4/full_docstr/test_snippet_494.py,,xfail,xfailed,,5.75000885874033e-05
functional_correctness/generated_classes/GPT-o4/full_docstr/test_snippet_494.py::test_case_3,functional_correctness.generated_classes.GPT-o4.full_docstr.test_snippet_494,test_case_3,functional_correctness/generated_classes/GPT-o4/full_docstr/test_snippet_494.py,,xfail,xfailed,,6.374996155500412e-05
functional_correctness/generated_classes/GPT-o4/full_docstr/test_snippet_331.py::test_case_0,functional_correctness.generated_classes.GPT-o4.full_docstr.test_snippet_331,test_case_0,functional_correctness/generated_classes/GPT-o4/full_docstr/test_snippet_331.py,,xfail,failed,[XPASS(strict)] ,0.0001009169500321
functional_correctness/generated_classes/GPT-o4/full_docstr/test_snippet_331.py::test_case_1,functional_correctness.generated_classes.GPT-o4.full_docstr.test_snippet_331,test_case_1,functional_correctness/generated_classes/GPT-o4/full_docstr/test_snippet_331.py,,,failed,"assert 'KDNode at di... data {False}' == ""({False}: [L...', R:'None'])""
  
  - ({False}: [L:'None', R:'None'])
  + KDNode at dim None with data {False}",0.0001745000481605
functional_correctness/generated_classes/GPT-o4/full_docstr/test_snippet_331.py::test_case_2,functional_correctness.generated_classes.GPT-o4.full_docstr.test_snippet_331,test_case_2,functional_correctness/generated_classes/GPT-o4/full_docstr/test_snippet_331.py,,xfail,xfailed,,0.000154957990162
functional_correctness/generated_classes/GPT-o4/full_docstr/test_snippet_331.py::test_case_3,functional_correctness.generated_classes.GPT-o4.full_docstr.test_snippet_331,test_case_3,functional_correctness/generated_classes/GPT-o4/full_docstr/test_snippet_331.py,,,passed,,5.054101347923279e-05
functional_correctness/generated_classes/GPT-o4/full_docstr/test_snippet_331.py::test_case_4,functional_correctness.generated_classes.GPT-o4.full_docstr.test_snippet_331,test_case_4,functional_correctness/generated_classes/GPT-o4/full_docstr/test_snippet_331.py,,,failed,"assert 'node(data=No...e, disc=None)' == ""(None: [L:'None', R:'None'])""
  
  - (None: [L:'None', R:'None'])
  + node(data=None, payload=None, disc=None)",0.0001322909956797
functional_correctness/generated_classes/GPT-o4/full_docstr/test_snippet_331.py::test_case_5,functional_correctness.generated_classes.GPT-o4.full_docstr.test_snippet_331,test_case_5,functional_correctness/generated_classes/GPT-o4/full_docstr/test_snippet_331.py,,xfail,xfailed,,0.0001321249874308
functional_correctness/generated_classes/GPT-o4/full_docstr/test_snippet_457.py::test_case_0,functional_correctness.generated_classes.GPT-o4.full_docstr.test_snippet_457,test_case_0,functional_correctness/generated_classes/GPT-o4/full_docstr/test_snippet_457.py,,xfail,failed,[XPASS(strict)] ,6.562506314367056e-05
functional_correctness/generated_classes/GPT-o4/full_docstr/test_snippet_457.py::test_case_1,functional_correctness.generated_classes.GPT-o4.full_docstr.test_snippet_457,test_case_1,functional_correctness/generated_classes/GPT-o4/full_docstr/test_snippet_457.py,,xfail,xfailed,,6.550003308802843e-05
functional_correctness/generated_classes/GPT-o4/full_docstr/test_snippet_325.py::test_case_0,functional_correctness.generated_classes.GPT-o4.full_docstr.test_snippet_325,test_case_0,functional_correctness/generated_classes/GPT-o4/full_docstr/test_snippet_325.py,,xfail,xfailed,,6.770901381969452e-05
functional_correctness/generated_classes/GPT-o4/full_docstr/test_snippet_325.py::test_case_1,functional_correctness.generated_classes.GPT-o4.full_docstr.test_snippet_325,test_case_1,functional_correctness/generated_classes/GPT-o4/full_docstr/test_snippet_325.py,,xfail,xfailed,,6.962497718632221e-05
functional_correctness/generated_classes/GPT-o4/full_docstr/test_snippet_325.py::test_case_2,functional_correctness.generated_classes.GPT-o4.full_docstr.test_snippet_325,test_case_2,functional_correctness/generated_classes/GPT-o4/full_docstr/test_snippet_325.py,,xfail,xfailed,,5.941709969192743e-05
functional_correctness/generated_classes/GPT-o4/full_docstr/test_snippet_325.py::test_case_3,functional_correctness.generated_classes.GPT-o4.full_docstr.test_snippet_325,test_case_3,functional_correctness/generated_classes/GPT-o4/full_docstr/test_snippet_325.py,,xfail,xfailed,,5.633302498608827e-05
functional_correctness/generated_classes/GPT-o4/full_docstr/test_snippet_325.py::test_case_4,functional_correctness.generated_classes.GPT-o4.full_docstr.test_snippet_325,test_case_4,functional_correctness/generated_classes/GPT-o4/full_docstr/test_snippet_325.py,,xfail,xfailed,,6.337498780339956e-05
functional_correctness/generated_classes/GPT-o4/full_docstr/test_snippet_679.py::test_case_0,functional_correctness.generated_classes.GPT-o4.full_docstr.test_snippet_679,test_case_0,functional_correctness/generated_classes/GPT-o4/full_docstr/test_snippet_679.py,,,passed,,6.095797289162874e-05
functional_correctness/generated_classes/GPT-o4/full_docstr/test_snippet_645.py::test_case_0,functional_correctness.generated_classes.GPT-o4.full_docstr.test_snippet_645,test_case_0,functional_correctness/generated_classes/GPT-o4/full_docstr/test_snippet_645.py,,xfail,failed,[XPASS(strict)] ,5.624990444630384e-05
functional_correctness/generated_classes/GPT-o4/full_docstr/test_snippet_137.py::test_case_0,functional_correctness.generated_classes.GPT-o4.full_docstr.test_snippet_137,test_case_0,functional_correctness/generated_classes/GPT-o4/full_docstr/test_snippet_137.py,,xfail,xfailed,,7.308297790586948e-05
functional_correctness/generated_classes/GPT-o4/full_docstr/test_snippet_137.py::test_case_1,functional_correctness.generated_classes.GPT-o4.full_docstr.test_snippet_137,test_case_1,functional_correctness/generated_classes/GPT-o4/full_docstr/test_snippet_137.py,,,failed,"AssertionError: assert None == '/bin/bash'
 +  where None = <snippet_137.ScriptExecutor object at 0x106288890>.default_shell",0.0001175419893115
functional_correctness/generated_classes/GPT-o4/full_docstr/test_snippet_137.py::test_case_2,functional_correctness.generated_classes.GPT-o4.full_docstr.test_snippet_137,test_case_2,functional_correctness/generated_classes/GPT-o4/full_docstr/test_snippet_137.py,,xfail,xfailed,,9.933405090123416e-05
functional_correctness/generated_classes/GPT-o4/full_docstr/test_snippet_255.py::test_case_0,functional_correctness.generated_classes.GPT-o4.full_docstr.test_snippet_255,test_case_0,functional_correctness/generated_classes/GPT-o4/full_docstr/test_snippet_255.py,,,failed,AttributeError: type object 'Plot_Data' has no attribute 'count',7.120892405509949e-05
functional_correctness/generated_classes/GPT-o4/full_docstr/test_snippet_255.py::test_case_1,functional_correctness.generated_classes.GPT-o4.full_docstr.test_snippet_255,test_case_1,functional_correctness/generated_classes/GPT-o4/full_docstr/test_snippet_255.py,,xfail,xfailed,,7.029110565781593e-05
functional_correctness/generated_classes/GPT-o4/full_docstr/test_snippet_533.py::test_case_0,functional_correctness.generated_classes.GPT-o4.full_docstr.test_snippet_533,test_case_0,functional_correctness/generated_classes/GPT-o4/full_docstr/test_snippet_533.py,,xfail,xfailed,,6.679096259176731e-05
functional_correctness/generated_classes/GPT-o4/full_docstr/test_snippet_533.py::test_case_1,functional_correctness.generated_classes.GPT-o4.full_docstr.test_snippet_533,test_case_1,functional_correctness/generated_classes/GPT-o4/full_docstr/test_snippet_533.py,,xfail,xfailed,,6.720796227455139e-05
functional_correctness/generated_classes/GPT-o4/full_docstr/test_snippet_533.py::test_case_2,functional_correctness.generated_classes.GPT-o4.full_docstr.test_snippet_533,test_case_2,functional_correctness/generated_classes/GPT-o4/full_docstr/test_snippet_533.py,,xfail,xfailed,,5.5875047110021114e-05
functional_correctness/generated_classes/GPT-o4/full_docstr/test_snippet_533.py::test_case_3,functional_correctness.generated_classes.GPT-o4.full_docstr.test_snippet_533,test_case_3,functional_correctness/generated_classes/GPT-o4/full_docstr/test_snippet_533.py,,,passed,,4.912493750452995e-05
functional_correctness/generated_classes/GPT-o4/full_docstr/test_snippet_241.py::test_case_0,functional_correctness.generated_classes.GPT-o4.full_docstr.test_snippet_241,test_case_0,functional_correctness/generated_classes/GPT-o4/full_docstr/test_snippet_241.py,,xfail,xfailed,,6.912508979439735e-05
functional_correctness/generated_classes/GPT-o4/full_docstr/test_snippet_67.py::test_case_0,functional_correctness.generated_classes.GPT-o4.full_docstr.test_snippet_67,test_case_0,functional_correctness/generated_classes/GPT-o4/full_docstr/test_snippet_67.py,,xfail,xfailed,,6.854196544736624e-05
functional_correctness/generated_classes/GPT-o4/full_docstr/test_snippet_67.py::test_case_1,functional_correctness.generated_classes.GPT-o4.full_docstr.test_snippet_67,test_case_1,functional_correctness/generated_classes/GPT-o4/full_docstr/test_snippet_67.py,,xfail,xfailed,,6.287498399615288e-05
functional_correctness/generated_classes/GPT-o4/full_docstr/test_snippet_67.py::test_case_2,functional_correctness.generated_classes.GPT-o4.full_docstr.test_snippet_67,test_case_2,functional_correctness/generated_classes/GPT-o4/full_docstr/test_snippet_67.py,,xfail,xfailed,,5.691696424037218e-05
functional_correctness/generated_classes/GPT-o4/full_docstr/test_snippet_67.py::test_case_3,functional_correctness.generated_classes.GPT-o4.full_docstr.test_snippet_67,test_case_3,functional_correctness/generated_classes/GPT-o4/full_docstr/test_snippet_67.py,,xfail,xfailed,,5.15839783474803e-05
functional_correctness/generated_classes/GPT-o4/full_docstr/test_snippet_67.py::test_case_4,functional_correctness.generated_classes.GPT-o4.full_docstr.test_snippet_67,test_case_4,functional_correctness/generated_classes/GPT-o4/full_docstr/test_snippet_67.py,,xfail,xfailed,,4.791701212525368e-05
functional_correctness/generated_classes/GPT-o4/full_docstr/test_snippet_297.py::test_case_0,functional_correctness.generated_classes.GPT-o4.full_docstr.test_snippet_297,test_case_0,functional_correctness/generated_classes/GPT-o4/full_docstr/test_snippet_297.py,,xfail,failed,[XPASS(strict)] ,5.708308890461922e-05
functional_correctness/generated_classes/GPT-o4/full_docstr/test_snippet_99.py::test_case_0,functional_correctness.generated_classes.GPT-o4.full_docstr.test_snippet_99,test_case_0,functional_correctness/generated_classes/GPT-o4/full_docstr/test_snippet_99.py,,,failed,AttributeError: '_Run' object has no attribute 'index_map',7.14579364284873e-05
functional_correctness/generated_classes/GPT-o4/full_docstr/test_snippet_99.py::test_case_1,functional_correctness.generated_classes.GPT-o4.full_docstr.test_snippet_99,test_case_1,functional_correctness/generated_classes/GPT-o4/full_docstr/test_snippet_99.py,,xfail,xfailed,,6.566697265952826e-05
functional_correctness/generated_classes/GPT-o4/full_docstr/test_snippet_99.py::test_case_2,functional_correctness.generated_classes.GPT-o4.full_docstr.test_snippet_99,test_case_2,functional_correctness/generated_classes/GPT-o4/full_docstr/test_snippet_99.py,,xfail,xfailed,,5.862500984221697e-05
functional_correctness/generated_classes/GPT-o4/full_docstr/test_snippet_526.py::test_case_0,functional_correctness.generated_classes.GPT-o4.full_docstr.test_snippet_526,test_case_0,functional_correctness/generated_classes/GPT-o4/full_docstr/test_snippet_526.py,,xfail,xfailed,,6.808305624872446e-05
functional_correctness/generated_classes/GPT-o4/full_docstr/test_snippet_526.py::test_case_1,functional_correctness.generated_classes.GPT-o4.full_docstr.test_snippet_526,test_case_1,functional_correctness/generated_classes/GPT-o4/full_docstr/test_snippet_526.py,,xfail,failed,[XPASS(strict)] ,5.662499461323023e-05
functional_correctness/generated_classes/GPT-o4/full_docstr/test_snippet_718.py::test_case_0,functional_correctness.generated_classes.GPT-o4.full_docstr.test_snippet_718,test_case_0,functional_correctness/generated_classes/GPT-o4/full_docstr/test_snippet_718.py,,xfail,xfailed,,7.200008258223534e-05
functional_correctness/generated_classes/GPT-o4/full_docstr/test_snippet_718.py::test_case_1,functional_correctness.generated_classes.GPT-o4.full_docstr.test_snippet_718,test_case_1,functional_correctness/generated_classes/GPT-o4/full_docstr/test_snippet_718.py,,xfail,xfailed,,6.495800334960222e-05
functional_correctness/generated_classes/GPT-o4/full_docstr/test_snippet_718.py::test_case_2,functional_correctness.generated_classes.GPT-o4.full_docstr.test_snippet_718,test_case_2,functional_correctness/generated_classes/GPT-o4/full_docstr/test_snippet_718.py,,xfail,xfailed,,6.420793943107128e-05
functional_correctness/generated_classes/GPT-o4/full_docstr/test_snippet_491.py::test_case_0,functional_correctness.generated_classes.GPT-o4.full_docstr.test_snippet_491,test_case_0,functional_correctness/generated_classes/GPT-o4/full_docstr/test_snippet_491.py,,,failed,AttributeError: type object 'WebScraping' has no attribute 'readable_web_pdf',8.954096119850874e-05
functional_correctness/generated_classes/GPT-o4/full_docstr/test_snippet_491.py::test_case_1,functional_correctness.generated_classes.GPT-o4.full_docstr.test_snippet_491,test_case_1,functional_correctness/generated_classes/GPT-o4/full_docstr/test_snippet_491.py,,xfail,xfailed,,7.941701915115118e-05
functional_correctness/generated_classes/GPT-o4/full_docstr/test_snippet_491.py::test_case_2,functional_correctness.generated_classes.GPT-o4.full_docstr.test_snippet_491,test_case_2,functional_correctness/generated_classes/GPT-o4/full_docstr/test_snippet_491.py,,,failed,AttributeError: type object 'WebScraping' has no attribute 'readable_web_pdf',6.220804061740637e-05
functional_correctness/generated_classes/GPT-o4/full_docstr/test_snippet_336.py::test_case_0,functional_correctness.generated_classes.GPT-o4.full_docstr.test_snippet_336,test_case_0,functional_correctness/generated_classes/GPT-o4/full_docstr/test_snippet_336.py,,xfail,xfailed,,7.208297029137611e-05
functional_correctness/generated_classes/GPT-o4/full_docstr/test_snippet_336.py::test_case_1,functional_correctness.generated_classes.GPT-o4.full_docstr.test_snippet_336,test_case_1,functional_correctness/generated_classes/GPT-o4/full_docstr/test_snippet_336.py,,xfail,xfailed,,6.679189391434193e-05
functional_correctness/generated_classes/GPT-o4/full_docstr/test_snippet_336.py::test_case_2,functional_correctness.generated_classes.GPT-o4.full_docstr.test_snippet_336,test_case_2,functional_correctness/generated_classes/GPT-o4/full_docstr/test_snippet_336.py,,xfail,xfailed,,5.583302117884159e-05
functional_correctness/generated_classes/GPT-o4/full_docstr/test_snippet_336.py::test_case_3,functional_correctness.generated_classes.GPT-o4.full_docstr.test_snippet_336,test_case_3,functional_correctness/generated_classes/GPT-o4/full_docstr/test_snippet_336.py,,xfail,xfailed,,5.454197525978088e-05
functional_correctness/generated_classes/GPT-o4/full_docstr/test_snippet_336.py::test_case_4,functional_correctness.generated_classes.GPT-o4.full_docstr.test_snippet_336,test_case_4,functional_correctness/generated_classes/GPT-o4/full_docstr/test_snippet_336.py,,xfail,xfailed,,5.5625103414058685e-05
functional_correctness/generated_classes/GPT-o4/full_docstr/test_snippet_336.py::test_case_5,functional_correctness.generated_classes.GPT-o4.full_docstr.test_snippet_336,test_case_5,functional_correctness/generated_classes/GPT-o4/full_docstr/test_snippet_336.py,,xfail,xfailed,,5.766702815890312e-05
functional_correctness/generated_classes/GPT-o4/full_docstr/test_snippet_336.py::test_case_6,functional_correctness.generated_classes.GPT-o4.full_docstr.test_snippet_336,test_case_6,functional_correctness/generated_classes/GPT-o4/full_docstr/test_snippet_336.py,,xfail,xfailed,,5.987496115267277e-05
functional_correctness/generated_classes/GPT-o4/full_docstr/test_snippet_336.py::test_case_7,functional_correctness.generated_classes.GPT-o4.full_docstr.test_snippet_336,test_case_7,functional_correctness/generated_classes/GPT-o4/full_docstr/test_snippet_336.py,,xfail,xfailed,,5.608296487480402e-05
functional_correctness/generated_classes/GPT-o4/full_docstr/test_snippet_450.py::test_case_0,functional_correctness.generated_classes.GPT-o4.full_docstr.test_snippet_450,test_case_0,functional_correctness/generated_classes/GPT-o4/full_docstr/test_snippet_450.py,,xfail,xfailed,,0.0001041669165715
functional_correctness/generated_classes/GPT-o4/full_docstr/test_snippet_450.py::test_case_1,functional_correctness.generated_classes.GPT-o4.full_docstr.test_snippet_450,test_case_1,functional_correctness/generated_classes/GPT-o4/full_docstr/test_snippet_450.py,,,failed,assert False is True,9.845895692706108e-05
functional_correctness/generated_classes/GPT-o4/full_docstr/test_snippet_450.py::test_case_2,functional_correctness.generated_classes.GPT-o4.full_docstr.test_snippet_450,test_case_2,functional_correctness/generated_classes/GPT-o4/full_docstr/test_snippet_450.py,,xfail,failed,[XPASS(strict)] ,4.949991125613451e-05
functional_correctness/generated_classes/GPT-o4/full_docstr/test_snippet_450.py::test_case_3,functional_correctness.generated_classes.GPT-o4.full_docstr.test_snippet_450,test_case_3,functional_correctness/generated_classes/GPT-o4/full_docstr/test_snippet_450.py,,,failed,assert False is True,7.362500764429569e-05
functional_correctness/generated_classes/GPT-o4/full_docstr/test_snippet_450.py::test_case_4,functional_correctness.generated_classes.GPT-o4.full_docstr.test_snippet_450,test_case_4,functional_correctness/generated_classes/GPT-o4/full_docstr/test_snippet_450.py,,,passed,,5.354208406060934e-05
functional_correctness/generated_classes/GPT-o4/full_docstr/test_snippet_450.py::test_case_5,functional_correctness.generated_classes.GPT-o4.full_docstr.test_snippet_450,test_case_5,functional_correctness/generated_classes/GPT-o4/full_docstr/test_snippet_450.py,,,failed,Failed: DID NOT RAISE <class 'ValueError'>,6.120908074080944e-05
functional_correctness/generated_classes/GPT-o4/full_docstr/test_snippet_450.py::test_case_6,functional_correctness.generated_classes.GPT-o4.full_docstr.test_snippet_450,test_case_6,functional_correctness/generated_classes/GPT-o4/full_docstr/test_snippet_450.py,,,failed,Failed: DID NOT RAISE <class 'ValueError'>,5.8999983593821526e-05
functional_correctness/generated_classes/GPT-o4/full_docstr/test_snippet_450.py::test_case_7,functional_correctness.generated_classes.GPT-o4.full_docstr.test_snippet_450,test_case_7,functional_correctness/generated_classes/GPT-o4/full_docstr/test_snippet_450.py,,,failed,Failed: DID NOT RAISE <class 'ValueError'>,6.741692777723074e-05
functional_correctness/generated_classes/GPT-o4/full_docstr/test_snippet_450.py::test_case_8,functional_correctness.generated_classes.GPT-o4.full_docstr.test_snippet_450,test_case_8,functional_correctness/generated_classes/GPT-o4/full_docstr/test_snippet_450.py,,xfail,failed,[XPASS(strict)] ,4.895799793303013e-05
functional_correctness/generated_classes/GPT-o4/full_docstr/test_snippet_450.py::test_case_9,functional_correctness.generated_classes.GPT-o4.full_docstr.test_snippet_450,test_case_9,functional_correctness/generated_classes/GPT-o4/full_docstr/test_snippet_450.py,,,failed,Failed: DID NOT RAISE <class 'ValueError'>,5.595805123448372e-05
functional_correctness/generated_classes/GPT-o4/full_docstr/test_snippet_322.py::test_case_0,functional_correctness.generated_classes.GPT-o4.full_docstr.test_snippet_322,test_case_0,functional_correctness/generated_classes/GPT-o4/full_docstr/test_snippet_322.py,,xfail,xfailed,,6.862496957182884e-05
functional_correctness/generated_classes/GPT-o4/full_docstr/test_snippet_322.py::test_case_1,functional_correctness.generated_classes.GPT-o4.full_docstr.test_snippet_322,test_case_1,functional_correctness/generated_classes/GPT-o4/full_docstr/test_snippet_322.py,,xfail,xfailed,,6.675010081380606e-05
functional_correctness/generated_classes/GPT-o4/full_docstr/test_snippet_322.py::test_case_2,functional_correctness.generated_classes.GPT-o4.full_docstr.test_snippet_322,test_case_2,functional_correctness/generated_classes/GPT-o4/full_docstr/test_snippet_322.py,,,failed,AttributeError: 'NodeCommands' object has no attribute 'commands',9.650003630667924e-05
functional_correctness/generated_classes/GPT-o4/full_docstr/test_snippet_322.py::test_case_3,functional_correctness.generated_classes.GPT-o4.full_docstr.test_snippet_322,test_case_3,functional_correctness/generated_classes/GPT-o4/full_docstr/test_snippet_322.py,,xfail,xfailed,,5.679193418473005e-05
functional_correctness/generated_classes/GPT-o4/full_docstr/test_snippet_322.py::test_case_4,functional_correctness.generated_classes.GPT-o4.full_docstr.test_snippet_322,test_case_4,functional_correctness/generated_classes/GPT-o4/full_docstr/test_snippet_322.py,,,failed,AttributeError: 'NodeCommands' object has no attribute 'commands',5.970802158117294e-05
functional_correctness/generated_classes/GPT-o4/full_docstr/test_snippet_322.py::test_case_5,functional_correctness.generated_classes.GPT-o4.full_docstr.test_snippet_322,test_case_5,functional_correctness/generated_classes/GPT-o4/full_docstr/test_snippet_322.py,,,failed,AttributeError: 'NodeCommands' object has no attribute 'commands',5.470798350870609e-05
functional_correctness/generated_classes/GPT-o4/full_docstr/test_snippet_322.py::test_case_6,functional_correctness.generated_classes.GPT-o4.full_docstr.test_snippet_322,test_case_6,functional_correctness/generated_classes/GPT-o4/full_docstr/test_snippet_322.py,,xfail,xfailed,,4.979199729859829e-05
functional_correctness/generated_classes/GPT-o4/full_docstr/test_snippet_242.py::test_case_0,functional_correctness.generated_classes.GPT-o4.full_docstr.test_snippet_242,test_case_0,functional_correctness/generated_classes/GPT-o4/full_docstr/test_snippet_242.py,,,failed,"assert 'nl_msgtype(m...ame=-3644.26)' == ""<snippet_242...e='-3644.26'>""
  
  - <snippet_242.nl_msgtype mt_id=-3644.26 mt_act=-3644.26 mt_name='-3644.26'>
  ? -------------          ^                                       -        ^^
  + nl_msgtype(mt_id=-3644.26, mt_act=-3644.26, mt_name=-3644.26)
  ?           ^              +                +                 ^",0.0002904169959947
functional_correctness/generated_classes/GPT-o4/full_docstr/test_snippet_70.py::test_case_0,functional_correctness.generated_classes.GPT-o4.full_docstr.test_snippet_70,test_case_0,functional_correctness/generated_classes/GPT-o4/full_docstr/test_snippet_70.py,,,failed,AttributeError: 'Writer' object has no attribute 'rules_section',7.475004531443119e-05
functional_correctness/generated_classes/GPT-o4/full_docstr/test_snippet_70.py::test_case_1,functional_correctness.generated_classes.GPT-o4.full_docstr.test_snippet_70,test_case_1,functional_correctness/generated_classes/GPT-o4/full_docstr/test_snippet_70.py,,xfail,xfailed,,6.683403626084328e-05
functional_correctness/generated_classes/GPT-o4/full_docstr/test_snippet_70.py::test_case_2,functional_correctness.generated_classes.GPT-o4.full_docstr.test_snippet_70,test_case_2,functional_correctness/generated_classes/GPT-o4/full_docstr/test_snippet_70.py,,xfail,xfailed,,5.8750039897859097e-05
functional_correctness/generated_classes/GPT-o4/full_docstr/test_snippet_295.py::test_case_0,functional_correctness.generated_classes.GPT-o4.full_docstr.test_snippet_295,test_case_0,functional_correctness/generated_classes/GPT-o4/full_docstr/test_snippet_295.py,,,passed,,0.0001235000090673
functional_correctness/generated_classes/GPT-o4/full_docstr/test_snippet_295.py::test_case_1,functional_correctness.generated_classes.GPT-o4.full_docstr.test_snippet_295,test_case_1,functional_correctness/generated_classes/GPT-o4/full_docstr/test_snippet_295.py,,xfail,xfailed,,0.0001679169945418
functional_correctness/generated_classes/GPT-o4/full_docstr/test_snippet_295.py::test_case_2,functional_correctness.generated_classes.GPT-o4.full_docstr.test_snippet_295,test_case_2,functional_correctness/generated_classes/GPT-o4/full_docstr/test_snippet_295.py,,xfail,xfailed,,6.60829246044159e-05
functional_correctness/generated_classes/GPT-o4/full_docstr/test_snippet_295.py::test_case_3,functional_correctness.generated_classes.GPT-o4.full_docstr.test_snippet_295,test_case_3,functional_correctness/generated_classes/GPT-o4/full_docstr/test_snippet_295.py,,xfail,xfailed,,5.80840278416872e-05
functional_correctness/generated_classes/GPT-o4/full_docstr/test_snippet_65.py::test_case_0,functional_correctness.generated_classes.GPT-o4.full_docstr.test_snippet_65,test_case_0,functional_correctness/generated_classes/GPT-o4/full_docstr/test_snippet_65.py,,xfail,xfailed,,8.566700853407383e-05
functional_correctness/generated_classes/GPT-o4/full_docstr/test_snippet_65.py::test_case_1,functional_correctness.generated_classes.GPT-o4.full_docstr.test_snippet_65,test_case_1,functional_correctness/generated_classes/GPT-o4/full_docstr/test_snippet_65.py,,xfail,xfailed,,6.75420742481947e-05
functional_correctness/generated_classes/GPT-o4/full_docstr/test_snippet_65.py::test_case_2,functional_correctness.generated_classes.GPT-o4.full_docstr.test_snippet_65,test_case_2,functional_correctness/generated_classes/GPT-o4/full_docstr/test_snippet_65.py,,xfail,xfailed,,5.949998740106821e-05
functional_correctness/generated_classes/GPT-o4/full_docstr/test_snippet_65.py::test_case_3,functional_correctness.generated_classes.GPT-o4.full_docstr.test_snippet_65,test_case_3,functional_correctness/generated_classes/GPT-o4/full_docstr/test_snippet_65.py,,xfail,xfailed,,5.216698627918959e-05
functional_correctness/generated_classes/GPT-o4/full_docstr/test_snippet_65.py::test_case_4,functional_correctness.generated_classes.GPT-o4.full_docstr.test_snippet_65,test_case_4,functional_correctness/generated_classes/GPT-o4/full_docstr/test_snippet_65.py,,xfail,xfailed,,5.425000563263893e-05
functional_correctness/generated_classes/GPT-o4/full_docstr/test_snippet_243.py::test_case_0,functional_correctness.generated_classes.GPT-o4.full_docstr.test_snippet_243,test_case_0,functional_correctness/generated_classes/GPT-o4/full_docstr/test_snippet_243.py,,,passed,,6.016704719513655e-05
functional_correctness/generated_classes/GPT-o4/full_docstr/test_snippet_243.py::test_case_1,functional_correctness.generated_classes.GPT-o4.full_docstr.test_snippet_243,test_case_1,functional_correctness/generated_classes/GPT-o4/full_docstr/test_snippet_243.py,,xfail,failed,[XPASS(strict)] ,5.908403545618057e-05
functional_correctness/generated_classes/GPT-o4/full_docstr/test_snippet_519.py::test_case_0,functional_correctness.generated_classes.GPT-o4.full_docstr.test_snippet_519,test_case_0,functional_correctness/generated_classes/GPT-o4/full_docstr/test_snippet_519.py,,xfail,xfailed,,7.004092913120985e-05
functional_correctness/generated_classes/GPT-o4/full_docstr/test_snippet_519.py::test_case_1,functional_correctness.generated_classes.GPT-o4.full_docstr.test_snippet_519,test_case_1,functional_correctness/generated_classes/GPT-o4/full_docstr/test_snippet_519.py,,,passed,,6.870890501886606e-05
functional_correctness/generated_classes/GPT-o4/full_docstr/test_snippet_519.py::test_case_2,functional_correctness.generated_classes.GPT-o4.full_docstr.test_snippet_519,test_case_2,functional_correctness/generated_classes/GPT-o4/full_docstr/test_snippet_519.py,,xfail,xfailed,,5.849997978657484e-05
functional_correctness/generated_classes/GPT-o4/full_docstr/test_snippet_690.py::test_case_0,functional_correctness.generated_classes.GPT-o4.full_docstr.test_snippet_690,test_case_0,functional_correctness/generated_classes/GPT-o4/full_docstr/test_snippet_690.py,,,passed,,6.1584054492414e-05
functional_correctness/generated_classes/GPT-o4/full_docstr/test_snippet_653.py::test_case_0,functional_correctness.generated_classes.GPT-o4.full_docstr.test_snippet_653,test_case_0,functional_correctness/generated_classes/GPT-o4/full_docstr/test_snippet_653.py,,xfail,xfailed,,6.550003308802843e-05
functional_correctness/generated_classes/GPT-o4/full_docstr/test_snippet_653.py::test_case_1,functional_correctness.generated_classes.GPT-o4.full_docstr.test_snippet_653,test_case_1,functional_correctness/generated_classes/GPT-o4/full_docstr/test_snippet_653.py,,,failed,TypeError: fitness_function must be callable,6.629095878452063e-05
functional_correctness/generated_classes/GPT-o4/full_docstr/test_snippet_109.py::test_case_0,functional_correctness.generated_classes.GPT-o4.full_docstr.test_snippet_109,test_case_0,functional_correctness/generated_classes/GPT-o4/full_docstr/test_snippet_109.py,,xfail,failed,[XPASS(strict)] ,5.520903505384922e-05
functional_correctness/generated_classes/GPT-o4/full_docstr/test_snippet_492.py::test_case_0,functional_correctness.generated_classes.GPT-o4.full_docstr.test_snippet_492,test_case_0,functional_correctness/generated_classes/GPT-o4/full_docstr/test_snippet_492.py,,,failed,Failed: DID NOT RAISE <class 'TypeError'>,7.704109884798527e-05
functional_correctness/generated_classes/GPT-o4/full_docstr/test_snippet_492.py::test_case_1,functional_correctness.generated_classes.GPT-o4.full_docstr.test_snippet_492,test_case_1,functional_correctness/generated_classes/GPT-o4/full_docstr/test_snippet_492.py,,,passed,,5.920801777392626e-05
functional_correctness/generated_classes/GPT-o4/full_docstr/test_snippet_492.py::test_case_2,functional_correctness.generated_classes.GPT-o4.full_docstr.test_snippet_492,test_case_2,functional_correctness/generated_classes/GPT-o4/full_docstr/test_snippet_492.py,,,failed,NameError: name 'math' is not defined,6.337498780339956e-05
functional_correctness/generated_classes/GPT-o4/full_docstr/test_snippet_492.py::test_case_3,functional_correctness.generated_classes.GPT-o4.full_docstr.test_snippet_492,test_case_3,functional_correctness/generated_classes/GPT-o4/full_docstr/test_snippet_492.py,,xfail,xfailed,,6.195798050612211e-05
functional_correctness/generated_classes/GPT-o4/full_docstr/test_snippet_492.py::test_case_4,functional_correctness.generated_classes.GPT-o4.full_docstr.test_snippet_492,test_case_4,functional_correctness/generated_classes/GPT-o4/full_docstr/test_snippet_492.py,,,failed,NameError: name 'math' is not defined,5.904200952500105e-05
functional_correctness/generated_classes/GPT-o4/full_docstr/test_snippet_492.py::test_case_5,functional_correctness.generated_classes.GPT-o4.full_docstr.test_snippet_492,test_case_5,functional_correctness/generated_classes/GPT-o4/full_docstr/test_snippet_492.py,,xfail,xfailed,,0.0001721249427646
functional_correctness/generated_classes/GPT-o4/full_docstr/test_snippet_492.py::test_case_6,functional_correctness.generated_classes.GPT-o4.full_docstr.test_snippet_492,test_case_6,functional_correctness/generated_classes/GPT-o4/full_docstr/test_snippet_492.py,,,failed,NameError: name 'math' is not defined,5.749997217208147e-05
functional_correctness/generated_classes/GPT-o4/full_docstr/test_snippet_492.py::test_case_7,functional_correctness.generated_classes.GPT-o4.full_docstr.test_snippet_492,test_case_7,functional_correctness/generated_classes/GPT-o4/full_docstr/test_snippet_492.py,,,failed,"assert 0.08333333333333333 == 0.75  1.0e-02
  
  comparison failed
  Obtained: 0.08333333333333333
  Expected: 0.75  1.0e-02",0.0001212090719491
functional_correctness/generated_classes/GPT-o4/full_docstr/test_snippet_492.py::test_case_8,functional_correctness.generated_classes.GPT-o4.full_docstr.test_snippet_492,test_case_8,functional_correctness/generated_classes/GPT-o4/full_docstr/test_snippet_492.py,,,failed,NameError: name 'math' is not defined,5.179201252758503e-05
functional_correctness/generated_classes/GPT-o4/full_docstr/test_snippet_492.py::test_case_9,functional_correctness.generated_classes.GPT-o4.full_docstr.test_snippet_492,test_case_9,functional_correctness/generated_classes/GPT-o4/full_docstr/test_snippet_492.py,,,failed,Failed: DID NOT RAISE <class 'ValueError'>,5.916703958064318e-05
functional_correctness/generated_classes/GPT-o4/full_docstr/test_snippet_492.py::test_case_10,functional_correctness.generated_classes.GPT-o4.full_docstr.test_snippet_492,test_case_10,functional_correctness/generated_classes/GPT-o4/full_docstr/test_snippet_492.py,,,failed,Failed: DID NOT RAISE <class 'ValueError'>,6.154202856123447e-05
functional_correctness/generated_classes/GPT-o4/full_docstr/test_snippet_492.py::test_case_11,functional_correctness.generated_classes.GPT-o4.full_docstr.test_snippet_492,test_case_11,functional_correctness/generated_classes/GPT-o4/full_docstr/test_snippet_492.py,,,failed,Failed: DID NOT RAISE <class 'ValueError'>,5.654105916619301e-05
functional_correctness/generated_classes/GPT-o4/full_docstr/test_snippet_492.py::test_case_12,functional_correctness.generated_classes.GPT-o4.full_docstr.test_snippet_492,test_case_12,functional_correctness/generated_classes/GPT-o4/full_docstr/test_snippet_492.py,,,failed,NameError: name 'math' is not defined,5.237502045929432e-05
functional_correctness/generated_classes/GPT-o4/full_docstr/test_snippet_492.py::test_case_13,functional_correctness.generated_classes.GPT-o4.full_docstr.test_snippet_492,test_case_13,functional_correctness/generated_classes/GPT-o4/full_docstr/test_snippet_492.py,,,failed,NameError: name 'math' is not defined,5.195906851440668e-05
functional_correctness/generated_classes/GPT-o4/full_docstr/test_snippet_445.py::test_case_0,functional_correctness.generated_classes.GPT-o4.full_docstr.test_snippet_445,test_case_0,functional_correctness/generated_classes/GPT-o4/full_docstr/test_snippet_445.py,,,failed,TypeError: 'bool' object is not iterable,0.0001415419392287
functional_correctness/generated_classes/GPT-o4/full_docstr/test_snippet_445.py::test_case_1,functional_correctness.generated_classes.GPT-o4.full_docstr.test_snippet_445,test_case_1,functional_correctness/generated_classes/GPT-o4/full_docstr/test_snippet_445.py,,,failed,AttributeError: 'ArgumentGroup' object has no attribute 'arguments',7.033394649624825e-05
functional_correctness/generated_classes/GPT-o4/full_docstr/test_snippet_445.py::test_case_2,functional_correctness.generated_classes.GPT-o4.full_docstr.test_snippet_445,test_case_2,functional_correctness/generated_classes/GPT-o4/full_docstr/test_snippet_445.py,,xfail,xfailed,,0.0001282909652218
functional_correctness/generated_classes/GPT-o4/full_docstr/test_snippet_445.py::test_case_3,functional_correctness.generated_classes.GPT-o4.full_docstr.test_snippet_445,test_case_3,functional_correctness/generated_classes/GPT-o4/full_docstr/test_snippet_445.py,,xfail,xfailed,,5.145906470716e-05
functional_correctness/generated_classes/GPT-o4/full_docstr/test_snippet_451.py::test_case_0,functional_correctness.generated_classes.GPT-o4.full_docstr.test_snippet_451,test_case_0,functional_correctness/generated_classes/GPT-o4/full_docstr/test_snippet_451.py,,,failed,AttributeError: 'StreamRequestMixin' object has no attribute 'request',8.283404167741537e-05
functional_correctness/generated_classes/GPT-o4/full_docstr/test_snippet_451.py::test_case_1,functional_correctness.generated_classes.GPT-o4.full_docstr.test_snippet_451,test_case_1,functional_correctness/generated_classes/GPT-o4/full_docstr/test_snippet_451.py,,xfail,xfailed,,6.487499922513962e-05
functional_correctness/generated_classes/GPT-o4/full_docstr/test_snippet_451.py::test_case_2,functional_correctness.generated_classes.GPT-o4.full_docstr.test_snippet_451,test_case_2,functional_correctness/generated_classes/GPT-o4/full_docstr/test_snippet_451.py,,xfail,xfailed,,5.450006574392319e-05
functional_correctness/generated_classes/GPT-o4/full_docstr/test_snippet_312.py::test_case_0,functional_correctness.generated_classes.GPT-o4.full_docstr.test_snippet_312,test_case_0,functional_correctness/generated_classes/GPT-o4/full_docstr/test_snippet_312.py,,xfail,xfailed,,7.499998901039362e-05
functional_correctness/generated_classes/GPT-o4/full_docstr/test_snippet_312.py::test_case_1,functional_correctness.generated_classes.GPT-o4.full_docstr.test_snippet_312,test_case_1,functional_correctness/generated_classes/GPT-o4/full_docstr/test_snippet_312.py,,xfail,xfailed,,6.704195402562618e-05
functional_correctness/generated_classes/GPT-o4/full_docstr/test_snippet_312.py::test_case_2,functional_correctness.generated_classes.GPT-o4.full_docstr.test_snippet_312,test_case_2,functional_correctness/generated_classes/GPT-o4/full_docstr/test_snippet_312.py,,,passed,,5.704199429601431e-05
functional_correctness/generated_classes/GPT-o4/full_docstr/test_snippet_448.py::test_case_0,functional_correctness.generated_classes.GPT-o4.full_docstr.test_snippet_448,test_case_0,functional_correctness/generated_classes/GPT-o4/full_docstr/test_snippet_448.py,,,failed,"ValueError: Unsupported loss function 'FLf5""av935/sL;
q'. Valid options: {'cross_entropy', 'mse', 'softmax_cross_entropy'}",8.29590717330575e-05
functional_correctness/generated_classes/GPT-o4/full_docstr/test_snippet_104.py::test_case_0,functional_correctness.generated_classes.GPT-o4.full_docstr.test_snippet_104,test_case_0,functional_correctness/generated_classes/GPT-o4/full_docstr/test_snippet_104.py,,xfail,failed,[XPASS(strict)] ,5.75000885874033e-05
functional_correctness/generated_classes/GPT-o4/full_docstr/test_snippet_272.py::test_case_0,functional_correctness.generated_classes.GPT-o4.full_docstr.test_snippet_272,test_case_0,functional_correctness/generated_classes/GPT-o4/full_docstr/test_snippet_272.py,,,failed,AttributeError: 'Enum' object has no attribute 'val_map',7.191603071987629e-05
functional_correctness/generated_classes/GPT-o4/full_docstr/test_snippet_514.py::test_case_0,functional_correctness.generated_classes.GPT-o4.full_docstr.test_snippet_514,test_case_0,functional_correctness/generated_classes/GPT-o4/full_docstr/test_snippet_514.py,,xfail,xfailed,,7.083395030349493e-05
functional_correctness/generated_classes/GPT-o4/full_docstr/test_snippet_514.py::test_case_1,functional_correctness.generated_classes.GPT-o4.full_docstr.test_snippet_514,test_case_1,functional_correctness/generated_classes/GPT-o4/full_docstr/test_snippet_514.py,,,failed,"TypeError: a bytes-like object is required, not 'str'",7.595901843160391e-05
functional_correctness/generated_classes/GPT-o4/full_docstr/test_snippet_514.py::test_case_2,functional_correctness.generated_classes.GPT-o4.full_docstr.test_snippet_514,test_case_2,functional_correctness/generated_classes/GPT-o4/full_docstr/test_snippet_514.py,,xfail,xfailed,,5.462497938424349e-05
functional_correctness/generated_classes/GPT-o4/full_docstr/test_snippet_514.py::test_case_3,functional_correctness.generated_classes.GPT-o4.full_docstr.test_snippet_514,test_case_3,functional_correctness/generated_classes/GPT-o4/full_docstr/test_snippet_514.py,,xfail,xfailed,,5.9333047829568386e-05
functional_correctness/generated_classes/GPT-o4/full_docstr/test_snippet_514.py::test_case_4,functional_correctness.generated_classes.GPT-o4.full_docstr.test_snippet_514,test_case_4,functional_correctness/generated_classes/GPT-o4/full_docstr/test_snippet_514.py,,,passed,,6.204203236848116e-05
functional_correctness/generated_classes/GPT-o4/full_docstr/test_snippet_528.py::test_case_0,functional_correctness.generated_classes.GPT-o4.full_docstr.test_snippet_528,test_case_0,functional_correctness/generated_classes/GPT-o4/full_docstr/test_snippet_528.py,,,passed,,0.0001136669889092
functional_correctness/generated_classes/GPT-o4/full_docstr/test_snippet_528.py::test_case_1,functional_correctness.generated_classes.GPT-o4.full_docstr.test_snippet_528,test_case_1,functional_correctness/generated_classes/GPT-o4/full_docstr/test_snippet_528.py,,xfail,xfailed,,7.808301597833633e-05
functional_correctness/generated_classes/GPT-o4/full_docstr/test_snippet_41.py::test_case_0,functional_correctness.generated_classes.GPT-o4.full_docstr.test_snippet_41,test_case_0,functional_correctness/generated_classes/GPT-o4/full_docstr/test_snippet_41.py,,,passed,,6.241700612008572e-05
functional_correctness/generated_classes/GPT-o4/full_docstr/test_snippet_515.py::test_case_0,functional_correctness.generated_classes.GPT-o4.full_docstr.test_snippet_515,test_case_0,functional_correctness/generated_classes/GPT-o4/full_docstr/test_snippet_515.py,,xfail,xfailed,,0.0001336249988526
functional_correctness/generated_classes/GPT-o4/full_docstr/test_snippet_515.py::test_case_1,functional_correctness.generated_classes.GPT-o4.full_docstr.test_snippet_515,test_case_1,functional_correctness/generated_classes/GPT-o4/full_docstr/test_snippet_515.py,,xfail,xfailed,,6.504205521196127e-05
functional_correctness/generated_classes/GPT-o4/full_docstr/test_snippet_515.py::test_case_2,functional_correctness.generated_classes.GPT-o4.full_docstr.test_snippet_515,test_case_2,functional_correctness/generated_classes/GPT-o4/full_docstr/test_snippet_515.py,,,passed,,5.1999930292367935e-05
functional_correctness/generated_classes/GPT-o4/full_docstr/test_snippet_515.py::test_case_3,functional_correctness.generated_classes.GPT-o4.full_docstr.test_snippet_515,test_case_3,functional_correctness/generated_classes/GPT-o4/full_docstr/test_snippet_515.py,,xfail,xfailed,,5.058303941041231e-05
functional_correctness/generated_classes/GPT-o4/full_docstr/test_snippet_717.py::test_case_0,functional_correctness.generated_classes.GPT-o4.full_docstr.test_snippet_717,test_case_0,functional_correctness/generated_classes/GPT-o4/full_docstr/test_snippet_717.py,,,passed,,6.316707003861666e-05
functional_correctness/generated_classes/GPT-o4/full_docstr/test_snippet_717.py::test_case_1,functional_correctness.generated_classes.GPT-o4.full_docstr.test_snippet_717,test_case_1,functional_correctness/generated_classes/GPT-o4/full_docstr/test_snippet_717.py,,,passed,,0.0001247080508619
functional_correctness/generated_classes/GPT-o4/full_docstr/test_snippet_717.py::test_case_2,functional_correctness.generated_classes.GPT-o4.full_docstr.test_snippet_717,test_case_2,functional_correctness/generated_classes/GPT-o4/full_docstr/test_snippet_717.py,,xfail,xfailed,,6.174994632601738e-05
functional_correctness/generated_classes/GPT-o4/full_docstr/test_snippet_717.py::test_case_3,functional_correctness.generated_classes.GPT-o4.full_docstr.test_snippet_717,test_case_3,functional_correctness/generated_classes/GPT-o4/full_docstr/test_snippet_717.py,,xfail,xfailed,,5.6292046792805195e-05
functional_correctness/generated_classes/GPT-o4/full_docstr/test_snippet_703.py::test_case_0,functional_correctness.generated_classes.GPT-o4.full_docstr.test_snippet_703,test_case_0,functional_correctness/generated_classes/GPT-o4/full_docstr/test_snippet_703.py,,xfail,xfailed,,6.812496576458216e-05
functional_correctness/generated_classes/GPT-o4/full_docstr/test_snippet_703.py::test_case_1,functional_correctness.generated_classes.GPT-o4.full_docstr.test_snippet_703,test_case_1,functional_correctness/generated_classes/GPT-o4/full_docstr/test_snippet_703.py,,xfail,xfailed,,5.9292069636285305e-05
functional_correctness/generated_classes/GPT-o4/full_docstr/test_snippet_688.py::test_case_0,functional_correctness.generated_classes.GPT-o4.full_docstr.test_snippet_688,test_case_0,functional_correctness/generated_classes/GPT-o4/full_docstr/test_snippet_688.py,,xfail,xfailed,,0.0001410419354215
functional_correctness/generated_classes/GPT-o4/full_docstr/test_snippet_688.py::test_case_1,functional_correctness.generated_classes.GPT-o4.full_docstr.test_snippet_688,test_case_1,functional_correctness/generated_classes/GPT-o4/full_docstr/test_snippet_688.py,,,failed,"AssertionError: assert [] == b''
  
  Use -v to get more diff",0.0001160410465672
functional_correctness/generated_classes/GPT-o4/full_docstr/test_snippet_688.py::test_case_2,functional_correctness.generated_classes.GPT-o4.full_docstr.test_snippet_688,test_case_2,functional_correctness/generated_classes/GPT-o4/full_docstr/test_snippet_688.py,,xfail,xfailed,,0.0001044169766828
functional_correctness/generated_classes/GPT-o4/full_docstr/test_snippet_688.py::test_case_3,functional_correctness.generated_classes.GPT-o4.full_docstr.test_snippet_688,test_case_3,functional_correctness/generated_classes/GPT-o4/full_docstr/test_snippet_688.py,,,failed,TypeError: 'bool' object is not iterable,5.324999801814556e-05
functional_correctness/generated_classes/GPT-o4/full_docstr/test_snippet_688.py::test_case_4,functional_correctness.generated_classes.GPT-o4.full_docstr.test_snippet_688,test_case_4,functional_correctness/generated_classes/GPT-o4/full_docstr/test_snippet_688.py,,xfail,xfailed,,0.0001003330107778
functional_correctness/generated_classes/GPT-o4/full_docstr/test_snippet_105.py::test_case_0,functional_correctness.generated_classes.GPT-o4.full_docstr.test_snippet_105,test_case_0,functional_correctness/generated_classes/GPT-o4/full_docstr/test_snippet_105.py,,,passed,,7.400009781122208e-05
functional_correctness/generated_classes/GPT-o4/full_docstr/test_snippet_105.py::test_case_1,functional_correctness.generated_classes.GPT-o4.full_docstr.test_snippet_105,test_case_1,functional_correctness/generated_classes/GPT-o4/full_docstr/test_snippet_105.py,,xfail,xfailed,,0.000177500071004
functional_correctness/generated_classes/GPT-o4/full_docstr/test_snippet_449.py::test_case_0,functional_correctness.generated_classes.GPT-o4.full_docstr.test_snippet_449,test_case_0,functional_correctness/generated_classes/GPT-o4/full_docstr/test_snippet_449.py,,xfail,xfailed,,7.3583098128438e-05
functional_correctness/generated_classes/GPT-o4/full_docstr/test_snippet_307.py::test_case_0,functional_correctness.generated_classes.GPT-o4.full_docstr.test_snippet_307,test_case_0,functional_correctness/generated_classes/GPT-o4/full_docstr/test_snippet_307.py,,,passed,,6.241700612008572e-05
functional_correctness/generated_classes/GPT-o4/full_docstr/test_snippet_307.py::test_case_1,functional_correctness.generated_classes.GPT-o4.full_docstr.test_snippet_307,test_case_1,functional_correctness/generated_classes/GPT-o4/full_docstr/test_snippet_307.py,,xfail,xfailed,,6.025005131959915e-05
functional_correctness/generated_classes/GPT-o4/full_docstr/test_snippet_313.py::test_case_0,functional_correctness.generated_classes.GPT-o4.full_docstr.test_snippet_313,test_case_0,functional_correctness/generated_classes/GPT-o4/full_docstr/test_snippet_313.py,,xfail,xfailed,,6.795802619308233e-05
functional_correctness/generated_classes/GPT-o4/full_docstr/test_snippet_313.py::test_case_1,functional_correctness.generated_classes.GPT-o4.full_docstr.test_snippet_313,test_case_1,functional_correctness/generated_classes/GPT-o4/full_docstr/test_snippet_313.py,,,passed,,6.066600326448679e-05
functional_correctness/generated_classes/GPT-o4/full_docstr/test_snippet_313.py::test_case_2,functional_correctness.generated_classes.GPT-o4.full_docstr.test_snippet_313,test_case_2,functional_correctness/generated_classes/GPT-o4/full_docstr/test_snippet_313.py,,xfail,xfailed,,5.6040938943624496e-05
functional_correctness/generated_classes/GPT-o4/full_docstr/test_snippet_313.py::test_case_3,functional_correctness.generated_classes.GPT-o4.full_docstr.test_snippet_313,test_case_3,functional_correctness/generated_classes/GPT-o4/full_docstr/test_snippet_313.py,,xfail,xfailed,,0.0001872499706223
functional_correctness/generated_classes/GPT-o4/full_docstr/test_snippet_313.py::test_case_4,functional_correctness.generated_classes.GPT-o4.full_docstr.test_snippet_313,test_case_4,functional_correctness/generated_classes/GPT-o4/full_docstr/test_snippet_313.py,,xfail,xfailed,,5.679193418473005e-05
functional_correctness/generated_classes/GPT-o4/full_docstr/test_snippet_463.py::test_case_0,functional_correctness.generated_classes.GPT-o4.full_docstr.test_snippet_463,test_case_0,functional_correctness/generated_classes/GPT-o4/full_docstr/test_snippet_463.py,,,passed,,6.11250288784504e-05
functional_correctness/generated_classes/GPT-o4/full_docstr/test_snippet_339.py::test_case_0,functional_correctness.generated_classes.GPT-o4.full_docstr.test_snippet_339,test_case_0,functional_correctness/generated_classes/GPT-o4/full_docstr/test_snippet_339.py,,xfail,xfailed,,6.770889740437269e-05
functional_correctness/generated_classes/GPT-o4/full_docstr/test_snippet_339.py::test_case_1,functional_correctness.generated_classes.GPT-o4.full_docstr.test_snippet_339,test_case_1,functional_correctness/generated_classes/GPT-o4/full_docstr/test_snippet_339.py,,xfail,xfailed,,6.816699169576168e-05
functional_correctness/generated_classes/GPT-o4/full_docstr/test_snippet_661.py::test_case_0,functional_correctness.generated_classes.GPT-o4.full_docstr.test_snippet_661,test_case_0,functional_correctness/generated_classes/GPT-o4/full_docstr/test_snippet_661.py,,xfail,xfailed,,6.820796988904476e-05
functional_correctness/generated_classes/GPT-o4/full_docstr/test_snippet_503.py::test_case_0,functional_correctness.generated_classes.GPT-o4.full_docstr.test_snippet_503,test_case_0,functional_correctness/generated_classes/GPT-o4/full_docstr/test_snippet_503.py,,,passed,,6.000010762363672e-05
functional_correctness/generated_classes/GPT-o4/full_docstr/test_snippet_503.py::test_case_1,functional_correctness.generated_classes.GPT-o4.full_docstr.test_snippet_503,test_case_1,functional_correctness/generated_classes/GPT-o4/full_docstr/test_snippet_503.py,,xfail,xfailed,,5.837506614625454e-05
functional_correctness/generated_classes/GPT-o4/full_docstr/test_snippet_503.py::test_case_2,functional_correctness.generated_classes.GPT-o4.full_docstr.test_snippet_503,test_case_2,functional_correctness/generated_classes/GPT-o4/full_docstr/test_snippet_503.py,,xfail,xfailed,,6.162503268569708e-05
functional_correctness/generated_classes/GPT-o4/full_docstr/test_snippet_259.py::test_case_0,functional_correctness.generated_classes.GPT-o4.full_docstr.test_snippet_259,test_case_0,functional_correctness/generated_classes/GPT-o4/full_docstr/test_snippet_259.py,,xfail,failed,[XPASS(strict)] ,5.833397153764963e-05
functional_correctness/generated_classes/GPT-o4/full_docstr/test_snippet_56.py::test_case_0,functional_correctness.generated_classes.GPT-o4.full_docstr.test_snippet_56,test_case_0,functional_correctness/generated_classes/GPT-o4/full_docstr/test_snippet_56.py,,xfail,xfailed,,8.079106919467449e-05
functional_correctness/generated_classes/GPT-o4/full_docstr/test_snippet_81.py::test_case_0,functional_correctness.generated_classes.GPT-o4.full_docstr.test_snippet_81,test_case_0,functional_correctness/generated_classes/GPT-o4/full_docstr/test_snippet_81.py,,,failed,AttributeError: type object 'OmapiStartupMessage' has no attribute 'implemented_protocol_version',7.149996235966682e-05
functional_correctness/generated_classes/GPT-o4/full_docstr/test_snippet_81.py::test_case_1,functional_correctness.generated_classes.GPT-o4.full_docstr.test_snippet_81,test_case_1,functional_correctness/generated_classes/GPT-o4/full_docstr/test_snippet_81.py,,xfail,xfailed,,6.500002928078175e-05
functional_correctness/generated_classes/GPT-o4/full_docstr/test_snippet_81.py::test_case_2,functional_correctness.generated_classes.GPT-o4.full_docstr.test_snippet_81,test_case_2,functional_correctness/generated_classes/GPT-o4/full_docstr/test_snippet_81.py,,xfail,xfailed,,0.0001004169462248
functional_correctness/generated_classes/GPT-o4/full_docstr/test_snippet_81.py::test_case_3,functional_correctness.generated_classes.GPT-o4.full_docstr.test_snippet_81,test_case_3,functional_correctness/generated_classes/GPT-o4/full_docstr/test_snippet_81.py,,xfail,xfailed,,5.825003609061241e-05
functional_correctness/generated_classes/GPT-o4/full_docstr/test_snippet_81.py::test_case_4,functional_correctness.generated_classes.GPT-o4.full_docstr.test_snippet_81,test_case_4,functional_correctness/generated_classes/GPT-o4/full_docstr/test_snippet_81.py,,xfail,xfailed,,5.5875047110021114e-05
functional_correctness/generated_classes/GPT-o4/full_docstr/test_snippet_81.py::test_case_5,functional_correctness.generated_classes.GPT-o4.full_docstr.test_snippet_81,test_case_5,functional_correctness/generated_classes/GPT-o4/full_docstr/test_snippet_81.py,,xfail,xfailed,,6.137497257441282e-05
functional_correctness/generated_classes/GPT-o4/full_docstr/test_snippet_270.py::test_case_0,functional_correctness.generated_classes.GPT-o4.full_docstr.test_snippet_270,test_case_0,functional_correctness/generated_classes/GPT-o4/full_docstr/test_snippet_270.py,,,failed,AttributeError: '_Running' object has no attribute 'orig_ids',7.433397695422173e-05
functional_correctness/generated_classes/GPT-o4/full_docstr/test_snippet_270.py::test_case_1,functional_correctness.generated_classes.GPT-o4.full_docstr.test_snippet_270,test_case_1,functional_correctness/generated_classes/GPT-o4/full_docstr/test_snippet_270.py,,,failed,AttributeError: '_Running' object has no attribute 'orig_ids',7.558404467999935e-05
functional_correctness/generated_classes/GPT-o4/full_docstr/test_snippet_270.py::test_case_2,functional_correctness.generated_classes.GPT-o4.full_docstr.test_snippet_270,test_case_2,functional_correctness/generated_classes/GPT-o4/full_docstr/test_snippet_270.py,,,failed,ValueError: orig_ids must be a dict or an iterable,5.916703958064318e-05
functional_correctness/generated_classes/GPT-o4/full_docstr/test_snippet_270.py::test_case_3,functional_correctness.generated_classes.GPT-o4.full_docstr.test_snippet_270,test_case_3,functional_correctness/generated_classes/GPT-o4/full_docstr/test_snippet_270.py,,xfail,xfailed,,5.7208933867514133e-05
functional_correctness/generated_classes/GPT-o4/full_docstr/test_snippet_270.py::test_case_4,functional_correctness.generated_classes.GPT-o4.full_docstr.test_snippet_270,test_case_4,functional_correctness/generated_classes/GPT-o4/full_docstr/test_snippet_270.py,,xfail,xfailed,,5.991710349917412e-05
functional_correctness/generated_classes/GPT-o4/full_docstr/test_snippet_270.py::test_case_5,functional_correctness.generated_classes.GPT-o4.full_docstr.test_snippet_270,test_case_5,functional_correctness/generated_classes/GPT-o4/full_docstr/test_snippet_270.py,,,failed,ValueError: orig_ids must be a dict or an iterable,5.64580550417304e-05
functional_correctness/generated_classes/GPT-o4/full_docstr/test_snippet_270.py::test_case_6,functional_correctness.generated_classes.GPT-o4.full_docstr.test_snippet_270,test_case_6,functional_correctness/generated_classes/GPT-o4/full_docstr/test_snippet_270.py,,xfail,xfailed,,5.958403926342726e-05
functional_correctness/generated_classes/GPT-o4/full_docstr/test_snippet_304.py::test_case_0,functional_correctness.generated_classes.GPT-o4.full_docstr.test_snippet_304,test_case_0,functional_correctness/generated_classes/GPT-o4/full_docstr/test_snippet_304.py,,,failed,Failed: DID NOT RAISE <class 'RuntimeError'>,0.4623512920225039
functional_correctness/generated_classes/GPT-o4/full_docstr/test_snippet_499.py::test_case_0,functional_correctness.generated_classes.GPT-o4.full_docstr.test_snippet_499,test_case_0,functional_correctness/generated_classes/GPT-o4/full_docstr/test_snippet_499.py,,,passed,,6.154098082333803e-05
functional_correctness/generated_classes/GPT-o4/full_docstr/test_snippet_658.py::test_case_0,functional_correctness.generated_classes.GPT-o4.full_docstr.test_snippet_658,test_case_0,functional_correctness/generated_classes/GPT-o4/full_docstr/test_snippet_658.py,,xfail,xfailed,,0.0001303749158978
functional_correctness/generated_classes/GPT-o4/full_docstr/test_snippet_658.py::test_case_1,functional_correctness.generated_classes.GPT-o4.full_docstr.test_snippet_658,test_case_1,functional_correctness/generated_classes/GPT-o4/full_docstr/test_snippet_658.py,,xfail,xfailed,,6.52919989079237e-05
functional_correctness/generated_classes/GPT-o4/full_docstr/test_snippet_658.py::test_case_2,functional_correctness.generated_classes.GPT-o4.full_docstr.test_snippet_658,test_case_2,functional_correctness/generated_classes/GPT-o4/full_docstr/test_snippet_658.py,,,passed,,5.000003147870302e-05
functional_correctness/generated_classes/GPT-o4/full_docstr/test_snippet_658.py::test_case_3,functional_correctness.generated_classes.GPT-o4.full_docstr.test_snippet_658,test_case_3,functional_correctness/generated_classes/GPT-o4/full_docstr/test_snippet_658.py,,xfail,xfailed,,5.866703577339649e-05
functional_correctness/generated_classes/GPT-o4/full_docstr/test_snippet_116.py::test_case_0,functional_correctness.generated_classes.GPT-o4.full_docstr.test_snippet_116,test_case_0,functional_correctness/generated_classes/GPT-o4/full_docstr/test_snippet_116.py,,,failed,AttributeError: 'BaseResponseItem' object has no attribute 'dds_connection',8.020899258553982e-05
functional_correctness/generated_classes/GPT-o4/full_docstr/test_snippet_116.py::test_case_1,functional_correctness.generated_classes.GPT-o4.full_docstr.test_snippet_116,test_case_1,functional_correctness/generated_classes/GPT-o4/full_docstr/test_snippet_116.py,,xfail,xfailed,,6.241700612008572e-05
functional_correctness/generated_classes/GPT-o4/full_docstr/test_snippet_116.py::test_case_2,functional_correctness.generated_classes.GPT-o4.full_docstr.test_snippet_116,test_case_2,functional_correctness/generated_classes/GPT-o4/full_docstr/test_snippet_116.py,,xfail,failed,[XPASS(strict)] ,5.145894829183817e-05
functional_correctness/generated_classes/GPT-o4/full_docstr/test_snippet_274.py::test_case_0,functional_correctness.generated_classes.GPT-o4.full_docstr.test_snippet_274,test_case_0,functional_correctness/generated_classes/GPT-o4/full_docstr/test_snippet_274.py,,xfail,xfailed,,7.016700692474842e-05
functional_correctness/generated_classes/GPT-o4/full_docstr/test_snippet_506.py::test_case_0,functional_correctness.generated_classes.GPT-o4.full_docstr.test_snippet_506,test_case_0,functional_correctness/generated_classes/GPT-o4/full_docstr/test_snippet_506.py,,xfail,xfailed,,7.016700692474842e-05
functional_correctness/generated_classes/GPT-o4/full_docstr/test_snippet_46.py::test_case_0,functional_correctness.generated_classes.GPT-o4.full_docstr.test_snippet_46,test_case_0,functional_correctness/generated_classes/GPT-o4/full_docstr/test_snippet_46.py,,,passed,,0.0001032080035656
functional_correctness/generated_classes/GPT-o4/full_docstr/test_snippet_103.py::test_case_0,functional_correctness.generated_classes.GPT-o4.full_docstr.test_snippet_103,test_case_0,functional_correctness/generated_classes/GPT-o4/full_docstr/test_snippet_103.py,,,failed,"AssertionError: assert ' ()\nWebsite...olume (BTC): ' == 'Coin: [/] - '
  
  - Coin: [/] - 
  +  ()
  + Website: 
  + Price (BTC): 
  + Volume (BTC):",0.000177290989086
functional_correctness/generated_classes/GPT-o4/full_docstr/test_snippet_103.py::test_case_1,functional_correctness.generated_classes.GPT-o4.full_docstr.test_snippet_103,test_case_1,functional_correctness/generated_classes/GPT-o4/full_docstr/test_snippet_103.py,,,failed,"assert ""Coin(id='', ...olume_btc=())"" == 'Coin'
  
  - Coin
  + Coin(id='', name='', website='', price_btc='', volume_btc=())",0.0001385409850627
functional_correctness/generated_classes/GPT-o4/full_docstr/test_snippet_498.py::test_case_0,functional_correctness.generated_classes.GPT-o4.full_docstr.test_snippet_498,test_case_0,functional_correctness/generated_classes/GPT-o4/full_docstr/test_snippet_498.py,,xfail,failed,[XPASS(strict)] ,5.545793101191521e-05
functional_correctness/generated_classes/GPT-o4/full_docstr/test_snippet_315.py::test_case_0,functional_correctness.generated_classes.GPT-o4.full_docstr.test_snippet_315,test_case_0,functional_correctness/generated_classes/GPT-o4/full_docstr/test_snippet_315.py,,xfail,xfailed,,7.354200351983309e-05
functional_correctness/generated_classes/GPT-o4/full_docstr/test_snippet_713.py::test_case_0,functional_correctness.generated_classes.GPT-o4.full_docstr.test_snippet_713,test_case_0,functional_correctness/generated_classes/GPT-o4/full_docstr/test_snippet_713.py,,xfail,xfailed,,7.233303040266037e-05
functional_correctness/generated_classes/GPT-o4/full_docstr/test_snippet_713.py::test_case_1,functional_correctness.generated_classes.GPT-o4.full_docstr.test_snippet_713,test_case_1,functional_correctness/generated_classes/GPT-o4/full_docstr/test_snippet_713.py,,xfail,xfailed,,6.637501064687967e-05
functional_correctness/generated_classes/GPT-o4/full_docstr/test_snippet_713.py::test_case_2,functional_correctness.generated_classes.GPT-o4.full_docstr.test_snippet_713,test_case_2,functional_correctness/generated_classes/GPT-o4/full_docstr/test_snippet_713.py,,xfail,xfailed,,5.504104774445295e-05
functional_correctness/generated_classes/GPT-o4/full_docstr/test_snippet_713.py::test_case_3,functional_correctness.generated_classes.GPT-o4.full_docstr.test_snippet_713,test_case_3,functional_correctness/generated_classes/GPT-o4/full_docstr/test_snippet_713.py,,xfail,xfailed,,5.8124889619648457e-05
functional_correctness/generated_classes/GPT-o4/full_docstr/test_snippet_713.py::test_case_4,functional_correctness.generated_classes.GPT-o4.full_docstr.test_snippet_713,test_case_4,functional_correctness/generated_classes/GPT-o4/full_docstr/test_snippet_713.py,,xfail,xfailed,,5.7165976613759995e-05
functional_correctness/generated_classes/GPT-o4/full_docstr/test_snippet_505.py::test_case_0,functional_correctness.generated_classes.GPT-o4.full_docstr.test_snippet_505,test_case_0,functional_correctness/generated_classes/GPT-o4/full_docstr/test_snippet_505.py,,xfail,xfailed,,6.841705180704594e-05
functional_correctness/generated_classes/GPT-o4/full_docstr/test_snippet_45.py::test_case_0,functional_correctness.generated_classes.GPT-o4.full_docstr.test_snippet_45,test_case_0,functional_correctness/generated_classes/GPT-o4/full_docstr/test_snippet_45.py,,xfail,xfailed,,7.025001104921103e-05
functional_correctness/generated_classes/GPT-o4/full_docstr/test_snippet_288.py::test_case_0,functional_correctness.generated_classes.GPT-o4.full_docstr.test_snippet_288,test_case_0,functional_correctness/generated_classes/GPT-o4/full_docstr/test_snippet_288.py,,,passed,,6.00829953327775e-05
functional_correctness/generated_classes/GPT-o4/full_docstr/test_snippet_79.py::test_case_0,functional_correctness.generated_classes.GPT-o4.full_docstr.test_snippet_79,test_case_0,functional_correctness/generated_classes/GPT-o4/full_docstr/test_snippet_79.py,,xfail,xfailed,,6.874999962747097e-05
functional_correctness/generated_classes/GPT-o4/full_docstr/test_snippet_79.py::test_case_1,functional_correctness.generated_classes.GPT-o4.full_docstr.test_snippet_79,test_case_1,functional_correctness/generated_classes/GPT-o4/full_docstr/test_snippet_79.py,,xfail,xfailed,,6.433296948671341e-05
functional_correctness/generated_classes/GPT-o4/full_docstr/test_snippet_79.py::test_case_2,functional_correctness.generated_classes.GPT-o4.full_docstr.test_snippet_79,test_case_2,functional_correctness/generated_classes/GPT-o4/full_docstr/test_snippet_79.py,,xfail,xfailed,,6.304203998297453e-05
functional_correctness/generated_classes/GPT-o4/full_docstr/test_snippet_538.py::test_case_0,functional_correctness.generated_classes.GPT-o4.full_docstr.test_snippet_538,test_case_0,functional_correctness/generated_classes/GPT-o4/full_docstr/test_snippet_538.py,,,passed,,6.008404307067394e-05
functional_correctness/generated_classes/GPT-o4/full_docstr/test_snippet_538.py::test_case_1,functional_correctness.generated_classes.GPT-o4.full_docstr.test_snippet_538,test_case_1,functional_correctness/generated_classes/GPT-o4/full_docstr/test_snippet_538.py,,xfail,xfailed,,6.116705480962992e-05
functional_correctness/generated_classes/GPT-o4/full_docstr/test_snippet_706.py::test_case_0,functional_correctness.generated_classes.GPT-o4.full_docstr.test_snippet_706,test_case_0,functional_correctness/generated_classes/GPT-o4/full_docstr/test_snippet_706.py,,xfail,xfailed,,7.220904808491468e-05
functional_correctness/generated_classes/GPT-o4/full_docstr/test_snippet_706.py::test_case_1,functional_correctness.generated_classes.GPT-o4.full_docstr.test_snippet_706,test_case_1,functional_correctness/generated_classes/GPT-o4/full_docstr/test_snippet_706.py,,xfail,failed,[XPASS(strict)] ,5.3750001825392246e-05
functional_correctness/generated_classes/GPT-o4/full_docstr/test_snippet_706.py::test_case_2,functional_correctness.generated_classes.GPT-o4.full_docstr.test_snippet_706,test_case_2,functional_correctness/generated_classes/GPT-o4/full_docstr/test_snippet_706.py,,xfail,xfailed,,6.629107519984245e-05
functional_correctness/generated_classes/GPT-o4/full_docstr/test_snippet_706.py::test_case_3,functional_correctness.generated_classes.GPT-o4.full_docstr.test_snippet_706,test_case_3,functional_correctness/generated_classes/GPT-o4/full_docstr/test_snippet_706.py,,xfail,xfailed,,5.854095797985792e-05
functional_correctness/generated_classes/GPT-o4/full_docstr/test_snippet_706.py::test_case_4,functional_correctness.generated_classes.GPT-o4.full_docstr.test_snippet_706,test_case_4,functional_correctness/generated_classes/GPT-o4/full_docstr/test_snippet_706.py,,xfail,xfailed,,9.195797611027956e-05
functional_correctness/generated_classes/GPT-o4/full_docstr/test_snippet_666.py::test_case_0,functional_correctness.generated_classes.GPT-o4.full_docstr.test_snippet_666,test_case_0,functional_correctness/generated_classes/GPT-o4/full_docstr/test_snippet_666.py,,,failed,AttributeError: 'InstanceIterator' object has no attribute 'data',6.999995093792677e-05
functional_correctness/generated_classes/GPT-o4/full_docstr/test_snippet_666.py::test_case_1,functional_correctness.generated_classes.GPT-o4.full_docstr.test_snippet_666,test_case_1,functional_correctness/generated_classes/GPT-o4/full_docstr/test_snippet_666.py,,,failed,AttributeError: 'InstanceIterator' object has no attribute 'data',6.48329732939601e-05
functional_correctness/generated_classes/GPT-o4/full_docstr/test_snippet_672.py::test_case_0,functional_correctness.generated_classes.GPT-o4.full_docstr.test_snippet_672,test_case_0,functional_correctness/generated_classes/GPT-o4/full_docstr/test_snippet_672.py,,xfail,xfailed,,0.0001310419756919
functional_correctness/generated_classes/GPT-o4/full_docstr/test_snippet_672.py::test_case_1,functional_correctness.generated_classes.GPT-o4.full_docstr.test_snippet_672,test_case_1,functional_correctness/generated_classes/GPT-o4/full_docstr/test_snippet_672.py,,,failed,AttributeError: 'dict' object has no attribute 'rules',6.745802238583565e-05
functional_correctness/generated_classes/GPT-o4/full_docstr/test_snippet_672.py::test_case_2,functional_correctness.generated_classes.GPT-o4.full_docstr.test_snippet_672,test_case_2,functional_correctness/generated_classes/GPT-o4/full_docstr/test_snippet_672.py,,xfail,xfailed,,5.7333032600581646e-05
functional_correctness/generated_classes/GPT-o4/full_docstr/test_snippet_672.py::test_case_3,functional_correctness.generated_classes.GPT-o4.full_docstr.test_snippet_672,test_case_3,functional_correctness/generated_classes/GPT-o4/full_docstr/test_snippet_672.py,,,failed,AttributeError: 'set' object has no attribute 'rules',5.545897874981165e-05
functional_correctness/generated_classes/GPT-o4/full_docstr/test_snippet_128.py::test_case_0,functional_correctness.generated_classes.GPT-o4.full_docstr.test_snippet_128,test_case_0,functional_correctness/generated_classes/GPT-o4/full_docstr/test_snippet_128.py,,,passed,,5.633302498608827e-05
functional_correctness/generated_classes/GPT-o4/full_docstr/test_snippet_128.py::test_case_1,functional_correctness.generated_classes.GPT-o4.full_docstr.test_snippet_128,test_case_1,functional_correctness/generated_classes/GPT-o4/full_docstr/test_snippet_128.py,,,passed,,5.154102109372616e-05
functional_correctness/generated_classes/GPT-o4/full_docstr/test_snippet_470.py::test_case_0,functional_correctness.generated_classes.GPT-o4.full_docstr.test_snippet_470,test_case_0,functional_correctness/generated_classes/GPT-o4/full_docstr/test_snippet_470.py,,,failed,"assert [('&', '&amp;...'"", '&apos;')] == (('&', '&amp;...'"", '&apos;'))
  
  Use -v to get more diff",0.0001745829358696
functional_correctness/generated_classes/GPT-o4/full_docstr/test_snippet_470.py::test_case_1,functional_correctness.generated_classes.GPT-o4.full_docstr.test_snippet_470,test_case_1,functional_correctness/generated_classes/GPT-o4/full_docstr/test_snippet_470.py,,,failed,"assert [('&', '&amp;...'"", '&apos;')] == (('&', '&amp;...'"", '&apos;'))
  
  Use -v to get more diff",0.0001667919568717
functional_correctness/generated_classes/GPT-o4/full_docstr/test_snippet_470.py::test_case_2,functional_correctness.generated_classes.GPT-o4.full_docstr.test_snippet_470,test_case_2,functional_correctness/generated_classes/GPT-o4/full_docstr/test_snippet_470.py,,xfail,xfailed,,0.0001271249493584
functional_correctness/generated_classes/GPT-o4/full_docstr/test_snippet_470.py::test_case_3,functional_correctness.generated_classes.GPT-o4.full_docstr.test_snippet_470,test_case_3,functional_correctness/generated_classes/GPT-o4/full_docstr/test_snippet_470.py,,,failed,"assert [('&', '&amp;...'"", '&apos;')] == (('&', '&amp;...'"", '&apos;'))
  
  Use -v to get more diff",0.0001287910854443
functional_correctness/generated_classes/GPT-o4/full_docstr/test_snippet_470.py::test_case_4,functional_correctness.generated_classes.GPT-o4.full_docstr.test_snippet_470,test_case_4,functional_correctness/generated_classes/GPT-o4/full_docstr/test_snippet_470.py,,xfail,xfailed,,0.0001191669143736
functional_correctness/generated_classes/GPT-o4/full_docstr/test_snippet_470.py::test_case_5,functional_correctness.generated_classes.GPT-o4.full_docstr.test_snippet_470,test_case_5,functional_correctness/generated_classes/GPT-o4/full_docstr/test_snippet_470.py,,xfail,xfailed,,0.0001187080051749
functional_correctness/generated_classes/GPT-o4/full_docstr/test_snippet_238.py::test_case_0,functional_correctness.generated_classes.GPT-o4.full_docstr.test_snippet_238,test_case_0,functional_correctness/generated_classes/GPT-o4/full_docstr/test_snippet_238.py,,xfail,xfailed,,6.870797369629145e-05
functional_correctness/generated_classes/GPT-o4/full_docstr/test_snippet_238.py::test_case_1,functional_correctness.generated_classes.GPT-o4.full_docstr.test_snippet_238,test_case_1,functional_correctness/generated_classes/GPT-o4/full_docstr/test_snippet_238.py,,xfail,xfailed,,6.695801857858896e-05
functional_correctness/generated_classes/GPT-o4/full_docstr/test_snippet_238.py::test_case_2,functional_correctness.generated_classes.GPT-o4.full_docstr.test_snippet_238,test_case_2,functional_correctness/generated_classes/GPT-o4/full_docstr/test_snippet_238.py,,xfail,xfailed,,5.40419714525342e-05
functional_correctness/generated_classes/GPT-o4/full_docstr/test_snippet_199.py::test_case_0,functional_correctness.generated_classes.GPT-o4.full_docstr.test_snippet_199,test_case_0,functional_correctness/generated_classes/GPT-o4/full_docstr/test_snippet_199.py,,xfail,xfailed,,6.87920255586505e-05
functional_correctness/generated_classes/GPT-o4/full_docstr/test_snippet_199.py::test_case_1,functional_correctness.generated_classes.GPT-o4.full_docstr.test_snippet_199,test_case_1,functional_correctness/generated_classes/GPT-o4/full_docstr/test_snippet_199.py,,xfail,xfailed,,6.262504030019045e-05
functional_correctness/generated_classes/GPT-o4/full_docstr/test_snippet_199.py::test_case_2,functional_correctness.generated_classes.GPT-o4.full_docstr.test_snippet_199,test_case_2,functional_correctness/generated_classes/GPT-o4/full_docstr/test_snippet_199.py,,xfail,xfailed,,6.474996916949749e-05
functional_correctness/generated_classes/GPT-o4/full_docstr/test_snippet_600.py::test_case_0,functional_correctness.generated_classes.GPT-o4.full_docstr.test_snippet_600,test_case_0,functional_correctness/generated_classes/GPT-o4/full_docstr/test_snippet_600.py,,,failed,AttributeError: 'ProgressBarStream' object has no attribute 'stream',7.429206743836403e-05
functional_correctness/generated_classes/GPT-o4/full_docstr/test_snippet_600.py::test_case_1,functional_correctness.generated_classes.GPT-o4.full_docstr.test_snippet_600,test_case_1,functional_correctness/generated_classes/GPT-o4/full_docstr/test_snippet_600.py,,xfail,xfailed,,6.695801857858896e-05
functional_correctness/generated_classes/GPT-o4/full_docstr/test_snippet_600.py::test_case_2,functional_correctness.generated_classes.GPT-o4.full_docstr.test_snippet_600,test_case_2,functional_correctness/generated_classes/GPT-o4/full_docstr/test_snippet_600.py,,xfail,xfailed,,5.629099905490875e-05
functional_correctness/generated_classes/GPT-o4/full_docstr/test_snippet_9.py::test_case_0,functional_correctness.generated_classes.GPT-o4.full_docstr.test_snippet_9,test_case_0,functional_correctness/generated_classes/GPT-o4/full_docstr/test_snippet_9.py,,,passed,,9.233294986188412e-05
functional_correctness/generated_classes/GPT-o4/full_docstr/test_snippet_9.py::test_case_1,functional_correctness.generated_classes.GPT-o4.full_docstr.test_snippet_9,test_case_1,functional_correctness/generated_classes/GPT-o4/full_docstr/test_snippet_9.py,,,failed,TypeError: 'NoneType' object is not iterable,6.704102270305157e-05
functional_correctness/generated_classes/GPT-o4/full_docstr/test_snippet_9.py::test_case_2,functional_correctness.generated_classes.GPT-o4.full_docstr.test_snippet_9,test_case_2,functional_correctness/generated_classes/GPT-o4/full_docstr/test_snippet_9.py,,xfail,xfailed,,6.324995774775743e-05
functional_correctness/generated_classes/GPT-o4/full_docstr/test_snippet_370.py::test_case_0,functional_correctness.generated_classes.GPT-o4.full_docstr.test_snippet_370,test_case_0,functional_correctness/generated_classes/GPT-o4/full_docstr/test_snippet_370.py,,xfail,failed,[XPASS(strict)] ,5.520903505384922e-05
functional_correctness/generated_classes/GPT-o4/full_docstr/test_snippet_372.py::test_case_0,functional_correctness.generated_classes.GPT-o4.full_docstr.test_snippet_372,test_case_0,functional_correctness/generated_classes/GPT-o4/full_docstr/test_snippet_372.py,,xfail,xfailed,,6.816699169576168e-05
functional_correctness/generated_classes/GPT-o4/full_docstr/test_snippet_372.py::test_case_1,functional_correctness.generated_classes.GPT-o4.full_docstr.test_snippet_372,test_case_1,functional_correctness/generated_classes/GPT-o4/full_docstr/test_snippet_372.py,,xfail,xfailed,,6.387499161064625e-05
functional_correctness/generated_classes/GPT-o4/full_docstr/test_snippet_372.py::test_case_2,functional_correctness.generated_classes.GPT-o4.full_docstr.test_snippet_372,test_case_2,functional_correctness/generated_classes/GPT-o4/full_docstr/test_snippet_372.py,,,failed,AttributeError: 'ModelMonitoringFile' object has no attribute 'session',5.962501745671034e-05
functional_correctness/generated_classes/GPT-o4/full_docstr/test_snippet_428.py::test_case_0,functional_correctness.generated_classes.GPT-o4.full_docstr.test_snippet_428,test_case_0,functional_correctness/generated_classes/GPT-o4/full_docstr/test_snippet_428.py,,,passed,,6.545789074152708e-05
functional_correctness/generated_classes/GPT-o4/full_docstr/test_snippet_428.py::test_case_1,functional_correctness.generated_classes.GPT-o4.full_docstr.test_snippet_428,test_case_1,functional_correctness/generated_classes/GPT-o4/full_docstr/test_snippet_428.py,,xfail,failed,[XPASS(strict)] ,5.0083035603165627e-05
functional_correctness/generated_classes/GPT-o4/full_docstr/test_snippet_428.py::test_case_2,functional_correctness.generated_classes.GPT-o4.full_docstr.test_snippet_428,test_case_2,functional_correctness/generated_classes/GPT-o4/full_docstr/test_snippet_428.py,,xfail,xfailed,,0.0001309999497607
functional_correctness/generated_classes/GPT-o4/full_docstr/test_snippet_602.py::test_case_0,functional_correctness.generated_classes.GPT-o4.full_docstr.test_snippet_602,test_case_0,functional_correctness/generated_classes/GPT-o4/full_docstr/test_snippet_602.py,,xfail,xfailed,,8.704198990017176e-05
functional_correctness/generated_classes/GPT-o4/full_docstr/test_snippet_560.py::test_case_0,functional_correctness.generated_classes.GPT-o4.full_docstr.test_snippet_560,test_case_0,functional_correctness/generated_classes/GPT-o4/full_docstr/test_snippet_560.py,,xfail,xfailed,,6.870797369629145e-05
functional_correctness/generated_classes/GPT-o4/full_docstr/test_snippet_548.py::test_case_0,functional_correctness.generated_classes.GPT-o4.full_docstr.test_snippet_548,test_case_0,functional_correctness/generated_classes/GPT-o4/full_docstr/test_snippet_548.py,,xfail,failed,[XPASS(strict)] ,5.591695662587881e-05
functional_correctness/generated_classes/GPT-o4/full_docstr/test_snippet_20.py::test_case_0,functional_correctness.generated_classes.GPT-o4.full_docstr.test_snippet_20,test_case_0,functional_correctness/generated_classes/GPT-o4/full_docstr/test_snippet_20.py,,xfail,xfailed,,7.204106077551842e-05
functional_correctness/generated_classes/GPT-o4/full_docstr/test_snippet_20.py::test_case_1,functional_correctness.generated_classes.GPT-o4.full_docstr.test_snippet_20,test_case_1,functional_correctness/generated_classes/GPT-o4/full_docstr/test_snippet_20.py,,,failed,ValueError: params must be a dict when parsing is False,6.508303340524435e-05
functional_correctness/generated_classes/GPT-o4/full_docstr/test_snippet_20.py::test_case_2,functional_correctness.generated_classes.GPT-o4.full_docstr.test_snippet_20,test_case_2,functional_correctness/generated_classes/GPT-o4/full_docstr/test_snippet_20.py,,xfail,xfailed,,6.250001024454832e-05
functional_correctness/generated_classes/GPT-o4/full_docstr/test_snippet_21.py::test_case_0,functional_correctness.generated_classes.GPT-o4.full_docstr.test_snippet_21,test_case_0,functional_correctness/generated_classes/GPT-o4/full_docstr/test_snippet_21.py,,xfail,failed,[XPASS(strict)] ,5.645793862640858e-05
functional_correctness/generated_classes/GPT-o4/full_docstr/test_snippet_21.py::test_case_1,functional_correctness.generated_classes.GPT-o4.full_docstr.test_snippet_21,test_case_1,functional_correctness/generated_classes/GPT-o4/full_docstr/test_snippet_21.py,,xfail,failed,[XPASS(strict)] ,5.154102109372616e-05
functional_correctness/generated_classes/GPT-o4/full_docstr/test_snippet_561.py::test_case_0,functional_correctness.generated_classes.GPT-o4.full_docstr.test_snippet_561,test_case_0,functional_correctness/generated_classes/GPT-o4/full_docstr/test_snippet_561.py,,xfail,xfailed,,0.0001319580478593
functional_correctness/generated_classes/GPT-o4/full_docstr/test_snippet_561.py::test_case_1,functional_correctness.generated_classes.GPT-o4.full_docstr.test_snippet_561,test_case_1,functional_correctness/generated_classes/GPT-o4/full_docstr/test_snippet_561.py,,,failed,AttributeError: 'Auth' object has no attribute 'redirect_uri',6.904103793203831e-05
functional_correctness/generated_classes/GPT-o4/full_docstr/test_snippet_561.py::test_case_2,functional_correctness.generated_classes.GPT-o4.full_docstr.test_snippet_561,test_case_2,functional_correctness/generated_classes/GPT-o4/full_docstr/test_snippet_561.py,,xfail,xfailed,,5.591602530330419e-05
functional_correctness/generated_classes/GPT-o4/full_docstr/test_snippet_561.py::test_case_3,functional_correctness.generated_classes.GPT-o4.full_docstr.test_snippet_561,test_case_3,functional_correctness/generated_classes/GPT-o4/full_docstr/test_snippet_561.py,,,failed,AttributeError: 'Auth' object has no attribute 'redirect_uri',6.666593253612518e-05
functional_correctness/generated_classes/GPT-o4/full_docstr/test_snippet_171.py::test_case_0,functional_correctness.generated_classes.GPT-o4.full_docstr.test_snippet_171,test_case_0,functional_correctness/generated_classes/GPT-o4/full_docstr/test_snippet_171.py,,xfail,xfailed,,6.945908535271883e-05
functional_correctness/generated_classes/GPT-o4/full_docstr/test_snippet_171.py::test_case_1,functional_correctness.generated_classes.GPT-o4.full_docstr.test_snippet_171,test_case_1,functional_correctness/generated_classes/GPT-o4/full_docstr/test_snippet_171.py,,,failed,Failed: DID NOT RAISE <class 'TypeError'>,7.345795165747404e-05
functional_correctness/generated_classes/GPT-o4/full_docstr/test_snippet_171.py::test_case_2,functional_correctness.generated_classes.GPT-o4.full_docstr.test_snippet_171,test_case_2,functional_correctness/generated_classes/GPT-o4/full_docstr/test_snippet_171.py,,,passed,,8.766702376306057e-05
functional_correctness/generated_classes/GPT-o4/full_docstr/test_snippet_171.py::test_case_3,functional_correctness.generated_classes.GPT-o4.full_docstr.test_snippet_171,test_case_3,functional_correctness/generated_classes/GPT-o4/full_docstr/test_snippet_171.py,,xfail,xfailed,,5.358399357646704e-05
functional_correctness/generated_classes/GPT-o4/full_docstr/test_snippet_171.py::test_case_4,functional_correctness.generated_classes.GPT-o4.full_docstr.test_snippet_171,test_case_4,functional_correctness/generated_classes/GPT-o4/full_docstr/test_snippet_171.py,,xfail,xfailed,,5.675002466887235e-05
functional_correctness/generated_classes/GPT-o4/full_docstr/test_snippet_603.py::test_case_0,functional_correctness.generated_classes.GPT-o4.full_docstr.test_snippet_603,test_case_0,functional_correctness/generated_classes/GPT-o4/full_docstr/test_snippet_603.py,,xfail,failed,[XPASS(strict)] ,5.9750047512352467e-05
functional_correctness/generated_classes/GPT-o4/full_docstr/test_snippet_401.py::test_case_0,functional_correctness.generated_classes.GPT-o4.full_docstr.test_snippet_401,test_case_0,functional_correctness/generated_classes/GPT-o4/full_docstr/test_snippet_401.py,,,failed,AttributeError: '_LineageArtifactTracker' object has no attribute 'artifacts',7.366703357547522e-05
functional_correctness/generated_classes/GPT-o4/full_docstr/test_snippet_401.py::test_case_1,functional_correctness.generated_classes.GPT-o4.full_docstr.test_snippet_401,test_case_1,functional_correctness/generated_classes/GPT-o4/full_docstr/test_snippet_401.py,,xfail,xfailed,,6.129208486527205e-05
functional_correctness/generated_classes/GPT-o4/full_docstr/test_snippet_401.py::test_case_2,functional_correctness.generated_classes.GPT-o4.full_docstr.test_snippet_401,test_case_2,functional_correctness/generated_classes/GPT-o4/full_docstr/test_snippet_401.py,,xfail,xfailed,,5.7750032283365726e-05
functional_correctness/generated_classes/GPT-o4/full_docstr/test_snippet_203.py::test_case_0,functional_correctness.generated_classes.GPT-o4.full_docstr.test_snippet_203,test_case_0,functional_correctness/generated_classes/GPT-o4/full_docstr/test_snippet_203.py,,xfail,failed,[XPASS(strict)] ,5.708297248929739e-05
functional_correctness/generated_classes/GPT-o4/full_docstr/test_snippet_203.py::test_case_1,functional_correctness.generated_classes.GPT-o4.full_docstr.test_snippet_203,test_case_1,functional_correctness/generated_classes/GPT-o4/full_docstr/test_snippet_203.py,,,passed,,4.950002767145634e-05
functional_correctness/generated_classes/GPT-o4/full_docstr/test_snippet_203.py::test_case_2,functional_correctness.generated_classes.GPT-o4.full_docstr.test_snippet_203,test_case_2,functional_correctness/generated_classes/GPT-o4/full_docstr/test_snippet_203.py,,xfail,xfailed,,0.0001247499603778
functional_correctness/generated_classes/GPT-o4/full_docstr/test_snippet_25.py::test_case_0,functional_correctness.generated_classes.GPT-o4.full_docstr.test_snippet_25,test_case_0,functional_correctness/generated_classes/GPT-o4/full_docstr/test_snippet_25.py,,xfail,xfailed,,0.0001347090583294
functional_correctness/generated_classes/GPT-o4/full_docstr/test_snippet_25.py::test_case_1,functional_correctness.generated_classes.GPT-o4.full_docstr.test_snippet_25,test_case_1,functional_correctness/generated_classes/GPT-o4/full_docstr/test_snippet_25.py,,xfail,xfailed,,6.066600326448679e-05
functional_correctness/generated_classes/GPT-o4/full_docstr/test_snippet_25.py::test_case_2,functional_correctness.generated_classes.GPT-o4.full_docstr.test_snippet_25,test_case_2,functional_correctness/generated_classes/GPT-o4/full_docstr/test_snippet_25.py,,,failed,AttributeError: 'CommandDispatcher' object has no attribute 'commands',6.450002547353506e-05
functional_correctness/generated_classes/GPT-o4/full_docstr/test_snippet_25.py::test_case_3,functional_correctness.generated_classes.GPT-o4.full_docstr.test_snippet_25,test_case_3,functional_correctness/generated_classes/GPT-o4/full_docstr/test_snippet_25.py,,xfail,xfailed,,5.1999930292367935e-05
functional_correctness/generated_classes/GPT-o4/full_docstr/test_snippet_160.py::test_case_0,functional_correctness.generated_classes.GPT-o4.full_docstr.test_snippet_160,test_case_0,functional_correctness/generated_classes/GPT-o4/full_docstr/test_snippet_160.py,,xfail,xfailed,,6.65000407025218e-05
functional_correctness/generated_classes/GPT-o4/full_docstr/test_snippet_376.py::test_case_0,functional_correctness.generated_classes.GPT-o4.full_docstr.test_snippet_376,test_case_0,functional_correctness/generated_classes/GPT-o4/full_docstr/test_snippet_376.py,,,failed,"assert ""{\n    'sour...'Lhf=K%z2'\n}"" == ""\n\t{'source...: 'Lhf=K%z2'}""
  
  - 
  - 	{'source_arn': None, 'destination_arn': 'Lhf=K%z2', 'association_type': 'Lhf=K%z2'}
  + {
  +     'source_arn': 'None',
  +     'destination_arn': 'Lhf=K%z2',
  +     'association_type': 'Lhf=K%z2'
  + }",0.0001821249024942
functional_correctness/generated_classes/GPT-o4/full_docstr/test_snippet_376.py::test_case_1,functional_correctness.generated_classes.GPT-o4.full_docstr.test_snippet_376,test_case_1,functional_correctness/generated_classes/GPT-o4/full_docstr/test_snippet_376.py,,,passed,,6.3000014051795e-05
functional_correctness/generated_classes/GPT-o4/full_docstr/test_snippet_376.py::test_case_2,functional_correctness.generated_classes.GPT-o4.full_docstr.test_snippet_376,test_case_2,functional_correctness/generated_classes/GPT-o4/full_docstr/test_snippet_376.py,,,passed,,5.245802458375693e-05
functional_correctness/generated_classes/GPT-o4/full_docstr/test_snippet_376.py::test_case_3,functional_correctness.generated_classes.GPT-o4.full_docstr.test_snippet_376,test_case_3,functional_correctness/generated_classes/GPT-o4/full_docstr/test_snippet_376.py,,,failed,assert -8530800621343819134 == -7443120729902446468,0.0001004170626401
functional_correctness/generated_classes/GPT-o4/full_docstr/test_snippet_376.py::test_case_4,functional_correctness.generated_classes.GPT-o4.full_docstr.test_snippet_376,test_case_4,functional_correctness/generated_classes/GPT-o4/full_docstr/test_snippet_376.py,,,failed,"assert ""{\n    'sour..._Zp<:O^fA'\n}"" == ""{'source_arn...F]_Zp<:O^fA'}""
  
  - {'source_arn': 1775, 'destination_arn': '', 'association_type': '$F]_Zp<:O^fA'}
  + {
  +     'source_arn': '1775',
  +     'destination_arn': '',
  +     'association_type': '$F]_Zp<:O^fA'
  + }",0.0001332499086856
functional_correctness/generated_classes/GPT-o4/full_docstr/test_snippet_376.py::test_case_5,functional_correctness.generated_classes.GPT-o4.full_docstr.test_snippet_376,test_case_5,functional_correctness/generated_classes/GPT-o4/full_docstr/test_snippet_376.py,,,passed,,5.891697946935892e-05
functional_correctness/generated_classes/GPT-o4/full_docstr/test_snippet_376.py::test_case_6,functional_correctness.generated_classes.GPT-o4.full_docstr.test_snippet_376,test_case_6,functional_correctness/generated_classes/GPT-o4/full_docstr/test_snippet_376.py,,,failed,"assert ""{\n    'sour...e': 'None'\n}"" == ""\n\t{'source..._type': None}""
  
  - 
  - 	{'source_arn': None, 'destination_arn': None, 'association_type': None}
  + {
  +     'source_arn': 'None',
  +     'destination_arn': 'None',
  +     'association_type': 'None'
  + }",0.0001351669197902
functional_correctness/generated_classes/GPT-o4/full_docstr/test_snippet_406.py::test_case_0,functional_correctness.generated_classes.GPT-o4.full_docstr.test_snippet_406,test_case_0,functional_correctness/generated_classes/GPT-o4/full_docstr/test_snippet_406.py,,xfail,failed,[XPASS(strict)] ,7.079192437231541e-05
functional_correctness/generated_classes/GPT-o4/full_docstr/test_snippet_604.py::test_case_0,functional_correctness.generated_classes.GPT-o4.full_docstr.test_snippet_604,test_case_0,functional_correctness/generated_classes/GPT-o4/full_docstr/test_snippet_604.py,,xfail,failed,[XPASS(strict)] ,5.791697185486555e-05
functional_correctness/generated_classes/GPT-o4/full_docstr/test_snippet_162.py::test_case_0,functional_correctness.generated_classes.GPT-o4.full_docstr.test_snippet_162,test_case_0,functional_correctness/generated_classes/GPT-o4/full_docstr/test_snippet_162.py,,xfail,failed,[XPASS(strict)] ,5.600007716566324e-05
functional_correctness/generated_classes/GPT-o4/full_docstr/test_snippet_214.py::test_case_0,functional_correctness.generated_classes.GPT-o4.full_docstr.test_snippet_214,test_case_0,functional_correctness/generated_classes/GPT-o4/full_docstr/test_snippet_214.py,,xfail,xfailed,,6.725010462105274e-05
functional_correctness/generated_classes/GPT-o4/full_docstr/test_snippet_572.py::test_case_0,functional_correctness.generated_classes.GPT-o4.full_docstr.test_snippet_572,test_case_0,functional_correctness/generated_classes/GPT-o4/full_docstr/test_snippet_572.py,,,failed,"TypeError: URI must be a string, got complex",8.045800495892763e-05
functional_correctness/generated_classes/GPT-o4/full_docstr/test_snippet_572.py::test_case_1,functional_correctness.generated_classes.GPT-o4.full_docstr.test_snippet_572,test_case_1,functional_correctness/generated_classes/GPT-o4/full_docstr/test_snippet_572.py,,,failed,"AssertionError: assert '<!p3<CXiPOXn>' == '!p3<CXiPOXn'
  
  - !p3<CXiPOXn
  + <!p3<CXiPOXn>
  ? +           +",0.0001725000329315
functional_correctness/generated_classes/GPT-o4/full_docstr/test_snippet_32.py::test_case_0,functional_correctness.generated_classes.GPT-o4.full_docstr.test_snippet_32,test_case_0,functional_correctness/generated_classes/GPT-o4/full_docstr/test_snippet_32.py,,,failed,"AssertionError: assert 'False' is False
 +  where 'False' = <snippet_32.Checkpoint object at 0x104934050>.partition_id",0.0001107919961214
functional_correctness/generated_classes/GPT-o4/full_docstr/test_snippet_32.py::test_case_1,functional_correctness.generated_classes.GPT-o4.full_docstr.test_snippet_32,test_case_1,functional_correctness/generated_classes/GPT-o4/full_docstr/test_snippet_32.py,,xfail,xfailed,,0.0001014580484479
functional_correctness/generated_classes/GPT-o4/full_docstr/test_snippet_27.py::test_case_0,functional_correctness.generated_classes.GPT-o4.full_docstr.test_snippet_27,test_case_0,functional_correctness/generated_classes/GPT-o4/full_docstr/test_snippet_27.py,,xfail,failed,[XPASS(strict)] ,5.4875039495527744e-05
functional_correctness/generated_classes/GPT-o4/full_docstr/test_snippet_567.py::test_case_0,functional_correctness.generated_classes.GPT-o4.full_docstr.test_snippet_567,test_case_0,functional_correctness/generated_classes/GPT-o4/full_docstr/test_snippet_567.py,,xfail,xfailed,,7.579196244478226e-05
functional_correctness/generated_classes/GPT-o4/full_docstr/test_snippet_163.py::test_case_0,functional_correctness.generated_classes.GPT-o4.full_docstr.test_snippet_163,test_case_0,functional_correctness/generated_classes/GPT-o4/full_docstr/test_snippet_163.py,,xfail,xfailed,,6.941694300621748e-05
functional_correctness/generated_classes/GPT-o4/full_docstr/test_snippet_611.py::test_case_0,functional_correctness.generated_classes.GPT-o4.full_docstr.test_snippet_611,test_case_0,functional_correctness/generated_classes/GPT-o4/full_docstr/test_snippet_611.py,,xfail,xfailed,,7.458403706550598e-05
functional_correctness/generated_classes/GPT-o4/full_docstr/test_snippet_611.py::test_case_1,functional_correctness.generated_classes.GPT-o4.full_docstr.test_snippet_611,test_case_1,functional_correctness/generated_classes/GPT-o4/full_docstr/test_snippet_611.py,,xfail,xfailed,,6.062490865588188e-05
functional_correctness/generated_classes/GPT-o4/full_docstr/test_snippet_611.py::test_case_2,functional_correctness.generated_classes.GPT-o4.full_docstr.test_snippet_611,test_case_2,functional_correctness/generated_classes/GPT-o4/full_docstr/test_snippet_611.py,,xfail,xfailed,,5.9125013649463654e-05
functional_correctness/generated_classes/GPT-o4/full_docstr/test_snippet_611.py::test_case_3,functional_correctness.generated_classes.GPT-o4.full_docstr.test_snippet_611,test_case_3,functional_correctness/generated_classes/GPT-o4/full_docstr/test_snippet_611.py,,xfail,failed,[XPASS(strict)] ,4.708406049758196e-05
functional_correctness/generated_classes/GPT-o4/full_docstr/test_snippet_611.py::test_case_4,functional_correctness.generated_classes.GPT-o4.full_docstr.test_snippet_611,test_case_4,functional_correctness/generated_classes/GPT-o4/full_docstr/test_snippet_611.py,,xfail,xfailed,,5.600007716566324e-05
functional_correctness/generated_classes/GPT-o4/full_docstr/test_snippet_611.py::test_case_5,functional_correctness.generated_classes.GPT-o4.full_docstr.test_snippet_611,test_case_5,functional_correctness/generated_classes/GPT-o4/full_docstr/test_snippet_611.py,,xfail,xfailed,,5.0292001105844975e-05
