id,module,name,file,doc,markers,status,message,duration
functional_correctness/generated_classes/GPT-o4/no_docstr/test_snippet_378.py::test_case_0,functional_correctness.generated_classes.GPT-o4.no_docstr.test_snippet_378,test_case_0,functional_correctness/generated_classes/GPT-o4/no_docstr/test_snippet_378.py,,xfail,xfailed,,9.14169941097498e-05
functional_correctness/generated_classes/GPT-o4/no_docstr/test_snippet_378.py::test_case_1,functional_correctness.generated_classes.GPT-o4.no_docstr.test_snippet_378,test_case_1,functional_correctness/generated_classes/GPT-o4/no_docstr/test_snippet_378.py,,,passed,,6.229197606444359e-05
functional_correctness/generated_classes/GPT-o4/no_docstr/test_snippet_152.py::test_case_0,functional_correctness.generated_classes.GPT-o4.no_docstr.test_snippet_152,test_case_0,functional_correctness/generated_classes/GPT-o4/no_docstr/test_snippet_152.py,,,passed,,6.254203617572784e-05
functional_correctness/generated_classes/GPT-o4/no_docstr/test_snippet_146.py::test_case_0,functional_correctness.generated_classes.GPT-o4.no_docstr.test_snippet_146,test_case_0,functional_correctness/generated_classes/GPT-o4/no_docstr/test_snippet_146.py,,xfail,failed,[XPASS(strict)] ,5.870801396667957e-05
functional_correctness/generated_classes/GPT-o4/no_docstr/test_snippet_1.py::test_case_0,functional_correctness.generated_classes.GPT-o4.no_docstr.test_snippet_1,test_case_0,functional_correctness/generated_classes/GPT-o4/no_docstr/test_snippet_1.py,,,failed,AttributeError: 'AsynchronousResponseIterator' object has no attribute 'response_buffor_manager',7.395795546472073e-05
functional_correctness/generated_classes/GPT-o4/no_docstr/test_snippet_1.py::test_case_1,functional_correctness.generated_classes.GPT-o4.no_docstr.test_snippet_1,test_case_1,functional_correctness/generated_classes/GPT-o4/no_docstr/test_snippet_1.py,,,failed,AttributeError: 'AsynchronousResponseIterator' object has no attribute 'response_buffor_manager',7.358391303569078e-05
functional_correctness/generated_classes/GPT-o4/no_docstr/test_snippet_185.py::test_case_0,functional_correctness.generated_classes.GPT-o4.no_docstr.test_snippet_185,test_case_0,functional_correctness/generated_classes/GPT-o4/no_docstr/test_snippet_185.py,,xfail,xfailed,,7.041706703603268e-05
functional_correctness/generated_classes/GPT-o4/no_docstr/test_snippet_185.py::test_case_1,functional_correctness.generated_classes.GPT-o4.no_docstr.test_snippet_185,test_case_1,functional_correctness/generated_classes/GPT-o4/no_docstr/test_snippet_185.py,,,failed,AttributeError: 'CollectionRunner' object has no attribute 'provider',6.787502206861973e-05
functional_correctness/generated_classes/GPT-o4/no_docstr/test_snippet_185.py::test_case_2,functional_correctness.generated_classes.GPT-o4.no_docstr.test_snippet_185,test_case_2,functional_correctness/generated_classes/GPT-o4/no_docstr/test_snippet_185.py,,xfail,xfailed,,7.070810534060001e-05
functional_correctness/generated_classes/GPT-o4/no_docstr/test_snippet_185.py::test_case_3,functional_correctness.generated_classes.GPT-o4.no_docstr.test_snippet_185,test_case_3,functional_correctness/generated_classes/GPT-o4/no_docstr/test_snippet_185.py,,xfail,xfailed,,5.3750001825392246e-05
functional_correctness/generated_classes/GPT-o4/no_docstr/test_snippet_185.py::test_case_4,functional_correctness.generated_classes.GPT-o4.no_docstr.test_snippet_185,test_case_4,functional_correctness/generated_classes/GPT-o4/no_docstr/test_snippet_185.py,,xfail,xfailed,,5.429098382592201e-05
functional_correctness/generated_classes/GPT-o4/no_docstr/test_snippet_230.py::test_case_0,functional_correctness.generated_classes.GPT-o4.no_docstr.test_snippet_230,test_case_0,functional_correctness/generated_classes/GPT-o4/no_docstr/test_snippet_230.py,,,failed,AttributeError: 'int' object has no attribute 'get',7.995800115168095e-05
functional_correctness/generated_classes/GPT-o4/no_docstr/test_snippet_230.py::test_case_1,functional_correctness.generated_classes.GPT-o4.no_docstr.test_snippet_230,test_case_1,functional_correctness/generated_classes/GPT-o4/no_docstr/test_snippet_230.py,,xfail,xfailed,,6.304099224507809e-05
functional_correctness/generated_classes/GPT-o4/no_docstr/test_snippet_184.py::test_case_0,functional_correctness.generated_classes.GPT-o4.no_docstr.test_snippet_184,test_case_0,functional_correctness/generated_classes/GPT-o4/no_docstr/test_snippet_184.py,,,passed,,6.004190072417259e-05
functional_correctness/generated_classes/GPT-o4/no_docstr/test_snippet_190.py::test_case_0,functional_correctness.generated_classes.GPT-o4.no_docstr.test_snippet_190,test_case_0,functional_correctness/generated_classes/GPT-o4/no_docstr/test_snippet_190.py,,xfail,xfailed,,6.950006354600191e-05
functional_correctness/generated_classes/GPT-o4/no_docstr/test_snippet_190.py::test_case_1,functional_correctness.generated_classes.GPT-o4.no_docstr.test_snippet_190,test_case_1,functional_correctness/generated_classes/GPT-o4/no_docstr/test_snippet_190.py,,xfail,xfailed,,6.3000014051795e-05
functional_correctness/generated_classes/GPT-o4/no_docstr/test_snippet_190.py::test_case_2,functional_correctness.generated_classes.GPT-o4.no_docstr.test_snippet_190,test_case_2,functional_correctness/generated_classes/GPT-o4/no_docstr/test_snippet_190.py,,,failed,AttributeError: 'StringIndenter' object has no attribute 'output',5.833408795297146e-05
functional_correctness/generated_classes/GPT-o4/no_docstr/test_snippet_190.py::test_case_3,functional_correctness.generated_classes.GPT-o4.no_docstr.test_snippet_190,test_case_3,functional_correctness/generated_classes/GPT-o4/no_docstr/test_snippet_190.py,,xfail,xfailed,,5.749997217208147e-05
functional_correctness/generated_classes/GPT-o4/no_docstr/test_snippet_190.py::test_case_4,functional_correctness.generated_classes.GPT-o4.no_docstr.test_snippet_190,test_case_4,functional_correctness/generated_classes/GPT-o4/no_docstr/test_snippet_190.py,,,failed,AttributeError: 'StringIndenter' object has no attribute 'output',5.7958997786045074e-05
functional_correctness/generated_classes/GPT-o4/no_docstr/test_snippet_190.py::test_case_5,functional_correctness.generated_classes.GPT-o4.no_docstr.test_snippet_190,test_case_5,functional_correctness/generated_classes/GPT-o4/no_docstr/test_snippet_190.py,,,failed,AttributeError: 'StringIndenter' object has no attribute 'output',6.29170099273324e-05
functional_correctness/generated_classes/GPT-o4/no_docstr/test_snippet_623.py::test_case_0,functional_correctness.generated_classes.GPT-o4.no_docstr.test_snippet_623,test_case_0,functional_correctness/generated_classes/GPT-o4/no_docstr/test_snippet_623.py,,xfail,xfailed,,6.845803000032902e-05
functional_correctness/generated_classes/GPT-o4/no_docstr/test_snippet_623.py::test_case_1,functional_correctness.generated_classes.GPT-o4.no_docstr.test_snippet_623,test_case_1,functional_correctness/generated_classes/GPT-o4/no_docstr/test_snippet_623.py,,xfail,xfailed,,0.0001788330264389
functional_correctness/generated_classes/GPT-o4/no_docstr/test_snippet_637.py::test_case_0,functional_correctness.generated_classes.GPT-o4.no_docstr.test_snippet_637,test_case_0,functional_correctness/generated_classes/GPT-o4/no_docstr/test_snippet_637.py,,xfail,failed,[XPASS(strict)] ,5.749997217208147e-05
functional_correctness/generated_classes/GPT-o4/no_docstr/test_snippet_637.py::test_case_1,functional_correctness.generated_classes.GPT-o4.no_docstr.test_snippet_637,test_case_1,functional_correctness/generated_classes/GPT-o4/no_docstr/test_snippet_637.py,,xfail,failed,[XPASS(strict)] ,4.99580055475235e-05
functional_correctness/generated_classes/GPT-o4/no_docstr/test_snippet_637.py::test_case_2,functional_correctness.generated_classes.GPT-o4.no_docstr.test_snippet_637,test_case_2,functional_correctness/generated_classes/GPT-o4/no_docstr/test_snippet_637.py,,xfail,failed,[XPASS(strict)] ,5.183299072086811e-05
functional_correctness/generated_classes/GPT-o4/no_docstr/test_snippet_637.py::test_case_3,functional_correctness.generated_classes.GPT-o4.no_docstr.test_snippet_637,test_case_3,functional_correctness/generated_classes/GPT-o4/no_docstr/test_snippet_637.py,,xfail,failed,[XPASS(strict)] ,4.395795986056328e-05
functional_correctness/generated_classes/GPT-o4/no_docstr/test_snippet_637.py::test_case_4,functional_correctness.generated_classes.GPT-o4.no_docstr.test_snippet_637,test_case_4,functional_correctness/generated_classes/GPT-o4/no_docstr/test_snippet_637.py,,xfail,failed,[XPASS(strict)] ,4.641700070351362e-05
functional_correctness/generated_classes/GPT-o4/no_docstr/test_snippet_637.py::test_case_5,functional_correctness.generated_classes.GPT-o4.no_docstr.test_snippet_637,test_case_5,functional_correctness/generated_classes/GPT-o4/no_docstr/test_snippet_637.py,,xfail,failed,[XPASS(strict)] ,4.2208004742860794e-05
functional_correctness/generated_classes/GPT-o4/no_docstr/test_snippet_186.py::test_case_0,functional_correctness.generated_classes.GPT-o4.no_docstr.test_snippet_186,test_case_0,functional_correctness/generated_classes/GPT-o4/no_docstr/test_snippet_186.py,,,failed,"assert ""_new_initializer(b'\\xe6')"" == ""<new b'\\xe6'>""
  
  - <new b'\xe6'>
  + _new_initializer(b'\xe6')",0.0002187089994549
functional_correctness/generated_classes/GPT-o4/no_docstr/test_snippet_186.py::test_case_1,functional_correctness.generated_classes.GPT-o4.no_docstr.test_snippet_186,test_case_1,functional_correctness/generated_classes/GPT-o4/no_docstr/test_snippet_186.py,,xfail,xfailed,,6.629200652241707e-05
functional_correctness/generated_classes/GPT-o4/no_docstr/test_snippet_541.py::test_case_0,functional_correctness.generated_classes.GPT-o4.no_docstr.test_snippet_541,test_case_0,functional_correctness/generated_classes/GPT-o4/no_docstr/test_snippet_541.py,,,failed,AttributeError: 'ResourceQuery' object has no attribute 'session_factory',7.049995474517345e-05
functional_correctness/generated_classes/GPT-o4/no_docstr/test_snippet_227.py::test_case_0,functional_correctness.generated_classes.GPT-o4.no_docstr.test_snippet_227,test_case_0,functional_correctness/generated_classes/GPT-o4/no_docstr/test_snippet_227.py,,,passed,,6.162503268569708e-05
functional_correctness/generated_classes/GPT-o4/no_docstr/test_snippet_227.py::test_case_1,functional_correctness.generated_classes.GPT-o4.no_docstr.test_snippet_227,test_case_1,functional_correctness/generated_classes/GPT-o4/no_docstr/test_snippet_227.py,,,passed,,4.9915979616343975e-05
functional_correctness/generated_classes/GPT-o4/no_docstr/test_snippet_28.py::test_case_0,functional_correctness.generated_classes.GPT-o4.no_docstr.test_snippet_28,test_case_0,functional_correctness/generated_classes/GPT-o4/no_docstr/test_snippet_28.py,,,passed,,0.0001163749257102
functional_correctness/generated_classes/GPT-o4/no_docstr/test_snippet_226.py::test_case_0,functional_correctness.generated_classes.GPT-o4.no_docstr.test_snippet_226,test_case_0,functional_correctness/generated_classes/GPT-o4/no_docstr/test_snippet_226.py,,xfail,xfailed,,6.487499922513962e-05
functional_correctness/generated_classes/GPT-o4/no_docstr/test_snippet_226.py::test_case_1,functional_correctness.generated_classes.GPT-o4.no_docstr.test_snippet_226,test_case_1,functional_correctness/generated_classes/GPT-o4/no_docstr/test_snippet_226.py,,xfail,xfailed,,5.995796527713537e-05
functional_correctness/generated_classes/GPT-o4/no_docstr/test_snippet_187.py::test_case_0,functional_correctness.generated_classes.GPT-o4.no_docstr.test_snippet_187,test_case_0,functional_correctness/generated_classes/GPT-o4/no_docstr/test_snippet_187.py,,,passed,,6.616709288209677e-05
functional_correctness/generated_classes/GPT-o4/no_docstr/test_snippet_187.py::test_case_1,functional_correctness.generated_classes.GPT-o4.no_docstr.test_snippet_187,test_case_1,functional_correctness/generated_classes/GPT-o4/no_docstr/test_snippet_187.py,,,failed,"assert False is None
 +  where False = <snippet_187.Query_Field object at 0x105190750>.is_neg",0.0001020829658955
functional_correctness/generated_classes/GPT-o4/no_docstr/test_snippet_352.py::test_case_0,functional_correctness.generated_classes.GPT-o4.no_docstr.test_snippet_352,test_case_0,functional_correctness/generated_classes/GPT-o4/no_docstr/test_snippet_352.py,,xfail,xfailed,,7.112498860806227e-05
functional_correctness/generated_classes/GPT-o4/no_docstr/test_snippet_356.py::test_case_0,functional_correctness.generated_classes.GPT-o4.no_docstr.test_snippet_356,test_case_0,functional_correctness/generated_classes/GPT-o4/no_docstr/test_snippet_356.py,,xfail,xfailed,,6.616604514420033e-05
functional_correctness/generated_classes/GPT-o4/no_docstr/test_snippet_356.py::test_case_1,functional_correctness.generated_classes.GPT-o4.no_docstr.test_snippet_356,test_case_1,functional_correctness/generated_classes/GPT-o4/no_docstr/test_snippet_356.py,,xfail,xfailed,,7.237493991851807e-05
functional_correctness/generated_classes/GPT-o4/no_docstr/test_snippet_140.py::test_case_0,functional_correctness.generated_classes.GPT-o4.no_docstr.test_snippet_140,test_case_0,functional_correctness/generated_classes/GPT-o4/no_docstr/test_snippet_140.py,,,passed,,6.30419235676527e-05
functional_correctness/generated_classes/GPT-o4/no_docstr/test_snippet_140.py::test_case_1,functional_correctness.generated_classes.GPT-o4.no_docstr.test_snippet_140,test_case_1,functional_correctness/generated_classes/GPT-o4/no_docstr/test_snippet_140.py,,xfail,xfailed,,6.845803000032902e-05
functional_correctness/generated_classes/GPT-o4/no_docstr/test_snippet_752.py::test_case_0,functional_correctness.generated_classes.GPT-o4.no_docstr.test_snippet_752,test_case_0,functional_correctness/generated_classes/GPT-o4/no_docstr/test_snippet_752.py,,xfail,xfailed,,6.983301136642694e-05
functional_correctness/generated_classes/GPT-o4/no_docstr/test_snippet_10.py::test_case_0,functional_correctness.generated_classes.GPT-o4.no_docstr.test_snippet_10,test_case_0,functional_correctness/generated_classes/GPT-o4/no_docstr/test_snippet_10.py,,,passed,,6.279104854911566e-05
functional_correctness/generated_classes/GPT-o4/no_docstr/test_snippet_586.py::test_case_0,functional_correctness.generated_classes.GPT-o4.no_docstr.test_snippet_586,test_case_0,functional_correctness/generated_classes/GPT-o4/no_docstr/test_snippet_586.py,,,passed,,5.77080063521862e-05
functional_correctness/generated_classes/GPT-o4/no_docstr/test_snippet_586.py::test_case_1,functional_correctness.generated_classes.GPT-o4.no_docstr.test_snippet_586,test_case_1,functional_correctness/generated_classes/GPT-o4/no_docstr/test_snippet_586.py,,,passed,,6.17919722571969e-05
functional_correctness/generated_classes/GPT-o4/no_docstr/test_snippet_586.py::test_case_2,functional_correctness.generated_classes.GPT-o4.no_docstr.test_snippet_586,test_case_2,functional_correctness/generated_classes/GPT-o4/no_docstr/test_snippet_586.py,,,passed,,7.058295886963606e-05
functional_correctness/generated_classes/GPT-o4/no_docstr/test_snippet_586.py::test_case_3,functional_correctness.generated_classes.GPT-o4.no_docstr.test_snippet_586,test_case_3,functional_correctness/generated_classes/GPT-o4/no_docstr/test_snippet_586.py,,,passed,,5.3958967328071594e-05
functional_correctness/generated_classes/GPT-o4/no_docstr/test_snippet_586.py::test_case_4,functional_correctness.generated_classes.GPT-o4.no_docstr.test_snippet_586,test_case_4,functional_correctness/generated_classes/GPT-o4/no_docstr/test_snippet_586.py,,,passed,,5.1292008720338345e-05
functional_correctness/generated_classes/GPT-o4/no_docstr/test_snippet_586.py::test_case_5,functional_correctness.generated_classes.GPT-o4.no_docstr.test_snippet_586,test_case_5,functional_correctness/generated_classes/GPT-o4/no_docstr/test_snippet_586.py,,,passed,,5.395803600549698e-05
functional_correctness/generated_classes/GPT-o4/no_docstr/test_snippet_753.py::test_case_0,functional_correctness.generated_classes.GPT-o4.no_docstr.test_snippet_753,test_case_0,functional_correctness/generated_classes/GPT-o4/no_docstr/test_snippet_753.py,,xfail,xfailed,,6.724998820573092e-05
functional_correctness/generated_classes/GPT-o4/no_docstr/test_snippet_753.py::test_case_1,functional_correctness.generated_classes.GPT-o4.no_docstr.test_snippet_753,test_case_1,functional_correctness/generated_classes/GPT-o4/no_docstr/test_snippet_753.py,,xfail,xfailed,,6.712495815008879e-05
functional_correctness/generated_classes/GPT-o4/no_docstr/test_snippet_196.py::test_case_0,functional_correctness.generated_classes.GPT-o4.no_docstr.test_snippet_196,test_case_0,functional_correctness/generated_classes/GPT-o4/no_docstr/test_snippet_196.py,,,failed,AttributeError: 'TornadoManager' object has no attribute 'ioloops',7.487495895475149e-05
functional_correctness/generated_classes/GPT-o4/no_docstr/test_snippet_196.py::test_case_1,functional_correctness.generated_classes.GPT-o4.no_docstr.test_snippet_196,test_case_1,functional_correctness/generated_classes/GPT-o4/no_docstr/test_snippet_196.py,,,failed,AttributeError: 'TornadoManager' object has no attribute 'ioloops',7.200008258223534e-05
functional_correctness/generated_classes/GPT-o4/no_docstr/test_snippet_196.py::test_case_2,functional_correctness.generated_classes.GPT-o4.no_docstr.test_snippet_196,test_case_2,functional_correctness/generated_classes/GPT-o4/no_docstr/test_snippet_196.py,,xfail,xfailed,,6.11250288784504e-05
functional_correctness/generated_classes/GPT-o4/no_docstr/test_snippet_155.py::test_case_0,functional_correctness.generated_classes.GPT-o4.no_docstr.test_snippet_155,test_case_0,functional_correctness/generated_classes/GPT-o4/no_docstr/test_snippet_155.py,,,passed,,9.683298412710428e-05
functional_correctness/generated_classes/GPT-o4/no_docstr/test_snippet_343.py::test_case_0,functional_correctness.generated_classes.GPT-o4.no_docstr.test_snippet_343,test_case_0,functional_correctness/generated_classes/GPT-o4/no_docstr/test_snippet_343.py,,,failed,AttributeError: 'Algorithm' object has no attribute 'hash_type',6.962509360164404e-05
functional_correctness/generated_classes/GPT-o4/no_docstr/test_snippet_343.py::test_case_1,functional_correctness.generated_classes.GPT-o4.no_docstr.test_snippet_343,test_case_1,functional_correctness/generated_classes/GPT-o4/no_docstr/test_snippet_343.py,,xfail,xfailed,,6.616604514420033e-05
functional_correctness/generated_classes/GPT-o4/no_docstr/test_snippet_341.py::test_case_0,functional_correctness.generated_classes.GPT-o4.no_docstr.test_snippet_341,test_case_0,functional_correctness/generated_classes/GPT-o4/no_docstr/test_snippet_341.py,,xfail,failed,[XPASS(strict)] ,5.683302879333496e-05
functional_correctness/generated_classes/GPT-o4/no_docstr/test_snippet_427.py::test_case_0,functional_correctness.generated_classes.GPT-o4.no_docstr.test_snippet_427,test_case_0,functional_correctness/generated_classes/GPT-o4/no_docstr/test_snippet_427.py,,xfail,xfailed,,0.0001390000106766
functional_correctness/generated_classes/GPT-o4/no_docstr/test_snippet_427.py::test_case_1,functional_correctness.generated_classes.GPT-o4.no_docstr.test_snippet_427,test_case_1,functional_correctness/generated_classes/GPT-o4/no_docstr/test_snippet_427.py,,,failed,AttributeError: 'ErrorSanitizer' object has no attribute 'password',6.770889740437269e-05
functional_correctness/generated_classes/GPT-o4/no_docstr/test_snippet_427.py::test_case_2,functional_correctness.generated_classes.GPT-o4.no_docstr.test_snippet_427,test_case_2,functional_correctness/generated_classes/GPT-o4/no_docstr/test_snippet_427.py,,,failed,AttributeError: 'ErrorSanitizer' object has no attribute 'password',6.0999998822808266e-05
functional_correctness/generated_classes/GPT-o4/no_docstr/test_snippet_427.py::test_case_3,functional_correctness.generated_classes.GPT-o4.no_docstr.test_snippet_427,test_case_3,functional_correctness/generated_classes/GPT-o4/no_docstr/test_snippet_427.py,,xfail,xfailed,,5.504197906702757e-05
functional_correctness/generated_classes/GPT-o4/no_docstr/test_snippet_4.py::test_case_0,functional_correctness.generated_classes.GPT-o4.no_docstr.test_snippet_4,test_case_0,functional_correctness/generated_classes/GPT-o4/no_docstr/test_snippet_4.py,,xfail,xfailed,,7.54169886931777e-05
functional_correctness/generated_classes/GPT-o4/no_docstr/test_snippet_180.py::test_case_0,functional_correctness.generated_classes.GPT-o4.no_docstr.test_snippet_180,test_case_0,functional_correctness/generated_classes/GPT-o4/no_docstr/test_snippet_180.py,,,failed,TypeError: data must be bytes or str,7.091707084327936e-05
functional_correctness/generated_classes/GPT-o4/no_docstr/test_snippet_221.py::test_case_0,functional_correctness.generated_classes.GPT-o4.no_docstr.test_snippet_221,test_case_0,functional_correctness/generated_classes/GPT-o4/no_docstr/test_snippet_221.py,,,failed,AttributeError: 'Result' object has no attribute 'attempt',0.0001341250026598
functional_correctness/generated_classes/GPT-o4/no_docstr/test_snippet_221.py::test_case_1,functional_correctness.generated_classes.GPT-o4.no_docstr.test_snippet_221,test_case_1,functional_correctness/generated_classes/GPT-o4/no_docstr/test_snippet_221.py,,xfail,xfailed,,5.88330440223217e-05
functional_correctness/generated_classes/GPT-o4/no_docstr/test_snippet_221.py::test_case_2,functional_correctness.generated_classes.GPT-o4.no_docstr.test_snippet_221,test_case_2,functional_correctness/generated_classes/GPT-o4/no_docstr/test_snippet_221.py,,xfail,xfailed,,5.625002086162567e-05
functional_correctness/generated_classes/GPT-o4/no_docstr/test_snippet_221.py::test_case_3,functional_correctness.generated_classes.GPT-o4.no_docstr.test_snippet_221,test_case_3,functional_correctness/generated_classes/GPT-o4/no_docstr/test_snippet_221.py,,xfail,xfailed,,6.679201032966375e-05
functional_correctness/generated_classes/GPT-o4/no_docstr/test_snippet_235.py::test_case_0,functional_correctness.generated_classes.GPT-o4.no_docstr.test_snippet_235,test_case_0,functional_correctness/generated_classes/GPT-o4/no_docstr/test_snippet_235.py,,xfail,xfailed,,6.454205140471458e-05
functional_correctness/generated_classes/GPT-o4/no_docstr/test_snippet_235.py::test_case_1,functional_correctness.generated_classes.GPT-o4.no_docstr.test_snippet_235,test_case_1,functional_correctness/generated_classes/GPT-o4/no_docstr/test_snippet_235.py,,xfail,xfailed,,5.974993109703064e-05
functional_correctness/generated_classes/GPT-o4/no_docstr/test_snippet_584.py::test_case_0,functional_correctness.generated_classes.GPT-o4.no_docstr.test_snippet_584,test_case_0,functional_correctness/generated_classes/GPT-o4/no_docstr/test_snippet_584.py,,xfail,xfailed,,0.0001410419354215
functional_correctness/generated_classes/GPT-o4/no_docstr/test_snippet_584.py::test_case_1,functional_correctness.generated_classes.GPT-o4.no_docstr.test_snippet_584,test_case_1,functional_correctness/generated_classes/GPT-o4/no_docstr/test_snippet_584.py,,xfail,xfailed,,6.437499541789293e-05
functional_correctness/generated_classes/GPT-o4/no_docstr/test_snippet_584.py::test_case_2,functional_correctness.generated_classes.GPT-o4.no_docstr.test_snippet_584,test_case_2,functional_correctness/generated_classes/GPT-o4/no_docstr/test_snippet_584.py,,xfail,xfailed,,5.779101047664881e-05
functional_correctness/generated_classes/GPT-o4/no_docstr/test_snippet_584.py::test_case_3,functional_correctness.generated_classes.GPT-o4.no_docstr.test_snippet_584,test_case_3,functional_correctness/generated_classes/GPT-o4/no_docstr/test_snippet_584.py,,xfail,xfailed,,5.1332986913621426e-05
functional_correctness/generated_classes/GPT-o4/no_docstr/test_snippet_181.py::test_case_0,functional_correctness.generated_classes.GPT-o4.no_docstr.test_snippet_181,test_case_0,functional_correctness/generated_classes/GPT-o4/no_docstr/test_snippet_181.py,,,passed,,5.966704338788986e-05
functional_correctness/generated_classes/GPT-o4/no_docstr/test_snippet_181.py::test_case_1,functional_correctness.generated_classes.GPT-o4.no_docstr.test_snippet_181,test_case_1,functional_correctness/generated_classes/GPT-o4/no_docstr/test_snippet_181.py,,,passed,,4.900002386420965e-05
functional_correctness/generated_classes/GPT-o4/no_docstr/test_snippet_426.py::test_case_0,functional_correctness.generated_classes.GPT-o4.no_docstr.test_snippet_426,test_case_0,functional_correctness/generated_classes/GPT-o4/no_docstr/test_snippet_426.py,,,failed,TypeError: Fruit.__init__() missing 2 required positional arguments: 'name' and 'color',7.320800796151161e-05
functional_correctness/generated_classes/GPT-o4/no_docstr/test_snippet_426.py::test_case_1,functional_correctness.generated_classes.GPT-o4.no_docstr.test_snippet_426,test_case_1,functional_correctness/generated_classes/GPT-o4/no_docstr/test_snippet_426.py,,,failed,TypeError: Fruit.__init__() missing 2 required positional arguments: 'name' and 'color',6.750004831701517e-05
functional_correctness/generated_classes/GPT-o4/no_docstr/test_snippet_368.py::test_case_0,functional_correctness.generated_classes.GPT-o4.no_docstr.test_snippet_368,test_case_0,functional_correctness/generated_classes/GPT-o4/no_docstr/test_snippet_368.py,,,failed,TypeError: r_commands must be a list or tuple,7.479102350771427e-05
functional_correctness/generated_classes/GPT-o4/no_docstr/test_snippet_368.py::test_case_1,functional_correctness.generated_classes.GPT-o4.no_docstr.test_snippet_368,test_case_1,functional_correctness/generated_classes/GPT-o4/no_docstr/test_snippet_368.py,,,failed,TypeError: r_commands must be a list or tuple,6.89999433234334e-05
functional_correctness/generated_classes/GPT-o4/no_docstr/test_snippet_327.py::test_case_0,functional_correctness.generated_classes.GPT-o4.no_docstr.test_snippet_327,test_case_0,functional_correctness/generated_classes/GPT-o4/no_docstr/test_snippet_327.py,,xfail,xfailed,,7.204199209809303e-05
functional_correctness/generated_classes/GPT-o4/no_docstr/test_snippet_327.py::test_case_1,functional_correctness.generated_classes.GPT-o4.no_docstr.test_snippet_327,test_case_1,functional_correctness/generated_classes/GPT-o4/no_docstr/test_snippet_327.py,,xfail,xfailed,,7.166608702391386e-05
functional_correctness/generated_classes/GPT-o4/no_docstr/test_snippet_327.py::test_case_2,functional_correctness.generated_classes.GPT-o4.no_docstr.test_snippet_327,test_case_2,functional_correctness/generated_classes/GPT-o4/no_docstr/test_snippet_327.py,,xfail,failed,[XPASS(strict)] ,5.64999645575881e-05
functional_correctness/generated_classes/GPT-o4/no_docstr/test_snippet_482.py::test_case_0,functional_correctness.generated_classes.GPT-o4.no_docstr.test_snippet_482,test_case_0,functional_correctness/generated_classes/GPT-o4/no_docstr/test_snippet_482.py,,,failed,AssertionError: assert 0 == 'Incrementer initialized',0.0001272090012207
functional_correctness/generated_classes/GPT-o4/no_docstr/test_snippet_482.py::test_case_1,functional_correctness.generated_classes.GPT-o4.no_docstr.test_snippet_482,test_case_1,functional_correctness/generated_classes/GPT-o4/no_docstr/test_snippet_482.py,,xfail,failed,[XPASS(strict)] ,6.816699169576168e-05
functional_correctness/generated_classes/GPT-o4/no_docstr/test_snippet_482.py::test_case_2,functional_correctness.generated_classes.GPT-o4.no_docstr.test_snippet_482,test_case_2,functional_correctness/generated_classes/GPT-o4/no_docstr/test_snippet_482.py,,xfail,xfailed,,0.0001447499962523
functional_correctness/generated_classes/GPT-o4/no_docstr/test_snippet_694.py::test_case_0,functional_correctness.generated_classes.GPT-o4.no_docstr.test_snippet_694,test_case_0,functional_correctness/generated_classes/GPT-o4/no_docstr/test_snippet_694.py,,,failed,AttributeError: 'ColumnHeader' object has no attribute 'base_attrs',7.216702215373516e-05
functional_correctness/generated_classes/GPT-o4/no_docstr/test_snippet_694.py::test_case_1,functional_correctness.generated_classes.GPT-o4.no_docstr.test_snippet_694,test_case_1,functional_correctness/generated_classes/GPT-o4/no_docstr/test_snippet_694.py,,,failed,AttributeError: 'ColumnHeader' object has no attribute 'base_attrs',6.78749056532979e-05
functional_correctness/generated_classes/GPT-o4/no_docstr/test_snippet_521.py::test_case_0,functional_correctness.generated_classes.GPT-o4.no_docstr.test_snippet_521,test_case_0,functional_correctness/generated_classes/GPT-o4/no_docstr/test_snippet_521.py,,xfail,failed,[XPASS(strict)] ,0.0001454169396311
functional_correctness/generated_classes/GPT-o4/no_docstr/test_snippet_253.py::test_case_0,functional_correctness.generated_classes.GPT-o4.no_docstr.test_snippet_253,test_case_0,functional_correctness/generated_classes/GPT-o4/no_docstr/test_snippet_253.py,,,failed,AttributeError: type object 'EngineRef' has no attribute 'category',7.291603833436966e-05
functional_correctness/generated_classes/GPT-o4/no_docstr/test_snippet_253.py::test_case_1,functional_correctness.generated_classes.GPT-o4.no_docstr.test_snippet_253,test_case_1,functional_correctness/generated_classes/GPT-o4/no_docstr/test_snippet_253.py,,,failed,AttributeError: type object 'EngineRef' has no attribute 'category',6.820808630436659e-05
functional_correctness/generated_classes/GPT-o4/no_docstr/test_snippet_253.py::test_case_2,functional_correctness.generated_classes.GPT-o4.no_docstr.test_snippet_253,test_case_2,functional_correctness/generated_classes/GPT-o4/no_docstr/test_snippet_253.py,,xfail,xfailed,,5.9999991208314896e-05
functional_correctness/generated_classes/GPT-o4/no_docstr/test_snippet_253.py::test_case_3,functional_correctness.generated_classes.GPT-o4.no_docstr.test_snippet_253,test_case_3,functional_correctness/generated_classes/GPT-o4/no_docstr/test_snippet_253.py,,xfail,xfailed,,5.8333040215075016e-05
functional_correctness/generated_classes/GPT-o4/no_docstr/test_snippet_253.py::test_case_4,functional_correctness.generated_classes.GPT-o4.no_docstr.test_snippet_253,test_case_4,functional_correctness/generated_classes/GPT-o4/no_docstr/test_snippet_253.py,,,failed,AttributeError: type object 'EngineRef' has no attribute 'category',5.566596519201994e-05
functional_correctness/generated_classes/GPT-o4/no_docstr/test_snippet_535.py::test_case_0,functional_correctness.generated_classes.GPT-o4.no_docstr.test_snippet_535,test_case_0,functional_correctness/generated_classes/GPT-o4/no_docstr/test_snippet_535.py,,xfail,failed,[XPASS(strict)] ,6.687501445412636e-05
functional_correctness/generated_classes/GPT-o4/no_docstr/test_snippet_74.py::test_case_0,functional_correctness.generated_classes.GPT-o4.no_docstr.test_snippet_74,test_case_0,functional_correctness/generated_classes/GPT-o4/no_docstr/test_snippet_74.py,,xfail,failed,[XPASS(strict)] ,0.0007615000940859
functional_correctness/generated_classes/GPT-o4/no_docstr/test_snippet_534.py::test_case_0,functional_correctness.generated_classes.GPT-o4.no_docstr.test_snippet_534,test_case_0,functional_correctness/generated_classes/GPT-o4/no_docstr/test_snippet_534.py,,,passed,,6.274995394051075e-05
functional_correctness/generated_classes/GPT-o4/no_docstr/test_snippet_736.py::test_case_0,functional_correctness.generated_classes.GPT-o4.no_docstr.test_snippet_736,test_case_0,functional_correctness/generated_classes/GPT-o4/no_docstr/test_snippet_736.py,,xfail,failed,[XPASS(strict)] ,5.783303640782833e-05
functional_correctness/generated_classes/GPT-o4/no_docstr/test_snippet_118.py::test_case_0,functional_correctness.generated_classes.GPT-o4.no_docstr.test_snippet_118,test_case_0,functional_correctness/generated_classes/GPT-o4/no_docstr/test_snippet_118.py,,xfail,xfailed,,7.558404467999935e-05
functional_correctness/generated_classes/GPT-o4/no_docstr/test_snippet_332.py::test_case_0,functional_correctness.generated_classes.GPT-o4.no_docstr.test_snippet_332,test_case_0,functional_correctness/generated_classes/GPT-o4/no_docstr/test_snippet_332.py,,xfail,xfailed,,6.962509360164404e-05
functional_correctness/generated_classes/GPT-o4/no_docstr/test_snippet_332.py::test_case_1,functional_correctness.generated_classes.GPT-o4.no_docstr.test_snippet_332,test_case_1,functional_correctness/generated_classes/GPT-o4/no_docstr/test_snippet_332.py,,xfail,xfailed,,8.20419518277049e-05
functional_correctness/generated_classes/GPT-o4/no_docstr/test_snippet_332.py::test_case_2,functional_correctness.generated_classes.GPT-o4.no_docstr.test_snippet_332,test_case_2,functional_correctness/generated_classes/GPT-o4/no_docstr/test_snippet_332.py,,xfail,xfailed,,5.841697566211224e-05
functional_correctness/generated_classes/GPT-o4/no_docstr/test_snippet_456.py::test_case_0,functional_correctness.generated_classes.GPT-o4.no_docstr.test_snippet_456,test_case_0,functional_correctness/generated_classes/GPT-o4/no_docstr/test_snippet_456.py,,,failed,AttributeError: type object 'Holidays' has no attribute 'rules',7.820792961865664e-05
functional_correctness/generated_classes/GPT-o4/no_docstr/test_snippet_456.py::test_case_1,functional_correctness.generated_classes.GPT-o4.no_docstr.test_snippet_456,test_case_1,functional_correctness/generated_classes/GPT-o4/no_docstr/test_snippet_456.py,,,failed,AttributeError: type object 'Holidays' has no attribute 'rules',7.183302659541368e-05
functional_correctness/generated_classes/GPT-o4/no_docstr/test_snippet_456.py::test_case_2,functional_correctness.generated_classes.GPT-o4.no_docstr.test_snippet_456,test_case_2,functional_correctness/generated_classes/GPT-o4/no_docstr/test_snippet_456.py,,xfail,xfailed,,5.766702815890312e-05
functional_correctness/generated_classes/GPT-o4/no_docstr/test_snippet_456.py::test_case_3,functional_correctness.generated_classes.GPT-o4.no_docstr.test_snippet_456,test_case_3,functional_correctness/generated_classes/GPT-o4/no_docstr/test_snippet_456.py,,xfail,xfailed,,5.366699770092964e-05
functional_correctness/generated_classes/GPT-o4/no_docstr/test_snippet_456.py::test_case_4,functional_correctness.generated_classes.GPT-o4.no_docstr.test_snippet_456,test_case_4,functional_correctness/generated_classes/GPT-o4/no_docstr/test_snippet_456.py,,xfail,xfailed,,5.512498319149017e-05
functional_correctness/generated_classes/GPT-o4/no_docstr/test_snippet_640.py::test_case_0,functional_correctness.generated_classes.GPT-o4.no_docstr.test_snippet_640,test_case_0,functional_correctness/generated_classes/GPT-o4/no_docstr/test_snippet_640.py,,xfail,failed,[XPASS(strict)] ,5.570799112319946e-05
functional_correctness/generated_classes/GPT-o4/no_docstr/test_snippet_683.py::test_case_0,functional_correctness.generated_classes.GPT-o4.no_docstr.test_snippet_683,test_case_0,functional_correctness/generated_classes/GPT-o4/no_docstr/test_snippet_683.py,,xfail,failed,[XPASS(strict)] ,5.9125013649463654e-05
functional_correctness/generated_classes/GPT-o4/no_docstr/test_snippet_683.py::test_case_1,functional_correctness.generated_classes.GPT-o4.no_docstr.test_snippet_683,test_case_1,functional_correctness/generated_classes/GPT-o4/no_docstr/test_snippet_683.py,,xfail,failed,[XPASS(strict)] ,7.60830007493496e-05
functional_correctness/generated_classes/GPT-o4/no_docstr/test_snippet_683.py::test_case_2,functional_correctness.generated_classes.GPT-o4.no_docstr.test_snippet_683,test_case_2,functional_correctness/generated_classes/GPT-o4/no_docstr/test_snippet_683.py,,xfail,failed,[XPASS(strict)] ,7.379206363111734e-05
functional_correctness/generated_classes/GPT-o4/no_docstr/test_snippet_250.py::test_case_0,functional_correctness.generated_classes.GPT-o4.no_docstr.test_snippet_250,test_case_0,functional_correctness/generated_classes/GPT-o4/no_docstr/test_snippet_250.py,,xfail,xfailed,,6.816699169576168e-05
functional_correctness/generated_classes/GPT-o4/no_docstr/test_snippet_250.py::test_case_1,functional_correctness.generated_classes.GPT-o4.no_docstr.test_snippet_250,test_case_1,functional_correctness/generated_classes/GPT-o4/no_docstr/test_snippet_250.py,,xfail,xfailed,,6.566697265952826e-05
functional_correctness/generated_classes/GPT-o4/no_docstr/test_snippet_250.py::test_case_2,functional_correctness.generated_classes.GPT-o4.no_docstr.test_snippet_250,test_case_2,functional_correctness/generated_classes/GPT-o4/no_docstr/test_snippet_250.py,,xfail,failed,[XPASS(strict)] ,4.841701593250036e-05
functional_correctness/generated_classes/GPT-o4/no_docstr/test_snippet_250.py::test_case_3,functional_correctness.generated_classes.GPT-o4.no_docstr.test_snippet_250,test_case_3,functional_correctness/generated_classes/GPT-o4/no_docstr/test_snippet_250.py,,xfail,xfailed,,7.504201494157314e-05
functional_correctness/generated_classes/GPT-o4/no_docstr/test_snippet_250.py::test_case_4,functional_correctness.generated_classes.GPT-o4.no_docstr.test_snippet_250,test_case_4,functional_correctness/generated_classes/GPT-o4/no_docstr/test_snippet_250.py,,xfail,xfailed,,8.058303501456976e-05
functional_correctness/generated_classes/GPT-o4/no_docstr/test_snippet_286.py::test_case_0,functional_correctness.generated_classes.GPT-o4.no_docstr.test_snippet_286,test_case_0,functional_correctness/generated_classes/GPT-o4/no_docstr/test_snippet_286.py,,,failed,AttributeError: 'B' object has no attribute 'bed',7.208308670669794e-05
functional_correctness/generated_classes/GPT-o4/no_docstr/test_snippet_286.py::test_case_1,functional_correctness.generated_classes.GPT-o4.no_docstr.test_snippet_286,test_case_1,functional_correctness/generated_classes/GPT-o4/no_docstr/test_snippet_286.py,,,failed,AttributeError: 'B' object has no attribute 'bed',6.916595157235861e-05
functional_correctness/generated_classes/GPT-o4/no_docstr/test_snippet_251.py::test_case_0,functional_correctness.generated_classes.GPT-o4.no_docstr.test_snippet_251,test_case_0,functional_correctness/generated_classes/GPT-o4/no_docstr/test_snippet_251.py,,,passed,,6.383401341736317e-05
functional_correctness/generated_classes/GPT-o4/no_docstr/test_snippet_721.py::test_case_0,functional_correctness.generated_classes.GPT-o4.no_docstr.test_snippet_721,test_case_0,functional_correctness/generated_classes/GPT-o4/no_docstr/test_snippet_721.py,,xfail,xfailed,,7.795903366059065e-05
functional_correctness/generated_classes/GPT-o4/no_docstr/test_snippet_721.py::test_case_1,functional_correctness.generated_classes.GPT-o4.no_docstr.test_snippet_721,test_case_1,functional_correctness/generated_classes/GPT-o4/no_docstr/test_snippet_721.py,,,failed,AttributeError: type object 'Progress' has no attribute 'last_report',7.770804222673178e-05
functional_correctness/generated_classes/GPT-o4/no_docstr/test_snippet_721.py::test_case_2,functional_correctness.generated_classes.GPT-o4.no_docstr.test_snippet_721,test_case_2,functional_correctness/generated_classes/GPT-o4/no_docstr/test_snippet_721.py,,xfail,xfailed,,7.020903285592794e-05
functional_correctness/generated_classes/GPT-o4/no_docstr/test_snippet_696.py::test_case_0,functional_correctness.generated_classes.GPT-o4.no_docstr.test_snippet_696,test_case_0,functional_correctness/generated_classes/GPT-o4/no_docstr/test_snippet_696.py,,,passed,,6.066705100238323e-05
functional_correctness/generated_classes/GPT-o4/no_docstr/test_snippet_696.py::test_case_1,functional_correctness.generated_classes.GPT-o4.no_docstr.test_snippet_696,test_case_1,functional_correctness/generated_classes/GPT-o4/no_docstr/test_snippet_696.py,,,passed,,4.883401561528444e-05
functional_correctness/generated_classes/GPT-o4/no_docstr/test_snippet_641.py::test_case_0,functional_correctness.generated_classes.GPT-o4.no_docstr.test_snippet_641,test_case_0,functional_correctness/generated_classes/GPT-o4/no_docstr/test_snippet_641.py,,,failed,"TypeError: seconds must be int or float, not set",8.14999220892787e-05
functional_correctness/generated_classes/GPT-o4/no_docstr/test_snippet_641.py::test_case_1,functional_correctness.generated_classes.GPT-o4.no_docstr.test_snippet_641,test_case_1,functional_correctness/generated_classes/GPT-o4/no_docstr/test_snippet_641.py,,xfail,xfailed,,7.30839092284441e-05
functional_correctness/generated_classes/GPT-o4/no_docstr/test_snippet_641.py::test_case_2,functional_correctness.generated_classes.GPT-o4.no_docstr.test_snippet_641,test_case_2,functional_correctness/generated_classes/GPT-o4/no_docstr/test_snippet_641.py,,xfail,xfailed,,6.033293902873993e-05
functional_correctness/generated_classes/GPT-o4/no_docstr/test_snippet_480.py::test_case_0,functional_correctness.generated_classes.GPT-o4.no_docstr.test_snippet_480,test_case_0,functional_correctness/generated_classes/GPT-o4/no_docstr/test_snippet_480.py,,xfail,failed,[XPASS(strict)] ,5.76250022277236e-05
functional_correctness/generated_classes/GPT-o4/no_docstr/test_snippet_480.py::test_case_1,functional_correctness.generated_classes.GPT-o4.no_docstr.test_snippet_480,test_case_1,functional_correctness/generated_classes/GPT-o4/no_docstr/test_snippet_480.py,,,failed,AttributeError: 'User' object has no attribute 'type',6.979203317314386e-05
functional_correctness/generated_classes/GPT-o4/no_docstr/test_snippet_480.py::test_case_2,functional_correctness.generated_classes.GPT-o4.no_docstr.test_snippet_480,test_case_2,functional_correctness/generated_classes/GPT-o4/no_docstr/test_snippet_480.py,,xfail,xfailed,,0.0001522080274298
functional_correctness/generated_classes/GPT-o4/no_docstr/test_snippet_480.py::test_case_3,functional_correctness.generated_classes.GPT-o4.no_docstr.test_snippet_480,test_case_3,functional_correctness/generated_classes/GPT-o4/no_docstr/test_snippet_480.py,,xfail,xfailed,,0.0001207090681418
functional_correctness/generated_classes/GPT-o4/no_docstr/test_snippet_480.py::test_case_4,functional_correctness.generated_classes.GPT-o4.no_docstr.test_snippet_480,test_case_4,functional_correctness/generated_classes/GPT-o4/no_docstr/test_snippet_480.py,,xfail,xfailed,,6.095890421420336e-05
functional_correctness/generated_classes/GPT-o4/no_docstr/test_snippet_443.py::test_case_0,functional_correctness.generated_classes.GPT-o4.no_docstr.test_snippet_443,test_case_0,functional_correctness/generated_classes/GPT-o4/no_docstr/test_snippet_443.py,,xfail,xfailed,,7.312500383704901e-05
functional_correctness/generated_classes/GPT-o4/no_docstr/test_snippet_309.py::test_case_0,functional_correctness.generated_classes.GPT-o4.no_docstr.test_snippet_309,test_case_0,functional_correctness/generated_classes/GPT-o4/no_docstr/test_snippet_309.py,,xfail,failed,[XPASS(strict)] ,6.166601087898016e-05
functional_correctness/generated_classes/GPT-o4/no_docstr/test_snippet_309.py::test_case_1,functional_correctness.generated_classes.GPT-o4.no_docstr.test_snippet_309,test_case_1,functional_correctness/generated_classes/GPT-o4/no_docstr/test_snippet_309.py,,xfail,xfailed,,6.054097320884466e-05
functional_correctness/generated_classes/GPT-o4/no_docstr/test_snippet_309.py::test_case_2,functional_correctness.generated_classes.GPT-o4.no_docstr.test_snippet_309,test_case_2,functional_correctness/generated_classes/GPT-o4/no_docstr/test_snippet_309.py,,xfail,xfailed,,5.9542013332247734e-05
functional_correctness/generated_classes/GPT-o4/no_docstr/test_snippet_309.py::test_case_3,functional_correctness.generated_classes.GPT-o4.no_docstr.test_snippet_309,test_case_3,functional_correctness/generated_classes/GPT-o4/no_docstr/test_snippet_309.py,,xfail,xfailed,,5.3333002142608166e-05
functional_correctness/generated_classes/GPT-o4/no_docstr/test_snippet_309.py::test_case_4,functional_correctness.generated_classes.GPT-o4.no_docstr.test_snippet_309,test_case_4,functional_correctness/generated_classes/GPT-o4/no_docstr/test_snippet_309.py,,xfail,xfailed,,5.237502045929432e-05
functional_correctness/generated_classes/GPT-o4/no_docstr/test_snippet_309.py::test_case_5,functional_correctness.generated_classes.GPT-o4.no_docstr.test_snippet_309,test_case_5,functional_correctness/generated_classes/GPT-o4/no_docstr/test_snippet_309.py,,xfail,xfailed,,6.683298852294683e-05
functional_correctness/generated_classes/GPT-o4/no_docstr/test_snippet_309.py::test_case_6,functional_correctness.generated_classes.GPT-o4.no_docstr.test_snippet_309,test_case_6,functional_correctness/generated_classes/GPT-o4/no_docstr/test_snippet_309.py,,xfail,xfailed,,5.658401641994715e-05
functional_correctness/generated_classes/GPT-o4/no_docstr/test_snippet_453.py::test_case_0,functional_correctness.generated_classes.GPT-o4.no_docstr.test_snippet_453,test_case_0,functional_correctness/generated_classes/GPT-o4/no_docstr/test_snippet_453.py,,xfail,xfailed,,7.599999662488699e-05
functional_correctness/generated_classes/GPT-o4/no_docstr/test_snippet_484.py::test_case_0,functional_correctness.generated_classes.GPT-o4.no_docstr.test_snippet_484,test_case_0,functional_correctness/generated_classes/GPT-o4/no_docstr/test_snippet_484.py,,xfail,xfailed,,7.308309432119131e-05
functional_correctness/generated_classes/GPT-o4/no_docstr/test_snippet_484.py::test_case_1,functional_correctness.generated_classes.GPT-o4.no_docstr.test_snippet_484,test_case_1,functional_correctness/generated_classes/GPT-o4/no_docstr/test_snippet_484.py,,,failed,AttributeError: 'LogStreamingServer' object has no attribute 'server',6.679201032966375e-05
functional_correctness/generated_classes/GPT-o4/no_docstr/test_snippet_484.py::test_case_2,functional_correctness.generated_classes.GPT-o4.no_docstr.test_snippet_484,test_case_2,functional_correctness/generated_classes/GPT-o4/no_docstr/test_snippet_484.py,,,failed,AttributeError: 'LogStreamingServer' object has no attribute 'server',5.900010000914335e-05
functional_correctness/generated_classes/GPT-o4/no_docstr/test_snippet_731.py::test_case_0,functional_correctness.generated_classes.GPT-o4.no_docstr.test_snippet_731,test_case_0,functional_correctness/generated_classes/GPT-o4/no_docstr/test_snippet_731.py,,,failed,ImportError: ctypes.c_void_p is not available because the ctypes module could not be imported,7.729197386652231e-05
functional_correctness/generated_classes/GPT-o4/no_docstr/test_snippet_731.py::test_case_1,functional_correctness.generated_classes.GPT-o4.no_docstr.test_snippet_731,test_case_1,functional_correctness/generated_classes/GPT-o4/no_docstr/test_snippet_731.py,,,failed,ImportError: ctypes.c_void_p is not available because the ctypes module could not be imported,7.745798211544752e-05
functional_correctness/generated_classes/GPT-o4/no_docstr/test_snippet_725.py::test_case_0,functional_correctness.generated_classes.GPT-o4.no_docstr.test_snippet_725,test_case_0,functional_correctness/generated_classes/GPT-o4/no_docstr/test_snippet_725.py,,xfail,failed,[XPASS(strict)] ,6.437499541789293e-05
functional_correctness/generated_classes/GPT-o4/no_docstr/test_snippet_255.py::test_case_0,functional_correctness.generated_classes.GPT-o4.no_docstr.test_snippet_255,test_case_0,functional_correctness/generated_classes/GPT-o4/no_docstr/test_snippet_255.py,,,failed,TypeError: ConfigModule expects a dict,7.720792200416327e-05
functional_correctness/generated_classes/GPT-o4/no_docstr/test_snippet_255.py::test_case_1,functional_correctness.generated_classes.GPT-o4.no_docstr.test_snippet_255,test_case_1,functional_correctness/generated_classes/GPT-o4/no_docstr/test_snippet_255.py,,,failed,TypeError: ConfigModule expects a dict,6.912497337907553e-05
functional_correctness/generated_classes/GPT-o4/no_docstr/test_snippet_255.py::test_case_2,functional_correctness.generated_classes.GPT-o4.no_docstr.test_snippet_255,test_case_2,functional_correctness/generated_classes/GPT-o4/no_docstr/test_snippet_255.py,,xfail,xfailed,,6.066600326448679e-05
functional_correctness/generated_classes/GPT-o4/no_docstr/test_snippet_241.py::test_case_0,functional_correctness.generated_classes.GPT-o4.no_docstr.test_snippet_241,test_case_0,functional_correctness/generated_classes/GPT-o4/no_docstr/test_snippet_241.py,,xfail,xfailed,,6.674998439848423e-05
functional_correctness/generated_classes/GPT-o4/no_docstr/test_snippet_73.py::test_case_0,functional_correctness.generated_classes.GPT-o4.no_docstr.test_snippet_73,test_case_0,functional_correctness/generated_classes/GPT-o4/no_docstr/test_snippet_73.py,,xfail,xfailed,,0.0001940409420058
functional_correctness/generated_classes/GPT-o4/no_docstr/test_snippet_73.py::test_case_1,functional_correctness.generated_classes.GPT-o4.no_docstr.test_snippet_73,test_case_1,functional_correctness/generated_classes/GPT-o4/no_docstr/test_snippet_73.py,,,passed,,6.420793943107128e-05
functional_correctness/generated_classes/GPT-o4/no_docstr/test_snippet_73.py::test_case_2,functional_correctness.generated_classes.GPT-o4.no_docstr.test_snippet_73,test_case_2,functional_correctness/generated_classes/GPT-o4/no_docstr/test_snippet_73.py,,,passed,,5.5833952501416206e-05
functional_correctness/generated_classes/GPT-o4/no_docstr/test_snippet_73.py::test_case_3,functional_correctness.generated_classes.GPT-o4.no_docstr.test_snippet_73,test_case_3,functional_correctness/generated_classes/GPT-o4/no_docstr/test_snippet_73.py,,xfail,xfailed,,5.7416968047618866e-05
functional_correctness/generated_classes/GPT-o4/no_docstr/test_snippet_296.py::test_case_0,functional_correctness.generated_classes.GPT-o4.no_docstr.test_snippet_296,test_case_0,functional_correctness/generated_classes/GPT-o4/no_docstr/test_snippet_296.py,,xfail,xfailed,,0.0001031670253723
functional_correctness/generated_classes/GPT-o4/no_docstr/test_snippet_296.py::test_case_1,functional_correctness.generated_classes.GPT-o4.no_docstr.test_snippet_296,test_case_1,functional_correctness/generated_classes/GPT-o4/no_docstr/test_snippet_296.py,,xfail,xfailed,,9.374995715916155e-05
functional_correctness/generated_classes/GPT-o4/no_docstr/test_snippet_296.py::test_case_2,functional_correctness.generated_classes.GPT-o4.no_docstr.test_snippet_296,test_case_2,functional_correctness/generated_classes/GPT-o4/no_docstr/test_snippet_296.py,,xfail,xfailed,,6.312492769211531e-05
functional_correctness/generated_classes/GPT-o4/no_docstr/test_snippet_296.py::test_case_3,functional_correctness.generated_classes.GPT-o4.no_docstr.test_snippet_296,test_case_3,functional_correctness/generated_classes/GPT-o4/no_docstr/test_snippet_296.py,,xfail,xfailed,,6.170803681015968e-05
functional_correctness/generated_classes/GPT-o4/no_docstr/test_snippet_296.py::test_case_4,functional_correctness.generated_classes.GPT-o4.no_docstr.test_snippet_296,test_case_4,functional_correctness/generated_classes/GPT-o4/no_docstr/test_snippet_296.py,,xfail,xfailed,,9.366602171212436e-05
functional_correctness/generated_classes/GPT-o4/no_docstr/test_snippet_283.py::test_case_0,functional_correctness.generated_classes.GPT-o4.no_docstr.test_snippet_283,test_case_0,functional_correctness/generated_classes/GPT-o4/no_docstr/test_snippet_283.py,,,passed,,8.229096420109272e-05
functional_correctness/generated_classes/GPT-o4/no_docstr/test_snippet_283.py::test_case_1,functional_correctness.generated_classes.GPT-o4.no_docstr.test_snippet_283,test_case_1,functional_correctness/generated_classes/GPT-o4/no_docstr/test_snippet_283.py,,,passed,,6.741692777723074e-05
functional_correctness/generated_classes/GPT-o4/no_docstr/test_snippet_297.py::test_case_0,functional_correctness.generated_classes.GPT-o4.no_docstr.test_snippet_297,test_case_0,functional_correctness/generated_classes/GPT-o4/no_docstr/test_snippet_297.py,,,failed,AttributeError: 'bytes' object has no attribute 'user',7.229205220937729e-05
functional_correctness/generated_classes/GPT-o4/no_docstr/test_snippet_297.py::test_case_1,functional_correctness.generated_classes.GPT-o4.no_docstr.test_snippet_297,test_case_1,functional_correctness/generated_classes/GPT-o4/no_docstr/test_snippet_297.py,,xfail,xfailed,,6.162491627037525e-05
functional_correctness/generated_classes/GPT-o4/no_docstr/test_snippet_99.py::test_case_0,functional_correctness.generated_classes.GPT-o4.no_docstr.test_snippet_99,test_case_0,functional_correctness/generated_classes/GPT-o4/no_docstr/test_snippet_99.py,,xfail,xfailed,,6.895791739225388e-05
functional_correctness/generated_classes/GPT-o4/no_docstr/test_snippet_99.py::test_case_1,functional_correctness.generated_classes.GPT-o4.no_docstr.test_snippet_99,test_case_1,functional_correctness/generated_classes/GPT-o4/no_docstr/test_snippet_99.py,,xfail,xfailed,,6.129196844995022e-05
functional_correctness/generated_classes/GPT-o4/no_docstr/test_snippet_99.py::test_case_2,functional_correctness.generated_classes.GPT-o4.no_docstr.test_snippet_99,test_case_2,functional_correctness/generated_classes/GPT-o4/no_docstr/test_snippet_99.py,,,failed,AttributeError: 'VmDetailsCommand' object has no attribute 'timeout',5.825003609061241e-05
functional_correctness/generated_classes/GPT-o4/no_docstr/test_snippet_730.py::test_case_0,functional_correctness.generated_classes.GPT-o4.no_docstr.test_snippet_730,test_case_0,functional_correctness/generated_classes/GPT-o4/no_docstr/test_snippet_730.py,,xfail,xfailed,,7.141707465052605e-05
functional_correctness/generated_classes/GPT-o4/no_docstr/test_snippet_491.py::test_case_0,functional_correctness.generated_classes.GPT-o4.no_docstr.test_snippet_491,test_case_0,functional_correctness/generated_classes/GPT-o4/no_docstr/test_snippet_491.py,,xfail,xfailed,,6.858410779386759e-05
functional_correctness/generated_classes/GPT-o4/no_docstr/test_snippet_491.py::test_case_1,functional_correctness.generated_classes.GPT-o4.no_docstr.test_snippet_491,test_case_1,functional_correctness/generated_classes/GPT-o4/no_docstr/test_snippet_491.py,,xfail,xfailed,,6.437499541789293e-05
functional_correctness/generated_classes/GPT-o4/no_docstr/test_snippet_491.py::test_case_2,functional_correctness.generated_classes.GPT-o4.no_docstr.test_snippet_491,test_case_2,functional_correctness/generated_classes/GPT-o4/no_docstr/test_snippet_491.py,,xfail,xfailed,,5.504197906702757e-05
functional_correctness/generated_classes/GPT-o4/no_docstr/test_snippet_491.py::test_case_3,functional_correctness.generated_classes.GPT-o4.no_docstr.test_snippet_491,test_case_3,functional_correctness/generated_classes/GPT-o4/no_docstr/test_snippet_491.py,,,failed,NameError: name 'deque' is not defined,6.141699850559235e-05
functional_correctness/generated_classes/GPT-o4/no_docstr/test_snippet_491.py::test_case_4,functional_correctness.generated_classes.GPT-o4.no_docstr.test_snippet_491,test_case_4,functional_correctness/generated_classes/GPT-o4/no_docstr/test_snippet_491.py,,xfail,xfailed,,5.379202775657177e-05
functional_correctness/generated_classes/GPT-o4/no_docstr/test_snippet_491.py::test_case_5,functional_correctness.generated_classes.GPT-o4.no_docstr.test_snippet_491,test_case_5,functional_correctness/generated_classes/GPT-o4/no_docstr/test_snippet_491.py,,xfail,xfailed,,5.1749986596405506e-05
functional_correctness/generated_classes/GPT-o4/no_docstr/test_snippet_491.py::test_case_6,functional_correctness.generated_classes.GPT-o4.no_docstr.test_snippet_491,test_case_6,functional_correctness/generated_classes/GPT-o4/no_docstr/test_snippet_491.py,,xfail,xfailed,,5.149992648512125e-05
functional_correctness/generated_classes/GPT-o4/no_docstr/test_snippet_491.py::test_case_7,functional_correctness.generated_classes.GPT-o4.no_docstr.test_snippet_491,test_case_7,functional_correctness/generated_classes/GPT-o4/no_docstr/test_snippet_491.py,,xfail,xfailed,,6.129092071205378e-05
functional_correctness/generated_classes/GPT-o4/no_docstr/test_snippet_491.py::test_case_8,functional_correctness.generated_classes.GPT-o4.no_docstr.test_snippet_491,test_case_8,functional_correctness/generated_classes/GPT-o4/no_docstr/test_snippet_491.py,,xfail,xfailed,,5.262496415525675e-05
functional_correctness/generated_classes/GPT-o4/no_docstr/test_snippet_336.py::test_case_0,functional_correctness.generated_classes.GPT-o4.no_docstr.test_snippet_336,test_case_0,functional_correctness/generated_classes/GPT-o4/no_docstr/test_snippet_336.py,,xfail,xfailed,,7.112498860806227e-05
functional_correctness/generated_classes/GPT-o4/no_docstr/test_snippet_336.py::test_case_1,functional_correctness.generated_classes.GPT-o4.no_docstr.test_snippet_336,test_case_1,functional_correctness/generated_classes/GPT-o4/no_docstr/test_snippet_336.py,,xfail,xfailed,,6.450002547353506e-05
functional_correctness/generated_classes/GPT-o4/no_docstr/test_snippet_322.py::test_case_0,functional_correctness.generated_classes.GPT-o4.no_docstr.test_snippet_322,test_case_0,functional_correctness/generated_classes/GPT-o4/no_docstr/test_snippet_322.py,,,passed,,6.641692016273737e-05
functional_correctness/generated_classes/GPT-o4/no_docstr/test_snippet_322.py::test_case_1,functional_correctness.generated_classes.GPT-o4.no_docstr.test_snippet_322,test_case_1,functional_correctness/generated_classes/GPT-o4/no_docstr/test_snippet_322.py,,,passed,,5.020899698138237e-05
functional_correctness/generated_classes/GPT-o4/no_docstr/test_snippet_322.py::test_case_2,functional_correctness.generated_classes.GPT-o4.no_docstr.test_snippet_322,test_case_2,functional_correctness/generated_classes/GPT-o4/no_docstr/test_snippet_322.py,,,passed,,5.191692616790533e-05
functional_correctness/generated_classes/GPT-o4/no_docstr/test_snippet_493.py::test_case_0,functional_correctness.generated_classes.GPT-o4.no_docstr.test_snippet_493,test_case_0,functional_correctness/generated_classes/GPT-o4/no_docstr/test_snippet_493.py,,xfail,failed,[XPASS(strict)] ,5.4458039812743664e-05
functional_correctness/generated_classes/GPT-o4/no_docstr/test_snippet_108.py::test_case_0,functional_correctness.generated_classes.GPT-o4.no_docstr.test_snippet_108,test_case_0,functional_correctness/generated_classes/GPT-o4/no_docstr/test_snippet_108.py,,,passed,,6.375007797032595e-05
functional_correctness/generated_classes/GPT-o4/no_docstr/test_snippet_134.py::test_case_0,functional_correctness.generated_classes.GPT-o4.no_docstr.test_snippet_134,test_case_0,functional_correctness/generated_classes/GPT-o4/no_docstr/test_snippet_134.py,,xfail,failed,[XPASS(strict)] ,7.025001104921103e-05
functional_correctness/generated_classes/GPT-o4/no_docstr/test_snippet_134.py::test_case_1,functional_correctness.generated_classes.GPT-o4.no_docstr.test_snippet_134,test_case_1,functional_correctness/generated_classes/GPT-o4/no_docstr/test_snippet_134.py,,xfail,xfailed,,6.0125021263957024e-05
functional_correctness/generated_classes/GPT-o4/no_docstr/test_snippet_646.py::test_case_0,functional_correctness.generated_classes.GPT-o4.no_docstr.test_snippet_646,test_case_0,functional_correctness/generated_classes/GPT-o4/no_docstr/test_snippet_646.py,,,passed,,6.0875085182487965e-05
functional_correctness/generated_classes/GPT-o4/no_docstr/test_snippet_691.py::test_case_0,functional_correctness.generated_classes.GPT-o4.no_docstr.test_snippet_691,test_case_0,functional_correctness/generated_classes/GPT-o4/no_docstr/test_snippet_691.py,,,passed,,6.591703277081251e-05
functional_correctness/generated_classes/GPT-o4/no_docstr/test_snippet_685.py::test_case_0,functional_correctness.generated_classes.GPT-o4.no_docstr.test_snippet_685,test_case_0,functional_correctness/generated_classes/GPT-o4/no_docstr/test_snippet_685.py,,,passed,,6.404099985957146e-05
functional_correctness/generated_classes/GPT-o4/no_docstr/test_snippet_518.py::test_case_0,functional_correctness.generated_classes.GPT-o4.no_docstr.test_snippet_518,test_case_0,functional_correctness/generated_classes/GPT-o4/no_docstr/test_snippet_518.py,,xfail,xfailed,,6.816699169576168e-05
functional_correctness/generated_classes/GPT-o4/no_docstr/test_snippet_518.py::test_case_1,functional_correctness.generated_classes.GPT-o4.no_docstr.test_snippet_518,test_case_1,functional_correctness/generated_classes/GPT-o4/no_docstr/test_snippet_518.py,,,failed,TypeError: mask must be an integer,6.733299233019352e-05
functional_correctness/generated_classes/GPT-o4/no_docstr/test_snippet_518.py::test_case_2,functional_correctness.generated_classes.GPT-o4.no_docstr.test_snippet_518,test_case_2,functional_correctness/generated_classes/GPT-o4/no_docstr/test_snippet_518.py,,xfail,xfailed,,5.487492308020592e-05
functional_correctness/generated_classes/GPT-o4/no_docstr/test_snippet_518.py::test_case_3,functional_correctness.generated_classes.GPT-o4.no_docstr.test_snippet_518,test_case_3,functional_correctness/generated_classes/GPT-o4/no_docstr/test_snippet_518.py,,xfail,xfailed,,5.2292016334831715e-05
functional_correctness/generated_classes/GPT-o4/no_docstr/test_snippet_518.py::test_case_4,functional_correctness.generated_classes.GPT-o4.no_docstr.test_snippet_518,test_case_4,functional_correctness/generated_classes/GPT-o4/no_docstr/test_snippet_518.py,,xfail,xfailed,,5.6999968364834785e-05
functional_correctness/generated_classes/GPT-o4/no_docstr/test_snippet_242.py::test_case_0,functional_correctness.generated_classes.GPT-o4.no_docstr.test_snippet_242,test_case_0,functional_correctness/generated_classes/GPT-o4/no_docstr/test_snippet_242.py,,xfail,xfailed,,6.795802619308233e-05
functional_correctness/generated_classes/GPT-o4/no_docstr/test_snippet_242.py::test_case_1,functional_correctness.generated_classes.GPT-o4.no_docstr.test_snippet_242,test_case_1,functional_correctness/generated_classes/GPT-o4/no_docstr/test_snippet_242.py,,,failed,AttributeError: type object 'AnimationClip' has no attribute 'fps',6.89999433234334e-05
functional_correctness/generated_classes/GPT-o4/no_docstr/test_snippet_242.py::test_case_2,functional_correctness.generated_classes.GPT-o4.no_docstr.test_snippet_242,test_case_2,functional_correctness/generated_classes/GPT-o4/no_docstr/test_snippet_242.py,,xfail,xfailed,,6.1208033002913e-05
functional_correctness/generated_classes/GPT-o4/no_docstr/test_snippet_242.py::test_case_3,functional_correctness.generated_classes.GPT-o4.no_docstr.test_snippet_242,test_case_3,functional_correctness/generated_classes/GPT-o4/no_docstr/test_snippet_242.py,,xfail,xfailed,,5.8707897551357746e-05
functional_correctness/generated_classes/GPT-o4/no_docstr/test_snippet_242.py::test_case_4,functional_correctness.generated_classes.GPT-o4.no_docstr.test_snippet_242,test_case_4,functional_correctness/generated_classes/GPT-o4/no_docstr/test_snippet_242.py,,xfail,xfailed,,5.7666911743581295e-05
functional_correctness/generated_classes/GPT-o4/no_docstr/test_snippet_71.py::test_case_0,functional_correctness.generated_classes.GPT-o4.no_docstr.test_snippet_71,test_case_0,functional_correctness/generated_classes/GPT-o4/no_docstr/test_snippet_71.py,,,passed,,0.0001073749735951
functional_correctness/generated_classes/GPT-o4/no_docstr/test_snippet_519.py::test_case_0,functional_correctness.generated_classes.GPT-o4.no_docstr.test_snippet_519,test_case_0,functional_correctness/generated_classes/GPT-o4/no_docstr/test_snippet_519.py,,,failed,NameError: name 'Path' is not defined,8.483300916850567e-05
functional_correctness/generated_classes/GPT-o4/no_docstr/test_snippet_684.py::test_case_0,functional_correctness.generated_classes.GPT-o4.no_docstr.test_snippet_684,test_case_0,functional_correctness/generated_classes/GPT-o4/no_docstr/test_snippet_684.py,,,failed,NameError: name 'threading' is not defined,6.929202936589718e-05
functional_correctness/generated_classes/GPT-o4/no_docstr/test_snippet_684.py::test_case_1,functional_correctness.generated_classes.GPT-o4.no_docstr.test_snippet_684,test_case_1,functional_correctness/generated_classes/GPT-o4/no_docstr/test_snippet_684.py,,xfail,xfailed,,6.41669612377882e-05
functional_correctness/generated_classes/GPT-o4/no_docstr/test_snippet_690.py::test_case_0,functional_correctness.generated_classes.GPT-o4.no_docstr.test_snippet_690,test_case_0,functional_correctness/generated_classes/GPT-o4/no_docstr/test_snippet_690.py,,,failed,TypeError: reader must be callable,6.824999582022429e-05
functional_correctness/generated_classes/GPT-o4/no_docstr/test_snippet_690.py::test_case_1,functional_correctness.generated_classes.GPT-o4.no_docstr.test_snippet_690,test_case_1,functional_correctness/generated_classes/GPT-o4/no_docstr/test_snippet_690.py,,,failed,TypeError: reader must be callable,6.258301436901093e-05
functional_correctness/generated_classes/GPT-o4/no_docstr/test_snippet_653.py::test_case_0,functional_correctness.generated_classes.GPT-o4.no_docstr.test_snippet_653,test_case_0,functional_correctness/generated_classes/GPT-o4/no_docstr/test_snippet_653.py,,,failed,TypeError: gate must be a callable or a string name,0.0001377910375595
functional_correctness/generated_classes/GPT-o4/no_docstr/test_snippet_653.py::test_case_1,functional_correctness.generated_classes.GPT-o4.no_docstr.test_snippet_653,test_case_1,functional_correctness/generated_classes/GPT-o4/no_docstr/test_snippet_653.py,,xfail,xfailed,,7.254199590533972e-05
functional_correctness/generated_classes/GPT-o4/no_docstr/test_snippet_492.py::test_case_0,functional_correctness.generated_classes.GPT-o4.no_docstr.test_snippet_492,test_case_0,functional_correctness/generated_classes/GPT-o4/no_docstr/test_snippet_492.py,,,passed,,6.583298090845346e-05
functional_correctness/generated_classes/GPT-o4/no_docstr/test_snippet_337.py::test_case_0,functional_correctness.generated_classes.GPT-o4.no_docstr.test_snippet_337,test_case_0,functional_correctness/generated_classes/GPT-o4/no_docstr/test_snippet_337.py,,xfail,xfailed,,6.854103412479162e-05
functional_correctness/generated_classes/GPT-o4/no_docstr/test_snippet_337.py::test_case_1,functional_correctness.generated_classes.GPT-o4.no_docstr.test_snippet_337,test_case_1,functional_correctness/generated_classes/GPT-o4/no_docstr/test_snippet_337.py,,xfail,xfailed,,5.9458077885210514e-05
functional_correctness/generated_classes/GPT-o4/no_docstr/test_snippet_337.py::test_case_2,functional_correctness.generated_classes.GPT-o4.no_docstr.test_snippet_337,test_case_2,functional_correctness/generated_classes/GPT-o4/no_docstr/test_snippet_337.py,,,passed,,5.533290095627308e-05
functional_correctness/generated_classes/GPT-o4/no_docstr/test_snippet_451.py::test_case_0,functional_correctness.generated_classes.GPT-o4.no_docstr.test_snippet_451,test_case_0,functional_correctness/generated_classes/GPT-o4/no_docstr/test_snippet_451.py,,xfail,xfailed,,6.470794323831797e-05
functional_correctness/generated_classes/GPT-o4/no_docstr/test_snippet_451.py::test_case_1,functional_correctness.generated_classes.GPT-o4.no_docstr.test_snippet_451,test_case_1,functional_correctness/generated_classes/GPT-o4/no_docstr/test_snippet_451.py,,xfail,xfailed,,6.058404687792063e-05
functional_correctness/generated_classes/GPT-o4/no_docstr/test_snippet_451.py::test_case_2,functional_correctness.generated_classes.GPT-o4.no_docstr.test_snippet_451,test_case_2,functional_correctness/generated_classes/GPT-o4/no_docstr/test_snippet_451.py,,xfail,xfailed,,5.7415920309722424e-05
functional_correctness/generated_classes/GPT-o4/no_docstr/test_snippet_474.py::test_case_0,functional_correctness.generated_classes.GPT-o4.no_docstr.test_snippet_474,test_case_0,functional_correctness/generated_classes/GPT-o4/no_docstr/test_snippet_474.py,,,passed,,5.733396392315626e-05
functional_correctness/generated_classes/GPT-o4/no_docstr/test_snippet_474.py::test_case_1,functional_correctness.generated_classes.GPT-o4.no_docstr.test_snippet_474,test_case_1,functional_correctness/generated_classes/GPT-o4/no_docstr/test_snippet_474.py,,,passed,,5.3333002142608166e-05
functional_correctness/generated_classes/GPT-o4/no_docstr/test_snippet_460.py::test_case_0,functional_correctness.generated_classes.GPT-o4.no_docstr.test_snippet_460,test_case_0,functional_correctness/generated_classes/GPT-o4/no_docstr/test_snippet_460.py,,xfail,xfailed,,6.858306005597115e-05
functional_correctness/generated_classes/GPT-o4/no_docstr/test_snippet_460.py::test_case_1,functional_correctness.generated_classes.GPT-o4.no_docstr.test_snippet_460,test_case_1,functional_correctness/generated_classes/GPT-o4/no_docstr/test_snippet_460.py,,,failed,AttributeError: 'requirekwargs' object has no attribute 'required',6.704195402562618e-05
functional_correctness/generated_classes/GPT-o4/no_docstr/test_snippet_460.py::test_case_2,functional_correctness.generated_classes.GPT-o4.no_docstr.test_snippet_460,test_case_2,functional_correctness/generated_classes/GPT-o4/no_docstr/test_snippet_460.py,,,failed,TypeError: unhashable type: 'set',7.604202255606651e-05
functional_correctness/generated_classes/GPT-o4/no_docstr/test_snippet_104.py::test_case_0,functional_correctness.generated_classes.GPT-o4.no_docstr.test_snippet_104,test_case_0,functional_correctness/generated_classes/GPT-o4/no_docstr/test_snippet_104.py,,xfail,xfailed,,6.858399137854576e-05
functional_correctness/generated_classes/GPT-o4/no_docstr/test_snippet_702.py::test_case_0,functional_correctness.generated_classes.GPT-o4.no_docstr.test_snippet_702,test_case_0,functional_correctness/generated_classes/GPT-o4/no_docstr/test_snippet_702.py,,xfail,failed,[XPASS(strict)] ,5.5833952501416206e-05
functional_correctness/generated_classes/GPT-o4/no_docstr/test_snippet_702.py::test_case_1,functional_correctness.generated_classes.GPT-o4.no_docstr.test_snippet_702,test_case_1,functional_correctness/generated_classes/GPT-o4/no_docstr/test_snippet_702.py,,xfail,failed,[XPASS(strict)] ,4.641700070351362e-05
functional_correctness/generated_classes/GPT-o4/no_docstr/test_snippet_702.py::test_case_2,functional_correctness.generated_classes.GPT-o4.no_docstr.test_snippet_702,test_case_2,functional_correctness/generated_classes/GPT-o4/no_docstr/test_snippet_702.py,,xfail,failed,[XPASS(strict)] ,4.5459019020199776e-05
functional_correctness/generated_classes/GPT-o4/no_docstr/test_snippet_96.py::test_case_0,functional_correctness.generated_classes.GPT-o4.no_docstr.test_snippet_96,test_case_0,functional_correctness/generated_classes/GPT-o4/no_docstr/test_snippet_96.py,,xfail,failed,[XPASS(strict)] ,6.350001785904169e-05
functional_correctness/generated_classes/GPT-o4/no_docstr/test_snippet_111.py::test_case_0,functional_correctness.generated_classes.GPT-o4.no_docstr.test_snippet_111,test_case_0,functional_correctness/generated_classes/GPT-o4/no_docstr/test_snippet_111.py,,,failed,TypeError: unhashable type: 'dict',9.741703979671e-05
functional_correctness/generated_classes/GPT-o4/no_docstr/test_snippet_111.py::test_case_1,functional_correctness.generated_classes.GPT-o4.no_docstr.test_snippet_111,test_case_1,functional_correctness/generated_classes/GPT-o4/no_docstr/test_snippet_111.py,,xfail,xfailed,,6.604206282645464e-05
functional_correctness/generated_classes/GPT-o4/no_docstr/test_snippet_677.py::test_case_0,functional_correctness.generated_classes.GPT-o4.no_docstr.test_snippet_677,test_case_0,functional_correctness/generated_classes/GPT-o4/no_docstr/test_snippet_677.py,,xfail,xfailed,,7.433292921632528e-05
functional_correctness/generated_classes/GPT-o4/no_docstr/test_snippet_449.py::test_case_0,functional_correctness.generated_classes.GPT-o4.no_docstr.test_snippet_449,test_case_0,functional_correctness/generated_classes/GPT-o4/no_docstr/test_snippet_449.py,,xfail,failed,[XPASS(strict)] ,5.570799112319946e-05
functional_correctness/generated_classes/GPT-o4/no_docstr/test_snippet_313.py::test_case_0,functional_correctness.generated_classes.GPT-o4.no_docstr.test_snippet_313,test_case_0,functional_correctness/generated_classes/GPT-o4/no_docstr/test_snippet_313.py,,xfail,xfailed,,7.416692096740007e-05
functional_correctness/generated_classes/GPT-o4/no_docstr/test_snippet_313.py::test_case_1,functional_correctness.generated_classes.GPT-o4.no_docstr.test_snippet_313,test_case_1,functional_correctness/generated_classes/GPT-o4/no_docstr/test_snippet_313.py,,xfail,xfailed,,6.062490865588188e-05
functional_correctness/generated_classes/GPT-o4/no_docstr/test_snippet_305.py::test_case_0,functional_correctness.generated_classes.GPT-o4.no_docstr.test_snippet_305,test_case_0,functional_correctness/generated_classes/GPT-o4/no_docstr/test_snippet_305.py,,xfail,xfailed,,7.26659782230854e-05
functional_correctness/generated_classes/GPT-o4/no_docstr/test_snippet_305.py::test_case_1,functional_correctness.generated_classes.GPT-o4.no_docstr.test_snippet_305,test_case_1,functional_correctness/generated_classes/GPT-o4/no_docstr/test_snippet_305.py,,,passed,,5.833292379975319e-05
functional_correctness/generated_classes/GPT-o4/no_docstr/test_snippet_477.py::test_case_0,functional_correctness.generated_classes.GPT-o4.no_docstr.test_snippet_477,test_case_0,functional_correctness/generated_classes/GPT-o4/no_docstr/test_snippet_477.py,,xfail,xfailed,,6.78749056532979e-05
functional_correctness/generated_classes/GPT-o4/no_docstr/test_snippet_339.py::test_case_0,functional_correctness.generated_classes.GPT-o4.no_docstr.test_snippet_339,test_case_0,functional_correctness/generated_classes/GPT-o4/no_docstr/test_snippet_339.py,,,failed,TypeError: gssapi_factory must be callable,7.220800034701824e-05
functional_correctness/generated_classes/GPT-o4/no_docstr/test_snippet_488.py::test_case_0,functional_correctness.generated_classes.GPT-o4.no_docstr.test_snippet_488,test_case_0,functional_correctness/generated_classes/GPT-o4/no_docstr/test_snippet_488.py,,xfail,xfailed,,7.070798892527819e-05
functional_correctness/generated_classes/GPT-o4/no_docstr/test_snippet_488.py::test_case_1,functional_correctness.generated_classes.GPT-o4.no_docstr.test_snippet_488,test_case_1,functional_correctness/generated_classes/GPT-o4/no_docstr/test_snippet_488.py,,xfail,xfailed,,6.791704799979925e-05
functional_correctness/generated_classes/GPT-o4/no_docstr/test_snippet_488.py::test_case_2,functional_correctness.generated_classes.GPT-o4.no_docstr.test_snippet_488,test_case_2,functional_correctness/generated_classes/GPT-o4/no_docstr/test_snippet_488.py,,xfail,xfailed,,5.995796527713537e-05
functional_correctness/generated_classes/GPT-o4/no_docstr/test_snippet_488.py::test_case_3,functional_correctness.generated_classes.GPT-o4.no_docstr.test_snippet_488,test_case_3,functional_correctness/generated_classes/GPT-o4/no_docstr/test_snippet_488.py,,xfail,xfailed,,5.387491546571255e-05
functional_correctness/generated_classes/GPT-o4/no_docstr/test_snippet_488.py::test_case_4,functional_correctness.generated_classes.GPT-o4.no_docstr.test_snippet_488,test_case_4,functional_correctness/generated_classes/GPT-o4/no_docstr/test_snippet_488.py,,xfail,failed,[XPASS(strict)] ,5.216698627918959e-05
functional_correctness/generated_classes/GPT-o4/no_docstr/test_snippet_107.py::test_case_0,functional_correctness.generated_classes.GPT-o4.no_docstr.test_snippet_107,test_case_0,functional_correctness/generated_classes/GPT-o4/no_docstr/test_snippet_107.py,,xfail,xfailed,,8.270808029919863e-05
functional_correctness/generated_classes/GPT-o4/no_docstr/test_snippet_271.py::test_case_0,functional_correctness.generated_classes.GPT-o4.no_docstr.test_snippet_271,test_case_0,functional_correctness/generated_classes/GPT-o4/no_docstr/test_snippet_271.py,,xfail,xfailed,,6.824999582022429e-05
functional_correctness/generated_classes/GPT-o4/no_docstr/test_snippet_271.py::test_case_1,functional_correctness.generated_classes.GPT-o4.no_docstr.test_snippet_271,test_case_1,functional_correctness/generated_classes/GPT-o4/no_docstr/test_snippet_271.py,,,failed,AttributeError: type object 'PanelMetricsHelper' has no attribute 'FRONTEND_NAME_MAPPING',7.091707084327936e-05
functional_correctness/generated_classes/GPT-o4/no_docstr/test_snippet_271.py::test_case_2,functional_correctness.generated_classes.GPT-o4.no_docstr.test_snippet_271,test_case_2,functional_correctness/generated_classes/GPT-o4/no_docstr/test_snippet_271.py,,xfail,xfailed,,6.691692396998405e-05
functional_correctness/generated_classes/GPT-o4/no_docstr/test_snippet_271.py::test_case_3,functional_correctness.generated_classes.GPT-o4.no_docstr.test_snippet_271,test_case_3,functional_correctness/generated_classes/GPT-o4/no_docstr/test_snippet_271.py,,xfail,xfailed,,5.283404607325792e-05
functional_correctness/generated_classes/GPT-o4/no_docstr/test_snippet_271.py::test_case_4,functional_correctness.generated_classes.GPT-o4.no_docstr.test_snippet_271,test_case_4,functional_correctness/generated_classes/GPT-o4/no_docstr/test_snippet_271.py,,xfail,xfailed,,5.083298310637474e-05
functional_correctness/generated_classes/GPT-o4/no_docstr/test_snippet_271.py::test_case_5,functional_correctness.generated_classes.GPT-o4.no_docstr.test_snippet_271,test_case_5,functional_correctness/generated_classes/GPT-o4/no_docstr/test_snippet_271.py,,,failed,AttributeError: type object 'PanelMetricsHelper' has no attribute 'FRONTEND_NAME_MAPPING',7.458298932760954e-05
functional_correctness/generated_classes/GPT-o4/no_docstr/test_snippet_271.py::test_case_6,functional_correctness.generated_classes.GPT-o4.no_docstr.test_snippet_271,test_case_6,functional_correctness/generated_classes/GPT-o4/no_docstr/test_snippet_271.py,,xfail,xfailed,,5.8875069953501225e-05
functional_correctness/generated_classes/GPT-o4/no_docstr/test_snippet_271.py::test_case_7,functional_correctness.generated_classes.GPT-o4.no_docstr.test_snippet_271,test_case_7,functional_correctness/generated_classes/GPT-o4/no_docstr/test_snippet_271.py,,xfail,xfailed,,6.887491326779127e-05
functional_correctness/generated_classes/GPT-o4/no_docstr/test_snippet_271.py::test_case_8,functional_correctness.generated_classes.GPT-o4.no_docstr.test_snippet_271,test_case_8,functional_correctness/generated_classes/GPT-o4/no_docstr/test_snippet_271.py,,xfail,xfailed,,0.0001612500054761
functional_correctness/generated_classes/GPT-o4/no_docstr/test_snippet_94.py::test_case_0,functional_correctness.generated_classes.GPT-o4.no_docstr.test_snippet_94,test_case_0,functional_correctness/generated_classes/GPT-o4/no_docstr/test_snippet_94.py,,xfail,failed,[XPASS(strict)] ,5.808309651911259e-05
functional_correctness/generated_classes/GPT-o4/no_docstr/test_snippet_94.py::test_case_1,functional_correctness.generated_classes.GPT-o4.no_docstr.test_snippet_94,test_case_1,functional_correctness/generated_classes/GPT-o4/no_docstr/test_snippet_94.py,,,passed,,5.287502426654101e-05
functional_correctness/generated_classes/GPT-o4/no_docstr/test_snippet_94.py::test_case_2,functional_correctness.generated_classes.GPT-o4.no_docstr.test_snippet_94,test_case_2,functional_correctness/generated_classes/GPT-o4/no_docstr/test_snippet_94.py,,xfail,xfailed,,0.0001781670143827
functional_correctness/generated_classes/GPT-o4/no_docstr/test_snippet_94.py::test_case_3,functional_correctness.generated_classes.GPT-o4.no_docstr.test_snippet_94,test_case_3,functional_correctness/generated_classes/GPT-o4/no_docstr/test_snippet_94.py,,xfail,failed,[XPASS(strict)] ,5.64580550417304e-05
functional_correctness/generated_classes/GPT-o4/no_docstr/test_snippet_94.py::test_case_4,functional_correctness.generated_classes.GPT-o4.no_docstr.test_snippet_94,test_case_4,functional_correctness/generated_classes/GPT-o4/no_docstr/test_snippet_94.py,,xfail,xfailed,,6.312492769211531e-05
functional_correctness/generated_classes/GPT-o4/no_docstr/test_snippet_94.py::test_case_5,functional_correctness.generated_classes.GPT-o4.no_docstr.test_snippet_94,test_case_5,functional_correctness/generated_classes/GPT-o4/no_docstr/test_snippet_94.py,,xfail,xfailed,,5.604198668152094e-05
functional_correctness/generated_classes/GPT-o4/no_docstr/test_snippet_81.py::test_case_0,functional_correctness.generated_classes.GPT-o4.no_docstr.test_snippet_81,test_case_0,functional_correctness/generated_classes/GPT-o4/no_docstr/test_snippet_81.py,,,failed,AttributeError: 'ECP_response' object has no attribute 'content',7.804203778505325e-05
functional_correctness/generated_classes/GPT-o4/no_docstr/test_snippet_81.py::test_case_1,functional_correctness.generated_classes.GPT-o4.no_docstr.test_snippet_81,test_case_1,functional_correctness/generated_classes/GPT-o4/no_docstr/test_snippet_81.py,,xfail,xfailed,,6.908411160111427e-05
functional_correctness/generated_classes/GPT-o4/no_docstr/test_snippet_700.py::test_case_0,functional_correctness.generated_classes.GPT-o4.no_docstr.test_snippet_700,test_case_0,functional_correctness/generated_classes/GPT-o4/no_docstr/test_snippet_700.py,,,passed,,5.9582991525530815e-05
functional_correctness/generated_classes/GPT-o4/no_docstr/test_snippet_700.py::test_case_1,functional_correctness.generated_classes.GPT-o4.no_docstr.test_snippet_700,test_case_1,functional_correctness/generated_classes/GPT-o4/no_docstr/test_snippet_700.py,,xfail,failed,[XPASS(strict)] ,5.7750032283365726e-05
functional_correctness/generated_classes/GPT-o4/no_docstr/test_snippet_700.py::test_case_2,functional_correctness.generated_classes.GPT-o4.no_docstr.test_snippet_700,test_case_2,functional_correctness/generated_classes/GPT-o4/no_docstr/test_snippet_700.py,,xfail,xfailed,,0.0004297500709071
functional_correctness/generated_classes/GPT-o4/no_docstr/test_snippet_700.py::test_case_3,functional_correctness.generated_classes.GPT-o4.no_docstr.test_snippet_700,test_case_3,functional_correctness/generated_classes/GPT-o4/no_docstr/test_snippet_700.py,,xfail,xfailed,,5.620799493044615e-05
functional_correctness/generated_classes/GPT-o4/no_docstr/test_snippet_674.py::test_case_0,functional_correctness.generated_classes.GPT-o4.no_docstr.test_snippet_674,test_case_0,functional_correctness/generated_classes/GPT-o4/no_docstr/test_snippet_674.py,,,passed,,6.512505933642387e-05
functional_correctness/generated_classes/GPT-o4/no_docstr/test_snippet_674.py::test_case_1,functional_correctness.generated_classes.GPT-o4.no_docstr.test_snippet_674,test_case_1,functional_correctness/generated_classes/GPT-o4/no_docstr/test_snippet_674.py,,,passed,,5.066697485744953e-05
functional_correctness/generated_classes/GPT-o4/no_docstr/test_snippet_489.py::test_case_0,functional_correctness.generated_classes.GPT-o4.no_docstr.test_snippet_489,test_case_0,functional_correctness/generated_classes/GPT-o4/no_docstr/test_snippet_489.py,,,failed,TypeError: 'bool' object is not iterable,7.120892405509949e-05
functional_correctness/generated_classes/GPT-o4/no_docstr/test_snippet_489.py::test_case_1,functional_correctness.generated_classes.GPT-o4.no_docstr.test_snippet_489,test_case_1,functional_correctness/generated_classes/GPT-o4/no_docstr/test_snippet_489.py,,xfail,xfailed,,6.0125021263957024e-05
functional_correctness/generated_classes/GPT-o4/no_docstr/test_snippet_476.py::test_case_0,functional_correctness.generated_classes.GPT-o4.no_docstr.test_snippet_476,test_case_0,functional_correctness/generated_classes/GPT-o4/no_docstr/test_snippet_476.py,,xfail,xfailed,,6.816606037318707e-05
functional_correctness/generated_classes/GPT-o4/no_docstr/test_snippet_476.py::test_case_1,functional_correctness.generated_classes.GPT-o4.no_docstr.test_snippet_476,test_case_1,functional_correctness/generated_classes/GPT-o4/no_docstr/test_snippet_476.py,,xfail,xfailed,,6.308301817625761e-05
functional_correctness/generated_classes/GPT-o4/no_docstr/test_snippet_476.py::test_case_2,functional_correctness.generated_classes.GPT-o4.no_docstr.test_snippet_476,test_case_2,functional_correctness/generated_classes/GPT-o4/no_docstr/test_snippet_476.py,,,passed,,5.137501284480095e-05
functional_correctness/generated_classes/GPT-o4/no_docstr/test_snippet_314.py::test_case_0,functional_correctness.generated_classes.GPT-o4.no_docstr.test_snippet_314,test_case_0,functional_correctness/generated_classes/GPT-o4/no_docstr/test_snippet_314.py,,xfail,xfailed,,6.683403626084328e-05
functional_correctness/generated_classes/GPT-o4/no_docstr/test_snippet_314.py::test_case_1,functional_correctness.generated_classes.GPT-o4.no_docstr.test_snippet_314,test_case_1,functional_correctness/generated_classes/GPT-o4/no_docstr/test_snippet_314.py,,,passed,,5.9333979152143e-05
functional_correctness/generated_classes/GPT-o4/no_docstr/test_snippet_314.py::test_case_2,functional_correctness.generated_classes.GPT-o4.no_docstr.test_snippet_314,test_case_2,functional_correctness/generated_classes/GPT-o4/no_docstr/test_snippet_314.py,,xfail,xfailed,,5.870801396667957e-05
functional_correctness/generated_classes/GPT-o4/no_docstr/test_snippet_499.py::test_case_0,functional_correctness.generated_classes.GPT-o4.no_docstr.test_snippet_499,test_case_0,functional_correctness/generated_classes/GPT-o4/no_docstr/test_snippet_499.py,,,passed,,7.016700692474842e-05
functional_correctness/generated_classes/GPT-o4/no_docstr/test_snippet_499.py::test_case_1,functional_correctness.generated_classes.GPT-o4.no_docstr.test_snippet_499,test_case_1,functional_correctness/generated_classes/GPT-o4/no_docstr/test_snippet_499.py,,xfail,xfailed,,0.000175290973857
functional_correctness/generated_classes/GPT-o4/no_docstr/test_snippet_499.py::test_case_2,functional_correctness.generated_classes.GPT-o4.no_docstr.test_snippet_499,test_case_2,functional_correctness/generated_classes/GPT-o4/no_docstr/test_snippet_499.py,,xfail,xfailed,,8.287501987069845e-05
functional_correctness/generated_classes/GPT-o4/no_docstr/test_snippet_499.py::test_case_3,functional_correctness.generated_classes.GPT-o4.no_docstr.test_snippet_499,test_case_3,functional_correctness/generated_classes/GPT-o4/no_docstr/test_snippet_499.py,,,passed,,7.924996316432953e-05
functional_correctness/generated_classes/GPT-o4/no_docstr/test_snippet_102.py::test_case_0,functional_correctness.generated_classes.GPT-o4.no_docstr.test_snippet_102,test_case_0,functional_correctness/generated_classes/GPT-o4/no_docstr/test_snippet_102.py,,,failed,TypeError: duration must be a number,7.020891644060612e-05
functional_correctness/generated_classes/GPT-o4/no_docstr/test_snippet_670.py::test_case_0,functional_correctness.generated_classes.GPT-o4.no_docstr.test_snippet_670,test_case_0,functional_correctness/generated_classes/GPT-o4/no_docstr/test_snippet_670.py,,xfail,xfailed,,7.449998520314693e-05
functional_correctness/generated_classes/GPT-o4/no_docstr/test_snippet_670.py::test_case_1,functional_correctness.generated_classes.GPT-o4.no_docstr.test_snippet_670,test_case_1,functional_correctness/generated_classes/GPT-o4/no_docstr/test_snippet_670.py,,xfail,xfailed,,5.929195322096348e-05
functional_correctness/generated_classes/GPT-o4/no_docstr/test_snippet_670.py::test_case_2,functional_correctness.generated_classes.GPT-o4.no_docstr.test_snippet_670,test_case_2,functional_correctness/generated_classes/GPT-o4/no_docstr/test_snippet_670.py,,,failed,AttributeError: type object 'Trapezoidal_example_integrator' has no attribute 'with_jacobian',6.47080596536398e-05
functional_correctness/generated_classes/GPT-o4/no_docstr/test_snippet_512.py::test_case_0,functional_correctness.generated_classes.GPT-o4.no_docstr.test_snippet_512,test_case_0,functional_correctness/generated_classes/GPT-o4/no_docstr/test_snippet_512.py,,xfail,xfailed,,6.724998820573092e-05
functional_correctness/generated_classes/GPT-o4/no_docstr/test_snippet_249.py::test_case_0,functional_correctness.generated_classes.GPT-o4.no_docstr.test_snippet_249,test_case_0,functional_correctness/generated_classes/GPT-o4/no_docstr/test_snippet_249.py,,xfail,xfailed,,6.645801477134228e-05
functional_correctness/generated_classes/GPT-o4/no_docstr/test_snippet_249.py::test_case_1,functional_correctness.generated_classes.GPT-o4.no_docstr.test_snippet_249,test_case_1,functional_correctness/generated_classes/GPT-o4/no_docstr/test_snippet_249.py,,,failed,AttributeError: type object 'WorkItem' has no attribute 'args',6.666698027402163e-05
functional_correctness/generated_classes/GPT-o4/no_docstr/test_snippet_90.py::test_case_0,functional_correctness.generated_classes.GPT-o4.no_docstr.test_snippet_90,test_case_0,functional_correctness/generated_classes/GPT-o4/no_docstr/test_snippet_90.py,,xfail,xfailed,,7.195898797363043e-05
functional_correctness/generated_classes/GPT-o4/no_docstr/test_snippet_90.py::test_case_1,functional_correctness.generated_classes.GPT-o4.no_docstr.test_snippet_90,test_case_1,functional_correctness/generated_classes/GPT-o4/no_docstr/test_snippet_90.py,,xfail,xfailed,,6.0999998822808266e-05
functional_correctness/generated_classes/GPT-o4/no_docstr/test_snippet_90.py::test_case_2,functional_correctness.generated_classes.GPT-o4.no_docstr.test_snippet_90,test_case_2,functional_correctness/generated_classes/GPT-o4/no_docstr/test_snippet_90.py,,xfail,xfailed,,7.154198829084635e-05
functional_correctness/generated_classes/GPT-o4/no_docstr/test_snippet_739.py::test_case_0,functional_correctness.generated_classes.GPT-o4.no_docstr.test_snippet_739,test_case_0,functional_correctness/generated_classes/GPT-o4/no_docstr/test_snippet_739.py,,xfail,failed,[XPASS(strict)] ,5.75000885874033e-05
functional_correctness/generated_classes/GPT-o4/no_docstr/test_snippet_467.py::test_case_0,functional_correctness.generated_classes.GPT-o4.no_docstr.test_snippet_467,test_case_0,functional_correctness/generated_classes/GPT-o4/no_docstr/test_snippet_467.py,,xfail,xfailed,,7.808301597833633e-05
functional_correctness/generated_classes/GPT-o4/no_docstr/test_snippet_467.py::test_case_1,functional_correctness.generated_classes.GPT-o4.no_docstr.test_snippet_467,test_case_1,functional_correctness/generated_classes/GPT-o4/no_docstr/test_snippet_467.py,,,failed,TypeError: 'NoneType' object is not iterable,7.691700011491776e-05
functional_correctness/generated_classes/GPT-o4/no_docstr/test_snippet_467.py::test_case_2,functional_correctness.generated_classes.GPT-o4.no_docstr.test_snippet_467,test_case_2,functional_correctness/generated_classes/GPT-o4/no_docstr/test_snippet_467.py,,xfail,xfailed,,6.0875085182487965e-05
functional_correctness/generated_classes/GPT-o4/no_docstr/test_snippet_467.py::test_case_3,functional_correctness.generated_classes.GPT-o4.no_docstr.test_snippet_467,test_case_3,functional_correctness/generated_classes/GPT-o4/no_docstr/test_snippet_467.py,,xfail,xfailed,,5.970802158117294e-05
functional_correctness/generated_classes/GPT-o4/no_docstr/test_snippet_467.py::test_case_4,functional_correctness.generated_classes.GPT-o4.no_docstr.test_snippet_467,test_case_4,functional_correctness/generated_classes/GPT-o4/no_docstr/test_snippet_467.py,,xfail,xfailed,,5.3916010074317455e-05
functional_correctness/generated_classes/GPT-o4/no_docstr/test_snippet_467.py::test_case_5,functional_correctness.generated_classes.GPT-o4.no_docstr.test_snippet_467,test_case_5,functional_correctness/generated_classes/GPT-o4/no_docstr/test_snippet_467.py,,xfail,xfailed,,5.316699389368296e-05
functional_correctness/generated_classes/GPT-o4/no_docstr/test_snippet_467.py::test_case_6,functional_correctness.generated_classes.GPT-o4.no_docstr.test_snippet_467,test_case_6,functional_correctness/generated_classes/GPT-o4/no_docstr/test_snippet_467.py,,xfail,xfailed,,5.937507376074791e-05
functional_correctness/generated_classes/GPT-o4/no_docstr/test_snippet_459.py::test_case_0,functional_correctness.generated_classes.GPT-o4.no_docstr.test_snippet_459,test_case_0,functional_correctness/generated_classes/GPT-o4/no_docstr/test_snippet_459.py,,,passed,,6.24579843133688e-05
functional_correctness/generated_classes/GPT-o4/no_docstr/test_snippet_459.py::test_case_1,functional_correctness.generated_classes.GPT-o4.no_docstr.test_snippet_459,test_case_1,functional_correctness/generated_classes/GPT-o4/no_docstr/test_snippet_459.py,,,passed,,4.9208058044314384e-05
functional_correctness/generated_classes/GPT-o4/no_docstr/test_snippet_317.py::test_case_0,functional_correctness.generated_classes.GPT-o4.no_docstr.test_snippet_317,test_case_0,functional_correctness/generated_classes/GPT-o4/no_docstr/test_snippet_317.py,,,failed,ValueError: Invalid numeric value for semiminor radius: None,0.0001553329639136
functional_correctness/generated_classes/GPT-o4/no_docstr/test_snippet_317.py::test_case_1,functional_correctness.generated_classes.GPT-o4.no_docstr.test_snippet_317,test_case_1,functional_correctness/generated_classes/GPT-o4/no_docstr/test_snippet_317.py,,,failed,AttributeError: type object 'SemiMinorRadius' has no attribute 'proj4',6.612495053559542e-05
functional_correctness/generated_classes/GPT-o4/no_docstr/test_snippet_317.py::test_case_2,functional_correctness.generated_classes.GPT-o4.no_docstr.test_snippet_317,test_case_2,functional_correctness/generated_classes/GPT-o4/no_docstr/test_snippet_317.py,,xfail,xfailed,,5.495897494256496e-05
functional_correctness/generated_classes/GPT-o4/no_docstr/test_snippet_317.py::test_case_3,functional_correctness.generated_classes.GPT-o4.no_docstr.test_snippet_317,test_case_3,functional_correctness/generated_classes/GPT-o4/no_docstr/test_snippet_317.py,,,failed,ValueError: Invalid numeric value for semiminor radius: None,5.4750009439885616e-05
functional_correctness/generated_classes/GPT-o4/no_docstr/test_snippet_673.py::test_case_0,functional_correctness.generated_classes.GPT-o4.no_docstr.test_snippet_673,test_case_0,functional_correctness/generated_classes/GPT-o4/no_docstr/test_snippet_673.py,,xfail,xfailed,,6.895791739225388e-05
functional_correctness/generated_classes/GPT-o4/no_docstr/test_snippet_115.py::test_case_0,functional_correctness.generated_classes.GPT-o4.no_docstr.test_snippet_115,test_case_0,functional_correctness/generated_classes/GPT-o4/no_docstr/test_snippet_115.py,,xfail,failed,[XPASS(strict)] ,5.470798350870609e-05
functional_correctness/generated_classes/GPT-o4/no_docstr/test_snippet_115.py::test_case_1,functional_correctness.generated_classes.GPT-o4.no_docstr.test_snippet_115,test_case_1,functional_correctness/generated_classes/GPT-o4/no_docstr/test_snippet_115.py,,,passed,,5.4042087867856026e-05
functional_correctness/generated_classes/GPT-o4/no_docstr/test_snippet_713.py::test_case_0,functional_correctness.generated_classes.GPT-o4.no_docstr.test_snippet_713,test_case_0,functional_correctness/generated_classes/GPT-o4/no_docstr/test_snippet_713.py,,xfail,xfailed,,9.541702456772327e-05
functional_correctness/generated_classes/GPT-o4/no_docstr/test_snippet_706.py::test_case_0,functional_correctness.generated_classes.GPT-o4.no_docstr.test_snippet_706,test_case_0,functional_correctness/generated_classes/GPT-o4/no_docstr/test_snippet_706.py,,,failed,AttributeError: type object 'Database' has no attribute 'name',6.925000343471766e-05
functional_correctness/generated_classes/GPT-o4/no_docstr/test_snippet_706.py::test_case_1,functional_correctness.generated_classes.GPT-o4.no_docstr.test_snippet_706,test_case_1,functional_correctness/generated_classes/GPT-o4/no_docstr/test_snippet_706.py,,,failed,AttributeError: type object 'Database' has no attribute 'name',6.64170365780592e-05
functional_correctness/generated_classes/GPT-o4/no_docstr/test_snippet_706.py::test_case_2,functional_correctness.generated_classes.GPT-o4.no_docstr.test_snippet_706,test_case_2,functional_correctness/generated_classes/GPT-o4/no_docstr/test_snippet_706.py,,,failed,AttributeError: type object 'Database' has no attribute 'name',6.649992428719997e-05
functional_correctness/generated_classes/GPT-o4/no_docstr/test_snippet_706.py::test_case_3,functional_correctness.generated_classes.GPT-o4.no_docstr.test_snippet_706,test_case_3,functional_correctness/generated_classes/GPT-o4/no_docstr/test_snippet_706.py,,xfail,xfailed,,5.4625095799565315e-05
functional_correctness/generated_classes/GPT-o4/no_docstr/test_snippet_114.py::test_case_0,functional_correctness.generated_classes.GPT-o4.no_docstr.test_snippet_114,test_case_0,functional_correctness/generated_classes/GPT-o4/no_docstr/test_snippet_114.py,,xfail,xfailed,,6.670900620520115e-05
functional_correctness/generated_classes/GPT-o4/no_docstr/test_snippet_114.py::test_case_1,functional_correctness.generated_classes.GPT-o4.no_docstr.test_snippet_114,test_case_1,functional_correctness/generated_classes/GPT-o4/no_docstr/test_snippet_114.py,,xfail,xfailed,,6.820796988904476e-05
functional_correctness/generated_classes/GPT-o4/no_docstr/test_snippet_114.py::test_case_2,functional_correctness.generated_classes.GPT-o4.no_docstr.test_snippet_114,test_case_2,functional_correctness/generated_classes/GPT-o4/no_docstr/test_snippet_114.py,,xfail,xfailed,,6.033305544406176e-05
functional_correctness/generated_classes/GPT-o4/no_docstr/test_snippet_458.py::test_case_0,functional_correctness.generated_classes.GPT-o4.no_docstr.test_snippet_458,test_case_0,functional_correctness/generated_classes/GPT-o4/no_docstr/test_snippet_458.py,,xfail,xfailed,,7.199996616691351e-05
functional_correctness/generated_classes/GPT-o4/no_docstr/test_snippet_371.py::test_case_0,functional_correctness.generated_classes.GPT-o4.no_docstr.test_snippet_371,test_case_0,functional_correctness/generated_classes/GPT-o4/no_docstr/test_snippet_371.py,,,passed,,5.7416968047618866e-05
functional_correctness/generated_classes/GPT-o4/no_docstr/test_snippet_371.py::test_case_1,functional_correctness.generated_classes.GPT-o4.no_docstr.test_snippet_371,test_case_1,functional_correctness/generated_classes/GPT-o4/no_docstr/test_snippet_371.py,,xfail,xfailed,,6.966700311750174e-05
functional_correctness/generated_classes/GPT-o4/no_docstr/test_snippet_167.py::test_case_0,functional_correctness.generated_classes.GPT-o4.no_docstr.test_snippet_167,test_case_0,functional_correctness/generated_classes/GPT-o4/no_docstr/test_snippet_167.py,,,passed,,6.0416990891098976e-05
functional_correctness/generated_classes/GPT-o4/no_docstr/test_snippet_167.py::test_case_1,functional_correctness.generated_classes.GPT-o4.no_docstr.test_snippet_167,test_case_1,functional_correctness/generated_classes/GPT-o4/no_docstr/test_snippet_167.py,,xfail,xfailed,,6.795802619308233e-05
functional_correctness/generated_classes/GPT-o4/no_docstr/test_snippet_601.py::test_case_0,functional_correctness.generated_classes.GPT-o4.no_docstr.test_snippet_601,test_case_0,functional_correctness/generated_classes/GPT-o4/no_docstr/test_snippet_601.py,,xfail,xfailed,,7.087492849677801e-05
functional_correctness/generated_classes/GPT-o4/no_docstr/test_snippet_563.py::test_case_0,functional_correctness.generated_classes.GPT-o4.no_docstr.test_snippet_563,test_case_0,functional_correctness/generated_classes/GPT-o4/no_docstr/test_snippet_563.py,,,passed,,5.845900159329176e-05
functional_correctness/generated_classes/GPT-o4/no_docstr/test_snippet_563.py::test_case_1,functional_correctness.generated_classes.GPT-o4.no_docstr.test_snippet_563,test_case_1,functional_correctness/generated_classes/GPT-o4/no_docstr/test_snippet_563.py,,,failed,TypeError: 'NoneType' object is not callable,6.087496876716614e-05
functional_correctness/generated_classes/GPT-o4/no_docstr/test_snippet_577.py::test_case_0,functional_correctness.generated_classes.GPT-o4.no_docstr.test_snippet_577,test_case_0,functional_correctness/generated_classes/GPT-o4/no_docstr/test_snippet_577.py,,,passed,,5.720800254493952e-05
functional_correctness/generated_classes/GPT-o4/no_docstr/test_snippet_577.py::test_case_1,functional_correctness.generated_classes.GPT-o4.no_docstr.test_snippet_577,test_case_1,functional_correctness/generated_classes/GPT-o4/no_docstr/test_snippet_577.py,,xfail,xfailed,,6.224995013326406e-05
functional_correctness/generated_classes/GPT-o4/no_docstr/test_snippet_239.py::test_case_0,functional_correctness.generated_classes.GPT-o4.no_docstr.test_snippet_239,test_case_0,functional_correctness/generated_classes/GPT-o4/no_docstr/test_snippet_239.py,,,passed,,6.016704719513655e-05
functional_correctness/generated_classes/GPT-o4/no_docstr/test_snippet_37.py::test_case_0,functional_correctness.generated_classes.GPT-o4.no_docstr.test_snippet_37,test_case_0,functional_correctness/generated_classes/GPT-o4/no_docstr/test_snippet_37.py,,xfail,xfailed,,6.512505933642387e-05
functional_correctness/generated_classes/GPT-o4/no_docstr/test_snippet_37.py::test_case_1,functional_correctness.generated_classes.GPT-o4.no_docstr.test_snippet_37,test_case_1,functional_correctness/generated_classes/GPT-o4/no_docstr/test_snippet_37.py,,,passed,,6.0999998822808266e-05
functional_correctness/generated_classes/GPT-o4/no_docstr/test_snippet_37.py::test_case_2,functional_correctness.generated_classes.GPT-o4.no_docstr.test_snippet_37,test_case_2,functional_correctness/generated_classes/GPT-o4/no_docstr/test_snippet_37.py,,xfail,xfailed,,6.091699469834566e-05
functional_correctness/generated_classes/GPT-o4/no_docstr/test_snippet_37.py::test_case_3,functional_correctness.generated_classes.GPT-o4.no_docstr.test_snippet_37,test_case_3,functional_correctness/generated_classes/GPT-o4/no_docstr/test_snippet_37.py,,xfail,xfailed,,5.5582961067557335e-05
functional_correctness/generated_classes/GPT-o4/no_docstr/test_snippet_37.py::test_case_4,functional_correctness.generated_classes.GPT-o4.no_docstr.test_snippet_37,test_case_4,functional_correctness/generated_classes/GPT-o4/no_docstr/test_snippet_37.py,,xfail,failed,[XPASS(strict)] ,8.224998600780964e-05
functional_correctness/generated_classes/GPT-o4/no_docstr/test_snippet_576.py::test_case_0,functional_correctness.generated_classes.GPT-o4.no_docstr.test_snippet_576,test_case_0,functional_correctness/generated_classes/GPT-o4/no_docstr/test_snippet_576.py,,xfail,xfailed,,7.499998901039362e-05
functional_correctness/generated_classes/GPT-o4/no_docstr/test_snippet_402.py::test_case_0,functional_correctness.generated_classes.GPT-o4.no_docstr.test_snippet_402,test_case_0,functional_correctness/generated_classes/GPT-o4/no_docstr/test_snippet_402.py,,xfail,failed,[XPASS(strict)] ,5.949998740106821e-05
functional_correctness/generated_classes/GPT-o4/no_docstr/test_snippet_364.py::test_case_0,functional_correctness.generated_classes.GPT-o4.no_docstr.test_snippet_364,test_case_0,functional_correctness/generated_classes/GPT-o4/no_docstr/test_snippet_364.py,,xfail,failed,[XPASS(strict)] ,8.366699330508709e-05
functional_correctness/generated_classes/GPT-o4/no_docstr/test_snippet_416.py::test_case_0,functional_correctness.generated_classes.GPT-o4.no_docstr.test_snippet_416,test_case_0,functional_correctness/generated_classes/GPT-o4/no_docstr/test_snippet_416.py,,,failed,AttributeError: 'classproperty' object has no attribute 'getter',7.37080117687583e-05
functional_correctness/generated_classes/GPT-o4/no_docstr/test_snippet_416.py::test_case_1,functional_correctness.generated_classes.GPT-o4.no_docstr.test_snippet_416,test_case_1,functional_correctness/generated_classes/GPT-o4/no_docstr/test_snippet_416.py,,xfail,xfailed,,6.420898716896772e-05
functional_correctness/generated_classes/GPT-o4/no_docstr/test_snippet_366.py::test_case_0,functional_correctness.generated_classes.GPT-o4.no_docstr.test_snippet_366,test_case_0,functional_correctness/generated_classes/GPT-o4/no_docstr/test_snippet_366.py,,xfail,xfailed,,6.970798131078482e-05
functional_correctness/generated_classes/GPT-o4/no_docstr/test_snippet_372.py::test_case_0,functional_correctness.generated_classes.GPT-o4.no_docstr.test_snippet_372,test_case_0,functional_correctness/generated_classes/GPT-o4/no_docstr/test_snippet_372.py,,,failed,AttributeError: type object 'DatasetAddVariable' has no attribute 'param_names',0.0001356659922748
functional_correctness/generated_classes/GPT-o4/no_docstr/test_snippet_372.py::test_case_1,functional_correctness.generated_classes.GPT-o4.no_docstr.test_snippet_372,test_case_1,functional_correctness/generated_classes/GPT-o4/no_docstr/test_snippet_372.py,,xfail,xfailed,,5.812500603497029e-05
functional_correctness/generated_classes/GPT-o4/no_docstr/test_snippet_372.py::test_case_2,functional_correctness.generated_classes.GPT-o4.no_docstr.test_snippet_372,test_case_2,functional_correctness/generated_classes/GPT-o4/no_docstr/test_snippet_372.py,,xfail,xfailed,,5.950010381639004e-05
functional_correctness/generated_classes/GPT-o4/no_docstr/test_snippet_372.py::test_case_3,functional_correctness.generated_classes.GPT-o4.no_docstr.test_snippet_372,test_case_3,functional_correctness/generated_classes/GPT-o4/no_docstr/test_snippet_372.py,,xfail,xfailed,,5.095906089991331e-05
functional_correctness/generated_classes/GPT-o4/no_docstr/test_snippet_428.py::test_case_0,functional_correctness.generated_classes.GPT-o4.no_docstr.test_snippet_428,test_case_0,functional_correctness/generated_classes/GPT-o4/no_docstr/test_snippet_428.py,,xfail,xfailed,,6.712507456541061e-05
functional_correctness/generated_classes/GPT-o4/no_docstr/test_snippet_428.py::test_case_1,functional_correctness.generated_classes.GPT-o4.no_docstr.test_snippet_428,test_case_1,functional_correctness/generated_classes/GPT-o4/no_docstr/test_snippet_428.py,,xfail,xfailed,,6.454193498939276e-05
functional_correctness/generated_classes/GPT-o4/no_docstr/test_snippet_170.py::test_case_0,functional_correctness.generated_classes.GPT-o4.no_docstr.test_snippet_170,test_case_0,functional_correctness/generated_classes/GPT-o4/no_docstr/test_snippet_170.py,,xfail,xfailed,,0.0001460839994251
functional_correctness/generated_classes/GPT-o4/no_docstr/test_snippet_170.py::test_case_1,functional_correctness.generated_classes.GPT-o4.no_docstr.test_snippet_170,test_case_1,functional_correctness/generated_classes/GPT-o4/no_docstr/test_snippet_170.py,,,passed,,6.962497718632221e-05
functional_correctness/generated_classes/GPT-o4/no_docstr/test_snippet_170.py::test_case_2,functional_correctness.generated_classes.GPT-o4.no_docstr.test_snippet_170,test_case_2,functional_correctness/generated_classes/GPT-o4/no_docstr/test_snippet_170.py,,,failed,"AssertionError: assert '<NotSet>' == '<Value not set>'
  
  - <Value not set>
  + <NotSet>",0.0001752499956637
functional_correctness/generated_classes/GPT-o4/no_docstr/test_snippet_170.py::test_case_3,functional_correctness.generated_classes.GPT-o4.no_docstr.test_snippet_170,test_case_3,functional_correctness/generated_classes/GPT-o4/no_docstr/test_snippet_170.py,,xfail,xfailed,,0.0001381250331178
functional_correctness/generated_classes/GPT-o4/no_docstr/test_snippet_158.py::test_case_0,functional_correctness.generated_classes.GPT-o4.no_docstr.test_snippet_158,test_case_0,functional_correctness/generated_classes/GPT-o4/no_docstr/test_snippet_158.py,,xfail,xfailed,,6.512505933642387e-05
functional_correctness/generated_classes/GPT-o4/no_docstr/test_snippet_158.py::test_case_1,functional_correctness.generated_classes.GPT-o4.no_docstr.test_snippet_158,test_case_1,functional_correctness/generated_classes/GPT-o4/no_docstr/test_snippet_158.py,,xfail,xfailed,,6.491702515631914e-05
functional_correctness/generated_classes/GPT-o4/no_docstr/test_snippet_158.py::test_case_2,functional_correctness.generated_classes.GPT-o4.no_docstr.test_snippet_158,test_case_2,functional_correctness/generated_classes/GPT-o4/no_docstr/test_snippet_158.py,,xfail,xfailed,,6.133399438112974e-05
functional_correctness/generated_classes/GPT-o4/no_docstr/test_snippet_206.py::test_case_0,functional_correctness.generated_classes.GPT-o4.no_docstr.test_snippet_206,test_case_0,functional_correctness/generated_classes/GPT-o4/no_docstr/test_snippet_206.py,,,passed,,0.0001624999567866
functional_correctness/generated_classes/GPT-o4/no_docstr/test_snippet_561.py::test_case_0,functional_correctness.generated_classes.GPT-o4.no_docstr.test_snippet_561,test_case_0,functional_correctness/generated_classes/GPT-o4/no_docstr/test_snippet_561.py,,xfail,failed,[XPASS(strict)] ,5.745794624090195e-05
functional_correctness/generated_classes/GPT-o4/no_docstr/test_snippet_617.py::test_case_0,functional_correctness.generated_classes.GPT-o4.no_docstr.test_snippet_617,test_case_0,functional_correctness/generated_classes/GPT-o4/no_docstr/test_snippet_617.py,,xfail,xfailed,,6.870809011161327e-05
functional_correctness/generated_classes/GPT-o4/no_docstr/test_snippet_165.py::test_case_0,functional_correctness.generated_classes.GPT-o4.no_docstr.test_snippet_165,test_case_0,functional_correctness/generated_classes/GPT-o4/no_docstr/test_snippet_165.py,,,failed,NameError: name 'os' is not defined,7.874995935708284e-05
functional_correctness/generated_classes/GPT-o4/no_docstr/test_snippet_429.py::test_case_0,functional_correctness.generated_classes.GPT-o4.no_docstr.test_snippet_429,test_case_0,functional_correctness/generated_classes/GPT-o4/no_docstr/test_snippet_429.py,,,passed,,6.13329466432333e-05
functional_correctness/generated_classes/GPT-o4/no_docstr/test_snippet_415.py::test_case_0,functional_correctness.generated_classes.GPT-o4.no_docstr.test_snippet_415,test_case_0,functional_correctness/generated_classes/GPT-o4/no_docstr/test_snippet_415.py,,,failed,AttributeError: 'int' object has no attribute 'instance',7.520802319049835e-05
functional_correctness/generated_classes/GPT-o4/no_docstr/test_snippet_415.py::test_case_1,functional_correctness.generated_classes.GPT-o4.no_docstr.test_snippet_415,test_case_1,functional_correctness/generated_classes/GPT-o4/no_docstr/test_snippet_415.py,,,failed,AttributeError: 'int' object has no attribute 'instance',6.841705180704594e-05
functional_correctness/generated_classes/GPT-o4/no_docstr/test_snippet_415.py::test_case_2,functional_correctness.generated_classes.GPT-o4.no_docstr.test_snippet_415,test_case_2,functional_correctness/generated_classes/GPT-o4/no_docstr/test_snippet_415.py,,xfail,xfailed,,5.579192657023668e-05
functional_correctness/generated_classes/GPT-o4/no_docstr/test_snippet_405.py::test_case_0,functional_correctness.generated_classes.GPT-o4.no_docstr.test_snippet_405,test_case_0,functional_correctness/generated_classes/GPT-o4/no_docstr/test_snippet_405.py,,,failed,"AssertionError: assert 'Event(start_...nd_mark=None)' == 'Event()'
  
  - Event()
  + Event(start_mark=None, end_mark=None)",0.0001639999682083
functional_correctness/generated_classes/GPT-o4/no_docstr/test_snippet_161.py::test_case_0,functional_correctness.generated_classes.GPT-o4.no_docstr.test_snippet_161,test_case_0,functional_correctness/generated_classes/GPT-o4/no_docstr/test_snippet_161.py,,,passed,,0.0001218329416587
functional_correctness/generated_classes/GPT-o4/no_docstr/test_snippet_161.py::test_case_1,functional_correctness.generated_classes.GPT-o4.no_docstr.test_snippet_161,test_case_1,functional_correctness/generated_classes/GPT-o4/no_docstr/test_snippet_161.py,,xfail,xfailed,,6.400002166628838e-05
functional_correctness/generated_classes/GPT-o4/no_docstr/test_snippet_161.py::test_case_2,functional_correctness.generated_classes.GPT-o4.no_docstr.test_snippet_161,test_case_2,functional_correctness/generated_classes/GPT-o4/no_docstr/test_snippet_161.py,,xfail,xfailed,,5.620799493044615e-05
functional_correctness/generated_classes/GPT-o4/no_docstr/test_snippet_161.py::test_case_3,functional_correctness.generated_classes.GPT-o4.no_docstr.test_snippet_161,test_case_3,functional_correctness/generated_classes/GPT-o4/no_docstr/test_snippet_161.py,,xfail,xfailed,,8.525000885128975e-05
functional_correctness/generated_classes/GPT-o4/no_docstr/test_snippet_175.py::test_case_0,functional_correctness.generated_classes.GPT-o4.no_docstr.test_snippet_175,test_case_0,functional_correctness/generated_classes/GPT-o4/no_docstr/test_snippet_175.py,,,failed,AttributeError: type object 'GenericColumn' has no attribute 'col_type',8.470902685075998e-05
functional_correctness/generated_classes/GPT-o4/no_docstr/test_snippet_175.py::test_case_1,functional_correctness.generated_classes.GPT-o4.no_docstr.test_snippet_175,test_case_1,functional_correctness/generated_classes/GPT-o4/no_docstr/test_snippet_175.py,,xfail,xfailed,,8.775002788752317e-05
functional_correctness/generated_classes/GPT-o4/no_docstr/test_snippet_558.py::test_case_0,functional_correctness.generated_classes.GPT-o4.no_docstr.test_snippet_558,test_case_0,functional_correctness/generated_classes/GPT-o4/no_docstr/test_snippet_558.py,,xfail,xfailed,,7.566704880446196e-05
functional_correctness/generated_classes/GPT-o4/no_docstr/test_snippet_612.py::test_case_0,functional_correctness.generated_classes.GPT-o4.no_docstr.test_snippet_612,test_case_0,functional_correctness/generated_classes/GPT-o4/no_docstr/test_snippet_612.py,,,failed,NameError: name 'os' is not defined,7.254094816744328e-05
functional_correctness/generated_classes/GPT-o4/no_docstr/test_snippet_174.py::test_case_0,functional_correctness.generated_classes.GPT-o4.no_docstr.test_snippet_174,test_case_0,functional_correctness/generated_classes/GPT-o4/no_docstr/test_snippet_174.py,,xfail,xfailed,,0.0001540840603411
functional_correctness/generated_classes/GPT-o4/no_docstr/test_snippet_174.py::test_case_1,functional_correctness.generated_classes.GPT-o4.no_docstr.test_snippet_174,test_case_1,functional_correctness/generated_classes/GPT-o4/no_docstr/test_snippet_174.py,,xfail,xfailed,,6.920797750353813e-05
functional_correctness/generated_classes/GPT-o4/no_docstr/test_snippet_174.py::test_case_2,functional_correctness.generated_classes.GPT-o4.no_docstr.test_snippet_174,test_case_2,functional_correctness/generated_classes/GPT-o4/no_docstr/test_snippet_174.py,,xfail,xfailed,,6.0542020946741104e-05
functional_correctness/generated_classes/GPT-o4/no_docstr/test_snippet_174.py::test_case_3,functional_correctness.generated_classes.GPT-o4.no_docstr.test_snippet_174,test_case_3,functional_correctness/generated_classes/GPT-o4/no_docstr/test_snippet_174.py,,xfail,xfailed,,5.337502807378769e-05
functional_correctness/generated_classes/GPT-o4/no_docstr/test_snippet_404.py::test_case_0,functional_correctness.generated_classes.GPT-o4.no_docstr.test_snippet_404,test_case_0,functional_correctness/generated_classes/GPT-o4/no_docstr/test_snippet_404.py,,,failed,AttributeError: 'CollectionMixin' object has no attribute 'IsSynchronized',0.000144625082612
functional_correctness/generated_classes/GPT-o4/no_docstr/test_snippet_404.py::test_case_1,functional_correctness.generated_classes.GPT-o4.no_docstr.test_snippet_404,test_case_1,functional_correctness/generated_classes/GPT-o4/no_docstr/test_snippet_404.py,,xfail,xfailed,,6.3000014051795e-05
functional_correctness/generated_classes/GPT-o4/no_docstr/test_snippet_404.py::test_case_2,functional_correctness.generated_classes.GPT-o4.no_docstr.test_snippet_404,test_case_2,functional_correctness/generated_classes/GPT-o4/no_docstr/test_snippet_404.py,,xfail,xfailed,,5.7292054407298565e-05
functional_correctness/generated_classes/GPT-o4/no_docstr/test_snippet_404.py::test_case_3,functional_correctness.generated_classes.GPT-o4.no_docstr.test_snippet_404,test_case_3,functional_correctness/generated_classes/GPT-o4/no_docstr/test_snippet_404.py,,,failed,AttributeError: 'CollectionMixin' object has no attribute 'IsSynchronized',5.800009239464998e-05
functional_correctness/generated_classes/GPT-o4/no_docstr/test_snippet_362.py::test_case_0,functional_correctness.generated_classes.GPT-o4.no_docstr.test_snippet_362,test_case_0,functional_correctness/generated_classes/GPT-o4/no_docstr/test_snippet_362.py,,xfail,xfailed,,7.149996235966682e-05
functional_correctness/generated_classes/GPT-o4/no_docstr/test_snippet_362.py::test_case_1,functional_correctness.generated_classes.GPT-o4.no_docstr.test_snippet_362,test_case_1,functional_correctness/generated_classes/GPT-o4/no_docstr/test_snippet_362.py,,xfail,xfailed,,6.883300375193357e-05
functional_correctness/generated_classes/GPT-o4/no_docstr/test_snippet_362.py::test_case_2,functional_correctness.generated_classes.GPT-o4.no_docstr.test_snippet_362,test_case_2,functional_correctness/generated_classes/GPT-o4/no_docstr/test_snippet_362.py,,,failed,"assert 8 == 0
 +  where 8 = len(<snippet_362.SymbolForm object at 0x1047ccad0>)",0.000121625023894
functional_correctness/generated_classes/GPT-o4/no_docstr/test_snippet_438.py::test_case_0,functional_correctness.generated_classes.GPT-o4.no_docstr.test_snippet_438,test_case_0,functional_correctness/generated_classes/GPT-o4/no_docstr/test_snippet_438.py,,xfail,xfailed,,6.750004831701517e-05
functional_correctness/generated_classes/GPT-o4/no_docstr/test_snippet_438.py::test_case_1,functional_correctness.generated_classes.GPT-o4.no_docstr.test_snippet_438,test_case_1,functional_correctness/generated_classes/GPT-o4/no_docstr/test_snippet_438.py,,xfail,xfailed,,5.9165991842746735e-05
functional_correctness/generated_classes/GPT-o4/no_docstr/test_snippet_360.py::test_case_0,functional_correctness.generated_classes.GPT-o4.no_docstr.test_snippet_360,test_case_0,functional_correctness/generated_classes/GPT-o4/no_docstr/test_snippet_360.py,,xfail,xfailed,,0.0001268750056624
functional_correctness/generated_classes/GPT-o4/no_docstr/test_snippet_360.py::test_case_1,functional_correctness.generated_classes.GPT-o4.no_docstr.test_snippet_360,test_case_1,functional_correctness/generated_classes/GPT-o4/no_docstr/test_snippet_360.py,,,failed,NameError: name 'configparser' is not defined,6.77499920129776e-05
functional_correctness/generated_classes/GPT-o4/no_docstr/test_snippet_360.py::test_case_2,functional_correctness.generated_classes.GPT-o4.no_docstr.test_snippet_360,test_case_2,functional_correctness/generated_classes/GPT-o4/no_docstr/test_snippet_360.py,,,failed,NameError: name 'configparser' is not defined,6.066705100238323e-05
functional_correctness/generated_classes/GPT-o4/no_docstr/test_snippet_360.py::test_case_3,functional_correctness.generated_classes.GPT-o4.no_docstr.test_snippet_360,test_case_3,functional_correctness/generated_classes/GPT-o4/no_docstr/test_snippet_360.py,,,failed,NameError: name 'configparser' is not defined,5.77080063521862e-05
functional_correctness/generated_classes/GPT-o4/no_docstr/test_snippet_360.py::test_case_4,functional_correctness.generated_classes.GPT-o4.no_docstr.test_snippet_360,test_case_4,functional_correctness/generated_classes/GPT-o4/no_docstr/test_snippet_360.py,,,failed,NameError: name 'configparser' is not defined,5.870801396667957e-05
functional_correctness/generated_classes/GPT-o4/no_docstr/test_snippet_360.py::test_case_5,functional_correctness.generated_classes.GPT-o4.no_docstr.test_snippet_360,test_case_5,functional_correctness/generated_classes/GPT-o4/no_docstr/test_snippet_360.py,,xfail,xfailed,,4.92919934913516e-05
functional_correctness/generated_classes/GPT-o4/no_docstr/test_snippet_360.py::test_case_6,functional_correctness.generated_classes.GPT-o4.no_docstr.test_snippet_360,test_case_6,functional_correctness/generated_classes/GPT-o4/no_docstr/test_snippet_360.py,,,failed,NameError: name 'configparser' is not defined,5.7750032283365726e-05
functional_correctness/generated_classes/GPT-o4/no_docstr/test_snippet_406.py::test_case_0,functional_correctness.generated_classes.GPT-o4.no_docstr.test_snippet_406,test_case_0,functional_correctness/generated_classes/GPT-o4/no_docstr/test_snippet_406.py,,,failed,AttributeError: 'Aggregate' object has no attribute 'values',7.562502287328243e-05
functional_correctness/generated_classes/GPT-o4/no_docstr/test_snippet_406.py::test_case_1,functional_correctness.generated_classes.GPT-o4.no_docstr.test_snippet_406,test_case_1,functional_correctness/generated_classes/GPT-o4/no_docstr/test_snippet_406.py,,xfail,xfailed,,7.070903666317463e-05
functional_correctness/generated_classes/GPT-o4/no_docstr/test_snippet_406.py::test_case_2,functional_correctness.generated_classes.GPT-o4.no_docstr.test_snippet_406,test_case_2,functional_correctness/generated_classes/GPT-o4/no_docstr/test_snippet_406.py,,xfail,xfailed,,5.4875039495527744e-05
functional_correctness/generated_classes/GPT-o4/no_docstr/test_snippet_406.py::test_case_3,functional_correctness.generated_classes.GPT-o4.no_docstr.test_snippet_406,test_case_3,functional_correctness/generated_classes/GPT-o4/no_docstr/test_snippet_406.py,,,failed,AttributeError: 'Aggregate' object has no attribute 'values',5.5416952818632126e-05
functional_correctness/generated_classes/GPT-o4/no_docstr/test_snippet_406.py::test_case_4,functional_correctness.generated_classes.GPT-o4.no_docstr.test_snippet_406,test_case_4,functional_correctness/generated_classes/GPT-o4/no_docstr/test_snippet_406.py,,xfail,xfailed,,5.7165976613759995e-05
functional_correctness/generated_classes/GPT-o4/no_docstr/test_snippet_406.py::test_case_5,functional_correctness.generated_classes.GPT-o4.no_docstr.test_snippet_406,test_case_5,functional_correctness/generated_classes/GPT-o4/no_docstr/test_snippet_406.py,,,failed,AttributeError: 'Aggregate' object has no attribute 'values',5.841604433953762e-05
functional_correctness/generated_classes/GPT-o4/no_docstr/test_snippet_406.py::test_case_6,functional_correctness.generated_classes.GPT-o4.no_docstr.test_snippet_406,test_case_6,functional_correctness/generated_classes/GPT-o4/no_docstr/test_snippet_406.py,,,failed,AttributeError: 'Aggregate' object has no attribute 'values',9.533297270536424e-05
functional_correctness/generated_classes/GPT-o4/no_docstr/test_snippet_406.py::test_case_7,functional_correctness.generated_classes.GPT-o4.no_docstr.test_snippet_406,test_case_7,functional_correctness/generated_classes/GPT-o4/no_docstr/test_snippet_406.py,,xfail,xfailed,,6.758398376405239e-05
functional_correctness/generated_classes/GPT-o4/no_docstr/test_snippet_406.py::test_case_8,functional_correctness.generated_classes.GPT-o4.no_docstr.test_snippet_406,test_case_8,functional_correctness/generated_classes/GPT-o4/no_docstr/test_snippet_406.py,,,failed,AttributeError: 'Aggregate' object has no attribute 'values',5.41249755769968e-05
functional_correctness/generated_classes/GPT-o4/no_docstr/test_snippet_162.py::test_case_0,functional_correctness.generated_classes.GPT-o4.no_docstr.test_snippet_162,test_case_0,functional_correctness/generated_classes/GPT-o4/no_docstr/test_snippet_162.py,,xfail,xfailed,,7.033406291157007e-05
functional_correctness/generated_classes/GPT-o4/no_docstr/test_snippet_162.py::test_case_1,functional_correctness.generated_classes.GPT-o4.no_docstr.test_snippet_162,test_case_1,functional_correctness/generated_classes/GPT-o4/no_docstr/test_snippet_162.py,,,failed,AttributeError: type object 'RmcpMsg' has no attribute 'RMCP_HEADER_FORMAT',6.495800334960222e-05
functional_correctness/generated_classes/GPT-o4/no_docstr/test_snippet_189.py::test_case_0,functional_correctness.generated_classes.GPT-o4.no_docstr.test_snippet_189,test_case_0,functional_correctness/generated_classes/GPT-o4/no_docstr/test_snippet_189.py,,xfail,failed,[XPASS(strict)] ,5.76250022277236e-05
functional_correctness/generated_classes/GPT-o4/no_docstr/test_snippet_214.py::test_case_0,functional_correctness.generated_classes.GPT-o4.no_docstr.test_snippet_214,test_case_0,functional_correctness/generated_classes/GPT-o4/no_docstr/test_snippet_214.py,,,passed,,6.870797369629145e-05
functional_correctness/generated_classes/GPT-o4/no_docstr/test_snippet_214.py::test_case_1,functional_correctness.generated_classes.GPT-o4.no_docstr.test_snippet_214,test_case_1,functional_correctness/generated_classes/GPT-o4/no_docstr/test_snippet_214.py,,,passed,,5.583302117884159e-05
functional_correctness/generated_classes/GPT-o4/no_docstr/test_snippet_572.py::test_case_0,functional_correctness.generated_classes.GPT-o4.no_docstr.test_snippet_572,test_case_0,functional_correctness/generated_classes/GPT-o4/no_docstr/test_snippet_572.py,,xfail,xfailed,,7.720792200416327e-05
