id,module,name,file,doc,markers,status,message,duration
functional_correctness/generated_classes/GPT-o4/partial_docstr/test_snippet_436.py::test_case_0,functional_correctness.generated_classes.GPT-o4.partial_docstr.test_snippet_436,test_case_0,functional_correctness/generated_classes/GPT-o4/partial_docstr/test_snippet_436.py,,xfail,xfailed,,7.129099685698748e-05
functional_correctness/generated_classes/GPT-o4/partial_docstr/test_snippet_422.py::test_case_0,functional_correctness.generated_classes.GPT-o4.partial_docstr.test_snippet_422,test_case_0,functional_correctness/generated_classes/GPT-o4/partial_docstr/test_snippet_422.py,,xfail,xfailed,,6.808293983340263e-05
functional_correctness/generated_classes/GPT-o4/partial_docstr/test_snippet_393.py::test_case_0,functional_correctness.generated_classes.GPT-o4.partial_docstr.test_snippet_393,test_case_0,functional_correctness/generated_classes/GPT-o4/partial_docstr/test_snippet_393.py,,,failed,AttributeError: 'CombineDocsIntoDomains' object has no attribute 'term_doc_matrix',8.166697807610035e-05
functional_correctness/generated_classes/GPT-o4/partial_docstr/test_snippet_152.py::test_case_0,functional_correctness.generated_classes.GPT-o4.partial_docstr.test_snippet_152,test_case_0,functional_correctness/generated_classes/GPT-o4/partial_docstr/test_snippet_152.py,,,failed,"assert {} is None
 +  where {} = <snippet_152.ValidationErrorBuilder object at 0x106c48c90>.errors",0.0001134590711444
functional_correctness/generated_classes/GPT-o4/partial_docstr/test_snippet_152.py::test_case_1,functional_correctness.generated_classes.GPT-o4.partial_docstr.test_snippet_152,test_case_1,functional_correctness/generated_classes/GPT-o4/partial_docstr/test_snippet_152.py,,,failed,"assert {} is None
 +  where {} = <snippet_152.ValidationErrorBuilder object at 0x106c4f550>.errors",0.0001130419550463
functional_correctness/generated_classes/GPT-o4/partial_docstr/test_snippet_152.py::test_case_2,functional_correctness.generated_classes.GPT-o4.partial_docstr.test_snippet_152,test_case_2,functional_correctness/generated_classes/GPT-o4/partial_docstr/test_snippet_152.py,,xfail,xfailed,,9.312503971159458e-05
functional_correctness/generated_classes/GPT-o4/partial_docstr/test_snippet_152.py::test_case_3,functional_correctness.generated_classes.GPT-o4.partial_docstr.test_snippet_152,test_case_3,functional_correctness/generated_classes/GPT-o4/partial_docstr/test_snippet_152.py,,xfail,xfailed,,7.675006054341793e-05
functional_correctness/generated_classes/GPT-o4/partial_docstr/test_snippet_146.py::test_case_0,functional_correctness.generated_classes.GPT-o4.partial_docstr.test_snippet_146,test_case_0,functional_correctness/generated_classes/GPT-o4/partial_docstr/test_snippet_146.py,,xfail,xfailed,,7.19169620424509e-05
functional_correctness/generated_classes/GPT-o4/partial_docstr/test_snippet_146.py::test_case_1,functional_correctness.generated_classes.GPT-o4.partial_docstr.test_snippet_146,test_case_1,functional_correctness/generated_classes/GPT-o4/partial_docstr/test_snippet_146.py,,,passed,,6.570795085281134e-05
functional_correctness/generated_classes/GPT-o4/partial_docstr/test_snippet_146.py::test_case_2,functional_correctness.generated_classes.GPT-o4.partial_docstr.test_snippet_146,test_case_2,functional_correctness/generated_classes/GPT-o4/partial_docstr/test_snippet_146.py,,,passed,,4.8625050112605095e-05
functional_correctness/generated_classes/GPT-o4/partial_docstr/test_snippet_146.py::test_case_3,functional_correctness.generated_classes.GPT-o4.partial_docstr.test_snippet_146,test_case_3,functional_correctness/generated_classes/GPT-o4/partial_docstr/test_snippet_146.py,,,passed,,4.675006493926048e-05
functional_correctness/generated_classes/GPT-o4/partial_docstr/test_snippet_146.py::test_case_4,functional_correctness.generated_classes.GPT-o4.partial_docstr.test_snippet_146,test_case_4,functional_correctness/generated_classes/GPT-o4/partial_docstr/test_snippet_146.py,,xfail,xfailed,,5.841697566211224e-05
functional_correctness/generated_classes/GPT-o4/partial_docstr/test_snippet_146.py::test_case_5,functional_correctness.generated_classes.GPT-o4.partial_docstr.test_snippet_146,test_case_5,functional_correctness/generated_classes/GPT-o4/partial_docstr/test_snippet_146.py,,xfail,xfailed,,5.312508437782526e-05
functional_correctness/generated_classes/GPT-o4/partial_docstr/test_snippet_1.py::test_case_0,functional_correctness.generated_classes.GPT-o4.partial_docstr.test_snippet_1,test_case_0,functional_correctness/generated_classes/GPT-o4/partial_docstr/test_snippet_1.py,,xfail,xfailed,,0.0001387499505653
functional_correctness/generated_classes/GPT-o4/partial_docstr/test_snippet_1.py::test_case_1,functional_correctness.generated_classes.GPT-o4.partial_docstr.test_snippet_1,test_case_1,functional_correctness/generated_classes/GPT-o4/partial_docstr/test_snippet_1.py,,xfail,xfailed,,6.349990144371986e-05
functional_correctness/generated_classes/GPT-o4/partial_docstr/test_snippet_1.py::test_case_2,functional_correctness.generated_classes.GPT-o4.partial_docstr.test_snippet_1,test_case_2,functional_correctness/generated_classes/GPT-o4/partial_docstr/test_snippet_1.py,,xfail,xfailed,,5.508400499820709e-05
functional_correctness/generated_classes/GPT-o4/partial_docstr/test_snippet_1.py::test_case_3,functional_correctness.generated_classes.GPT-o4.partial_docstr.test_snippet_1,test_case_3,functional_correctness/generated_classes/GPT-o4/partial_docstr/test_snippet_1.py,,xfail,xfailed,,5.337491165846586e-05
functional_correctness/generated_classes/GPT-o4/partial_docstr/test_snippet_191.py::test_case_0,functional_correctness.generated_classes.GPT-o4.partial_docstr.test_snippet_191,test_case_0,functional_correctness/generated_classes/GPT-o4/partial_docstr/test_snippet_191.py,,xfail,xfailed,,6.745802238583565e-05
functional_correctness/generated_classes/GPT-o4/partial_docstr/test_snippet_807.py::test_case_0,functional_correctness.generated_classes.GPT-o4.partial_docstr.test_snippet_807,test_case_0,functional_correctness/generated_classes/GPT-o4/partial_docstr/test_snippet_807.py,,xfail,failed,[XPASS(strict)] ,5.737505853176117e-05
functional_correctness/generated_classes/GPT-o4/partial_docstr/test_snippet_740.py::test_case_0,functional_correctness.generated_classes.GPT-o4.partial_docstr.test_snippet_740,test_case_0,functional_correctness/generated_classes/GPT-o4/partial_docstr/test_snippet_740.py,,,failed,AttributeError: 'Callback' object has no attribute 'method',7.270800415426493e-05
functional_correctness/generated_classes/GPT-o4/partial_docstr/test_snippet_740.py::test_case_1,functional_correctness.generated_classes.GPT-o4.partial_docstr.test_snippet_740,test_case_1,functional_correctness/generated_classes/GPT-o4/partial_docstr/test_snippet_740.py,,xfail,xfailed,,6.008404307067394e-05
functional_correctness/generated_classes/GPT-o4/partial_docstr/test_snippet_556.py::test_case_0,functional_correctness.generated_classes.GPT-o4.partial_docstr.test_snippet_556,test_case_0,functional_correctness/generated_classes/GPT-o4/partial_docstr/test_snippet_556.py,,xfail,xfailed,,7.06670107319951e-05
functional_correctness/generated_classes/GPT-o4/partial_docstr/test_snippet_581.py::test_case_0,functional_correctness.generated_classes.GPT-o4.partial_docstr.test_snippet_581,test_case_0,functional_correctness/generated_classes/GPT-o4/partial_docstr/test_snippet_581.py,,xfail,failed,[XPASS(strict)] ,6.25409884378314e-05
functional_correctness/generated_classes/GPT-o4/partial_docstr/test_snippet_594.py::test_case_0,functional_correctness.generated_classes.GPT-o4.partial_docstr.test_snippet_594,test_case_0,functional_correctness/generated_classes/GPT-o4/partial_docstr/test_snippet_594.py,,,passed,,5.854200571775437e-05
functional_correctness/generated_classes/GPT-o4/partial_docstr/test_snippet_594.py::test_case_1,functional_correctness.generated_classes.GPT-o4.partial_docstr.test_snippet_594,test_case_1,functional_correctness/generated_classes/GPT-o4/partial_docstr/test_snippet_594.py,,xfail,xfailed,,5.962501745671034e-05
functional_correctness/generated_classes/GPT-o4/partial_docstr/test_snippet_231.py::test_case_0,functional_correctness.generated_classes.GPT-o4.partial_docstr.test_snippet_231,test_case_0,functional_correctness/generated_classes/GPT-o4/partial_docstr/test_snippet_231.py,,,passed,,6.3000014051795e-05
functional_correctness/generated_classes/GPT-o4/partial_docstr/test_snippet_231.py::test_case_1,functional_correctness.generated_classes.GPT-o4.partial_docstr.test_snippet_231,test_case_1,functional_correctness/generated_classes/GPT-o4/partial_docstr/test_snippet_231.py,,xfail,xfailed,,6.179208867251873e-05
functional_correctness/generated_classes/GPT-o4/partial_docstr/test_snippet_782.py::test_case_0,functional_correctness.generated_classes.GPT-o4.partial_docstr.test_snippet_782,test_case_0,functional_correctness/generated_classes/GPT-o4/partial_docstr/test_snippet_782.py,,,failed,AttributeError: type object 'HelpMsgMixIn' has no attribute 'help_msg',7.683306466788054e-05
functional_correctness/generated_classes/GPT-o4/partial_docstr/test_snippet_782.py::test_case_1,functional_correctness.generated_classes.GPT-o4.partial_docstr.test_snippet_782,test_case_1,functional_correctness/generated_classes/GPT-o4/partial_docstr/test_snippet_782.py,,,failed,AttributeError: type object 'HelpMsgMixIn' has no attribute 'help_msg',7.562502287328243e-05
functional_correctness/generated_classes/GPT-o4/partial_docstr/test_snippet_379.py::test_case_0,functional_correctness.generated_classes.GPT-o4.partial_docstr.test_snippet_379,test_case_0,functional_correctness/generated_classes/GPT-o4/partial_docstr/test_snippet_379.py,,,passed,,6.308394949883223e-05
functional_correctness/generated_classes/GPT-o4/partial_docstr/test_snippet_423.py::test_case_0,functional_correctness.generated_classes.GPT-o4.partial_docstr.test_snippet_423,test_case_0,functional_correctness/generated_classes/GPT-o4/partial_docstr/test_snippet_423.py,,xfail,xfailed,,6.824999582022429e-05
functional_correctness/generated_classes/GPT-o4/partial_docstr/test_snippet_345.py::test_case_0,functional_correctness.generated_classes.GPT-o4.partial_docstr.test_snippet_345,test_case_0,functional_correctness/generated_classes/GPT-o4/partial_docstr/test_snippet_345.py,,,passed,,6.420793943107128e-05
functional_correctness/generated_classes/GPT-o4/partial_docstr/test_snippet_345.py::test_case_1,functional_correctness.generated_classes.GPT-o4.partial_docstr.test_snippet_345,test_case_1,functional_correctness/generated_classes/GPT-o4/partial_docstr/test_snippet_345.py,,,failed,Failed: DID NOT RAISE <class 'Exception'>,7.145898416638374e-05
functional_correctness/generated_classes/GPT-o4/partial_docstr/test_snippet_437.py::test_case_0,functional_correctness.generated_classes.GPT-o4.partial_docstr.test_snippet_437,test_case_0,functional_correctness/generated_classes/GPT-o4/partial_docstr/test_snippet_437.py,,xfail,xfailed,,7.387495134025812e-05
functional_correctness/generated_classes/GPT-o4/partial_docstr/test_snippet_623.py::test_case_0,functional_correctness.generated_classes.GPT-o4.partial_docstr.test_snippet_623,test_case_0,functional_correctness/generated_classes/GPT-o4/partial_docstr/test_snippet_623.py,,,failed,AttributeError: 'InstrumentField' object has no attribute 'InstrumentID',7.308309432119131e-05
functional_correctness/generated_classes/GPT-o4/partial_docstr/test_snippet_623.py::test_case_1,functional_correctness.generated_classes.GPT-o4.partial_docstr.test_snippet_623,test_case_1,functional_correctness/generated_classes/GPT-o4/partial_docstr/test_snippet_623.py,,,failed,AttributeError: 'InstrumentField' object has no attribute 'InstrumentID',7.362500764429569e-05
functional_correctness/generated_classes/GPT-o4/partial_docstr/test_snippet_757.py::test_case_0,functional_correctness.generated_classes.GPT-o4.partial_docstr.test_snippet_757,test_case_0,functional_correctness/generated_classes/GPT-o4/partial_docstr/test_snippet_757.py,,xfail,xfailed,,6.670900620520115e-05
functional_correctness/generated_classes/GPT-o4/partial_docstr/test_snippet_757.py::test_case_1,functional_correctness.generated_classes.GPT-o4.partial_docstr.test_snippet_757,test_case_1,functional_correctness/generated_classes/GPT-o4/partial_docstr/test_snippet_757.py,,,failed,ValueError: Missing or invalid URI parameter: cpc-id,7.929198909550905e-05
functional_correctness/generated_classes/GPT-o4/partial_docstr/test_snippet_757.py::test_case_2,functional_correctness.generated_classes.GPT-o4.partial_docstr.test_snippet_757,test_case_2,functional_correctness/generated_classes/GPT-o4/partial_docstr/test_snippet_757.py,,,passed,,5.8292062021791935e-05
functional_correctness/generated_classes/GPT-o4/partial_docstr/test_snippet_743.py::test_case_0,functional_correctness.generated_classes.GPT-o4.partial_docstr.test_snippet_743,test_case_0,functional_correctness/generated_classes/GPT-o4/partial_docstr/test_snippet_743.py,,,passed,,5.854188930243254e-05
functional_correctness/generated_classes/GPT-o4/partial_docstr/test_snippet_743.py::test_case_1,functional_correctness.generated_classes.GPT-o4.partial_docstr.test_snippet_743,test_case_1,functional_correctness/generated_classes/GPT-o4/partial_docstr/test_snippet_743.py,,xfail,xfailed,,5.779205821454525e-05
functional_correctness/generated_classes/GPT-o4/partial_docstr/test_snippet_555.py::test_case_0,functional_correctness.generated_classes.GPT-o4.partial_docstr.test_snippet_555,test_case_0,functional_correctness/generated_classes/GPT-o4/partial_docstr/test_snippet_555.py,,xfail,xfailed,,7.045792881399393e-05
functional_correctness/generated_classes/GPT-o4/partial_docstr/test_snippet_742.py::test_case_0,functional_correctness.generated_classes.GPT-o4.partial_docstr.test_snippet_742,test_case_0,functional_correctness/generated_classes/GPT-o4/partial_docstr/test_snippet_742.py,,xfail,failed,[XPASS(strict)] ,6.0542020946741104e-05
functional_correctness/generated_classes/GPT-o4/partial_docstr/test_snippet_193.py::test_case_0,functional_correctness.generated_classes.GPT-o4.partial_docstr.test_snippet_193,test_case_0,functional_correctness/generated_classes/GPT-o4/partial_docstr/test_snippet_193.py,,xfail,xfailed,,0.0001343329204246
functional_correctness/generated_classes/GPT-o4/partial_docstr/test_snippet_193.py::test_case_1,functional_correctness.generated_classes.GPT-o4.partial_docstr.test_snippet_193,test_case_1,functional_correctness/generated_classes/GPT-o4/partial_docstr/test_snippet_193.py,,xfail,xfailed,,6.783404387533665e-05
functional_correctness/generated_classes/GPT-o4/partial_docstr/test_snippet_193.py::test_case_2,functional_correctness.generated_classes.GPT-o4.partial_docstr.test_snippet_193,test_case_2,functional_correctness/generated_classes/GPT-o4/partial_docstr/test_snippet_193.py,,xfail,xfailed,,6.116693839430809e-05
functional_correctness/generated_classes/GPT-o4/partial_docstr/test_snippet_193.py::test_case_3,functional_correctness.generated_classes.GPT-o4.partial_docstr.test_snippet_193,test_case_3,functional_correctness/generated_classes/GPT-o4/partial_docstr/test_snippet_193.py,,xfail,xfailed,,5.579204298555851e-05
functional_correctness/generated_classes/GPT-o4/partial_docstr/test_snippet_193.py::test_case_4,functional_correctness.generated_classes.GPT-o4.partial_docstr.test_snippet_193,test_case_4,functional_correctness/generated_classes/GPT-o4/partial_docstr/test_snippet_193.py,,xfail,xfailed,,5.179201252758503e-05
functional_correctness/generated_classes/GPT-o4/partial_docstr/test_snippet_636.py::test_case_0,functional_correctness.generated_classes.GPT-o4.partial_docstr.test_snippet_636,test_case_0,functional_correctness/generated_classes/GPT-o4/partial_docstr/test_snippet_636.py,,xfail,xfailed,,6.833299994468689e-05
functional_correctness/generated_classes/GPT-o4/partial_docstr/test_snippet_636.py::test_case_1,functional_correctness.generated_classes.GPT-o4.partial_docstr.test_snippet_636,test_case_1,functional_correctness/generated_classes/GPT-o4/partial_docstr/test_snippet_636.py,,xfail,xfailed,,6.733299233019352e-05
functional_correctness/generated_classes/GPT-o4/partial_docstr/test_snippet_636.py::test_case_2,functional_correctness.generated_classes.GPT-o4.partial_docstr.test_snippet_636,test_case_2,functional_correctness/generated_classes/GPT-o4/partial_docstr/test_snippet_636.py,,,failed,AttributeError: '_X509extlist' object has no attribute 'cert',6.0542020946741104e-05
functional_correctness/generated_classes/GPT-o4/partial_docstr/test_snippet_622.py::test_case_0,functional_correctness.generated_classes.GPT-o4.partial_docstr.test_snippet_622,test_case_0,functional_correctness/generated_classes/GPT-o4/partial_docstr/test_snippet_622.py,,,failed,TypeError: 'set' object is not subscriptable,7.750000804662704e-05
functional_correctness/generated_classes/GPT-o4/partial_docstr/test_snippet_622.py::test_case_1,functional_correctness.generated_classes.GPT-o4.partial_docstr.test_snippet_622,test_case_1,functional_correctness/generated_classes/GPT-o4/partial_docstr/test_snippet_622.py,,xfail,xfailed,,7.704098243266344e-05
functional_correctness/generated_classes/GPT-o4/partial_docstr/test_snippet_144.py::test_case_0,functional_correctness.generated_classes.GPT-o4.partial_docstr.test_snippet_144,test_case_0,functional_correctness/generated_classes/GPT-o4/partial_docstr/test_snippet_144.py,,xfail,xfailed,,0.0001449580304324
functional_correctness/generated_classes/GPT-o4/partial_docstr/test_snippet_144.py::test_case_1,functional_correctness.generated_classes.GPT-o4.partial_docstr.test_snippet_144,test_case_1,functional_correctness/generated_classes/GPT-o4/partial_docstr/test_snippet_144.py,,xfail,xfailed,,6.454193498939276e-05
functional_correctness/generated_classes/GPT-o4/partial_docstr/test_snippet_144.py::test_case_2,functional_correctness.generated_classes.GPT-o4.partial_docstr.test_snippet_144,test_case_2,functional_correctness/generated_classes/GPT-o4/partial_docstr/test_snippet_144.py,,xfail,xfailed,,5.587493069469929e-05
functional_correctness/generated_classes/GPT-o4/partial_docstr/test_snippet_144.py::test_case_3,functional_correctness.generated_classes.GPT-o4.partial_docstr.test_snippet_144,test_case_3,functional_correctness/generated_classes/GPT-o4/partial_docstr/test_snippet_144.py,,xfail,xfailed,,5.36659499630332e-05
functional_correctness/generated_classes/GPT-o4/partial_docstr/test_snippet_144.py::test_case_4,functional_correctness.generated_classes.GPT-o4.partial_docstr.test_snippet_144,test_case_4,functional_correctness/generated_classes/GPT-o4/partial_docstr/test_snippet_144.py,,,passed,,4.666706081479788e-05
functional_correctness/generated_classes/GPT-o4/partial_docstr/test_snippet_346.py::test_case_0,functional_correctness.generated_classes.GPT-o4.partial_docstr.test_snippet_346,test_case_0,functional_correctness/generated_classes/GPT-o4/partial_docstr/test_snippet_346.py,,xfail,xfailed,,7.004197686910629e-05
functional_correctness/generated_classes/GPT-o4/partial_docstr/test_snippet_420.py::test_case_0,functional_correctness.generated_classes.GPT-o4.partial_docstr.test_snippet_420,test_case_0,functional_correctness/generated_classes/GPT-o4/partial_docstr/test_snippet_420.py,,,failed,NameError: name 'np' is not defined,7.241708226501942e-05
functional_correctness/generated_classes/GPT-o4/partial_docstr/test_snippet_420.py::test_case_1,functional_correctness.generated_classes.GPT-o4.partial_docstr.test_snippet_420,test_case_1,functional_correctness/generated_classes/GPT-o4/partial_docstr/test_snippet_420.py,,,failed,NameError: name 'np' is not defined,6.574997678399086e-05
functional_correctness/generated_classes/GPT-o4/partial_docstr/test_snippet_420.py::test_case_2,functional_correctness.generated_classes.GPT-o4.partial_docstr.test_snippet_420,test_case_2,functional_correctness/generated_classes/GPT-o4/partial_docstr/test_snippet_420.py,,xfail,xfailed,,5.4333009757101536e-05
functional_correctness/generated_classes/GPT-o4/partial_docstr/test_snippet_342.py::test_case_0,functional_correctness.generated_classes.GPT-o4.partial_docstr.test_snippet_342,test_case_0,functional_correctness/generated_classes/GPT-o4/partial_docstr/test_snippet_342.py,,xfail,xfailed,,7.31669133529067e-05
functional_correctness/generated_classes/GPT-o4/partial_docstr/test_snippet_356.py::test_case_0,functional_correctness.generated_classes.GPT-o4.partial_docstr.test_snippet_356,test_case_0,functional_correctness/generated_classes/GPT-o4/partial_docstr/test_snippet_356.py,,xfail,xfailed,,7.283396553248167e-05
functional_correctness/generated_classes/GPT-o4/partial_docstr/test_snippet_626.py::test_case_0,functional_correctness.generated_classes.GPT-o4.partial_docstr.test_snippet_626,test_case_0,functional_correctness/generated_classes/GPT-o4/partial_docstr/test_snippet_626.py,,xfail,xfailed,,0.000103999977
functional_correctness/generated_classes/GPT-o4/partial_docstr/test_snippet_626.py::test_case_1,functional_correctness.generated_classes.GPT-o4.partial_docstr.test_snippet_626,test_case_1,functional_correctness/generated_classes/GPT-o4/partial_docstr/test_snippet_626.py,,xfail,xfailed,,6.88750296831131e-05
functional_correctness/generated_classes/GPT-o4/partial_docstr/test_snippet_626.py::test_case_2,functional_correctness.generated_classes.GPT-o4.partial_docstr.test_snippet_626,test_case_2,functional_correctness/generated_classes/GPT-o4/partial_docstr/test_snippet_626.py,,,failed,"TypeError: attribute name must be string, not 'bool'",6.925000343471766e-05
functional_correctness/generated_classes/GPT-o4/partial_docstr/test_snippet_626.py::test_case_3,functional_correctness.generated_classes.GPT-o4.partial_docstr.test_snippet_626,test_case_3,functional_correctness/generated_classes/GPT-o4/partial_docstr/test_snippet_626.py,,,passed,,8.39579151943326e-05
functional_correctness/generated_classes/GPT-o4/partial_docstr/test_snippet_626.py::test_case_4,functional_correctness.generated_classes.GPT-o4.partial_docstr.test_snippet_626,test_case_4,functional_correctness/generated_classes/GPT-o4/partial_docstr/test_snippet_626.py,,,passed,,5.224999040365219e-05
functional_correctness/generated_classes/GPT-o4/partial_docstr/test_snippet_626.py::test_case_5,functional_correctness.generated_classes.GPT-o4.partial_docstr.test_snippet_626,test_case_5,functional_correctness/generated_classes/GPT-o4/partial_docstr/test_snippet_626.py,,xfail,xfailed,,5.904200952500105e-05
functional_correctness/generated_classes/GPT-o4/partial_docstr/test_snippet_183.py::test_case_0,functional_correctness.generated_classes.GPT-o4.partial_docstr.test_snippet_183,test_case_0,functional_correctness/generated_classes/GPT-o4/partial_docstr/test_snippet_183.py,,,passed,,5.7707889936864376e-05
functional_correctness/generated_classes/GPT-o4/partial_docstr/test_snippet_183.py::test_case_1,functional_correctness.generated_classes.GPT-o4.partial_docstr.test_snippet_183,test_case_1,functional_correctness/generated_classes/GPT-o4/partial_docstr/test_snippet_183.py,,xfail,failed,[XPASS(strict)] ,4.9999915063381195e-05
functional_correctness/generated_classes/GPT-o4/partial_docstr/test_snippet_746.py::test_case_0,functional_correctness.generated_classes.GPT-o4.partial_docstr.test_snippet_746,test_case_0,functional_correctness/generated_classes/GPT-o4/partial_docstr/test_snippet_746.py,,xfail,xfailed,,7.241696584969759e-05
functional_correctness/generated_classes/GPT-o4/partial_docstr/test_snippet_791.py::test_case_0,functional_correctness.generated_classes.GPT-o4.partial_docstr.test_snippet_791,test_case_0,functional_correctness/generated_classes/GPT-o4/partial_docstr/test_snippet_791.py,,xfail,xfailed,,7.195898797363043e-05
functional_correctness/generated_classes/GPT-o4/partial_docstr/test_snippet_791.py::test_case_1,functional_correctness.generated_classes.GPT-o4.partial_docstr.test_snippet_791,test_case_1,functional_correctness/generated_classes/GPT-o4/partial_docstr/test_snippet_791.py,,xfail,xfailed,,6.48329732939601e-05
functional_correctness/generated_classes/GPT-o4/partial_docstr/test_snippet_550.py::test_case_0,functional_correctness.generated_classes.GPT-o4.partial_docstr.test_snippet_550,test_case_0,functional_correctness/generated_classes/GPT-o4/partial_docstr/test_snippet_550.py,,,failed,AttributeError: 'InputDefinition' object has no attribute 'inputs',7.17920484021306e-05
functional_correctness/generated_classes/GPT-o4/partial_docstr/test_snippet_550.py::test_case_1,functional_correctness.generated_classes.GPT-o4.partial_docstr.test_snippet_550,test_case_1,functional_correctness/generated_classes/GPT-o4/partial_docstr/test_snippet_550.py,,,failed,AttributeError: 'InputDefinition' object has no attribute 'inputs',7.24999699741602e-05
functional_correctness/generated_classes/GPT-o4/partial_docstr/test_snippet_550.py::test_case_2,functional_correctness.generated_classes.GPT-o4.partial_docstr.test_snippet_550,test_case_2,functional_correctness/generated_classes/GPT-o4/partial_docstr/test_snippet_550.py,,,failed,AttributeError: 'InputDefinition' object has no attribute 'inputs',6.916699931025505e-05
functional_correctness/generated_classes/GPT-o4/partial_docstr/test_snippet_593.py::test_case_0,functional_correctness.generated_classes.GPT-o4.partial_docstr.test_snippet_593,test_case_0,functional_correctness/generated_classes/GPT-o4/partial_docstr/test_snippet_593.py,,,passed,,6.016704719513655e-05
functional_correctness/generated_classes/GPT-o4/partial_docstr/test_snippet_593.py::test_case_1,functional_correctness.generated_classes.GPT-o4.partial_docstr.test_snippet_593,test_case_1,functional_correctness/generated_classes/GPT-o4/partial_docstr/test_snippet_593.py,,xfail,failed,[XPASS(strict)] ,5.0915987230837345e-05
functional_correctness/generated_classes/GPT-o4/partial_docstr/test_snippet_593.py::test_case_2,functional_correctness.generated_classes.GPT-o4.partial_docstr.test_snippet_593,test_case_2,functional_correctness/generated_classes/GPT-o4/partial_docstr/test_snippet_593.py,,xfail,failed,[XPASS(strict)] ,4.912505391985178e-05
functional_correctness/generated_classes/GPT-o4/partial_docstr/test_snippet_38.py::test_case_0,functional_correctness.generated_classes.GPT-o4.partial_docstr.test_snippet_38,test_case_0,functional_correctness/generated_classes/GPT-o4/partial_docstr/test_snippet_38.py,,,passed,,0.0001204590080305
functional_correctness/generated_classes/GPT-o4/partial_docstr/test_snippet_38.py::test_case_1,functional_correctness.generated_classes.GPT-o4.partial_docstr.test_snippet_38,test_case_1,functional_correctness/generated_classes/GPT-o4/partial_docstr/test_snippet_38.py,,,failed,"AssertionError: assert 'Image(base_d...te_path=True)' == 'snippet_38.Image(True, True)'
  
  - snippet_38.Image(True, True)
  + Image(base_dir=True, template_path=True)",0.0001622079871594
functional_correctness/generated_classes/GPT-o4/partial_docstr/test_snippet_38.py::test_case_2,functional_correctness.generated_classes.GPT-o4.partial_docstr.test_snippet_38,test_case_2,functional_correctness/generated_classes/GPT-o4/partial_docstr/test_snippet_38.py,,xfail,xfailed,,5.791697185486555e-05
functional_correctness/generated_classes/GPT-o4/partial_docstr/test_snippet_38.py::test_case_3,functional_correctness.generated_classes.GPT-o4.partial_docstr.test_snippet_38,test_case_3,functional_correctness/generated_classes/GPT-o4/partial_docstr/test_snippet_38.py,,xfail,xfailed,,5.883397534489632e-05
functional_correctness/generated_classes/GPT-o4/partial_docstr/test_snippet_38.py::test_case_4,functional_correctness.generated_classes.GPT-o4.partial_docstr.test_snippet_38,test_case_4,functional_correctness/generated_classes/GPT-o4/partial_docstr/test_snippet_38.py,,,passed,,5.054206121712923e-05
functional_correctness/generated_classes/GPT-o4/partial_docstr/test_snippet_431.py::test_case_0,functional_correctness.generated_classes.GPT-o4.partial_docstr.test_snippet_431,test_case_0,functional_correctness/generated_classes/GPT-o4/partial_docstr/test_snippet_431.py,,xfail,xfailed,,6.89169391989708e-05
functional_correctness/generated_classes/GPT-o4/partial_docstr/test_snippet_431.py::test_case_1,functional_correctness.generated_classes.GPT-o4.partial_docstr.test_snippet_431,test_case_1,functional_correctness/generated_classes/GPT-o4/partial_docstr/test_snippet_431.py,,xfail,xfailed,,6.558408495038748e-05
functional_correctness/generated_classes/GPT-o4/partial_docstr/test_snippet_431.py::test_case_2,functional_correctness.generated_classes.GPT-o4.partial_docstr.test_snippet_431,test_case_2,functional_correctness/generated_classes/GPT-o4/partial_docstr/test_snippet_431.py,,xfail,xfailed,,5.8249919675290585e-05
functional_correctness/generated_classes/GPT-o4/partial_docstr/test_snippet_425.py::test_case_0,functional_correctness.generated_classes.GPT-o4.partial_docstr.test_snippet_425,test_case_0,functional_correctness/generated_classes/GPT-o4/partial_docstr/test_snippet_425.py,,,passed,,6.104202475398779e-05
functional_correctness/generated_classes/GPT-o4/partial_docstr/test_snippet_425.py::test_case_1,functional_correctness.generated_classes.GPT-o4.partial_docstr.test_snippet_425,test_case_1,functional_correctness/generated_classes/GPT-o4/partial_docstr/test_snippet_425.py,,xfail,failed,[XPASS(strict)] ,4.9208058044314384e-05
functional_correctness/generated_classes/GPT-o4/partial_docstr/test_snippet_419.py::test_case_0,functional_correctness.generated_classes.GPT-o4.partial_docstr.test_snippet_419,test_case_0,functional_correctness/generated_classes/GPT-o4/partial_docstr/test_snippet_419.py,,,failed,AttributeError: type object 'IPyAutocall' has no attribute 'rewrite',7.845903746783733e-05
functional_correctness/generated_classes/GPT-o4/partial_docstr/test_snippet_419.py::test_case_1,functional_correctness.generated_classes.GPT-o4.partial_docstr.test_snippet_419,test_case_1,functional_correctness/generated_classes/GPT-o4/partial_docstr/test_snippet_419.py,,,failed,AttributeError: type object 'IPyAutocall' has no attribute 'rewrite',6.962497718632221e-05
functional_correctness/generated_classes/GPT-o4/partial_docstr/test_snippet_157.py::test_case_0,functional_correctness.generated_classes.GPT-o4.partial_docstr.test_snippet_157,test_case_0,functional_correctness/generated_classes/GPT-o4/partial_docstr/test_snippet_157.py,,,failed,TypeError: NamespaceStatus.__init__() missing 1 required positional argument: 'phase',9.995803702622652e-05
functional_correctness/generated_classes/GPT-o4/partial_docstr/test_snippet_745.py::test_case_0,functional_correctness.generated_classes.GPT-o4.partial_docstr.test_snippet_745,test_case_0,functional_correctness/generated_classes/GPT-o4/partial_docstr/test_snippet_745.py,,xfail,xfailed,,6.65419502183795e-05
functional_correctness/generated_classes/GPT-o4/partial_docstr/test_snippet_745.py::test_case_1,functional_correctness.generated_classes.GPT-o4.partial_docstr.test_snippet_745,test_case_1,functional_correctness/generated_classes/GPT-o4/partial_docstr/test_snippet_745.py,,,failed,"TypeError: FastqEntry.__init__() missing 3 required positional arguments: 'header', 'sequence', and 'quality'",6.770796608179808e-05
functional_correctness/generated_classes/GPT-o4/partial_docstr/test_snippet_209.py::test_case_0,functional_correctness.generated_classes.GPT-o4.partial_docstr.test_snippet_209,test_case_0,functional_correctness/generated_classes/GPT-o4/partial_docstr/test_snippet_209.py,,xfail,xfailed,,6.837502587586641e-05
functional_correctness/generated_classes/GPT-o4/partial_docstr/test_snippet_209.py::test_case_1,functional_correctness.generated_classes.GPT-o4.partial_docstr.test_snippet_209,test_case_1,functional_correctness/generated_classes/GPT-o4/partial_docstr/test_snippet_209.py,,,failed,TypeError: 'float' object is not iterable,7.1333022788167e-05
functional_correctness/generated_classes/GPT-o4/partial_docstr/test_snippet_209.py::test_case_2,functional_correctness.generated_classes.GPT-o4.partial_docstr.test_snippet_209,test_case_2,functional_correctness/generated_classes/GPT-o4/partial_docstr/test_snippet_209.py,,xfail,xfailed,,5.449994932860136e-05
functional_correctness/generated_classes/GPT-o4/partial_docstr/test_snippet_209.py::test_case_3,functional_correctness.generated_classes.GPT-o4.partial_docstr.test_snippet_209,test_case_3,functional_correctness/generated_classes/GPT-o4/partial_docstr/test_snippet_209.py,,,failed,TypeError: 'float' object is not iterable,5.558307748287916e-05
functional_correctness/generated_classes/GPT-o4/partial_docstr/test_snippet_209.py::test_case_4,functional_correctness.generated_classes.GPT-o4.partial_docstr.test_snippet_209,test_case_4,functional_correctness/generated_classes/GPT-o4/partial_docstr/test_snippet_209.py,,xfail,xfailed,,5.616690032184124e-05
functional_correctness/generated_classes/GPT-o4/partial_docstr/test_snippet_778.py::test_case_0,functional_correctness.generated_classes.GPT-o4.partial_docstr.test_snippet_778,test_case_0,functional_correctness/generated_classes/GPT-o4/partial_docstr/test_snippet_778.py,,,failed,TypeError: Path must be a string,7.154198829084635e-05
functional_correctness/generated_classes/GPT-o4/partial_docstr/test_snippet_778.py::test_case_1,functional_correctness.generated_classes.GPT-o4.partial_docstr.test_snippet_778,test_case_1,functional_correctness/generated_classes/GPT-o4/partial_docstr/test_snippet_778.py,,,failed,ValueError: Path must start with '$' or '$.',7.216597441583872e-05
functional_correctness/generated_classes/GPT-o4/partial_docstr/test_snippet_340.py::test_case_0,functional_correctness.generated_classes.GPT-o4.partial_docstr.test_snippet_340,test_case_0,functional_correctness/generated_classes/GPT-o4/partial_docstr/test_snippet_340.py,,xfail,xfailed,,6.970891263335943e-05
functional_correctness/generated_classes/GPT-o4/partial_docstr/test_snippet_340.py::test_case_1,functional_correctness.generated_classes.GPT-o4.partial_docstr.test_snippet_340,test_case_1,functional_correctness/generated_classes/GPT-o4/partial_docstr/test_snippet_340.py,,xfail,xfailed,,6.187509279698133e-05
functional_correctness/generated_classes/GPT-o4/partial_docstr/test_snippet_340.py::test_case_2,functional_correctness.generated_classes.GPT-o4.partial_docstr.test_snippet_340,test_case_2,functional_correctness/generated_classes/GPT-o4/partial_docstr/test_snippet_340.py,,xfail,xfailed,,6.12499425187707e-05
functional_correctness/generated_classes/GPT-o4/partial_docstr/test_snippet_340.py::test_case_3,functional_correctness.generated_classes.GPT-o4.partial_docstr.test_snippet_340,test_case_3,functional_correctness/generated_classes/GPT-o4/partial_docstr/test_snippet_340.py,,xfail,xfailed,,4.9582915380597115e-05
functional_correctness/generated_classes/GPT-o4/partial_docstr/test_snippet_340.py::test_case_4,functional_correctness.generated_classes.GPT-o4.partial_docstr.test_snippet_340,test_case_4,functional_correctness/generated_classes/GPT-o4/partial_docstr/test_snippet_340.py,,xfail,xfailed,,5.633290857076645e-05
functional_correctness/generated_classes/GPT-o4/partial_docstr/test_snippet_340.py::test_case_5,functional_correctness.generated_classes.GPT-o4.partial_docstr.test_snippet_340,test_case_5,functional_correctness/generated_classes/GPT-o4/partial_docstr/test_snippet_340.py,,xfail,xfailed,,5.370797589421272e-05
functional_correctness/generated_classes/GPT-o4/partial_docstr/test_snippet_455.py::test_case_0,functional_correctness.generated_classes.GPT-o4.partial_docstr.test_snippet_455,test_case_0,functional_correctness/generated_classes/GPT-o4/partial_docstr/test_snippet_455.py,,,failed,AttributeError: type object 'FieldMetaType' has no attribute 'string',7.433304563164711e-05
functional_correctness/generated_classes/GPT-o4/partial_docstr/test_snippet_333.py::test_case_0,functional_correctness.generated_classes.GPT-o4.partial_docstr.test_snippet_333,test_case_0,functional_correctness/generated_classes/GPT-o4/partial_docstr/test_snippet_333.py,,,passed,,6.0125021263957024e-05
functional_correctness/generated_classes/GPT-o4/partial_docstr/test_snippet_333.py::test_case_1,functional_correctness.generated_classes.GPT-o4.partial_docstr.test_snippet_333,test_case_1,functional_correctness/generated_classes/GPT-o4/partial_docstr/test_snippet_333.py,,xfail,failed,[XPASS(strict)] ,4.791701212525368e-05
functional_correctness/generated_classes/GPT-o4/partial_docstr/test_snippet_333.py::test_case_2,functional_correctness.generated_classes.GPT-o4.partial_docstr.test_snippet_333,test_case_2,functional_correctness/generated_classes/GPT-o4/partial_docstr/test_snippet_333.py,,xfail,xfailed,,6.195902824401855e-05
functional_correctness/generated_classes/GPT-o4/partial_docstr/test_snippet_482.py::test_case_0,functional_correctness.generated_classes.GPT-o4.partial_docstr.test_snippet_482,test_case_0,functional_correctness/generated_classes/GPT-o4/partial_docstr/test_snippet_482.py,,xfail,xfailed,,6.533402483910322e-05
functional_correctness/generated_classes/GPT-o4/partial_docstr/test_snippet_482.py::test_case_1,functional_correctness.generated_classes.GPT-o4.partial_docstr.test_snippet_482,test_case_1,functional_correctness/generated_classes/GPT-o4/partial_docstr/test_snippet_482.py,,xfail,xfailed,,6.495905108749866e-05
functional_correctness/generated_classes/GPT-o4/partial_docstr/test_snippet_482.py::test_case_2,functional_correctness.generated_classes.GPT-o4.partial_docstr.test_snippet_482,test_case_2,functional_correctness/generated_classes/GPT-o4/partial_docstr/test_snippet_482.py,,xfail,xfailed,,6.191700231283903e-05
functional_correctness/generated_classes/GPT-o4/partial_docstr/test_snippet_737.py::test_case_0,functional_correctness.generated_classes.GPT-o4.partial_docstr.test_snippet_737,test_case_0,functional_correctness/generated_classes/GPT-o4/partial_docstr/test_snippet_737.py,,,passed,,5.8999983593821526e-05
functional_correctness/generated_classes/GPT-o4/partial_docstr/test_snippet_737.py::test_case_1,functional_correctness.generated_classes.GPT-o4.partial_docstr.test_snippet_737,test_case_1,functional_correctness/generated_classes/GPT-o4/partial_docstr/test_snippet_737.py,,,failed,"AssertionError: assert 'WIC-1T Serial' == 'WIC-1T'
  
  - WIC-1T
  + WIC-1T Serial",0.0001349590020254
functional_correctness/generated_classes/GPT-o4/partial_docstr/test_snippet_74.py::test_case_0,functional_correctness.generated_classes.GPT-o4.partial_docstr.test_snippet_74,test_case_0,functional_correctness/generated_classes/GPT-o4/partial_docstr/test_snippet_74.py,,xfail,xfailed,,6.925000343471766e-05
functional_correctness/generated_classes/GPT-o4/partial_docstr/test_snippet_74.py::test_case_1,functional_correctness.generated_classes.GPT-o4.partial_docstr.test_snippet_74,test_case_1,functional_correctness/generated_classes/GPT-o4/partial_docstr/test_snippet_74.py,,xfail,xfailed,,6.679096259176731e-05
functional_correctness/generated_classes/GPT-o4/partial_docstr/test_snippet_74.py::test_case_2,functional_correctness.generated_classes.GPT-o4.partial_docstr.test_snippet_74,test_case_2,functional_correctness/generated_classes/GPT-o4/partial_docstr/test_snippet_74.py,,,passed,,5.591695662587881e-05
functional_correctness/generated_classes/GPT-o4/partial_docstr/test_snippet_642.py::test_case_0,functional_correctness.generated_classes.GPT-o4.partial_docstr.test_snippet_642,test_case_0,functional_correctness/generated_classes/GPT-o4/partial_docstr/test_snippet_642.py,,xfail,failed,[XPASS(strict)] ,5.7916040532290936e-05
functional_correctness/generated_classes/GPT-o4/partial_docstr/test_snippet_483.py::test_case_0,functional_correctness.generated_classes.GPT-o4.partial_docstr.test_snippet_483,test_case_0,functional_correctness/generated_classes/GPT-o4/partial_docstr/test_snippet_483.py,,,failed,NameError: name 'np' is not defined,7.070798892527819e-05
functional_correctness/generated_classes/GPT-o4/partial_docstr/test_snippet_326.py::test_case_0,functional_correctness.generated_classes.GPT-o4.partial_docstr.test_snippet_326,test_case_0,functional_correctness/generated_classes/GPT-o4/partial_docstr/test_snippet_326.py,,,failed,Failed: DID NOT RAISE <class 'TypeError'>,7.770908996462822e-05
functional_correctness/generated_classes/GPT-o4/partial_docstr/test_snippet_326.py::test_case_1,functional_correctness.generated_classes.GPT-o4.partial_docstr.test_snippet_326,test_case_1,functional_correctness/generated_classes/GPT-o4/partial_docstr/test_snippet_326.py,,xfail,failed,[XPASS(strict)] ,5.3875031881034374e-05
functional_correctness/generated_classes/GPT-o4/partial_docstr/test_snippet_326.py::test_case_2,functional_correctness.generated_classes.GPT-o4.partial_docstr.test_snippet_326,test_case_2,functional_correctness/generated_classes/GPT-o4/partial_docstr/test_snippet_326.py,,,failed,Failed: DID NOT RAISE <class 'ValueError'>,6.270804442465305e-05
functional_correctness/generated_classes/GPT-o4/partial_docstr/test_snippet_332.py::test_case_0,functional_correctness.generated_classes.GPT-o4.partial_docstr.test_snippet_332,test_case_0,functional_correctness/generated_classes/GPT-o4/partial_docstr/test_snippet_332.py,,,failed,AttributeError: type object 'StructuredDictMixin' has no attribute 'structure',6.745802238583565e-05
functional_correctness/generated_classes/GPT-o4/partial_docstr/test_snippet_332.py::test_case_1,functional_correctness.generated_classes.GPT-o4.partial_docstr.test_snippet_332,test_case_1,functional_correctness/generated_classes/GPT-o4/partial_docstr/test_snippet_332.py,,xfail,xfailed,,6.354099605232477e-05
functional_correctness/generated_classes/GPT-o4/partial_docstr/test_snippet_481.py::test_case_0,functional_correctness.generated_classes.GPT-o4.partial_docstr.test_snippet_481,test_case_0,functional_correctness/generated_classes/GPT-o4/partial_docstr/test_snippet_481.py,,xfail,xfailed,,6.858306005597115e-05
functional_correctness/generated_classes/GPT-o4/partial_docstr/test_snippet_481.py::test_case_1,functional_correctness.generated_classes.GPT-o4.partial_docstr.test_snippet_481,test_case_1,functional_correctness/generated_classes/GPT-o4/partial_docstr/test_snippet_481.py,,xfail,xfailed,,6.812496576458216e-05
functional_correctness/generated_classes/GPT-o4/partial_docstr/test_snippet_89.py::test_case_0,functional_correctness.generated_classes.GPT-o4.partial_docstr.test_snippet_89,test_case_0,functional_correctness/generated_classes/GPT-o4/partial_docstr/test_snippet_89.py,,,failed,"TypeError: can only concatenate str (not ""NoneType"") to str",0.000138167059049
functional_correctness/generated_classes/GPT-o4/partial_docstr/test_snippet_89.py::test_case_1,functional_correctness.generated_classes.GPT-o4.partial_docstr.test_snippet_89,test_case_1,functional_correctness/generated_classes/GPT-o4/partial_docstr/test_snippet_89.py,,,failed,"TypeError: can only concatenate str (not ""NoneType"") to str",6.795802619308233e-05
functional_correctness/generated_classes/GPT-o4/partial_docstr/test_snippet_89.py::test_case_2,functional_correctness.generated_classes.GPT-o4.partial_docstr.test_snippet_89,test_case_2,functional_correctness/generated_classes/GPT-o4/partial_docstr/test_snippet_89.py,,xfail,xfailed,,5.562498699873686e-05
functional_correctness/generated_classes/GPT-o4/partial_docstr/test_snippet_89.py::test_case_3,functional_correctness.generated_classes.GPT-o4.partial_docstr.test_snippet_89,test_case_3,functional_correctness/generated_classes/GPT-o4/partial_docstr/test_snippet_89.py,,xfail,xfailed,,4.904193338006735e-05
functional_correctness/generated_classes/GPT-o4/partial_docstr/test_snippet_89.py::test_case_4,functional_correctness.generated_classes.GPT-o4.partial_docstr.test_snippet_89,test_case_4,functional_correctness/generated_classes/GPT-o4/partial_docstr/test_snippet_89.py,,xfail,xfailed,,5.466700531542301e-05
functional_correctness/generated_classes/GPT-o4/partial_docstr/test_snippet_244.py::test_case_0,functional_correctness.generated_classes.GPT-o4.partial_docstr.test_snippet_244,test_case_0,functional_correctness/generated_classes/GPT-o4/partial_docstr/test_snippet_244.py,,xfail,failed,[XPASS(strict)] ,5.937495734542608e-05
functional_correctness/generated_classes/GPT-o4/partial_docstr/test_snippet_244.py::test_case_1,functional_correctness.generated_classes.GPT-o4.partial_docstr.test_snippet_244,test_case_1,functional_correctness/generated_classes/GPT-o4/partial_docstr/test_snippet_244.py,,,passed,,5.183310713618994e-05
functional_correctness/generated_classes/GPT-o4/partial_docstr/test_snippet_244.py::test_case_2,functional_correctness.generated_classes.GPT-o4.partial_docstr.test_snippet_244,test_case_2,functional_correctness/generated_classes/GPT-o4/partial_docstr/test_snippet_244.py,,xfail,xfailed,,0.0001303330063819
functional_correctness/generated_classes/GPT-o4/partial_docstr/test_snippet_244.py::test_case_3,functional_correctness.generated_classes.GPT-o4.partial_docstr.test_snippet_244,test_case_3,functional_correctness/generated_classes/GPT-o4/partial_docstr/test_snippet_244.py,,xfail,failed,[XPASS(strict)] ,5.1582930609583855e-05
functional_correctness/generated_classes/GPT-o4/partial_docstr/test_snippet_287.py::test_case_0,functional_correctness.generated_classes.GPT-o4.partial_docstr.test_snippet_287,test_case_0,functional_correctness/generated_classes/GPT-o4/partial_docstr/test_snippet_287.py,,xfail,failed,[XPASS(strict)] ,5.816703196614981e-05
functional_correctness/generated_classes/GPT-o4/partial_docstr/test_snippet_523.py::test_case_0,functional_correctness.generated_classes.GPT-o4.partial_docstr.test_snippet_523,test_case_0,functional_correctness/generated_classes/GPT-o4/partial_docstr/test_snippet_523.py,,,failed,"AssertionError: assert 1 == ('user', 'no user (use USER firstly)')
 +  where 1 = <class 'snippet_523.ConnectionConditions'>.user_required
 +    where <class 'snippet_523.ConnectionConditions'> = module_0.ConnectionConditions",0.0001390000106766
functional_correctness/generated_classes/GPT-o4/partial_docstr/test_snippet_523.py::test_case_1,functional_correctness.generated_classes.GPT-o4.partial_docstr.test_snippet_523,test_case_1,functional_correctness/generated_classes/GPT-o4/partial_docstr/test_snippet_523.py,,xfail,xfailed,,0.0001133750192821
functional_correctness/generated_classes/GPT-o4/partial_docstr/test_snippet_537.py::test_case_0,functional_correctness.generated_classes.GPT-o4.partial_docstr.test_snippet_537,test_case_0,functional_correctness/generated_classes/GPT-o4/partial_docstr/test_snippet_537.py,,,failed,"AssertionError: assert [{'echo': Tru...'prompt': ''}] == [('', True), ('', True)]
  
  At index 0 diff: [0m{[33m'[39;49;00m[33mprompt[39;49;00m[33m'[39;49;00m: [33m'[39;49;00m[33m'[39;49;00m, [33m'[39;49;00m[33mecho[39;49;00m[33m'[39;49;00m: [94mTrue[39;49;00m}[90m[39;49;00m != [0m([33m'[39;49;00m[33m'[39;49;00m, [94mTrue[39;49;00m)[90m[39;49;00m
  Use -v to get more diff",0.0170810840791091
functional_correctness/generated_classes/GPT-o4/partial_docstr/test_snippet_537.py::test_case_1,functional_correctness.generated_classes.GPT-o4.partial_docstr.test_snippet_537,test_case_1,functional_correctness/generated_classes/GPT-o4/partial_docstr/test_snippet_537.py,,,passed,,5.849997978657484e-05
functional_correctness/generated_classes/GPT-o4/partial_docstr/test_snippet_537.py::test_case_2,functional_correctness.generated_classes.GPT-o4.partial_docstr.test_snippet_537,test_case_2,functional_correctness/generated_classes/GPT-o4/partial_docstr/test_snippet_537.py,,xfail,xfailed,,5.4582953453063965e-05
functional_correctness/generated_classes/GPT-o4/partial_docstr/test_snippet_537.py::test_case_3,functional_correctness.generated_classes.GPT-o4.partial_docstr.test_snippet_537,test_case_3,functional_correctness/generated_classes/GPT-o4/partial_docstr/test_snippet_537.py,,xfail,xfailed,,5.295802839100361e-05
functional_correctness/generated_classes/GPT-o4/partial_docstr/test_snippet_251.py::test_case_0,functional_correctness.generated_classes.GPT-o4.partial_docstr.test_snippet_251,test_case_0,functional_correctness/generated_classes/GPT-o4/partial_docstr/test_snippet_251.py,,xfail,failed,[XPASS(strict)] ,5.8832927606999874e-05
functional_correctness/generated_classes/GPT-o4/partial_docstr/test_snippet_251.py::test_case_1,functional_correctness.generated_classes.GPT-o4.partial_docstr.test_snippet_251,test_case_1,functional_correctness/generated_classes/GPT-o4/partial_docstr/test_snippet_251.py,,xfail,xfailed,,0.0001313330139964
functional_correctness/generated_classes/GPT-o4/partial_docstr/test_snippet_251.py::test_case_2,functional_correctness.generated_classes.GPT-o4.partial_docstr.test_snippet_251,test_case_2,functional_correctness/generated_classes/GPT-o4/partial_docstr/test_snippet_251.py,,xfail,failed,[XPASS(strict)] ,5.308294203132391e-05
functional_correctness/generated_classes/GPT-o4/partial_docstr/test_snippet_251.py::test_case_3,functional_correctness.generated_classes.GPT-o4.partial_docstr.test_snippet_251,test_case_3,functional_correctness/generated_classes/GPT-o4/partial_docstr/test_snippet_251.py,,xfail,xfailed,,5.5333017371594906e-05
functional_correctness/generated_classes/GPT-o4/partial_docstr/test_snippet_696.py::test_case_0,functional_correctness.generated_classes.GPT-o4.partial_docstr.test_snippet_696,test_case_0,functional_correctness/generated_classes/GPT-o4/partial_docstr/test_snippet_696.py,,xfail,xfailed,,7.02909892424941e-05
functional_correctness/generated_classes/GPT-o4/partial_docstr/test_snippet_669.py::test_case_0,functional_correctness.generated_classes.GPT-o4.partial_docstr.test_snippet_669,test_case_0,functional_correctness/generated_classes/GPT-o4/partial_docstr/test_snippet_669.py,,,failed,AttributeError: type object 'FieldMetaSpecial' has no attribute 'none',7.537496276199818e-05
functional_correctness/generated_classes/GPT-o4/partial_docstr/test_snippet_127.py::test_case_0,functional_correctness.generated_classes.GPT-o4.partial_docstr.test_snippet_127,test_case_0,functional_correctness/generated_classes/GPT-o4/partial_docstr/test_snippet_127.py,,,passed,,6.170792039483786e-05
functional_correctness/generated_classes/GPT-o4/partial_docstr/test_snippet_641.py::test_case_0,functional_correctness.generated_classes.GPT-o4.partial_docstr.test_snippet_641,test_case_0,functional_correctness/generated_classes/GPT-o4/partial_docstr/test_snippet_641.py,,,passed,,5.925004370510578e-05
functional_correctness/generated_classes/GPT-o4/partial_docstr/test_snippet_641.py::test_case_1,functional_correctness.generated_classes.GPT-o4.partial_docstr.test_snippet_641,test_case_1,functional_correctness/generated_classes/GPT-o4/partial_docstr/test_snippet_641.py,,xfail,xfailed,,0.0001330829691141
functional_correctness/generated_classes/GPT-o4/partial_docstr/test_snippet_641.py::test_case_2,functional_correctness.generated_classes.GPT-o4.partial_docstr.test_snippet_641,test_case_2,functional_correctness/generated_classes/GPT-o4/partial_docstr/test_snippet_641.py,,xfail,failed,[XPASS(strict)] ,5.320890340954065e-05
functional_correctness/generated_classes/GPT-o4/partial_docstr/test_snippet_641.py::test_case_3,functional_correctness.generated_classes.GPT-o4.partial_docstr.test_snippet_641,test_case_3,functional_correctness/generated_classes/GPT-o4/partial_docstr/test_snippet_641.py,,,failed,"AssertionError: assert '<_PhaseManag...rdsInPhase=0>' == '_PhaseManager(phases=())'
  
  - _PhaseManager(phases=())
  + <_PhaseManager phase=1/0 recordsInPhase=0>",0.0001423340290784
functional_correctness/generated_classes/GPT-o4/partial_docstr/test_snippet_484.py::test_case_0,functional_correctness.generated_classes.GPT-o4.partial_docstr.test_snippet_484,test_case_0,functional_correctness/generated_classes/GPT-o4/partial_docstr/test_snippet_484.py,,,failed,NameError: name 'boto3' is not defined,6.858294364064932e-05
functional_correctness/generated_classes/GPT-o4/partial_docstr/test_snippet_484.py::test_case_1,functional_correctness.generated_classes.GPT-o4.partial_docstr.test_snippet_484,test_case_1,functional_correctness/generated_classes/GPT-o4/partial_docstr/test_snippet_484.py,,xfail,xfailed,,7.233303040266037e-05
functional_correctness/generated_classes/GPT-o4/partial_docstr/test_snippet_719.py::test_case_0,functional_correctness.generated_classes.GPT-o4.partial_docstr.test_snippet_719,test_case_0,functional_correctness/generated_classes/GPT-o4/partial_docstr/test_snippet_719.py,,xfail,xfailed,,7.929210551083088e-05
functional_correctness/generated_classes/GPT-o4/partial_docstr/test_snippet_719.py::test_case_1,functional_correctness.generated_classes.GPT-o4.partial_docstr.test_snippet_719,test_case_1,functional_correctness/generated_classes/GPT-o4/partial_docstr/test_snippet_719.py,,,failed,FileNotFoundError: [Errno 2] No such file or directory: 's',8.216698188334703e-05
functional_correctness/generated_classes/GPT-o4/partial_docstr/test_snippet_719.py::test_case_2,functional_correctness.generated_classes.GPT-o4.partial_docstr.test_snippet_719,test_case_2,functional_correctness/generated_classes/GPT-o4/partial_docstr/test_snippet_719.py,,,failed,FileNotFoundError: [Errno 2] No such file or directory: 's',6.49159774184227e-05
functional_correctness/generated_classes/GPT-o4/partial_docstr/test_snippet_269.py::test_case_0,functional_correctness.generated_classes.GPT-o4.partial_docstr.test_snippet_269,test_case_0,functional_correctness/generated_classes/GPT-o4/partial_docstr/test_snippet_269.py,,xfail,failed,[XPASS(strict)] ,6.0542020946741104e-05
functional_correctness/generated_classes/GPT-o4/partial_docstr/test_snippet_241.py::test_case_0,functional_correctness.generated_classes.GPT-o4.partial_docstr.test_snippet_241,test_case_0,functional_correctness/generated_classes/GPT-o4/partial_docstr/test_snippet_241.py,,,failed,NameError: name 'logging' is not defined,7.099995855242014e-05
functional_correctness/generated_classes/GPT-o4/partial_docstr/test_snippet_241.py::test_case_1,functional_correctness.generated_classes.GPT-o4.partial_docstr.test_snippet_241,test_case_1,functional_correctness/generated_classes/GPT-o4/partial_docstr/test_snippet_241.py,,xfail,xfailed,,6.333296187222004e-05
functional_correctness/generated_classes/GPT-o4/partial_docstr/test_snippet_241.py::test_case_2,functional_correctness.generated_classes.GPT-o4.partial_docstr.test_snippet_241,test_case_2,functional_correctness/generated_classes/GPT-o4/partial_docstr/test_snippet_241.py,,,failed,NameError: name 'logging' is not defined,6.474996916949749e-05
functional_correctness/generated_classes/GPT-o4/partial_docstr/test_snippet_241.py::test_case_3,functional_correctness.generated_classes.GPT-o4.partial_docstr.test_snippet_241,test_case_3,functional_correctness/generated_classes/GPT-o4/partial_docstr/test_snippet_241.py,,,failed,NameError: name 'logging' is not defined,5.483301356434822e-05
functional_correctness/generated_classes/GPT-o4/partial_docstr/test_snippet_72.py::test_case_0,functional_correctness.generated_classes.GPT-o4.partial_docstr.test_snippet_72,test_case_0,functional_correctness/generated_classes/GPT-o4/partial_docstr/test_snippet_72.py,,,passed,,6.208301056176424e-05
functional_correctness/generated_classes/GPT-o4/partial_docstr/test_snippet_72.py::test_case_1,functional_correctness.generated_classes.GPT-o4.partial_docstr.test_snippet_72,test_case_1,functional_correctness/generated_classes/GPT-o4/partial_docstr/test_snippet_72.py,,,passed,,4.833308048546314e-05
functional_correctness/generated_classes/GPT-o4/partial_docstr/test_snippet_724.py::test_case_0,functional_correctness.generated_classes.GPT-o4.partial_docstr.test_snippet_724,test_case_0,functional_correctness/generated_classes/GPT-o4/partial_docstr/test_snippet_724.py,,,passed,,5.770893767476082e-05
functional_correctness/generated_classes/GPT-o4/partial_docstr/test_snippet_724.py::test_case_1,functional_correctness.generated_classes.GPT-o4.partial_docstr.test_snippet_724,test_case_1,functional_correctness/generated_classes/GPT-o4/partial_docstr/test_snippet_724.py,,xfail,failed,[XPASS(strict)] ,5.3999945521354675e-05
functional_correctness/generated_classes/GPT-o4/partial_docstr/test_snippet_122.py::test_case_0,functional_correctness.generated_classes.GPT-o4.partial_docstr.test_snippet_122,test_case_0,functional_correctness/generated_classes/GPT-o4/partial_docstr/test_snippet_122.py,,,passed,,6.091699469834566e-05
functional_correctness/generated_classes/GPT-o4/partial_docstr/test_snippet_122.py::test_case_1,functional_correctness.generated_classes.GPT-o4.partial_docstr.test_snippet_122,test_case_1,functional_correctness/generated_classes/GPT-o4/partial_docstr/test_snippet_122.py,,xfail,xfailed,,6.600003689527512e-05
functional_correctness/generated_classes/GPT-o4/partial_docstr/test_snippet_446.py::test_case_0,functional_correctness.generated_classes.GPT-o4.partial_docstr.test_snippet_446,test_case_0,functional_correctness/generated_classes/GPT-o4/partial_docstr/test_snippet_446.py,,,failed,AttributeError: 'Parser' object has no attribute 'path',7.341604214161634e-05
functional_correctness/generated_classes/GPT-o4/partial_docstr/test_snippet_493.py::test_case_0,functional_correctness.generated_classes.GPT-o4.partial_docstr.test_snippet_493,test_case_0,functional_correctness/generated_classes/GPT-o4/partial_docstr/test_snippet_493.py,,xfail,xfailed,,7.49579630792141e-05
functional_correctness/generated_classes/GPT-o4/partial_docstr/test_snippet_493.py::test_case_1,functional_correctness.generated_classes.GPT-o4.partial_docstr.test_snippet_493,test_case_1,functional_correctness/generated_classes/GPT-o4/partial_docstr/test_snippet_493.py,,,failed,AttributeError: 'Graph' object has no attribute 'vertices',7.395795546472073e-05
functional_correctness/generated_classes/GPT-o4/partial_docstr/test_snippet_493.py::test_case_2,functional_correctness.generated_classes.GPT-o4.partial_docstr.test_snippet_493,test_case_2,functional_correctness/generated_classes/GPT-o4/partial_docstr/test_snippet_493.py,,xfail,xfailed,,5.7541998103260994e-05
functional_correctness/generated_classes/GPT-o4/partial_docstr/test_snippet_487.py::test_case_0,functional_correctness.generated_classes.GPT-o4.partial_docstr.test_snippet_487,test_case_0,functional_correctness/generated_classes/GPT-o4/partial_docstr/test_snippet_487.py,,,failed,TypeError: account_id must be a string,6.912497337907553e-05
functional_correctness/generated_classes/GPT-o4/partial_docstr/test_snippet_487.py::test_case_1,functional_correctness.generated_classes.GPT-o4.partial_docstr.test_snippet_487,test_case_1,functional_correctness/generated_classes/GPT-o4/partial_docstr/test_snippet_487.py,,xfail,xfailed,,5.88749535381794e-05
functional_correctness/generated_classes/GPT-o4/partial_docstr/test_snippet_108.py::test_case_0,functional_correctness.generated_classes.GPT-o4.partial_docstr.test_snippet_108,test_case_0,functional_correctness/generated_classes/GPT-o4/partial_docstr/test_snippet_108.py,,xfail,xfailed,,7.883401121944189e-05
functional_correctness/generated_classes/GPT-o4/partial_docstr/test_snippet_108.py::test_case_1,functional_correctness.generated_classes.GPT-o4.partial_docstr.test_snippet_108,test_case_1,functional_correctness/generated_classes/GPT-o4/partial_docstr/test_snippet_108.py,,xfail,xfailed,,6.670900620520115e-05
functional_correctness/generated_classes/GPT-o4/partial_docstr/test_snippet_108.py::test_case_2,functional_correctness.generated_classes.GPT-o4.partial_docstr.test_snippet_108,test_case_2,functional_correctness/generated_classes/GPT-o4/partial_docstr/test_snippet_108.py,,,passed,,5.779101047664881e-05
functional_correctness/generated_classes/GPT-o4/partial_docstr/test_snippet_685.py::test_case_0,functional_correctness.generated_classes.GPT-o4.partial_docstr.test_snippet_685,test_case_0,functional_correctness/generated_classes/GPT-o4/partial_docstr/test_snippet_685.py,,,passed,,6.158393807709217e-05
functional_correctness/generated_classes/GPT-o4/partial_docstr/test_snippet_685.py::test_case_1,functional_correctness.generated_classes.GPT-o4.partial_docstr.test_snippet_685,test_case_1,functional_correctness/generated_classes/GPT-o4/partial_docstr/test_snippet_685.py,,xfail,xfailed,,6.579200271517038e-05
functional_correctness/generated_classes/GPT-o4/partial_docstr/test_snippet_732.py::test_case_0,functional_correctness.generated_classes.GPT-o4.partial_docstr.test_snippet_732,test_case_0,functional_correctness/generated_classes/GPT-o4/partial_docstr/test_snippet_732.py,,xfail,xfailed,,6.916595157235861e-05
functional_correctness/generated_classes/GPT-o4/partial_docstr/test_snippet_518.py::test_case_0,functional_correctness.generated_classes.GPT-o4.partial_docstr.test_snippet_518,test_case_0,functional_correctness/generated_classes/GPT-o4/partial_docstr/test_snippet_518.py,,xfail,xfailed,,6.841693539172411e-05
functional_correctness/generated_classes/GPT-o4/partial_docstr/test_snippet_524.py::test_case_0,functional_correctness.generated_classes.GPT-o4.partial_docstr.test_snippet_524,test_case_0,functional_correctness/generated_classes/GPT-o4/partial_docstr/test_snippet_524.py,,,failed,AttributeError: 'Adder' object has no attribute 'x',6.991706322878599e-05
functional_correctness/generated_classes/GPT-o4/partial_docstr/test_snippet_524.py::test_case_1,functional_correctness.generated_classes.GPT-o4.partial_docstr.test_snippet_524,test_case_1,functional_correctness/generated_classes/GPT-o4/partial_docstr/test_snippet_524.py,,xfail,xfailed,,6.233295425772667e-05
functional_correctness/generated_classes/GPT-o4/partial_docstr/test_snippet_256.py::test_case_0,functional_correctness.generated_classes.GPT-o4.partial_docstr.test_snippet_256,test_case_0,functional_correctness/generated_classes/GPT-o4/partial_docstr/test_snippet_256.py,,xfail,xfailed,,6.76250783726573e-05
functional_correctness/generated_classes/GPT-o4/partial_docstr/test_snippet_256.py::test_case_1,functional_correctness.generated_classes.GPT-o4.partial_docstr.test_snippet_256,test_case_1,functional_correctness/generated_classes/GPT-o4/partial_docstr/test_snippet_256.py,,xfail,xfailed,,6.53330935165286e-05
functional_correctness/generated_classes/GPT-o4/partial_docstr/test_snippet_256.py::test_case_2,functional_correctness.generated_classes.GPT-o4.partial_docstr.test_snippet_256,test_case_2,functional_correctness/generated_classes/GPT-o4/partial_docstr/test_snippet_256.py,,xfail,xfailed,,5.483301356434822e-05
functional_correctness/generated_classes/GPT-o4/partial_docstr/test_snippet_295.py::test_case_0,functional_correctness.generated_classes.GPT-o4.partial_docstr.test_snippet_295,test_case_0,functional_correctness/generated_classes/GPT-o4/partial_docstr/test_snippet_295.py,,,passed,,5.816598422825337e-05
functional_correctness/generated_classes/GPT-o4/partial_docstr/test_snippet_295.py::test_case_1,functional_correctness.generated_classes.GPT-o4.partial_docstr.test_snippet_295,test_case_1,functional_correctness/generated_classes/GPT-o4/partial_docstr/test_snippet_295.py,,xfail,xfailed,,6.28340058028698e-05
functional_correctness/generated_classes/GPT-o4/partial_docstr/test_snippet_295.py::test_case_2,functional_correctness.generated_classes.GPT-o4.partial_docstr.test_snippet_295,test_case_2,functional_correctness/generated_classes/GPT-o4/partial_docstr/test_snippet_295.py,,xfail,xfailed,,6.308406591415405e-05
functional_correctness/generated_classes/GPT-o4/partial_docstr/test_snippet_65.py::test_case_0,functional_correctness.generated_classes.GPT-o4.partial_docstr.test_snippet_65,test_case_0,functional_correctness/generated_classes/GPT-o4/partial_docstr/test_snippet_65.py,,,passed,,0.000130166998133
functional_correctness/generated_classes/GPT-o4/partial_docstr/test_snippet_65.py::test_case_1,functional_correctness.generated_classes.GPT-o4.partial_docstr.test_snippet_65,test_case_1,functional_correctness/generated_classes/GPT-o4/partial_docstr/test_snippet_65.py,,,failed,"AssertionError: assert (False, 'can_handle not implemented for source None') == 'Wrong source type'",0.0001162500120699
functional_correctness/generated_classes/GPT-o4/partial_docstr/test_snippet_65.py::test_case_2,functional_correctness.generated_classes.GPT-o4.partial_docstr.test_snippet_65,test_case_2,functional_correctness/generated_classes/GPT-o4/partial_docstr/test_snippet_65.py,,xfail,xfailed,,6.200000643730164e-05
functional_correctness/generated_classes/GPT-o4/partial_docstr/test_snippet_65.py::test_case_3,functional_correctness.generated_classes.GPT-o4.partial_docstr.test_snippet_65,test_case_3,functional_correctness/generated_classes/GPT-o4/partial_docstr/test_snippet_65.py,,xfail,xfailed,,5.262496415525675e-05
functional_correctness/generated_classes/GPT-o4/partial_docstr/test_snippet_65.py::test_case_4,functional_correctness.generated_classes.GPT-o4.partial_docstr.test_snippet_65,test_case_4,functional_correctness/generated_classes/GPT-o4/partial_docstr/test_snippet_65.py,,xfail,xfailed,,5.720800254493952e-05
functional_correctness/generated_classes/GPT-o4/partial_docstr/test_snippet_525.py::test_case_0,functional_correctness.generated_classes.GPT-o4.partial_docstr.test_snippet_525,test_case_0,functional_correctness/generated_classes/GPT-o4/partial_docstr/test_snippet_525.py,,xfail,xfailed,,7.074989844113588e-05
functional_correctness/generated_classes/GPT-o4/partial_docstr/test_snippet_647.py::test_case_0,functional_correctness.generated_classes.GPT-o4.partial_docstr.test_snippet_647,test_case_0,functional_correctness/generated_classes/GPT-o4/partial_docstr/test_snippet_647.py,,xfail,failed,[XPASS(strict)] ,5.541602149605751e-05
functional_correctness/generated_classes/GPT-o4/partial_docstr/test_snippet_445.py::test_case_0,functional_correctness.generated_classes.GPT-o4.partial_docstr.test_snippet_445,test_case_0,functional_correctness/generated_classes/GPT-o4/partial_docstr/test_snippet_445.py,,,failed,"ValueError: Invalid abbreviated step -759.1940678662788, expected '.' or '..'",7.329194340854883e-05
functional_correctness/generated_classes/GPT-o4/partial_docstr/test_snippet_445.py::test_case_1,functional_correctness.generated_classes.GPT-o4.partial_docstr.test_snippet_445,test_case_1,functional_correctness/generated_classes/GPT-o4/partial_docstr/test_snippet_445.py,,xfail,xfailed,,6.333296187222004e-05
functional_correctness/generated_classes/GPT-o4/partial_docstr/test_snippet_323.py::test_case_0,functional_correctness.generated_classes.GPT-o4.partial_docstr.test_snippet_323,test_case_0,functional_correctness/generated_classes/GPT-o4/partial_docstr/test_snippet_323.py,,,passed,,6.137497257441282e-05
functional_correctness/generated_classes/GPT-o4/partial_docstr/test_snippet_323.py::test_case_1,functional_correctness.generated_classes.GPT-o4.partial_docstr.test_snippet_323,test_case_1,functional_correctness/generated_classes/GPT-o4/partial_docstr/test_snippet_323.py,,xfail,failed,[XPASS(strict)] ,5.254102870821953e-05
functional_correctness/generated_classes/GPT-o4/partial_docstr/test_snippet_323.py::test_case_2,functional_correctness.generated_classes.GPT-o4.partial_docstr.test_snippet_323,test_case_2,functional_correctness/generated_classes/GPT-o4/partial_docstr/test_snippet_323.py,,xfail,xfailed,,6.162503268569708e-05
functional_correctness/generated_classes/GPT-o4/partial_docstr/test_snippet_474.py::test_case_0,functional_correctness.generated_classes.GPT-o4.partial_docstr.test_snippet_474,test_case_0,functional_correctness/generated_classes/GPT-o4/partial_docstr/test_snippet_474.py,,xfail,xfailed,,7.091602310538292e-05
functional_correctness/generated_classes/GPT-o4/partial_docstr/test_snippet_448.py::test_case_0,functional_correctness.generated_classes.GPT-o4.partial_docstr.test_snippet_448,test_case_0,functional_correctness/generated_classes/GPT-o4/partial_docstr/test_snippet_448.py,,,passed,,5.825003609061241e-05
functional_correctness/generated_classes/GPT-o4/partial_docstr/test_snippet_448.py::test_case_1,functional_correctness.generated_classes.GPT-o4.partial_docstr.test_snippet_448,test_case_1,functional_correctness/generated_classes/GPT-o4/partial_docstr/test_snippet_448.py,,xfail,xfailed,,6.208394188433886e-05
functional_correctness/generated_classes/GPT-o4/partial_docstr/test_snippet_110.py::test_case_0,functional_correctness.generated_classes.GPT-o4.partial_docstr.test_snippet_110,test_case_0,functional_correctness/generated_classes/GPT-o4/partial_docstr/test_snippet_110.py,,xfail,failed,[XPASS(strict)] ,5.662499461323023e-05
functional_correctness/generated_classes/GPT-o4/partial_docstr/test_snippet_110.py::test_case_1,functional_correctness.generated_classes.GPT-o4.partial_docstr.test_snippet_110,test_case_1,functional_correctness/generated_classes/GPT-o4/partial_docstr/test_snippet_110.py,,xfail,xfailed,,0.0001101659145206
functional_correctness/generated_classes/GPT-o4/partial_docstr/test_snippet_110.py::test_case_2,functional_correctness.generated_classes.GPT-o4.partial_docstr.test_snippet_110,test_case_2,functional_correctness/generated_classes/GPT-o4/partial_docstr/test_snippet_110.py,,xfail,xfailed,,0.0001098749926313
functional_correctness/generated_classes/GPT-o4/partial_docstr/test_snippet_110.py::test_case_3,functional_correctness.generated_classes.GPT-o4.partial_docstr.test_snippet_110,test_case_3,functional_correctness/generated_classes/GPT-o4/partial_docstr/test_snippet_110.py,,xfail,xfailed,,0.000103166908957
functional_correctness/generated_classes/GPT-o4/partial_docstr/test_snippet_110.py::test_case_4,functional_correctness.generated_classes.GPT-o4.partial_docstr.test_snippet_110,test_case_4,functional_correctness/generated_classes/GPT-o4/partial_docstr/test_snippet_110.py,,xfail,xfailed,,4.9332971684634686e-05
functional_correctness/generated_classes/GPT-o4/partial_docstr/test_snippet_110.py::test_case_5,functional_correctness.generated_classes.GPT-o4.partial_docstr.test_snippet_110,test_case_5,functional_correctness/generated_classes/GPT-o4/partial_docstr/test_snippet_110.py,,xfail,xfailed,,0.0001003330107778
functional_correctness/generated_classes/GPT-o4/partial_docstr/test_snippet_110.py::test_case_6,functional_correctness.generated_classes.GPT-o4.partial_docstr.test_snippet_110,test_case_6,functional_correctness/generated_classes/GPT-o4/partial_docstr/test_snippet_110.py,,xfail,xfailed,,9.125005453824996e-05
functional_correctness/generated_classes/GPT-o4/partial_docstr/test_snippet_662.py::test_case_0,functional_correctness.generated_classes.GPT-o4.partial_docstr.test_snippet_662,test_case_0,functional_correctness/generated_classes/GPT-o4/partial_docstr/test_snippet_662.py,,,failed,UnboundLocalError: cannot access local variable 'module_0' where it is not associated with a value,6.975000724196434e-05
functional_correctness/generated_classes/GPT-o4/partial_docstr/test_snippet_662.py::test_case_1,functional_correctness.generated_classes.GPT-o4.partial_docstr.test_snippet_662,test_case_1,functional_correctness/generated_classes/GPT-o4/partial_docstr/test_snippet_662.py,,xfail,xfailed,,7.920898497104645e-05
functional_correctness/generated_classes/GPT-o4/partial_docstr/test_snippet_662.py::test_case_2,functional_correctness.generated_classes.GPT-o4.partial_docstr.test_snippet_662,test_case_2,functional_correctness/generated_classes/GPT-o4/partial_docstr/test_snippet_662.py,,xfail,xfailed,,5.76250022277236e-05
functional_correctness/generated_classes/GPT-o4/partial_docstr/test_snippet_662.py::test_case_3,functional_correctness.generated_classes.GPT-o4.partial_docstr.test_snippet_662,test_case_3,functional_correctness/generated_classes/GPT-o4/partial_docstr/test_snippet_662.py,,xfail,xfailed,,5.124998278915882e-05
functional_correctness/generated_classes/GPT-o4/partial_docstr/test_snippet_662.py::test_case_4,functional_correctness.generated_classes.GPT-o4.partial_docstr.test_snippet_662,test_case_4,functional_correctness/generated_classes/GPT-o4/partial_docstr/test_snippet_662.py,,xfail,xfailed,,4.895799793303013e-05
functional_correctness/generated_classes/GPT-o4/partial_docstr/test_snippet_717.py::test_case_0,functional_correctness.generated_classes.GPT-o4.partial_docstr.test_snippet_717,test_case_0,functional_correctness/generated_classes/GPT-o4/partial_docstr/test_snippet_717.py,,xfail,failed,[XPASS(strict)] ,5.7541998103260994e-05
functional_correctness/generated_classes/GPT-o4/partial_docstr/test_snippet_703.py::test_case_0,functional_correctness.generated_classes.GPT-o4.partial_docstr.test_snippet_703,test_case_0,functional_correctness/generated_classes/GPT-o4/partial_docstr/test_snippet_703.py,,xfail,xfailed,,6.991694681346416e-05
functional_correctness/generated_classes/GPT-o4/partial_docstr/test_snippet_703.py::test_case_1,functional_correctness.generated_classes.GPT-o4.partial_docstr.test_snippet_703,test_case_1,functional_correctness/generated_classes/GPT-o4/partial_docstr/test_snippet_703.py,,xfail,xfailed,,6.270804442465305e-05
functional_correctness/generated_classes/GPT-o4/partial_docstr/test_snippet_703.py::test_case_2,functional_correctness.generated_classes.GPT-o4.partial_docstr.test_snippet_703,test_case_2,functional_correctness/generated_classes/GPT-o4/partial_docstr/test_snippet_703.py,,xfail,xfailed,,5.795806646347046e-05
functional_correctness/generated_classes/GPT-o4/partial_docstr/test_snippet_703.py::test_case_3,functional_correctness.generated_classes.GPT-o4.partial_docstr.test_snippet_703,test_case_3,functional_correctness/generated_classes/GPT-o4/partial_docstr/test_snippet_703.py,,xfail,xfailed,,5.379098001867533e-05
functional_correctness/generated_classes/GPT-o4/partial_docstr/test_snippet_703.py::test_case_4,functional_correctness.generated_classes.GPT-o4.partial_docstr.test_snippet_703,test_case_4,functional_correctness/generated_classes/GPT-o4/partial_docstr/test_snippet_703.py,,xfail,xfailed,,4.991702735424042e-05
functional_correctness/generated_classes/GPT-o4/partial_docstr/test_snippet_703.py::test_case_5,functional_correctness.generated_classes.GPT-o4.partial_docstr.test_snippet_703,test_case_5,functional_correctness/generated_classes/GPT-o4/partial_docstr/test_snippet_703.py,,xfail,xfailed,,5.333393346518278e-05
functional_correctness/generated_classes/GPT-o4/partial_docstr/test_snippet_688.py::test_case_0,functional_correctness.generated_classes.GPT-o4.partial_docstr.test_snippet_688,test_case_0,functional_correctness/generated_classes/GPT-o4/partial_docstr/test_snippet_688.py,,xfail,failed,[XPASS(strict)] ,6.200000643730164e-05
functional_correctness/generated_classes/GPT-o4/partial_docstr/test_snippet_663.py::test_case_0,functional_correctness.generated_classes.GPT-o4.partial_docstr.test_snippet_663,test_case_0,functional_correctness/generated_classes/GPT-o4/partial_docstr/test_snippet_663.py,,,passed,,6.379198748618364e-05
functional_correctness/generated_classes/GPT-o4/partial_docstr/test_snippet_663.py::test_case_1,functional_correctness.generated_classes.GPT-o4.partial_docstr.test_snippet_663,test_case_1,functional_correctness/generated_classes/GPT-o4/partial_docstr/test_snippet_663.py,,xfail,xfailed,,5.920801777392626e-05
functional_correctness/generated_classes/GPT-o4/partial_docstr/test_snippet_663.py::test_case_2,functional_correctness.generated_classes.GPT-o4.partial_docstr.test_snippet_663,test_case_2,functional_correctness/generated_classes/GPT-o4/partial_docstr/test_snippet_663.py,,xfail,failed,[XPASS(strict)] ,5.766702815890312e-05
functional_correctness/generated_classes/GPT-o4/partial_docstr/test_snippet_259.py::test_case_0,functional_correctness.generated_classes.GPT-o4.partial_docstr.test_snippet_259,test_case_0,functional_correctness/generated_classes/GPT-o4/partial_docstr/test_snippet_259.py,,xfail,xfailed,,7.091707084327936e-05
functional_correctness/generated_classes/GPT-o4/partial_docstr/test_snippet_259.py::test_case_1,functional_correctness.generated_classes.GPT-o4.partial_docstr.test_snippet_259,test_case_1,functional_correctness/generated_classes/GPT-o4/partial_docstr/test_snippet_259.py,,,failed,AttributeError: 'DataSource' object has no attribute 'context',6.66249543428421e-05
functional_correctness/generated_classes/GPT-o4/partial_docstr/test_snippet_259.py::test_case_2,functional_correctness.generated_classes.GPT-o4.partial_docstr.test_snippet_259,test_case_2,functional_correctness/generated_classes/GPT-o4/partial_docstr/test_snippet_259.py,,,failed,AttributeError: 'DataSource' object has no attribute 'context',5.7124998420476913e-05
functional_correctness/generated_classes/GPT-o4/partial_docstr/test_snippet_259.py::test_case_3,functional_correctness.generated_classes.GPT-o4.partial_docstr.test_snippet_259,test_case_3,functional_correctness/generated_classes/GPT-o4/partial_docstr/test_snippet_259.py,,xfail,xfailed,,5.7582976296544075e-05
functional_correctness/generated_classes/GPT-o4/partial_docstr/test_snippet_259.py::test_case_4,functional_correctness.generated_classes.GPT-o4.partial_docstr.test_snippet_259,test_case_4,functional_correctness/generated_classes/GPT-o4/partial_docstr/test_snippet_259.py,,,failed,AttributeError: 'DataSource' object has no attribute 'context',5.483301356434822e-05
functional_correctness/generated_classes/GPT-o4/partial_docstr/test_snippet_259.py::test_case_5,functional_correctness.generated_classes.GPT-o4.partial_docstr.test_snippet_259,test_case_5,functional_correctness/generated_classes/GPT-o4/partial_docstr/test_snippet_259.py,,,failed,AttributeError: 'DataSource' object has no attribute 'context',5.466700531542301e-05
functional_correctness/generated_classes/GPT-o4/partial_docstr/test_snippet_259.py::test_case_6,functional_correctness.generated_classes.GPT-o4.partial_docstr.test_snippet_259,test_case_6,functional_correctness/generated_classes/GPT-o4/partial_docstr/test_snippet_259.py,,xfail,xfailed,,5.0999922677874565e-05
functional_correctness/generated_classes/GPT-o4/partial_docstr/test_snippet_80.py::test_case_0,functional_correctness.generated_classes.GPT-o4.partial_docstr.test_snippet_80,test_case_0,functional_correctness/generated_classes/GPT-o4/partial_docstr/test_snippet_80.py,,xfail,xfailed,,0.0001248749904334
functional_correctness/generated_classes/GPT-o4/partial_docstr/test_snippet_80.py::test_case_1,functional_correctness.generated_classes.GPT-o4.partial_docstr.test_snippet_80,test_case_1,functional_correctness/generated_classes/GPT-o4/partial_docstr/test_snippet_80.py,,xfail,xfailed,,0.0001043330412358
functional_correctness/generated_classes/GPT-o4/partial_docstr/test_snippet_80.py::test_case_2,functional_correctness.generated_classes.GPT-o4.partial_docstr.test_snippet_80,test_case_2,functional_correctness/generated_classes/GPT-o4/partial_docstr/test_snippet_80.py,,xfail,xfailed,,9.16249118745327e-05
functional_correctness/generated_classes/GPT-o4/partial_docstr/test_snippet_57.py::test_case_0,functional_correctness.generated_classes.GPT-o4.partial_docstr.test_snippet_57,test_case_0,functional_correctness/generated_classes/GPT-o4/partial_docstr/test_snippet_57.py,,,passed,,6.033305544406176e-05
functional_correctness/generated_classes/GPT-o4/partial_docstr/test_snippet_57.py::test_case_1,functional_correctness.generated_classes.GPT-o4.partial_docstr.test_snippet_57,test_case_1,functional_correctness/generated_classes/GPT-o4/partial_docstr/test_snippet_57.py,,xfail,xfailed,,6.087496876716614e-05
functional_correctness/generated_classes/GPT-o4/partial_docstr/test_snippet_57.py::test_case_2,functional_correctness.generated_classes.GPT-o4.partial_docstr.test_snippet_57,test_case_2,functional_correctness/generated_classes/GPT-o4/partial_docstr/test_snippet_57.py,,xfail,xfailed,,6.833299994468689e-05
functional_correctness/generated_classes/GPT-o4/partial_docstr/test_snippet_258.py::test_case_0,functional_correctness.generated_classes.GPT-o4.partial_docstr.test_snippet_258,test_case_0,functional_correctness/generated_classes/GPT-o4/partial_docstr/test_snippet_258.py,,xfail,failed,[XPASS(strict)] ,6.0542020946741104e-05
functional_correctness/generated_classes/GPT-o4/partial_docstr/test_snippet_258.py::test_case_1,functional_correctness.generated_classes.GPT-o4.partial_docstr.test_snippet_258,test_case_1,functional_correctness/generated_classes/GPT-o4/partial_docstr/test_snippet_258.py,,xfail,failed,[XPASS(strict)] ,5.274999421089888e-05
functional_correctness/generated_classes/GPT-o4/partial_docstr/test_snippet_258.py::test_case_2,functional_correctness.generated_classes.GPT-o4.partial_docstr.test_snippet_258,test_case_2,functional_correctness/generated_classes/GPT-o4/partial_docstr/test_snippet_258.py,,,passed,,8.637504652142525e-05
functional_correctness/generated_classes/GPT-o4/partial_docstr/test_snippet_258.py::test_case_3,functional_correctness.generated_classes.GPT-o4.partial_docstr.test_snippet_258,test_case_3,functional_correctness/generated_classes/GPT-o4/partial_docstr/test_snippet_258.py,,xfail,xfailed,,5.6999968364834785e-05
functional_correctness/generated_classes/GPT-o4/partial_docstr/test_snippet_502.py::test_case_0,functional_correctness.generated_classes.GPT-o4.partial_docstr.test_snippet_502,test_case_0,functional_correctness/generated_classes/GPT-o4/partial_docstr/test_snippet_502.py,,xfail,xfailed,,6.812496576458216e-05
functional_correctness/generated_classes/GPT-o4/partial_docstr/test_snippet_502.py::test_case_1,functional_correctness.generated_classes.GPT-o4.partial_docstr.test_snippet_502,test_case_1,functional_correctness/generated_classes/GPT-o4/partial_docstr/test_snippet_502.py,,,passed,,5.979195702821016e-05
functional_correctness/generated_classes/GPT-o4/partial_docstr/test_snippet_112.py::test_case_0,functional_correctness.generated_classes.GPT-o4.partial_docstr.test_snippet_112,test_case_0,functional_correctness/generated_classes/GPT-o4/partial_docstr/test_snippet_112.py,,xfail,xfailed,,7.029192056506872e-05
functional_correctness/generated_classes/GPT-o4/partial_docstr/test_snippet_112.py::test_case_1,functional_correctness.generated_classes.GPT-o4.partial_docstr.test_snippet_112,test_case_1,functional_correctness/generated_classes/GPT-o4/partial_docstr/test_snippet_112.py,,xfail,xfailed,,6.679201032966375e-05
functional_correctness/generated_classes/GPT-o4/partial_docstr/test_snippet_489.py::test_case_0,functional_correctness.generated_classes.GPT-o4.partial_docstr.test_snippet_489,test_case_0,functional_correctness/generated_classes/GPT-o4/partial_docstr/test_snippet_489.py,,xfail,xfailed,,6.466696504503489e-05
functional_correctness/generated_classes/GPT-o4/partial_docstr/test_snippet_489.py::test_case_1,functional_correctness.generated_classes.GPT-o4.partial_docstr.test_snippet_489,test_case_1,functional_correctness/generated_classes/GPT-o4/partial_docstr/test_snippet_489.py,,xfail,xfailed,,7.058295886963606e-05
functional_correctness/generated_classes/GPT-o4/partial_docstr/test_snippet_489.py::test_case_2,functional_correctness.generated_classes.GPT-o4.partial_docstr.test_snippet_489,test_case_2,functional_correctness/generated_classes/GPT-o4/partial_docstr/test_snippet_489.py,,,failed,AttributeError: 'bool' object has no attribute 'split',6.283295806497335e-05
functional_correctness/generated_classes/GPT-o4/partial_docstr/test_snippet_489.py::test_case_3,functional_correctness.generated_classes.GPT-o4.partial_docstr.test_snippet_489,test_case_3,functional_correctness/generated_classes/GPT-o4/partial_docstr/test_snippet_489.py,,,failed,AttributeError: 'bool' object has no attribute 'split',5.283299833536148e-05
functional_correctness/generated_classes/GPT-o4/partial_docstr/test_snippet_489.py::test_case_4,functional_correctness.generated_classes.GPT-o4.partial_docstr.test_snippet_489,test_case_4,functional_correctness/generated_classes/GPT-o4/partial_docstr/test_snippet_489.py,,,failed,AttributeError: 'NoneType' object has no attribute 'split',5.341705400496721e-05
functional_correctness/generated_classes/GPT-o4/partial_docstr/test_snippet_91.py::test_case_0,functional_correctness.generated_classes.GPT-o4.partial_docstr.test_snippet_91,test_case_0,functional_correctness/generated_classes/GPT-o4/partial_docstr/test_snippet_91.py,,,failed,"AssertionError: assert 'Title: -565.1\nLink: -565.1' == -565.1 ± 5.7e+00
  
  comparison failed
  Obtained: Title: -565.1\nLink: -565.1
  Expected: -565.1 ± 5.7e+00",0.0002100829733535
functional_correctness/generated_classes/GPT-o4/partial_docstr/test_snippet_52.py::test_case_0,functional_correctness.generated_classes.GPT-o4.partial_docstr.test_snippet_52,test_case_0,functional_correctness/generated_classes/GPT-o4/partial_docstr/test_snippet_52.py,,,failed,NameError: name 'update_wrapper' is not defined,7.216690573841333e-05
functional_correctness/generated_classes/GPT-o4/partial_docstr/test_snippet_47.py::test_case_0,functional_correctness.generated_classes.GPT-o4.partial_docstr.test_snippet_47,test_case_0,functional_correctness/generated_classes/GPT-o4/partial_docstr/test_snippet_47.py,,,failed,ValueError: Either token or password must be provided,8.200004231184721e-05
functional_correctness/generated_classes/GPT-o4/partial_docstr/test_snippet_47.py::test_case_1,functional_correctness.generated_classes.GPT-o4.partial_docstr.test_snippet_47,test_case_1,functional_correctness/generated_classes/GPT-o4/partial_docstr/test_snippet_47.py,,xfail,xfailed,,7.141695823520422e-05
functional_correctness/generated_classes/GPT-o4/partial_docstr/test_snippet_53.py::test_case_0,functional_correctness.generated_classes.GPT-o4.partial_docstr.test_snippet_53,test_case_0,functional_correctness/generated_classes/GPT-o4/partial_docstr/test_snippet_53.py,,,failed,NameError: name 'sys' is not defined,7.758301217108965e-05
functional_correctness/generated_classes/GPT-o4/partial_docstr/test_snippet_53.py::test_case_1,functional_correctness.generated_classes.GPT-o4.partial_docstr.test_snippet_53,test_case_1,functional_correctness/generated_classes/GPT-o4/partial_docstr/test_snippet_53.py,,xfail,xfailed,,6.408302579075098e-05
functional_correctness/generated_classes/GPT-o4/partial_docstr/test_snippet_84.py::test_case_0,functional_correctness.generated_classes.GPT-o4.partial_docstr.test_snippet_84,test_case_0,functional_correctness/generated_classes/GPT-o4/partial_docstr/test_snippet_84.py,,,failed,AttributeError: 'RenameImport' object has no attribute 'new_to_old',7.833295967429876e-05
functional_correctness/generated_classes/GPT-o4/partial_docstr/test_snippet_84.py::test_case_1,functional_correctness.generated_classes.GPT-o4.partial_docstr.test_snippet_84,test_case_1,functional_correctness/generated_classes/GPT-o4/partial_docstr/test_snippet_84.py,,xfail,xfailed,,6.462493911385536e-05
functional_correctness/generated_classes/GPT-o4/partial_docstr/test_snippet_84.py::test_case_2,functional_correctness.generated_classes.GPT-o4.partial_docstr.test_snippet_84,test_case_2,functional_correctness/generated_classes/GPT-o4/partial_docstr/test_snippet_84.py,,,failed,AttributeError: 'RenameImport' object has no attribute 'new_to_old',6.216694600880146e-05
functional_correctness/generated_classes/GPT-o4/partial_docstr/test_snippet_84.py::test_case_3,functional_correctness.generated_classes.GPT-o4.partial_docstr.test_snippet_84,test_case_3,functional_correctness/generated_classes/GPT-o4/partial_docstr/test_snippet_84.py,,xfail,xfailed,,6.070896051824093e-05
functional_correctness/generated_classes/GPT-o4/partial_docstr/test_snippet_84.py::test_case_4,functional_correctness.generated_classes.GPT-o4.partial_docstr.test_snippet_84,test_case_4,functional_correctness/generated_classes/GPT-o4/partial_docstr/test_snippet_84.py,,xfail,xfailed,,6.42499653622508e-05
functional_correctness/generated_classes/GPT-o4/partial_docstr/test_snippet_84.py::test_case_5,functional_correctness.generated_classes.GPT-o4.partial_docstr.test_snippet_84,test_case_5,functional_correctness/generated_classes/GPT-o4/partial_docstr/test_snippet_84.py,,,failed,Failed: DID NOT RAISE <class 'AssertionError'>,6.458302959799767e-05
functional_correctness/generated_classes/GPT-o4/partial_docstr/test_snippet_117.py::test_case_0,functional_correctness.generated_classes.GPT-o4.partial_docstr.test_snippet_117,test_case_0,functional_correctness/generated_classes/GPT-o4/partial_docstr/test_snippet_117.py,,,passed,,6.308301817625761e-05
functional_correctness/generated_classes/GPT-o4/partial_docstr/test_snippet_671.py::test_case_0,functional_correctness.generated_classes.GPT-o4.partial_docstr.test_snippet_671,test_case_0,functional_correctness/generated_classes/GPT-o4/partial_docstr/test_snippet_671.py,,,passed,,5.962490104138851e-05
functional_correctness/generated_classes/GPT-o4/partial_docstr/test_snippet_671.py::test_case_1,functional_correctness.generated_classes.GPT-o4.partial_docstr.test_snippet_671,test_case_1,functional_correctness/generated_classes/GPT-o4/partial_docstr/test_snippet_671.py,,xfail,xfailed,,6.779201794415712e-05
functional_correctness/generated_classes/GPT-o4/partial_docstr/test_snippet_473.py::test_case_0,functional_correctness.generated_classes.GPT-o4.partial_docstr.test_snippet_473,test_case_0,functional_correctness/generated_classes/GPT-o4/partial_docstr/test_snippet_473.py,,xfail,xfailed,,7.270893547683954e-05
functional_correctness/generated_classes/GPT-o4/partial_docstr/test_snippet_698.py::test_case_0,functional_correctness.generated_classes.GPT-o4.partial_docstr.test_snippet_698,test_case_0,functional_correctness/generated_classes/GPT-o4/partial_docstr/test_snippet_698.py,,,passed,,5.9458077885210514e-05
functional_correctness/generated_classes/GPT-o4/partial_docstr/test_snippet_698.py::test_case_1,functional_correctness.generated_classes.GPT-o4.partial_docstr.test_snippet_698,test_case_1,functional_correctness/generated_classes/GPT-o4/partial_docstr/test_snippet_698.py,,xfail,xfailed,,6.287498399615288e-05
functional_correctness/generated_classes/GPT-o4/partial_docstr/test_snippet_707.py::test_case_0,functional_correctness.generated_classes.GPT-o4.partial_docstr.test_snippet_707,test_case_0,functional_correctness/generated_classes/GPT-o4/partial_docstr/test_snippet_707.py,,xfail,xfailed,,7.06670107319951e-05
functional_correctness/generated_classes/GPT-o4/partial_docstr/test_snippet_707.py::test_case_1,functional_correctness.generated_classes.GPT-o4.partial_docstr.test_snippet_707,test_case_1,functional_correctness/generated_classes/GPT-o4/partial_docstr/test_snippet_707.py,,xfail,xfailed,,6.450002547353506e-05
functional_correctness/generated_classes/GPT-o4/partial_docstr/test_snippet_707.py::test_case_2,functional_correctness.generated_classes.GPT-o4.partial_docstr.test_snippet_707,test_case_2,functional_correctness/generated_classes/GPT-o4/partial_docstr/test_snippet_707.py,,xfail,xfailed,,8.812500163912773e-05
functional_correctness/generated_classes/GPT-o4/partial_docstr/test_snippet_713.py::test_case_0,functional_correctness.generated_classes.GPT-o4.partial_docstr.test_snippet_713,test_case_0,functional_correctness/generated_classes/GPT-o4/partial_docstr/test_snippet_713.py,,,passed,,5.862489342689514e-05
functional_correctness/generated_classes/GPT-o4/partial_docstr/test_snippet_51.py::test_case_0,functional_correctness.generated_classes.GPT-o4.partial_docstr.test_snippet_51,test_case_0,functional_correctness/generated_classes/GPT-o4/partial_docstr/test_snippet_51.py,,xfail,xfailed,,6.7290966399014e-05
functional_correctness/generated_classes/GPT-o4/partial_docstr/test_snippet_51.py::test_case_1,functional_correctness.generated_classes.GPT-o4.partial_docstr.test_snippet_51,test_case_1,functional_correctness/generated_classes/GPT-o4/partial_docstr/test_snippet_51.py,,,passed,,6.483402103185654e-05
functional_correctness/generated_classes/GPT-o4/partial_docstr/test_snippet_51.py::test_case_2,functional_correctness.generated_classes.GPT-o4.partial_docstr.test_snippet_51,test_case_2,functional_correctness/generated_classes/GPT-o4/partial_docstr/test_snippet_51.py,,,failed,NameError: name 'sys' is not defined,6.729201413691044e-05
functional_correctness/generated_classes/GPT-o4/partial_docstr/test_snippet_79.py::test_case_0,functional_correctness.generated_classes.GPT-o4.partial_docstr.test_snippet_79,test_case_0,functional_correctness/generated_classes/GPT-o4/partial_docstr/test_snippet_79.py,,xfail,xfailed,,6.845803000032902e-05
functional_correctness/generated_classes/GPT-o4/partial_docstr/test_snippet_50.py::test_case_0,functional_correctness.generated_classes.GPT-o4.partial_docstr.test_snippet_50,test_case_0,functional_correctness/generated_classes/GPT-o4/partial_docstr/test_snippet_50.py,,xfail,xfailed,,7.12500186637044e-05
functional_correctness/generated_classes/GPT-o4/partial_docstr/test_snippet_44.py::test_case_0,functional_correctness.generated_classes.GPT-o4.partial_docstr.test_snippet_44,test_case_0,functional_correctness/generated_classes/GPT-o4/partial_docstr/test_snippet_44.py,,xfail,xfailed,,8.150003850460052e-05
functional_correctness/generated_classes/GPT-o4/partial_docstr/test_snippet_44.py::test_case_1,functional_correctness.generated_classes.GPT-o4.partial_docstr.test_snippet_44,test_case_1,functional_correctness/generated_classes/GPT-o4/partial_docstr/test_snippet_44.py,,xfail,xfailed,,6.70839799568057e-05
functional_correctness/generated_classes/GPT-o4/partial_docstr/test_snippet_44.py::test_case_2,functional_correctness.generated_classes.GPT-o4.partial_docstr.test_snippet_44,test_case_2,functional_correctness/generated_classes/GPT-o4/partial_docstr/test_snippet_44.py,,xfail,xfailed,,6.125005893409252e-05
functional_correctness/generated_classes/GPT-o4/partial_docstr/test_snippet_510.py::test_case_0,functional_correctness.generated_classes.GPT-o4.partial_docstr.test_snippet_510,test_case_0,functional_correctness/generated_classes/GPT-o4/partial_docstr/test_snippet_510.py,,xfail,xfailed,,6.895908154547215e-05
functional_correctness/generated_classes/GPT-o4/partial_docstr/test_snippet_262.py::test_case_0,functional_correctness.generated_classes.GPT-o4.partial_docstr.test_snippet_262,test_case_0,functional_correctness/generated_classes/GPT-o4/partial_docstr/test_snippet_262.py,,,failed,ValueError: Initial state '].{R)/+)%IvW\\' not in states,7.333396933972836e-05
functional_correctness/generated_classes/GPT-o4/partial_docstr/test_snippet_504.py::test_case_0,functional_correctness.generated_classes.GPT-o4.partial_docstr.test_snippet_504,test_case_0,functional_correctness/generated_classes/GPT-o4/partial_docstr/test_snippet_504.py,,xfail,xfailed,,7.383408956229687e-05
functional_correctness/generated_classes/GPT-o4/partial_docstr/test_snippet_93.py::test_case_0,functional_correctness.generated_classes.GPT-o4.partial_docstr.test_snippet_93,test_case_0,functional_correctness/generated_classes/GPT-o4/partial_docstr/test_snippet_93.py,,xfail,xfailed,,7.679197005927563e-05
functional_correctness/generated_classes/GPT-o4/partial_docstr/test_snippet_87.py::test_case_0,functional_correctness.generated_classes.GPT-o4.partial_docstr.test_snippet_87,test_case_0,functional_correctness/generated_classes/GPT-o4/partial_docstr/test_snippet_87.py,,,failed,"TypeError: wait must be an int, float, bool or None",7.049995474517345e-05
functional_correctness/generated_classes/GPT-o4/partial_docstr/test_snippet_87.py::test_case_1,functional_correctness.generated_classes.GPT-o4.partial_docstr.test_snippet_87,test_case_1,functional_correctness/generated_classes/GPT-o4/partial_docstr/test_snippet_87.py,,xfail,xfailed,,6.429199129343033e-05
functional_correctness/generated_classes/GPT-o4/partial_docstr/test_snippet_87.py::test_case_2,functional_correctness.generated_classes.GPT-o4.partial_docstr.test_snippet_87,test_case_2,functional_correctness/generated_classes/GPT-o4/partial_docstr/test_snippet_87.py,,xfail,xfailed,,5.4750009439885616e-05
functional_correctness/generated_classes/GPT-o4/partial_docstr/test_snippet_672.py::test_case_0,functional_correctness.generated_classes.GPT-o4.partial_docstr.test_snippet_672,test_case_0,functional_correctness/generated_classes/GPT-o4/partial_docstr/test_snippet_672.py,,xfail,xfailed,,6.837502587586641e-05
functional_correctness/generated_classes/GPT-o4/partial_docstr/test_snippet_672.py::test_case_1,functional_correctness.generated_classes.GPT-o4.partial_docstr.test_snippet_672,test_case_1,functional_correctness/generated_classes/GPT-o4/partial_docstr/test_snippet_672.py,,,passed,,5.804200191050768e-05
functional_correctness/generated_classes/GPT-o4/partial_docstr/test_snippet_458.py::test_case_0,functional_correctness.generated_classes.GPT-o4.partial_docstr.test_snippet_458,test_case_0,functional_correctness/generated_classes/GPT-o4/partial_docstr/test_snippet_458.py,,xfail,xfailed,,0.0001185829751193
functional_correctness/generated_classes/GPT-o4/partial_docstr/test_snippet_458.py::test_case_1,functional_correctness.generated_classes.GPT-o4.partial_docstr.test_snippet_458,test_case_1,functional_correctness/generated_classes/GPT-o4/partial_docstr/test_snippet_458.py,,xfail,xfailed,,9.704206604510546e-05
functional_correctness/generated_classes/GPT-o4/partial_docstr/test_snippet_458.py::test_case_2,functional_correctness.generated_classes.GPT-o4.partial_docstr.test_snippet_458,test_case_2,functional_correctness/generated_classes/GPT-o4/partial_docstr/test_snippet_458.py,,xfail,xfailed,,6.804196164011955e-05
functional_correctness/generated_classes/GPT-o4/partial_docstr/test_snippet_359.py::test_case_0,functional_correctness.generated_classes.GPT-o4.partial_docstr.test_snippet_359,test_case_0,functional_correctness/generated_classes/GPT-o4/partial_docstr/test_snippet_359.py,,,failed,RecursionError: maximum recursion depth exceeded,0.000767333083786
functional_correctness/generated_classes/GPT-o4/partial_docstr/test_snippet_359.py::test_case_1,functional_correctness.generated_classes.GPT-o4.partial_docstr.test_snippet_359,test_case_1,functional_correctness/generated_classes/GPT-o4/partial_docstr/test_snippet_359.py,,xfail,xfailed,,0.00018429197371
functional_correctness/generated_classes/GPT-o4/partial_docstr/test_snippet_359.py::test_case_2,functional_correctness.generated_classes.GPT-o4.partial_docstr.test_snippet_359,test_case_2,functional_correctness/generated_classes/GPT-o4/partial_docstr/test_snippet_359.py,,,passed,,5.466700531542301e-05
functional_correctness/generated_classes/GPT-o4/partial_docstr/test_snippet_359.py::test_case_3,functional_correctness.generated_classes.GPT-o4.partial_docstr.test_snippet_359,test_case_3,functional_correctness/generated_classes/GPT-o4/partial_docstr/test_snippet_359.py,,xfail,failed,[XPASS(strict)] ,5.4750009439885616e-05
functional_correctness/generated_classes/GPT-o4/partial_docstr/test_snippet_359.py::test_case_4,functional_correctness.generated_classes.GPT-o4.partial_docstr.test_snippet_359,test_case_4,functional_correctness/generated_classes/GPT-o4/partial_docstr/test_snippet_359.py,,xfail,xfailed,,5.27920201420784e-05
functional_correctness/generated_classes/GPT-o4/partial_docstr/test_snippet_359.py::test_case_5,functional_correctness.generated_classes.GPT-o4.partial_docstr.test_snippet_359,test_case_5,functional_correctness/generated_classes/GPT-o4/partial_docstr/test_snippet_359.py,,xfail,xfailed,,5.5875047110021114e-05
functional_correctness/generated_classes/GPT-o4/partial_docstr/test_snippet_359.py::test_case_6,functional_correctness.generated_classes.GPT-o4.partial_docstr.test_snippet_359,test_case_6,functional_correctness/generated_classes/GPT-o4/partial_docstr/test_snippet_359.py,,xfail,xfailed,,7.354200351983309e-05
functional_correctness/generated_classes/GPT-o4/partial_docstr/test_snippet_173.py::test_case_0,functional_correctness.generated_classes.GPT-o4.partial_docstr.test_snippet_173,test_case_0,functional_correctness/generated_classes/GPT-o4/partial_docstr/test_snippet_173.py,,xfail,xfailed,,6.9458968937397e-05
functional_correctness/generated_classes/GPT-o4/partial_docstr/test_snippet_173.py::test_case_1,functional_correctness.generated_classes.GPT-o4.partial_docstr.test_snippet_173,test_case_1,functional_correctness/generated_classes/GPT-o4/partial_docstr/test_snippet_173.py,,xfail,failed,[XPASS(strict)] ,5.3958967328071594e-05
functional_correctness/generated_classes/GPT-o4/partial_docstr/test_snippet_173.py::test_case_2,functional_correctness.generated_classes.GPT-o4.partial_docstr.test_snippet_173,test_case_2,functional_correctness/generated_classes/GPT-o4/partial_docstr/test_snippet_173.py,,,failed,AttributeError: 'ToExpand' object has no attribute 'text',6.216589827090502e-05
functional_correctness/generated_classes/GPT-o4/partial_docstr/test_snippet_173.py::test_case_3,functional_correctness.generated_classes.GPT-o4.partial_docstr.test_snippet_173,test_case_3,functional_correctness/generated_classes/GPT-o4/partial_docstr/test_snippet_173.py,,,failed,AttributeError: 'ToExpand' object has no attribute 'text',6.079103332012892e-05
functional_correctness/generated_classes/GPT-o4/partial_docstr/test_snippet_173.py::test_case_4,functional_correctness.generated_classes.GPT-o4.partial_docstr.test_snippet_173,test_case_4,functional_correctness/generated_classes/GPT-o4/partial_docstr/test_snippet_173.py,,,failed,AttributeError: 'ToExpand' object has no attribute 'text',5.237490404397249e-05
functional_correctness/generated_classes/GPT-o4/partial_docstr/test_snippet_173.py::test_case_5,functional_correctness.generated_classes.GPT-o4.partial_docstr.test_snippet_173,test_case_5,functional_correctness/generated_classes/GPT-o4/partial_docstr/test_snippet_173.py,,xfail,xfailed,,5.270796827971935e-05
functional_correctness/generated_classes/GPT-o4/partial_docstr/test_snippet_173.py::test_case_6,functional_correctness.generated_classes.GPT-o4.partial_docstr.test_snippet_173,test_case_6,functional_correctness/generated_classes/GPT-o4/partial_docstr/test_snippet_173.py,,xfail,xfailed,,5.304103251546621e-05
functional_correctness/generated_classes/GPT-o4/partial_docstr/test_snippet_173.py::test_case_7,functional_correctness.generated_classes.GPT-o4.partial_docstr.test_snippet_173,test_case_7,functional_correctness/generated_classes/GPT-o4/partial_docstr/test_snippet_173.py,,xfail,xfailed,,6.066705100238323e-05
functional_correctness/generated_classes/GPT-o4/partial_docstr/test_snippet_173.py::test_case_8,functional_correctness.generated_classes.GPT-o4.partial_docstr.test_snippet_173,test_case_8,functional_correctness/generated_classes/GPT-o4/partial_docstr/test_snippet_173.py,,,failed,AttributeError: 'ToExpand' object has no attribute 'text',5.195790436118841e-05
functional_correctness/generated_classes/GPT-o4/partial_docstr/test_snippet_629.py::test_case_0,functional_correctness.generated_classes.GPT-o4.partial_docstr.test_snippet_629,test_case_0,functional_correctness/generated_classes/GPT-o4/partial_docstr/test_snippet_629.py,,xfail,failed,[XPASS(strict)] ,5.929102189838886e-05
functional_correctness/generated_classes/GPT-o4/partial_docstr/test_snippet_239.py::test_case_0,functional_correctness.generated_classes.GPT-o4.partial_docstr.test_snippet_239,test_case_0,functional_correctness/generated_classes/GPT-o4/partial_docstr/test_snippet_239.py,,,passed,,6.008404307067394e-05
functional_correctness/generated_classes/GPT-o4/partial_docstr/test_snippet_239.py::test_case_1,functional_correctness.generated_classes.GPT-o4.partial_docstr.test_snippet_239,test_case_1,functional_correctness/generated_classes/GPT-o4/partial_docstr/test_snippet_239.py,,,failed,"AssertionError: assert True == b'cD'
 +  where True = <snippet_239.toggled_prefetching object at 0x104b94d50>.enabled",0.0001159580424427
functional_correctness/generated_classes/GPT-o4/partial_docstr/test_snippet_239.py::test_case_2,functional_correctness.generated_classes.GPT-o4.partial_docstr.test_snippet_239,test_case_2,functional_correctness/generated_classes/GPT-o4/partial_docstr/test_snippet_239.py,,,failed,"assert False is None
 +  where False = <snippet_239.toggled_prefetching object at 0x103fd2d90>.enabled",0.0001007500104606
functional_correctness/generated_classes/GPT-o4/partial_docstr/test_snippet_589.py::test_case_0,functional_correctness.generated_classes.GPT-o4.partial_docstr.test_snippet_589,test_case_0,functional_correctness/generated_classes/GPT-o4/partial_docstr/test_snippet_589.py,,xfail,xfailed,,6.845803000032902e-05
functional_correctness/generated_classes/GPT-o4/partial_docstr/test_snippet_589.py::test_case_1,functional_correctness.generated_classes.GPT-o4.partial_docstr.test_snippet_589,test_case_1,functional_correctness/generated_classes/GPT-o4/partial_docstr/test_snippet_589.py,,,failed,AttributeError: 'Scheme' object has no attribute 'args',6.595801096409559e-05
functional_correctness/generated_classes/GPT-o4/partial_docstr/test_snippet_589.py::test_case_2,functional_correctness.generated_classes.GPT-o4.partial_docstr.test_snippet_589,test_case_2,functional_correctness/generated_classes/GPT-o4/partial_docstr/test_snippet_589.py,,xfail,xfailed,,5.429098382592201e-05
functional_correctness/generated_classes/GPT-o4/partial_docstr/test_snippet_589.py::test_case_3,functional_correctness.generated_classes.GPT-o4.partial_docstr.test_snippet_589,test_case_3,functional_correctness/generated_classes/GPT-o4/partial_docstr/test_snippet_589.py,,,failed,AttributeError: 'Scheme' object has no attribute 'args',6.187497638165951e-05
functional_correctness/generated_classes/GPT-o4/partial_docstr/test_snippet_589.py::test_case_4,functional_correctness.generated_classes.GPT-o4.partial_docstr.test_snippet_589,test_case_4,functional_correctness/generated_classes/GPT-o4/partial_docstr/test_snippet_589.py,,,failed,AttributeError: 'Scheme' object has no attribute 'args',5.40419714525342e-05
functional_correctness/generated_classes/GPT-o4/partial_docstr/test_snippet_589.py::test_case_5,functional_correctness.generated_classes.GPT-o4.partial_docstr.test_snippet_589,test_case_5,functional_correctness/generated_classes/GPT-o4/partial_docstr/test_snippet_589.py,,xfail,xfailed,,5.070795305073261e-05
functional_correctness/generated_classes/GPT-o4/partial_docstr/test_snippet_589.py::test_case_6,functional_correctness.generated_classes.GPT-o4.partial_docstr.test_snippet_589,test_case_6,functional_correctness/generated_classes/GPT-o4/partial_docstr/test_snippet_589.py,,,failed,AttributeError: 'Scheme' object has no attribute 'args',5.170796066522598e-05
functional_correctness/generated_classes/GPT-o4/partial_docstr/test_snippet_589.py::test_case_7,functional_correctness.generated_classes.GPT-o4.partial_docstr.test_snippet_589,test_case_7,functional_correctness/generated_classes/GPT-o4/partial_docstr/test_snippet_589.py,,xfail,xfailed,,6.812508217990398e-05
functional_correctness/generated_classes/GPT-o4/partial_docstr/test_snippet_210.py::test_case_0,functional_correctness.generated_classes.GPT-o4.partial_docstr.test_snippet_210,test_case_0,functional_correctness/generated_classes/GPT-o4/partial_docstr/test_snippet_210.py,,xfail,xfailed,,7.029110565781593e-05
functional_correctness/generated_classes/GPT-o4/partial_docstr/test_snippet_210.py::test_case_1,functional_correctness.generated_classes.GPT-o4.partial_docstr.test_snippet_210,test_case_1,functional_correctness/generated_classes/GPT-o4/partial_docstr/test_snippet_210.py,,xfail,failed,[XPASS(strict)] ,6.004190072417259e-05
functional_correctness/generated_classes/GPT-o4/partial_docstr/test_snippet_364.py::test_case_0,functional_correctness.generated_classes.GPT-o4.partial_docstr.test_snippet_364,test_case_0,functional_correctness/generated_classes/GPT-o4/partial_docstr/test_snippet_364.py,,xfail,xfailed,,7.191603071987629e-05
functional_correctness/generated_classes/GPT-o4/partial_docstr/test_snippet_364.py::test_case_1,functional_correctness.generated_classes.GPT-o4.partial_docstr.test_snippet_364,test_case_1,functional_correctness/generated_classes/GPT-o4/partial_docstr/test_snippet_364.py,,,failed,ValueError: conf must be a dict,6.804103031754494e-05
functional_correctness/generated_classes/GPT-o4/partial_docstr/test_snippet_364.py::test_case_2,functional_correctness.generated_classes.GPT-o4.partial_docstr.test_snippet_364,test_case_2,functional_correctness/generated_classes/GPT-o4/partial_docstr/test_snippet_364.py,,,failed,ValueError: conf must be a dict,5.9833982959389687e-05
functional_correctness/generated_classes/GPT-o4/partial_docstr/test_snippet_370.py::test_case_0,functional_correctness.generated_classes.GPT-o4.partial_docstr.test_snippet_370,test_case_0,functional_correctness/generated_classes/GPT-o4/partial_docstr/test_snippet_370.py,,xfail,xfailed,,7.258402183651924e-05
functional_correctness/generated_classes/GPT-o4/partial_docstr/test_snippet_366.py::test_case_0,functional_correctness.generated_classes.GPT-o4.partial_docstr.test_snippet_366,test_case_0,functional_correctness/generated_classes/GPT-o4/partial_docstr/test_snippet_366.py,,xfail,xfailed,,7.212499622255564e-05
functional_correctness/generated_classes/GPT-o4/partial_docstr/test_snippet_602.py::test_case_0,functional_correctness.generated_classes.GPT-o4.partial_docstr.test_snippet_602,test_case_0,functional_correctness/generated_classes/GPT-o4/partial_docstr/test_snippet_602.py,,xfail,xfailed,,7.224990986287594e-05
functional_correctness/generated_classes/GPT-o4/partial_docstr/test_snippet_170.py::test_case_0,functional_correctness.generated_classes.GPT-o4.partial_docstr.test_snippet_170,test_case_0,functional_correctness/generated_classes/GPT-o4/partial_docstr/test_snippet_170.py,,,failed,"TypeError: float() argument must be a string or a real number, not 'NoneType'",7.287494372576475e-05
functional_correctness/generated_classes/GPT-o4/partial_docstr/test_snippet_170.py::test_case_1,functional_correctness.generated_classes.GPT-o4.partial_docstr.test_snippet_170,test_case_1,functional_correctness/generated_classes/GPT-o4/partial_docstr/test_snippet_170.py,,xfail,xfailed,,0.0001028749393299
functional_correctness/generated_classes/GPT-o4/partial_docstr/test_snippet_170.py::test_case_2,functional_correctness.generated_classes.GPT-o4.partial_docstr.test_snippet_170,test_case_2,functional_correctness/generated_classes/GPT-o4/partial_docstr/test_snippet_170.py,,xfail,xfailed,,5.7750032283365726e-05
functional_correctness/generated_classes/GPT-o4/partial_docstr/test_snippet_616.py::test_case_0,functional_correctness.generated_classes.GPT-o4.partial_docstr.test_snippet_616,test_case_0,functional_correctness/generated_classes/GPT-o4/partial_docstr/test_snippet_616.py,,,failed,"ValueError: At least one of plugin_type, name, or version must be specified",7.745891343802214e-05
functional_correctness/generated_classes/GPT-o4/partial_docstr/test_snippet_616.py::test_case_1,functional_correctness.generated_classes.GPT-o4.partial_docstr.test_snippet_616,test_case_1,functional_correctness/generated_classes/GPT-o4/partial_docstr/test_snippet_616.py,,xfail,failed,[XPASS(strict)] ,6.108300294727087e-05
functional_correctness/generated_classes/GPT-o4/partial_docstr/test_snippet_616.py::test_case_2,functional_correctness.generated_classes.GPT-o4.partial_docstr.test_snippet_616,test_case_2,functional_correctness/generated_classes/GPT-o4/partial_docstr/test_snippet_616.py,,xfail,xfailed,,6.24579843133688e-05
functional_correctness/generated_classes/GPT-o4/partial_docstr/test_snippet_616.py::test_case_3,functional_correctness.generated_classes.GPT-o4.partial_docstr.test_snippet_616,test_case_3,functional_correctness/generated_classes/GPT-o4/partial_docstr/test_snippet_616.py,,xfail,xfailed,,5.9333047829568386e-05
functional_correctness/generated_classes/GPT-o4/partial_docstr/test_snippet_35.py::test_case_0,functional_correctness.generated_classes.GPT-o4.partial_docstr.test_snippet_35,test_case_0,functional_correctness/generated_classes/GPT-o4/partial_docstr/test_snippet_35.py,,xfail,xfailed,,7.145805284380913e-05
functional_correctness/generated_classes/GPT-o4/partial_docstr/test_snippet_35.py::test_case_1,functional_correctness.generated_classes.GPT-o4.partial_docstr.test_snippet_35,test_case_1,functional_correctness/generated_classes/GPT-o4/partial_docstr/test_snippet_35.py,,,failed,AttributeError: 'Mash' object has no attribute 'n',6.816699169576168e-05
functional_correctness/generated_classes/GPT-o4/partial_docstr/test_snippet_35.py::test_case_2,functional_correctness.generated_classes.GPT-o4.partial_docstr.test_snippet_35,test_case_2,functional_correctness/generated_classes/GPT-o4/partial_docstr/test_snippet_35.py,,xfail,xfailed,,6.325007416307926e-05
functional_correctness/generated_classes/GPT-o4/partial_docstr/test_snippet_777.py::test_case_0,functional_correctness.generated_classes.GPT-o4.partial_docstr.test_snippet_777,test_case_0,functional_correctness/generated_classes/GPT-o4/partial_docstr/test_snippet_777.py,,,passed,,6.133306305855513e-05
functional_correctness/generated_classes/GPT-o4/partial_docstr/test_snippet_777.py::test_case_1,functional_correctness.generated_classes.GPT-o4.partial_docstr.test_snippet_777,test_case_1,functional_correctness/generated_classes/GPT-o4/partial_docstr/test_snippet_777.py,,,passed,,5.0999922677874565e-05
functional_correctness/generated_classes/GPT-o4/partial_docstr/test_snippet_777.py::test_case_2,functional_correctness.generated_classes.GPT-o4.partial_docstr.test_snippet_777,test_case_2,functional_correctness/generated_classes/GPT-o4/partial_docstr/test_snippet_777.py,,,passed,,5.212496034801006e-05
functional_correctness/generated_classes/GPT-o4/partial_docstr/test_snippet_777.py::test_case_3,functional_correctness.generated_classes.GPT-o4.partial_docstr.test_snippet_777,test_case_3,functional_correctness/generated_classes/GPT-o4/partial_docstr/test_snippet_777.py,,,passed,,4.75000124424696e-05
functional_correctness/generated_classes/GPT-o4/partial_docstr/test_snippet_777.py::test_case_4,functional_correctness.generated_classes.GPT-o4.partial_docstr.test_snippet_777,test_case_4,functional_correctness/generated_classes/GPT-o4/partial_docstr/test_snippet_777.py,,,failed,assert False is True,9.40409954637289e-05
functional_correctness/generated_classes/GPT-o4/partial_docstr/test_snippet_777.py::test_case_5,functional_correctness.generated_classes.GPT-o4.partial_docstr.test_snippet_777,test_case_5,functional_correctness/generated_classes/GPT-o4/partial_docstr/test_snippet_777.py,,xfail,xfailed,,8.204206824302673e-05
functional_correctness/generated_classes/GPT-o4/partial_docstr/test_snippet_159.py::test_case_0,functional_correctness.generated_classes.GPT-o4.partial_docstr.test_snippet_159,test_case_0,functional_correctness/generated_classes/GPT-o4/partial_docstr/test_snippet_159.py,,xfail,xfailed,,7.079204078763723e-05
functional_correctness/generated_classes/GPT-o4/partial_docstr/test_snippet_171.py::test_case_0,functional_correctness.generated_classes.GPT-o4.partial_docstr.test_snippet_171,test_case_0,functional_correctness/generated_classes/GPT-o4/partial_docstr/test_snippet_171.py,,,passed,,5.900010000914335e-05
functional_correctness/generated_classes/GPT-o4/partial_docstr/test_snippet_171.py::test_case_1,functional_correctness.generated_classes.GPT-o4.partial_docstr.test_snippet_171,test_case_1,functional_correctness/generated_classes/GPT-o4/partial_docstr/test_snippet_171.py,,xfail,failed,[XPASS(strict)] ,4.579196684062481e-05
functional_correctness/generated_classes/GPT-o4/partial_docstr/test_snippet_171.py::test_case_2,functional_correctness.generated_classes.GPT-o4.partial_docstr.test_snippet_171,test_case_2,functional_correctness/generated_classes/GPT-o4/partial_docstr/test_snippet_171.py,,xfail,xfailed,,0.0001247499603778
functional_correctness/generated_classes/GPT-o4/partial_docstr/test_snippet_165.py::test_case_0,functional_correctness.generated_classes.GPT-o4.partial_docstr.test_snippet_165,test_case_0,functional_correctness/generated_classes/GPT-o4/partial_docstr/test_snippet_165.py,,xfail,xfailed,,7.112498860806227e-05
functional_correctness/generated_classes/GPT-o4/partial_docstr/test_snippet_401.py::test_case_0,functional_correctness.generated_classes.GPT-o4.partial_docstr.test_snippet_401,test_case_0,functional_correctness/generated_classes/GPT-o4/partial_docstr/test_snippet_401.py,,xfail,xfailed,,0.0001347920624539
functional_correctness/generated_classes/GPT-o4/partial_docstr/test_snippet_401.py::test_case_1,functional_correctness.generated_classes.GPT-o4.partial_docstr.test_snippet_401,test_case_1,functional_correctness/generated_classes/GPT-o4/partial_docstr/test_snippet_401.py,,xfail,xfailed,,6.441702134907246e-05
functional_correctness/generated_classes/GPT-o4/partial_docstr/test_snippet_401.py::test_case_2,functional_correctness.generated_classes.GPT-o4.partial_docstr.test_snippet_401,test_case_2,functional_correctness/generated_classes/GPT-o4/partial_docstr/test_snippet_401.py,,xfail,xfailed,,5.41249755769968e-05
functional_correctness/generated_classes/GPT-o4/partial_docstr/test_snippet_401.py::test_case_3,functional_correctness.generated_classes.GPT-o4.partial_docstr.test_snippet_401,test_case_3,functional_correctness/generated_classes/GPT-o4/partial_docstr/test_snippet_401.py,,xfail,xfailed,,5.054101347923279e-05
functional_correctness/generated_classes/GPT-o4/partial_docstr/test_snippet_439.py::test_case_0,functional_correctness.generated_classes.GPT-o4.partial_docstr.test_snippet_439,test_case_0,functional_correctness/generated_classes/GPT-o4/partial_docstr/test_snippet_439.py,,,passed,,5.745899397879839e-05
functional_correctness/generated_classes/GPT-o4/partial_docstr/test_snippet_439.py::test_case_1,functional_correctness.generated_classes.GPT-o4.partial_docstr.test_snippet_439,test_case_1,functional_correctness/generated_classes/GPT-o4/partial_docstr/test_snippet_439.py,,xfail,xfailed,,5.9333047829568386e-05
functional_correctness/generated_classes/GPT-o4/partial_docstr/test_snippet_808.py::test_case_0,functional_correctness.generated_classes.GPT-o4.partial_docstr.test_snippet_808,test_case_0,functional_correctness/generated_classes/GPT-o4/partial_docstr/test_snippet_808.py,,xfail,xfailed,,7.862504571676254e-05
functional_correctness/generated_classes/GPT-o4/partial_docstr/test_snippet_808.py::test_case_1,functional_correctness.generated_classes.GPT-o4.partial_docstr.test_snippet_808,test_case_1,functional_correctness/generated_classes/GPT-o4/partial_docstr/test_snippet_808.py,,xfail,xfailed,,6.762496195733547e-05
functional_correctness/generated_classes/GPT-o4/partial_docstr/test_snippet_767.py::test_case_0,functional_correctness.generated_classes.GPT-o4.partial_docstr.test_snippet_767,test_case_0,functional_correctness/generated_classes/GPT-o4/partial_docstr/test_snippet_767.py,,,passed,,5.854107439517975e-05
functional_correctness/generated_classes/GPT-o4/partial_docstr/test_snippet_767.py::test_case_1,functional_correctness.generated_classes.GPT-o4.partial_docstr.test_snippet_767,test_case_1,functional_correctness/generated_classes/GPT-o4/partial_docstr/test_snippet_767.py,,,failed,AttributeError: 'LLDPConfiguration' object has no attribute 'strict_mode',6.799993570894003e-05
functional_correctness/generated_classes/GPT-o4/partial_docstr/test_snippet_767.py::test_case_2,functional_correctness.generated_classes.GPT-o4.partial_docstr.test_snippet_767,test_case_2,functional_correctness/generated_classes/GPT-o4/partial_docstr/test_snippet_767.py,,xfail,xfailed,,5.954096559435129e-05
functional_correctness/generated_classes/GPT-o4/partial_docstr/test_snippet_798.py::test_case_0,functional_correctness.generated_classes.GPT-o4.partial_docstr.test_snippet_798,test_case_0,functional_correctness/generated_classes/GPT-o4/partial_docstr/test_snippet_798.py,,xfail,xfailed,,7.50409672036767e-05
functional_correctness/generated_classes/GPT-o4/partial_docstr/test_snippet_798.py::test_case_1,functional_correctness.generated_classes.GPT-o4.partial_docstr.test_snippet_798,test_case_1,functional_correctness/generated_classes/GPT-o4/partial_docstr/test_snippet_798.py,,,passed,,5.7292054407298565e-05
functional_correctness/generated_classes/GPT-o4/partial_docstr/test_snippet_798.py::test_case_2,functional_correctness.generated_classes.GPT-o4.partial_docstr.test_snippet_798,test_case_2,functional_correctness/generated_classes/GPT-o4/partial_docstr/test_snippet_798.py,,xfail,xfailed,,6.387510802596807e-05
functional_correctness/generated_classes/GPT-o4/partial_docstr/test_snippet_558.py::test_case_0,functional_correctness.generated_classes.GPT-o4.partial_docstr.test_snippet_558,test_case_0,functional_correctness/generated_classes/GPT-o4/partial_docstr/test_snippet_558.py,,,passed,,6.112491246312857e-05
functional_correctness/generated_classes/GPT-o4/partial_docstr/test_snippet_772.py::test_case_0,functional_correctness.generated_classes.GPT-o4.partial_docstr.test_snippet_772,test_case_0,functional_correctness/generated_classes/GPT-o4/partial_docstr/test_snippet_772.py,,,failed,"AssertionError: assert 'created_by' == ['created_by']
 +  where 'created_by' = <class 'snippet_772.UserViewMixin'>.user_field
 +    where <class 'snippet_772.UserViewMixin'> = module_0.UserViewMixin",0.0001344169722869
functional_correctness/generated_classes/GPT-o4/partial_docstr/test_snippet_612.py::test_case_0,functional_correctness.generated_classes.GPT-o4.partial_docstr.test_snippet_612,test_case_0,functional_correctness/generated_classes/GPT-o4/partial_docstr/test_snippet_612.py,,xfail,failed,[XPASS(strict)] ,5.529192276299e-05
functional_correctness/generated_classes/GPT-o4/partial_docstr/test_snippet_174.py::test_case_0,functional_correctness.generated_classes.GPT-o4.partial_docstr.test_snippet_174,test_case_0,functional_correctness/generated_classes/GPT-o4/partial_docstr/test_snippet_174.py,,xfail,xfailed,,6.65000407025218e-05
functional_correctness/generated_classes/GPT-o4/partial_docstr/test_snippet_174.py::test_case_1,functional_correctness.generated_classes.GPT-o4.partial_docstr.test_snippet_174,test_case_1,functional_correctness/generated_classes/GPT-o4/partial_docstr/test_snippet_174.py,,xfail,xfailed,,7.116701453924179e-05
functional_correctness/generated_classes/GPT-o4/partial_docstr/test_snippet_174.py::test_case_2,functional_correctness.generated_classes.GPT-o4.partial_docstr.test_snippet_174,test_case_2,functional_correctness/generated_classes/GPT-o4/partial_docstr/test_snippet_174.py,,,failed,TypeError: First argument must be callable,6.087496876716614e-05
functional_correctness/generated_classes/GPT-o4/partial_docstr/test_snippet_160.py::test_case_0,functional_correctness.generated_classes.GPT-o4.partial_docstr.test_snippet_160,test_case_0,functional_correctness/generated_classes/GPT-o4/partial_docstr/test_snippet_160.py,,xfail,xfailed,,6.616697646677494e-05
functional_correctness/generated_classes/GPT-o4/partial_docstr/test_snippet_160.py::test_case_1,functional_correctness.generated_classes.GPT-o4.partial_docstr.test_snippet_160,test_case_1,functional_correctness/generated_classes/GPT-o4/partial_docstr/test_snippet_160.py,,,passed,,6.12910371273756e-05
functional_correctness/generated_classes/GPT-o4/partial_docstr/test_snippet_606.py::test_case_0,functional_correctness.generated_classes.GPT-o4.partial_docstr.test_snippet_606,test_case_0,functional_correctness/generated_classes/GPT-o4/partial_docstr/test_snippet_606.py,,,failed,"assert <function SpawningProxy.__getattr__.<locals>.spawning_method at 0x106da9440> is False
 +  where <function SpawningProxy.__getattr__.<locals>.spawning_method at 0x106da9440> = <snippet_606.SpawningProxy object at 0x106dbc790>.abort_on_error",0.0001203750725835
functional_correctness/generated_classes/GPT-o4/partial_docstr/test_snippet_606.py::test_case_1,functional_correctness.generated_classes.GPT-o4.partial_docstr.test_snippet_606,test_case_1,functional_correctness/generated_classes/GPT-o4/partial_docstr/test_snippet_606.py,,xfail,xfailed,,8.174998220056295e-05
functional_correctness/generated_classes/GPT-o4/partial_docstr/test_snippet_606.py::test_case_2,functional_correctness.generated_classes.GPT-o4.partial_docstr.test_snippet_606,test_case_2,functional_correctness/generated_classes/GPT-o4/partial_docstr/test_snippet_606.py,,xfail,xfailed,,5.583302117884159e-05
functional_correctness/generated_classes/GPT-o4/partial_docstr/test_snippet_148.py::test_case_0,functional_correctness.generated_classes.GPT-o4.partial_docstr.test_snippet_148,test_case_0,functional_correctness/generated_classes/GPT-o4/partial_docstr/test_snippet_148.py,,xfail,xfailed,,8.42920271679759e-05
functional_correctness/generated_classes/GPT-o4/partial_docstr/test_snippet_148.py::test_case_1,functional_correctness.generated_classes.GPT-o4.partial_docstr.test_snippet_148,test_case_1,functional_correctness/generated_classes/GPT-o4/partial_docstr/test_snippet_148.py,,xfail,xfailed,,7.54999928176403e-05
functional_correctness/generated_classes/GPT-o4/partial_docstr/test_snippet_376.py::test_case_0,functional_correctness.generated_classes.GPT-o4.partial_docstr.test_snippet_376,test_case_0,functional_correctness/generated_classes/GPT-o4/partial_docstr/test_snippet_376.py,,,passed,,5.9333979152143e-05
functional_correctness/generated_classes/GPT-o4/partial_docstr/test_snippet_376.py::test_case_1,functional_correctness.generated_classes.GPT-o4.partial_docstr.test_snippet_376,test_case_1,functional_correctness/generated_classes/GPT-o4/partial_docstr/test_snippet_376.py,,,failed,"AssertionError: assert 'WIC-1ENET Ethernet' == 'WIC-1ENET'
  
  - WIC-1ENET
  + WIC-1ENET Ethernet",0.0001479579368606
functional_correctness/generated_classes/GPT-o4/partial_docstr/test_snippet_412.py::test_case_0,functional_correctness.generated_classes.GPT-o4.partial_docstr.test_snippet_412,test_case_0,functional_correctness/generated_classes/GPT-o4/partial_docstr/test_snippet_412.py,,xfail,xfailed,,7.141695823520422e-05
functional_correctness/generated_classes/GPT-o4/partial_docstr/test_snippet_412.py::test_case_1,functional_correctness.generated_classes.GPT-o4.partial_docstr.test_snippet_412,test_case_1,functional_correctness/generated_classes/GPT-o4/partial_docstr/test_snippet_412.py,,,failed,ValueError: Stream requires at least one type,6.700004450976849e-05
functional_correctness/generated_classes/GPT-o4/partial_docstr/test_snippet_412.py::test_case_2,functional_correctness.generated_classes.GPT-o4.partial_docstr.test_snippet_412,test_case_2,functional_correctness/generated_classes/GPT-o4/partial_docstr/test_snippet_412.py,,xfail,xfailed,,6.208301056176424e-05
functional_correctness/generated_classes/GPT-o4/partial_docstr/test_snippet_412.py::test_case_3,functional_correctness.generated_classes.GPT-o4.partial_docstr.test_snippet_412,test_case_3,functional_correctness/generated_classes/GPT-o4/partial_docstr/test_snippet_412.py,,xfail,xfailed,,5.1875016652047634e-05
functional_correctness/generated_classes/GPT-o4/partial_docstr/test_snippet_638.py::test_case_0,functional_correctness.generated_classes.GPT-o4.partial_docstr.test_snippet_638,test_case_0,functional_correctness/generated_classes/GPT-o4/partial_docstr/test_snippet_638.py,,xfail,xfailed,,7.175002247095108e-05
functional_correctness/generated_classes/GPT-o4/partial_docstr/test_snippet_638.py::test_case_1,functional_correctness.generated_classes.GPT-o4.partial_docstr.test_snippet_638,test_case_1,functional_correctness/generated_classes/GPT-o4/partial_docstr/test_snippet_638.py,,,failed,AttributeError: type object '_SchedulerCompatMixin' has no attribute 'now',6.945908535271883e-05
functional_correctness/generated_classes/GPT-o4/partial_docstr/test_snippet_189.py::test_case_0,functional_correctness.generated_classes.GPT-o4.partial_docstr.test_snippet_189,test_case_0,functional_correctness/generated_classes/GPT-o4/partial_docstr/test_snippet_189.py,,xfail,xfailed,,7.454201113432646e-05
functional_correctness/generated_classes/GPT-o4/partial_docstr/test_snippet_189.py::test_case_1,functional_correctness.generated_classes.GPT-o4.partial_docstr.test_snippet_189,test_case_1,functional_correctness/generated_classes/GPT-o4/partial_docstr/test_snippet_189.py,,xfail,xfailed,,7.687497418373823e-05
functional_correctness/generated_classes/GPT-o4/partial_docstr/test_snippet_598.py::test_case_0,functional_correctness.generated_classes.GPT-o4.partial_docstr.test_snippet_598,test_case_0,functional_correctness/generated_classes/GPT-o4/partial_docstr/test_snippet_598.py,,,failed,AttributeError: 'Configuration' object has no attribute 'settings',7.179193198680878e-05
functional_correctness/generated_classes/GPT-o4/partial_docstr/test_snippet_201.py::test_case_0,functional_correctness.generated_classes.GPT-o4.partial_docstr.test_snippet_201,test_case_0,functional_correctness/generated_classes/GPT-o4/partial_docstr/test_snippet_201.py,,xfail,xfailed,,6.895908154547215e-05
functional_correctness/generated_classes/GPT-o4/partial_docstr/test_snippet_765.py::test_case_0,functional_correctness.generated_classes.GPT-o4.partial_docstr.test_snippet_765,test_case_0,functional_correctness/generated_classes/GPT-o4/partial_docstr/test_snippet_765.py,,xfail,failed,[XPASS(strict)] ,6.070802919566631e-05
functional_correctness/generated_classes/GPT-o4/partial_docstr/test_snippet_611.py::test_case_0,functional_correctness.generated_classes.GPT-o4.partial_docstr.test_snippet_611,test_case_0,functional_correctness/generated_classes/GPT-o4/partial_docstr/test_snippet_611.py,,xfail,xfailed,,7.070903666317463e-05
functional_correctness/generated_classes/GPT-o4/partial_docstr/test_snippet_611.py::test_case_1,functional_correctness.generated_classes.GPT-o4.partial_docstr.test_snippet_611,test_case_1,functional_correctness/generated_classes/GPT-o4/partial_docstr/test_snippet_611.py,,xfail,xfailed,,6.829202175140381e-05
functional_correctness/generated_classes/GPT-o4/partial_docstr/test_snippet_407.py::test_case_0,functional_correctness.generated_classes.GPT-o4.partial_docstr.test_snippet_407,test_case_0,functional_correctness/generated_classes/GPT-o4/partial_docstr/test_snippet_407.py,,xfail,xfailed,,7.408298552036285e-05
functional_correctness/generated_classes/GPT-o4/partial_docstr/test_snippet_407.py::test_case_1,functional_correctness.generated_classes.GPT-o4.partial_docstr.test_snippet_407,test_case_1,functional_correctness/generated_classes/GPT-o4/partial_docstr/test_snippet_407.py,,,passed,,6.350001785904169e-05
functional_correctness/generated_classes/GPT-o4/partial_docstr/test_snippet_407.py::test_case_2,functional_correctness.generated_classes.GPT-o4.partial_docstr.test_snippet_407,test_case_2,functional_correctness/generated_classes/GPT-o4/partial_docstr/test_snippet_407.py,,xfail,xfailed,,5.7416968047618866e-05
functional_correctness/generated_classes/GPT-o4/partial_docstr/test_snippet_407.py::test_case_3,functional_correctness.generated_classes.GPT-o4.partial_docstr.test_snippet_407,test_case_3,functional_correctness/generated_classes/GPT-o4/partial_docstr/test_snippet_407.py,,xfail,xfailed,,5.1040900871157646e-05
functional_correctness/generated_classes/GPT-o4/partial_docstr/test_snippet_407.py::test_case_4,functional_correctness.generated_classes.GPT-o4.partial_docstr.test_snippet_407,test_case_4,functional_correctness/generated_classes/GPT-o4/partial_docstr/test_snippet_407.py,,,passed,,8.729193359613419e-05
functional_correctness/generated_classes/GPT-o4/partial_docstr/test_snippet_407.py::test_case_5,functional_correctness.generated_classes.GPT-o4.partial_docstr.test_snippet_407,test_case_5,functional_correctness/generated_classes/GPT-o4/partial_docstr/test_snippet_407.py,,,failed,"AssertionError: assert b'\xe2\x18\x0...0\x00\x00\x00' == b'\xe2\x18'
  
  Use -v to get more diff",0.0001174999633803
